08:37:16.202 [main                     ] DEBUG Logger               - Configured Logger
08:37:16.214 [main                     ] DEBUG GameApplication      - Logging settings
Title: Droid Rampage
Version: 1.0
Width: 1920
Height: 1088
Fullscreen: true
Intro: false
Profiling: false
Single step:false
App Mode: DEVELOPER
Menu Key: ESCAPE
Stage Style: DECORATED
Scene Factory: class com.almasb.fxgl.app.scene.SceneFactory

08:37:16.703 [JavaFX Application Thread] DEBUG FXGLApplication      - Initializing FXGL
08:37:16.715 [JavaFX Application Thread] INFO  Engine               - FXGL-17.3 (30.03.2023 11.49) on LINUX (J:26 FX:21.0.6)
08:37:16.716 [JavaFX Application Thread] DEBUG Engine               - JRE Vendor Name: Oracle Corporation
08:37:16.716 [JavaFX Application Thread] DEBUG Engine               - Running on OS: Linux version 6.17.0-22-generic
08:37:16.717 [JavaFX Application Thread] DEBUG Engine               - Architecture: amd64
08:37:16.717 [JavaFX Application Thread] INFO  Engine               - Source code and latest versions at: https://github.com/AlmasB/FXGL
08:37:16.717 [JavaFX Application Thread] INFO  Engine               -       Ask questions and discuss at: https://github.com/AlmasB/FXGL/discussions
08:37:16.718 [JavaFX Application Thread] INFO  Engine               -              Join the FXGL chat at: https://gitter.im/AlmasB/FXGL
08:37:16.903 [JavaFX Application Thread] DEBUG PrimaryStageWindow   - Creating a JavaFX scene
08:37:16.903 [JavaFX Application Thread] DEBUG PrimaryStageWindow   - Target size > screen size
08:37:17.014 [JavaFX Application Thread] DEBUG PrimaryStageWindow   - Target settings size: 1920.0 x 1088.0
08:37:17.014 [JavaFX Application Thread] DEBUG PrimaryStageWindow   - Scaled scene size:    1880.0 x 1079.0
08:37:17.014 [JavaFX Application Thread] DEBUG PrimaryStageWindow   - Scaled ratio: (0.9791666666666666, 0.9917279411764706)
08:37:17.015 [JavaFX Application Thread] DEBUG PrimaryStageWindow   - Set initial scene to FXGLStartupScene
08:37:17.020 [JavaFX Application Thread] DEBUG PrimaryStageWindow   - Opening main window
08:37:17.082 [JavaFX Application Thread] DEBUG PrimaryStageWindow   - Window border size: (0.0, 35.0)
08:37:17.082 [JavaFX Application Thread] DEBUG PrimaryStageWindow   - Scaled size: 1880.0 x 1044.0
08:37:17.083 [JavaFX Application Thread] DEBUG PrimaryStageWindow   - Scaled ratio: (0.9791666666666666, 0.9595588235294118)
08:37:17.083 [JavaFX Application Thread] DEBUG PrimaryStageWindow   - Scene size: 1880.0 x 1079.0
08:37:17.083 [JavaFX Application Thread] DEBUG PrimaryStageWindow   - Stage size: 1880.0 x 1079.0
08:37:17.091 [FXGL Background Thread 1 ] DEBUG Engine               - Initializing environment variables
08:37:17.170 [FXGL Background Thread 1 ] DEBUG FXGLAssetLoaderServi - User app class for loading assets: class at.htl.droidrampage.GameApp
08:37:17.170 [FXGL Background Thread 1 ] DEBUG GameApplicationServi - Applying CSS: fxgl_dark.css
08:37:17.172 [FXGL Background Thread 1 ] DEBUG FXGLAssetLoaderServi - Loading from file system: jar:file:/home/franz/.m2/repository/com/github/almasb/fxgl/17.3/fxgl-17.3.jar!/fxglassets/ui/css/fxgl_dark.css
08:37:17.259 [FXGL Background Thread 1 ] DEBUG GameApplicationServi - Initializing application scenes
08:37:17.303 [FXGL Background Thread 1 ] DEBUG GameWorld            - Game world initialized
08:37:17.332 [FXGL Background Thread 1 ] DEBUG PhysicsWorld         - Physics world initialized: appHeight=1088, physics.ppm=50.0
08:37:17.332 [FXGL Background Thread 1 ] DEBUG PhysicsWorld         - Using strategy: BRUTE_FORCE
08:37:17.337 [FXGL Background Thread 1 ] DEBUG GameScene            - Game scene initialized: 1920x1088
08:37:17.348 [FXGL Background Thread 1 ] DEBUG FXGL.DefaultMenu     - createMenuBodyGameMenu()
08:37:17.362 [FXGL Background Thread 1 ] DEBUG FXGL.DefaultMenu     - createOptionsMenu()
08:37:17.373 [FXGL Background Thread 1 ] DEBUG FXGLAssetLoaderServi - Loading from file system: jar:file:/home/franz/.m2/repository/com/github/almasb/fxgl/17.3/fxgl-17.3.jar!/fxglassets/textures/particles/smoke.png
08:37:17.470 [FXGL Background Thread 1 ] DEBUG FXGLAssetLoaderServi - Loading from file system: jar:file:/home/franz/.m2/repository/com/github/almasb/fxgl/17.3/fxgl-17.3.jar!/fxglassets/textures/particles/trace_horizontal.png
08:37:17.505 [FXGL Background Thread 1 ] DEBUG GameApplicationServi - Application scenes initialized
08:37:17.516 [FXGL Background Thread 1 ] DEBUG SystemBundleService  - Loading FXGL system data
08:37:17.517 [FXGL Background Thread 1 ] DEBUG FileSystemAccess     - Reading from: /home/franz/Documents/Schule/3-Klasse/POS/DroidRampage/system/fxgl.bundle
08:37:17.519 [FXGL Background Thread 1 ] DEBUG SystemBundleService  - Bundle FXGL: {}
08:37:17.519 [FXGL Background Thread 1 ] DEBUG UpdaterService       - Checking for updates
08:37:17.523 [FXGL Background Thread 4 ] DEBUG FXGLApplication      - Loading fonts
08:37:17.523 [FXGL Background Thread 4 ] DEBUG FXGLAssetLoaderServi - Loading from file system: jar:file:/home/franz/.m2/repository/com/github/almasb/fxgl/17.3/fxgl-17.3.jar!/fxglassets/ui/fonts/VarelaRound-Regular.ttf
08:37:17.524 [FXGL Background Thread 1 ] DEBUG FXGLApplication      - Loading default localization
08:37:17.524 [FXGL Background Thread 1 ] DEBUG FXGLAssetLoaderServi - Loading from file system: jar:file:/home/franz/.m2/repository/com/github/almasb/fxgl/17.3/fxgl-17.3.jar!/fxglassets/languages/english.lang
08:37:17.533 [FXGL Background Thread 4 ] DEBUG FXGLAssetLoaderServi - Loading from file system: jar:file:/home/franz/.m2/repository/com/github/almasb/fxgl/17.3/fxgl-17.3.jar!/fxglassets/ui/fonts/Abel-Regular.ttf
08:37:17.536 [FXGL Background Thread 4 ] DEBUG FXGLAssetLoaderServi - Loading from file system: jar:file:/home/franz/.m2/repository/com/github/almasb/fxgl/17.3/fxgl-17.3.jar!/fxglassets/ui/fonts/TerminalLandMono-Regular.otf
08:37:17.538 [FXGL Background Thread 4 ] DEBUG FXGLAssetLoaderServi - Loading from file system: jar:file:/home/franz/.m2/repository/com/github/almasb/fxgl/17.3/fxgl-17.3.jar!/fxglassets/ui/fonts/Courier-Prime.ttf
08:37:17.541 [FXGL Background Thread 1 ] INFO  FXGLApplication      - FXGL initialization took: 0.450 sec
08:37:17.542 [JavaFX Application Thread] DEBUG FXGLAssetLoaderServi - Loading from file system: jar:file:/home/franz/.m2/repository/com/github/almasb/fxgl/17.3/fxgl-17.3.jar!/fxglassets/textures/fxgl_icon.png
08:37:17.577 [JavaFX Application Thread] DEBUG FXGLAssetLoaderServi - Loading from file system: jar:file:/home/franz/.m2/repository/com/github/almasb/fxgl/17.3/fxgl-17.3.jar!/fxglassets/textures/fxgl_default_cursor.png
08:37:17.586 [JavaFX Application Thread] DEBUG Input                - Registered new binding: Screenshot - CTRL+8
08:37:17.587 [JavaFX Application Thread] DEBUG Input                - Registered new binding: System info dump - CTRL+9
08:37:17.587 [JavaFX Application Thread] DEBUG Input                - Registered new binding: Restart - CTRL+R
08:37:17.588 [JavaFX Application Thread] DEBUG Input                - Registered new binding: Toggle Debug Camera - CTRL+7
08:37:17.590 [JavaFX Application Thread] DEBUG LoopRunner           - Starting loop
08:37:17.590 [JavaFX Application Thread] DEBUG LoopRunner           - Initializing JavaFX AnimationTimerLoop
08:37:17.591 [JavaFX Application Thread] DEBUG GameApplicationServi - Starting new game
08:37:17.592 [JavaFX Application Thread] DEBUG Input                - Clearing active input actions
08:37:17.603 [JavaFX Application Thread] DEBUG GameApplicationServi - Removing overlay from FXGLStartupScene and adding to FXGLLoadingScene
08:37:17.604 [JavaFX Application Thread] DEBUG PrimaryStageWindow   - FXGLStartupScene -> FXGLLoadingScene
08:37:17.604 [JavaFX Application Thread] DEBUG GameApplicationServi - Clearing previous game
08:37:17.604 [JavaFX Application Thread] DEBUG GameScene            - Clearing game scene
08:37:17.604 [JavaFX Application Thread] DEBUG GameWorld            - Clearing game world
08:37:17.604 [JavaFX Application Thread] DEBUG PhysicsWorld         - Clearing physics world
08:37:17.606 [JavaFX Application Thread] DEBUG FXGLApplication      - Registering font factories with UI factory
08:37:17.606 [FXGL Background Thread 4 ] DEBUG FXGLApplication      - Initializing game
08:37:17.647 [FXGL Background Thread 4 ] WARN  TMXLevelLoader       - TiledMap generated from 1.8.2. Supported version: 1.9.0. Some features may not be parsed fully.
08:37:17.668 [FXGL Background Thread 4 ] DEBUG TMXLevelLoader       - Parsed TiledMap: file:/home/franz/Documents/Schule/3-Klasse/POS/DroidRampage/target/classes/assets/levels/TileStart.tmx
08:37:17.669 [FXGL Background Thread 4 ] DEBUG TMXLevelLoader       - Creating tile layer entities
08:37:17.671 [FXGL Background Thread 4 ] DEBUG TilesetLoader        - Loading view for layer Kachelebene 1
08:37:17.672 [FXGL Background Thread 4 ] DEBUG TilesetLoader        - Created buffer with size 1920.0x1088.0
08:37:17.766 [FXGL Background Thread 4 ] DEBUG TMXLevelLoader       - Creating object layer entities
08:37:17.793 [FXGL Background Thread 4 ] DEBUG FXGLAssetLoaderServi - Loading from file system: file:/home/franz/Documents/Schule/3-Klasse/POS/DroidRampage/target/classes/assets/textures/credit2.png
08:37:17.853 [FXGL Background Thread 4 ] DEBUG FXGLAssetLoaderServi - Loading from file system: file:/home/franz/Documents/Schule/3-Klasse/POS/DroidRampage/target/classes/assets/textures/credit1.png
08:37:17.907 [FXGL Background Thread 4 ] DEBUG FXGLAssetLoaderServi - Loading from file system: file:/home/franz/Documents/Schule/3-Klasse/POS/DroidRampage/target/classes/assets/textures/credit3.png
08:37:17.966 [FXGL Background Thread 4 ] DEBUG GameWorld            - Clearing removable entities
08:37:17.967 [FXGL Background Thread 4 ] DEBUG GameWorld            - Setting level: com.almasb.fxgl.entity.level.Level@5ca9dd27
08:37:18.101 [FXGL Background Thread 4 ] DEBUG FXGLAssetLoaderServi - Loading from file system: file:/home/franz/Documents/Schule/3-Klasse/POS/DroidRampage/target/classes/assets/textures/r2d2.png
08:37:18.109 [FXGL Background Thread 4 ] DEBUG Input                - Registered new binding: Move Right - D
08:37:18.109 [FXGL Background Thread 4 ] DEBUG Input                - Registered new binding: Move Left - A
08:37:18.110 [FXGL Background Thread 4 ] DEBUG Input                - Registered new binding: Jump - Space
08:37:18.110 [FXGL Background Thread 4 ] DEBUG Input                - Registered new binding: Toggle Cheat Mode - I
08:37:18.110 [FXGL Background Thread 4 ] DEBUG Input                - Registered new binding: Restart - R
08:37:18.113 [FXGL Background Thread 4 ] INFO  FXGLApplication      - Game initialization took: 0.506 sec
08:37:18.120 [JavaFX Application Thread] DEBUG Input                - Clearing active input actions
08:37:18.135 [JavaFX Application Thread] DEBUG GameApplicationServi - Removing overlay from FXGLLoadingScene and adding to GameScene
08:37:18.136 [JavaFX Application Thread] DEBUG PrimaryStageWindow   - FXGLLoadingScene -> GameScene
08:37:18.148 [JavaFX Application Thread] WARN  TMXLevelLoader       - TiledMap generated from 1.8.2. Supported version: 1.9.0. Some features may not be parsed fully.
08:37:18.159 [JavaFX Application Thread] DEBUG TMXLevelLoader       - Parsed TiledMap: file:/home/franz/Documents/Schule/3-Klasse/POS/DroidRampage/target/classes/assets/levels/Tile3.tmx
08:37:18.159 [JavaFX Application Thread] DEBUG TMXLevelLoader       - Creating tile layer entities
08:37:18.160 [JavaFX Application Thread] DEBUG TilesetLoader        - Loading view for layer Tile Layer 1
08:37:18.165 [JavaFX Application Thread] DEBUG TilesetLoader        - Created buffer with size 1920.0x1088.0
08:37:18.249 [JavaFX Application Thread] DEBUG TMXLevelLoader       - Creating object layer entities
08:37:18.427 [FXGL Background Thread 2 ] INFO  UpdaterService       - Your current version:  17.3
08:37:18.427 [FXGL Background Thread 2 ] INFO  UpdaterService       - Latest stable version: 25
08:37:20.522 [FXGL Background Thread 3 ] DEBUG Engine               - Logging environment variables
08:37:20.524 [FXGL Background Thread 3 ] DEBUG Engine               - achievements: []
08:37:20.524 [FXGL Background Thread 3 ] DEBUG Engine               - actualHeight: 1044.0
08:37:20.525 [FXGL Background Thread 3 ] DEBUG Engine               - actualHeightProperty: ReadOnlyDoubleProperty [value: 1005.0]
08:37:20.525 [FXGL Background Thread 3 ] DEBUG Engine               - actualWidth: 1880.0
08:37:20.525 [FXGL Background Thread 3 ] DEBUG Engine               - actualWidthProperty: ReadOnlyDoubleProperty [value: 1920.0]
08:37:20.526 [FXGL Background Thread 3 ] DEBUG Engine               - appIcon: fxgl_icon.png
08:37:20.526 [FXGL Background Thread 3 ] DEBUG Engine               - applicationMode: DEVELOPER
08:37:20.526 [FXGL Background Thread 3 ] DEBUG Engine               - cSSList: [fxgl_dark.css]
08:37:20.527 [FXGL Background Thread 3 ] DEBUG Engine               - collisionDetectionStrategy: BRUTE_FORCE
08:37:20.527 [FXGL Background Thread 3 ] DEBUG Engine               - configClass: Optional.empty
08:37:20.527 [FXGL Background Thread 3 ] DEBUG Engine               - credits: []
08:37:20.528 [FXGL Background Thread 3 ] DEBUG Engine               - defaultCursor: CursorInfo(imageName=fxgl_default_cursor.png, hotspotX=7.0, hotspotY=6.0)
08:37:20.528 [FXGL Background Thread 3 ] DEBUG Engine               - devBBoxColorProperty: ObjectProperty [value: 0xff0000ff]
08:37:20.529 [FXGL Background Thread 3 ] DEBUG Engine               - devEnableDebugCameraProperty: BooleanProperty [value: false]
08:37:20.529 [FXGL Background Thread 3 ] DEBUG Engine               - devSensorColorProperty: ObjectProperty [value: 0xffff00ff]
08:37:20.529 [FXGL Background Thread 3 ] DEBUG Engine               - devShowBBoxProperty: BooleanProperty [value: false]
08:37:20.529 [FXGL Background Thread 3 ] DEBUG Engine               - devShowPositionProperty: BooleanProperty [value: false]
08:37:20.530 [FXGL Background Thread 3 ] DEBUG Engine               - enabledMenuItems: []
08:37:20.530 [FXGL Background Thread 3 ] DEBUG Engine               - engineServices: [class com.almasb.fxgl.app.services.FXGLAssetLoaderService, class com.almasb.fxgl.app.FXGLApplication$GameApplicationService, class com.almasb.fxgl.app.services.FXGLDialogService, class com.almasb.fxgl.app.services.IOTaskExecutorService, class com.almasb.fxgl.io.FileSystemService, class com.almasb.fxgl.localization.LocalizationService, class com.almasb.fxgl.app.services.SystemBundleService, class com.almasb.fxgl.profile.SaveLoadService, class com.almasb.fxgl.ui.FXGLUIFactoryServiceProvider, class com.almasb.fxgl.ui.FXGLDialogFactoryServiceProvider, class com.almasb.fxgl.audio.AudioPlayer, class com.almasb.fxgl.notification.impl.NotificationServiceProvider, class com.almasb.fxgl.achievement.AchievementService, class com.almasb.fxgl.cutscene.CutsceneService, class com.almasb.fxgl.minigames.MiniGameService, class com.almasb.fxgl.net.NetService, class com.almasb.fxgl.app.services.UpdaterService, class com.almasb.fxgl.dev.DevService]
08:37:20.530 [FXGL Background Thread 3 ] DEBUG Engine               - fontGame: Abel-Regular.ttf
08:37:20.530 [FXGL Background Thread 3 ] DEBUG Engine               - fontMono: TerminalLandMono-Regular.otf
08:37:20.530 [FXGL Background Thread 3 ] DEBUG Engine               - fontSizeScaleUI: 1.0
08:37:20.530 [FXGL Background Thread 3 ] DEBUG Engine               - fontText: Courier-Prime.ttf
08:37:20.531 [FXGL Background Thread 3 ] DEBUG Engine               - fontUI: VarelaRound-Regular.ttf
08:37:20.531 [FXGL Background Thread 3 ] DEBUG Engine               - fullScreen: BooleanProperty [value: false]
08:37:20.531 [FXGL Background Thread 3 ] DEBUG Engine               - gameDifficulty: MEDIUM
08:37:20.531 [FXGL Background Thread 3 ] DEBUG Engine               - gameDifficultyProperty: ObjectProperty [value: MEDIUM]
08:37:20.531 [FXGL Background Thread 3 ] DEBUG Engine               - globalMusicVolume: 0.5
08:37:20.532 [FXGL Background Thread 3 ] DEBUG Engine               - globalMusicVolumeProperty: DoubleProperty [value: 0.5]
08:37:20.532 [FXGL Background Thread 3 ] DEBUG Engine               - globalSoundVolume: 0.5
08:37:20.532 [FXGL Background Thread 3 ] DEBUG Engine               - globalSoundVolumeProperty: DoubleProperty [value: 0.5]
08:37:20.532 [FXGL Background Thread 3 ] DEBUG Engine               - height: 1088
08:37:20.533 [FXGL Background Thread 3 ] DEBUG Engine               - is3D: false
08:37:20.533 [FXGL Background Thread 3 ] DEBUG Engine               - isAndroid: false
08:37:20.533 [FXGL Background Thread 3 ] DEBUG Engine               - isBrowser: false
08:37:20.533 [FXGL Background Thread 3 ] DEBUG Engine               - isClickFeedbackEnabled: false
08:37:20.534 [FXGL Background Thread 3 ] DEBUG Engine               - isCloseConfirmation: false
08:37:20.534 [FXGL Background Thread 3 ] DEBUG Engine               - isDesktop: true
08:37:20.534 [FXGL Background Thread 3 ] DEBUG Engine               - isDeveloperMenuEnabled: false
08:37:20.534 [FXGL Background Thread 3 ] DEBUG Engine               - isEmbedded: false
08:37:20.534 [FXGL Background Thread 3 ] DEBUG Engine               - isEntityPreloadEnabled: true
08:37:20.535 [FXGL Background Thread 3 ] DEBUG Engine               - isExperimentalTiledLargeMap: false
08:37:20.535 [FXGL Background Thread 3 ] DEBUG Engine               - isFileSystemWriteAllowed: true
08:37:20.535 [FXGL Background Thread 3 ] DEBUG Engine               - isFullScreenAllowed: true
08:37:20.535 [FXGL Background Thread 3 ] DEBUG Engine               - isFullScreenFromStart: false
08:37:20.535 [FXGL Background Thread 3 ] DEBUG Engine               - isGameMenuEnabled: true
08:37:20.535 [FXGL Background Thread 3 ] DEBUG Engine               - isIOS: false
08:37:20.536 [FXGL Background Thread 3 ] DEBUG Engine               - isIntroEnabled: false
08:37:20.536 [FXGL Background Thread 3 ] DEBUG Engine               - isLinux: true
08:37:20.536 [FXGL Background Thread 3 ] DEBUG Engine               - isMac: false
08:37:20.536 [FXGL Background Thread 3 ] DEBUG Engine               - isMainMenuEnabled: false
08:37:20.536 [FXGL Background Thread 3 ] DEBUG Engine               - isManualResizeEnabled: true
08:37:20.536 [FXGL Background Thread 3 ] DEBUG Engine               - isMobile: false
08:37:20.536 [FXGL Background Thread 3 ] DEBUG Engine               - isNative: false
08:37:20.537 [FXGL Background Thread 3 ] DEBUG Engine               - isPauseMusicWhenMinimized: true
08:37:20.537 [FXGL Background Thread 3 ] DEBUG Engine               - isPreserveResizeRatio: false
08:37:20.537 [FXGL Background Thread 3 ] DEBUG Engine               - isProfilingEnabled: false
08:37:20.537 [FXGL Background Thread 3 ] DEBUG Engine               - isScaleAffectedOnResize: true
08:37:20.537 [FXGL Background Thread 3 ] DEBUG Engine               - isSingleStep: false
08:37:20.537 [FXGL Background Thread 3 ] DEBUG Engine               - isUserProfileEnabled: false
08:37:20.537 [FXGL Background Thread 3 ] DEBUG Engine               - isWindows: false
08:37:20.538 [FXGL Background Thread 3 ] DEBUG Engine               - language: ObjectProperty [value: ENGLISH]
08:37:20.538 [FXGL Background Thread 3 ] DEBUG Engine               - menuKey: ESCAPE
08:37:20.538 [FXGL Background Thread 3 ] DEBUG Engine               - mouseSensitivity: 0.2
08:37:20.538 [FXGL Background Thread 3 ] DEBUG Engine               - notificationViewClass: class com.almasb.fxgl.notification.view.XboxNotificationView
08:37:20.538 [FXGL Background Thread 3 ] DEBUG Engine               - pixelsPerMeter: 50.0
08:37:20.538 [FXGL Background Thread 3 ] DEBUG Engine               - platform: LINUX
08:37:20.538 [FXGL Background Thread 3 ] DEBUG Engine               - prefHeightProperty: ReadOnlyDoubleProperty [value: 1088.0]
08:37:20.539 [FXGL Background Thread 3 ] DEBUG Engine               - prefWidthProperty: ReadOnlyDoubleProperty [value: 1920.0]
08:37:20.539 [FXGL Background Thread 3 ] DEBUG Engine               - profileDir: profiles/
08:37:20.540 [FXGL Background Thread 3 ] DEBUG Engine               - profileName: StringProperty [value: DEFAULT]
08:37:20.540 [FXGL Background Thread 3 ] DEBUG Engine               - randomSeed: -1
08:37:20.541 [FXGL Background Thread 3 ] DEBUG Engine               - runtimeInfo: RuntimeInfo(platform=LINUX, version=17.3, build=30.03.2023 11.49)
08:37:20.541 [FXGL Background Thread 3 ] DEBUG Engine               - saveFileExt: sav
08:37:20.541 [FXGL Background Thread 3 ] DEBUG Engine               - scaledHeightProp$fxgl: DoubleProperty [bound, value: 1005.0]
08:37:20.541 [FXGL Background Thread 3 ] DEBUG Engine               - scaledWidthProp$fxgl: DoubleProperty [bound, value: 1920.0]
08:37:20.542 [FXGL Background Thread 3 ] DEBUG Engine               - sceneFactory: com.almasb.fxgl.app.scene.SceneFactory@2effbb72
08:37:20.542 [FXGL Background Thread 3 ] DEBUG Engine               - secondsIn24h: 60
08:37:20.542 [FXGL Background Thread 3 ] DEBUG Engine               - soundMenuBack: menu/back.wav
08:37:20.542 [FXGL Background Thread 3 ] DEBUG Engine               - soundMenuPress: menu/press.wav
08:37:20.542 [FXGL Background Thread 3 ] DEBUG Engine               - soundMenuSelect: menu/select.wav
08:37:20.542 [FXGL Background Thread 3 ] DEBUG Engine               - soundNotification: core/notification.wav
08:37:20.542 [FXGL Background Thread 3 ] DEBUG Engine               - stageStyle: DECORATED
08:37:20.543 [FXGL Background Thread 3 ] DEBUG Engine               - supportedLanguages: [ENGLISH, FRENCH, GERMAN, HUNGARIAN, RUSSIAN]
08:37:20.543 [FXGL Background Thread 3 ] DEBUG Engine               - ticksPerSecond: -1
08:37:20.543 [FXGL Background Thread 3 ] DEBUG Engine               - title: Droid Rampage
08:37:20.543 [FXGL Background Thread 3 ] DEBUG Engine               - urlGithub: https://github.com/AlmasB/FXGL
08:37:20.543 [FXGL Background Thread 3 ] DEBUG Engine               - urlLeaderboard: http://fxgl-top.herokuapp.com/
08:37:20.544 [FXGL Background Thread 3 ] DEBUG Engine               - urlPOM: https://raw.githubusercontent.com/AlmasB/FXGL/release/README.md
08:37:20.544 [FXGL Background Thread 3 ] DEBUG Engine               - userAppClass: class at.htl.droidrampage.GameApp
08:37:20.544 [FXGL Background Thread 3 ] DEBUG Engine               - version: 1.0
08:37:20.544 [FXGL Background Thread 3 ] DEBUG Engine               - versionCheckDays: 7
08:37:20.544 [FXGL Background Thread 3 ] DEBUG Engine               - width: 1920
08:37:20.544 [FXGL Background Thread 3 ] DEBUG Engine               - Logging services
08:37:20.544 [FXGL Background Thread 3 ] DEBUG Engine               - class com.almasb.fxgl.app.services.FXGLAssetLoaderService
08:37:20.545 [FXGL Background Thread 3 ] DEBUG Engine               - class com.almasb.fxgl.app.FXGLApplication$GameApplicationService
08:37:20.545 [FXGL Background Thread 3 ] DEBUG Engine               - class com.almasb.fxgl.app.services.FXGLDialogService
08:37:20.545 [FXGL Background Thread 3 ] DEBUG Engine               - class com.almasb.fxgl.app.services.IOTaskExecutorService
08:37:20.545 [FXGL Background Thread 3 ] DEBUG Engine               - class com.almasb.fxgl.io.FileSystemService
08:37:20.545 [FXGL Background Thread 3 ] DEBUG Engine               - class com.almasb.fxgl.localization.LocalizationService
08:37:20.545 [FXGL Background Thread 3 ] DEBUG Engine               - class com.almasb.fxgl.app.services.SystemBundleService
08:37:20.545 [FXGL Background Thread 3 ] DEBUG Engine               - class com.almasb.fxgl.profile.SaveLoadService
08:37:20.545 [FXGL Background Thread 3 ] DEBUG Engine               - class com.almasb.fxgl.ui.FXGLUIFactoryServiceProvider
08:37:20.546 [FXGL Background Thread 3 ] DEBUG Engine               - class com.almasb.fxgl.ui.FXGLDialogFactoryServiceProvider
08:37:20.546 [FXGL Background Thread 3 ] DEBUG Engine               - class com.almasb.fxgl.audio.AudioPlayer
08:37:20.546 [FXGL Background Thread 3 ] DEBUG Engine               - class com.almasb.fxgl.notification.impl.NotificationServiceProvider
08:37:20.546 [FXGL Background Thread 3 ] DEBUG Engine               - class com.almasb.fxgl.achievement.AchievementService
08:37:20.546 [FXGL Background Thread 3 ] DEBUG Engine               - class com.almasb.fxgl.cutscene.CutsceneService
08:37:20.546 [FXGL Background Thread 3 ] DEBUG Engine               - class com.almasb.fxgl.minigames.MiniGameService
08:37:20.546 [FXGL Background Thread 3 ] DEBUG Engine               - class com.almasb.fxgl.net.NetService
08:37:20.546 [FXGL Background Thread 3 ] DEBUG Engine               - class com.almasb.fxgl.app.services.UpdaterService
08:37:20.546 [FXGL Background Thread 3 ] DEBUG Engine               - class com.almasb.fxgl.dev.DevService
08:37:45.606 [JavaFX Application Thread] WARN  TMXLevelLoader       - TiledMap generated from 1.8.2. Supported version: 1.9.0. Some features may not be parsed fully.
08:37:45.626 [JavaFX Application Thread] DEBUG TMXLevelLoader       - Parsed TiledMap: file:/home/franz/Documents/Schule/3-Klasse/POS/DroidRampage/target/classes/assets/levels/Tile2.tmx
08:37:45.627 [JavaFX Application Thread] DEBUG TMXLevelLoader       - Creating tile layer entities
08:37:45.627 [JavaFX Application Thread] DEBUG TilesetLoader        - Loading view for layer Tile Layer 1
08:37:45.637 [JavaFX Application Thread] DEBUG TilesetLoader        - Created buffer with size 1920.0x1088.0
08:37:45.724 [JavaFX Application Thread] DEBUG TMXLevelLoader       - Creating object layer entities
08:37:51.007 [JavaFX Application Thread] DEBUG GameApplicationServi - Starting new game
08:37:51.007 [JavaFX Application Thread] DEBUG Input                - Clearing active input actions
08:37:51.021 [JavaFX Application Thread] DEBUG GameApplicationServi - Removing overlay from GameScene and adding to FXGLLoadingScene
08:37:51.021 [JavaFX Application Thread] DEBUG PrimaryStageWindow   - GameScene -> FXGLLoadingScene
08:37:51.022 [JavaFX Application Thread] DEBUG GameApplicationServi - Clearing previous game
08:37:51.022 [JavaFX Application Thread] DEBUG GameScene            - Clearing game scene
08:37:51.022 [JavaFX Application Thread] DEBUG GameWorld            - Clearing game world
08:37:51.029 [JavaFX Application Thread] DEBUG PhysicsWorld         - Clearing physics world
08:37:51.030 [FXGL Background Thread 2 ] DEBUG FXGLApplication      - Initializing game
08:37:51.033 [FXGL Background Thread 2 ] WARN  TMXLevelLoader       - TiledMap generated from 1.8.2. Supported version: 1.9.0. Some features may not be parsed fully.
08:37:51.049 [FXGL Background Thread 2 ] DEBUG TMXLevelLoader       - Parsed TiledMap: file:/home/franz/Documents/Schule/3-Klasse/POS/DroidRampage/target/classes/assets/levels/TileStart.tmx
08:37:51.049 [FXGL Background Thread 2 ] DEBUG TMXLevelLoader       - Creating tile layer entities
08:37:51.050 [FXGL Background Thread 2 ] DEBUG TilesetLoader        - Loading view for layer Kachelebene 1
08:37:51.051 [FXGL Background Thread 2 ] DEBUG TilesetLoader        - Created buffer with size 1920.0x1088.0
08:37:51.152 [FXGL Background Thread 2 ] DEBUG TMXLevelLoader       - Creating object layer entities
08:37:51.162 [FXGL Background Thread 2 ] DEBUG GameWorld            - Clearing removable entities
08:37:51.162 [FXGL Background Thread 2 ] DEBUG GameWorld            - Setting level: com.almasb.fxgl.entity.level.Level@791783db
08:37:51.315 [JavaFX Application Thread] DEBUG LoopRunner           - Stopping loop
08:37:51.317 [JavaFX Application Thread] FATAL FXGLApplication      - Uncaught Exception:
java.lang.RuntimeException: Initialization failed
	at com.almasb.fxgl.app.FXGLApplication$InitAppTask.failed(FXGLApplication.kt:343)
	at javafx.concurrent.Task.setState(Task.java:710)
	at javafx.concurrent.Task$TaskCallable.lambda$call$2(Task.java:1429)
	at com.sun.javafx.application.PlatformImpl.lambda$runLater$10(PlatformImpl.java:456)
	at java.base/java.security.AccessController.doPrivileged(AccessController.java:138)
	at com.sun.javafx.application.PlatformImpl.lambda$runLater$11(PlatformImpl.java:455)
	at com.sun.glass.ui.InvokeLaterDispatcher$Future.run(InvokeLaterDispatcher.java:95)
	at com.sun.glass.ui.gtk.GtkApplication._runLoop(Native Method)
	at com.sun.glass.ui.gtk.GtkApplication.lambda$runLoop$10(GtkApplication.java:263)
	at java.base/java.lang.Thread.run(Thread.java:1516)
Caused by: java.lang.IllegalArgumentException: Action already exists: Move Right
	at com.almasb.fxgl.input.Input.addBinding(Input.kt:511)
	at com.almasb.fxgl.input.Input.addAction(Input.kt:507)
	at com.almasb.fxgl.input.Input.addAction$default(Input.kt:504)
	at com.almasb.fxgl.input.Input.addAction(Input.kt)
	at at.htl.droidrampage.GameApp.registerPlayerInputs(GameApp.java:357)
	at at.htl.droidrampage.GameApp.initPhysics(GameApp.java:321)
	at com.almasb.fxgl.app.FXGLApplication$InitAppTask.call(FXGLApplication.kt:320)
	at com.almasb.fxgl.app.FXGLApplication$InitAppTask.call(FXGLApplication.kt:311)
	at javafx.concurrent.Task$TaskCallable.call(Task.java:1399)
	at java.base/java.util.concurrent.FutureTask.run(FutureTask.java:330)
	at java.base/java.util.concurrent.Executors$RunnableAdapter.call(Executors.java:545)
	at java.base/java.util.concurrent.FutureTask.run(FutureTask.java:330)
	at java.base/java.util.concurrent.ThreadPoolExecutor.runWorker(ThreadPoolExecutor.java:1090)
	at java.base/java.util.concurrent.ThreadPoolExecutor$Worker.run(ThreadPoolExecutor.java:614)
	... 1 more

08:37:51.318 [JavaFX Application Thread] FATAL FXGLApplication      - Application will now exit
08:37:51.338 [JavaFX Application Thread] DEBUG PrimaryStageWindow   - Push state: ErrorSubScene
08:37:51.338 [JavaFX Application Thread] DEBUG Input                - Clearing active input actions
08:37:51.342 [JavaFX Application Thread] DEBUG GameApplicationServi - Removing overlay from FXGLLoadingScene and adding to ErrorSubScene
08:37:51.343 [JavaFX Application Thread] DEBUG PrimaryStageWindow   - FXGLLoadingScene -> ErrorSubScene
08:38:48.123 [JavaFX Application Thread] DEBUG FXGLApplication      - Exiting FXGL
08:38:48.123 [JavaFX Application Thread] DEBUG Async                - Shutting down background threads
08:38:48.123 [JavaFX Application Thread] DEBUG PrimaryStageWindow   - Closing main window
08:38:48.126 [JavaFX Application Thread] DEBUG Logger               - Closing Logger
