11:56:36.689 [main                     ] DEBUG Logger               - Configured Logger
11:56:36.699 [main                     ] DEBUG GameApplication      - Logging settings
Title: Droid Rampage
Version: 0.6
Width: 1920
Height: 1088
Fullscreen: false
Intro: false
Profiling: false
Single step:false
App Mode: DEVELOPER
Menu Key: ESCAPE
Stage Style: DECORATED
Scene Factory: class com.almasb.fxgl.app.scene.SceneFactory

11:56:37.157 [JavaFX Application Thread] DEBUG FXGLApplication      - Initializing FXGL
11:56:37.159 [JavaFX Application Thread] INFO  Engine               - FXGL-17.3 (30.03.2023 11.49) on WINDOWS (J:25 FX:21.0.6)
11:56:37.159 [JavaFX Application Thread] DEBUG Engine               - JRE Vendor Name: Oracle Corporation
11:56:37.159 [JavaFX Application Thread] DEBUG Engine               - Running on OS: Windows 11 version 10.0
11:56:37.159 [JavaFX Application Thread] DEBUG Engine               - Architecture: amd64
11:56:37.159 [JavaFX Application Thread] INFO  Engine               - Source code and latest versions at: https://github.com/AlmasB/FXGL
11:56:37.160 [JavaFX Application Thread] INFO  Engine               -       Ask questions and discuss at: https://github.com/AlmasB/FXGL/discussions
11:56:37.160 [JavaFX Application Thread] INFO  Engine               -              Join the FXGL chat at: https://gitter.im/AlmasB/FXGL
11:56:37.257 [JavaFX Application Thread] DEBUG PrimaryStageWindow   - Creating a JavaFX scene
11:56:37.257 [JavaFX Application Thread] DEBUG PrimaryStageWindow   - Target size > screen size
11:56:37.309 [JavaFX Application Thread] DEBUG PrimaryStageWindow   - Target settings size: 1920.0 x 1088.0
11:56:37.309 [JavaFX Application Thread] DEBUG PrimaryStageWindow   - Scaled scene size:    1499.0 x 863.0
11:56:37.309 [JavaFX Application Thread] DEBUG PrimaryStageWindow   - Scaled ratio: (0.7807291666666667, 0.7931985294117647)
11:56:37.310 [JavaFX Application Thread] DEBUG PrimaryStageWindow   - Set initial scene to FXGLStartupScene
11:56:37.314 [JavaFX Application Thread] DEBUG PrimaryStageWindow   - Opening main window
11:56:37.462 [JavaFX Application Thread] DEBUG PrimaryStageWindow   - Window border size: (14.5999755859375, 37.79998779296875)
11:56:37.462 [JavaFX Application Thread] DEBUG PrimaryStageWindow   - Scaled size: 1499.0 x 863.0
11:56:37.462 [JavaFX Application Thread] DEBUG PrimaryStageWindow   - Scaled ratio: (0.7807291666666667, 0.7931985294117647)
11:56:37.462 [JavaFX Application Thread] DEBUG PrimaryStageWindow   - Scene size: 1499.0 x 863.0
11:56:37.462 [JavaFX Application Thread] DEBUG PrimaryStageWindow   - Stage size: 1513.5999755859375 x 900.7999877929688
11:56:37.475 [FXGL Background Thread 1 ] DEBUG Engine               - Initializing environment variables
11:56:37.563 [FXGL Background Thread 1 ] DEBUG FXGLAssetLoaderServi - User app class for loading assets: class at.htl.droidrampage.GameApp
11:56:37.563 [FXGL Background Thread 1 ] DEBUG GameApplicationServi - Applying CSS: fxgl_dark.css
11:56:37.564 [FXGL Background Thread 1 ] DEBUG FXGLAssetLoaderServi - Loading from file system: jar:file:/C:/Users/Fra-Lu/.m2/repository/com/github/almasb/fxgl/17.3/fxgl-17.3.jar!/fxglassets/ui/css/fxgl_dark.css
11:56:37.613 [FXGL Background Thread 1 ] DEBUG GameApplicationServi - Initializing application scenes
11:56:37.660 [FXGL Background Thread 1 ] DEBUG GameWorld            - Game world initialized
11:56:37.721 [FXGL Background Thread 1 ] DEBUG PhysicsWorld         - Physics world initialized: appHeight=1088, physics.ppm=50,0
11:56:37.722 [FXGL Background Thread 1 ] DEBUG PhysicsWorld         - Using strategy: BRUTE_FORCE
11:56:37.726 [FXGL Background Thread 1 ] DEBUG GameScene            - Game scene initialized: 1920x1088
11:56:37.739 [FXGL Background Thread 1 ] DEBUG FXGL.DefaultMenu     - createMenuBodyGameMenu()
11:56:37.753 [FXGL Background Thread 1 ] DEBUG FXGL.DefaultMenu     - createOptionsMenu()
11:56:37.769 [FXGL Background Thread 1 ] DEBUG FXGLAssetLoaderServi - Loading from file system: jar:file:/C:/Users/Fra-Lu/.m2/repository/com/github/almasb/fxgl/17.3/fxgl-17.3.jar!/fxglassets/textures/particles/smoke.png
11:56:37.853 [FXGL Background Thread 1 ] DEBUG FXGLAssetLoaderServi - Loading from file system: jar:file:/C:/Users/Fra-Lu/.m2/repository/com/github/almasb/fxgl/17.3/fxgl-17.3.jar!/fxglassets/textures/particles/trace_horizontal.png
11:56:37.895 [FXGL Background Thread 1 ] DEBUG GameApplicationServi - Application scenes initialized
11:56:37.906 [FXGL Background Thread 1 ] DEBUG SystemBundleService  - Loading FXGL system data
11:56:37.909 [FXGL Background Thread 1 ] DEBUG FileSystemAccess     - Reading from: C:\Users\Fra-Lu\Desktop\Schule\3.Klasse\POS\Workspace\DroidRampage\system\fxgl.bundle
11:56:37.913 [FXGL Background Thread 1 ] DEBUG SystemBundleService  - Bundle FXGL: {}
11:56:37.914 [FXGL Background Thread 1 ] DEBUG UpdaterService       - Checking for updates
11:56:37.917 [FXGL Background Thread 4 ] DEBUG FXGLApplication      - Loading fonts
11:56:37.917 [FXGL Background Thread 1 ] DEBUG FXGLApplication      - Loading default localization
11:56:37.918 [FXGL Background Thread 4 ] DEBUG FXGLAssetLoaderServi - Loading from file system: jar:file:/C:/Users/Fra-Lu/.m2/repository/com/github/almasb/fxgl/17.3/fxgl-17.3.jar!/fxglassets/ui/fonts/VarelaRound-Regular.ttf
11:56:37.918 [FXGL Background Thread 1 ] DEBUG FXGLAssetLoaderServi - Loading from file system: jar:file:/C:/Users/Fra-Lu/.m2/repository/com/github/almasb/fxgl/17.3/fxgl-17.3.jar!/fxglassets/languages/english.lang
11:56:37.934 [FXGL Background Thread 1 ] INFO  FXGLApplication      - FXGL initialization took: 0,459 sec
11:56:37.935 [JavaFX Application Thread] DEBUG FXGLAssetLoaderServi - Loading from file system: jar:file:/C:/Users/Fra-Lu/.m2/repository/com/github/almasb/fxgl/17.3/fxgl-17.3.jar!/fxglassets/textures/fxgl_icon.png
11:56:37.953 [JavaFX Application Thread] DEBUG FXGLAssetLoaderServi - Loading from file system: jar:file:/C:/Users/Fra-Lu/.m2/repository/com/github/almasb/fxgl/17.3/fxgl-17.3.jar!/fxglassets/textures/fxgl_default_cursor.png
11:56:37.967 [JavaFX Application Thread] DEBUG Input                - Registered new binding: Screenshot - CTRL+8
11:56:37.968 [JavaFX Application Thread] DEBUG Input                - Registered new binding: System info dump - CTRL+9
11:56:37.969 [JavaFX Application Thread] DEBUG Input                - Registered new binding: Restart - CTRL+R
11:56:37.970 [JavaFX Application Thread] DEBUG Input                - Registered new binding: Toggle Debug Camera - CTRL+7
11:56:37.974 [JavaFX Application Thread] DEBUG LoopRunner           - Starting loop
11:56:37.974 [JavaFX Application Thread] DEBUG LoopRunner           - Initializing JavaFX AnimationTimerLoop
11:56:37.976 [JavaFX Application Thread] DEBUG GameApplicationServi - Starting new game
11:56:37.977 [JavaFX Application Thread] DEBUG Input                - Clearing active input actions
11:56:37.983 [FXGL Background Thread 4 ] DEBUG FXGLAssetLoaderServi - Loading from file system: jar:file:/C:/Users/Fra-Lu/.m2/repository/com/github/almasb/fxgl/17.3/fxgl-17.3.jar!/fxglassets/ui/fonts/Abel-Regular.ttf
11:56:37.987 [JavaFX Application Thread] DEBUG GameApplicationServi - Removing overlay from FXGLStartupScene and adding to FXGLLoadingScene
11:56:37.988 [JavaFX Application Thread] DEBUG PrimaryStageWindow   - FXGLStartupScene -> FXGLLoadingScene
11:56:37.988 [JavaFX Application Thread] DEBUG GameApplicationServi - Clearing previous game
11:56:37.988 [JavaFX Application Thread] DEBUG GameScene            - Clearing game scene
11:56:37.988 [JavaFX Application Thread] DEBUG GameWorld            - Clearing game world
11:56:37.988 [JavaFX Application Thread] DEBUG PhysicsWorld         - Clearing physics world
11:56:37.990 [FXGL Background Thread 1 ] DEBUG FXGLApplication      - Initializing game
11:56:37.998 [FXGL Background Thread 4 ] DEBUG FXGLAssetLoaderServi - Loading from file system: jar:file:/C:/Users/Fra-Lu/.m2/repository/com/github/almasb/fxgl/17.3/fxgl-17.3.jar!/fxglassets/ui/fonts/TerminalLandMono-Regular.otf
11:56:38.013 [FXGL Background Thread 4 ] DEBUG FXGLAssetLoaderServi - Loading from file system: jar:file:/C:/Users/Fra-Lu/.m2/repository/com/github/almasb/fxgl/17.3/fxgl-17.3.jar!/fxglassets/ui/fonts/Courier-Prime.ttf
11:56:38.025 [FXGL Background Thread 1 ] WARN  TMXLevelLoader       - TiledMap generated from 1.11.2. Supported version: 1.9.0. Some features may not be parsed fully.
11:56:38.047 [JavaFX Application Thread] DEBUG FXGLApplication      - Registering font factories with UI factory
11:56:38.053 [FXGL Background Thread 1 ] DEBUG TMXLevelLoader       - Parsed TiledMap: file:/C:/Users/Fra-Lu/Desktop/Schule/3.Klasse/POS/Workspace/DroidRampage/target/classes/assets/levels/TileStart.tmx
11:56:38.054 [FXGL Background Thread 1 ] DEBUG TMXLevelLoader       - Creating tile layer entities
11:56:38.056 [FXGL Background Thread 1 ] DEBUG TilesetLoader        - Loading view for layer Kachelebene 1
11:56:38.058 [FXGL Background Thread 1 ] DEBUG TilesetLoader        - Created buffer with size 1920.0x1088.0
11:56:38.158 [FXGL Background Thread 1 ] DEBUG TMXLevelLoader       - Creating object layer entities
11:56:38.186 [FXGL Background Thread 1 ] DEBUG FXGLAssetLoaderServi - Loading from file system: file:/C:/Users/Fra-Lu/Desktop/Schule/3.Klasse/POS/Workspace/DroidRampage/target/classes/assets/textures/credit2.png
11:56:38.248 [FXGL Background Thread 1 ] DEBUG FXGLAssetLoaderServi - Loading from file system: file:/C:/Users/Fra-Lu/Desktop/Schule/3.Klasse/POS/Workspace/DroidRampage/target/classes/assets/textures/credit1.png
11:56:38.305 [FXGL Background Thread 1 ] DEBUG FXGLAssetLoaderServi - Loading from file system: file:/C:/Users/Fra-Lu/Desktop/Schule/3.Klasse/POS/Workspace/DroidRampage/target/classes/assets/textures/credit3.png
11:56:38.355 [FXGL Background Thread 1 ] DEBUG GameWorld            - Clearing removable entities
11:56:38.356 [FXGL Background Thread 1 ] DEBUG GameWorld            - Setting level: com.almasb.fxgl.entity.level.Level@79de9132
11:56:38.410 [FXGL Background Thread 2 ] INFO  UpdaterService       - Your current version:  17.3
11:56:38.411 [FXGL Background Thread 2 ] INFO  UpdaterService       - Latest stable version: 25
11:56:38.455 [FXGL Background Thread 1 ] DEBUG FXGLAssetLoaderServi - Loading from file system: file:/C:/Users/Fra-Lu/Desktop/Schule/3.Klasse/POS/Workspace/DroidRampage/target/classes/assets/textures/R2D2.png
11:56:38.461 [FXGL Background Thread 1 ] DEBUG Input                - Registered new binding: Move Right - D
11:56:38.462 [FXGL Background Thread 1 ] DEBUG Input                - Registered new binding: Move Left - A
11:56:38.462 [FXGL Background Thread 1 ] DEBUG Input                - Registered new binding: Jump - Space
11:56:38.462 [FXGL Background Thread 1 ] DEBUG Input                - Registered new binding: Toggle Cheat Mode - I
11:56:38.467 [FXGL Background Thread 1 ] INFO  FXGLApplication      - Game initialization took: 0,477 sec
11:56:38.471 [JavaFX Application Thread] DEBUG Input                - Clearing active input actions
11:56:38.483 [JavaFX Application Thread] DEBUG GameApplicationServi - Removing overlay from FXGLLoadingScene and adding to GameScene
11:56:38.483 [JavaFX Application Thread] DEBUG PrimaryStageWindow   - FXGLLoadingScene -> GameScene
11:56:40.915 [FXGL Background Thread 3 ] DEBUG Engine               - Logging environment variables
11:56:40.916 [FXGL Background Thread 3 ] DEBUG Engine               - achievements: []
11:56:40.916 [FXGL Background Thread 3 ] DEBUG Engine               - actualHeight: 863.0
11:56:40.916 [FXGL Background Thread 3 ] DEBUG Engine               - actualHeightProperty: ReadOnlyDoubleProperty [value: 863.0]
11:56:40.916 [FXGL Background Thread 3 ] DEBUG Engine               - actualWidth: 1499.0
11:56:40.916 [FXGL Background Thread 3 ] DEBUG Engine               - actualWidthProperty: ReadOnlyDoubleProperty [value: 1499.0]
11:56:40.916 [FXGL Background Thread 3 ] DEBUG Engine               - appIcon: fxgl_icon.png
11:56:40.916 [FXGL Background Thread 3 ] DEBUG Engine               - applicationMode: DEVELOPER
11:56:40.916 [FXGL Background Thread 3 ] DEBUG Engine               - cSSList: [fxgl_dark.css]
11:56:40.916 [FXGL Background Thread 3 ] DEBUG Engine               - collisionDetectionStrategy: BRUTE_FORCE
11:56:40.916 [FXGL Background Thread 3 ] DEBUG Engine               - configClass: Optional.empty
11:56:40.916 [FXGL Background Thread 3 ] DEBUG Engine               - credits: []
11:56:40.916 [FXGL Background Thread 3 ] DEBUG Engine               - defaultCursor: CursorInfo(imageName=fxgl_default_cursor.png, hotspotX=7.0, hotspotY=6.0)
11:56:40.917 [FXGL Background Thread 3 ] DEBUG Engine               - devBBoxColorProperty: ObjectProperty [value: 0xff0000ff]
11:56:40.917 [FXGL Background Thread 3 ] DEBUG Engine               - devEnableDebugCameraProperty: BooleanProperty [value: false]
11:56:40.917 [FXGL Background Thread 3 ] DEBUG Engine               - devSensorColorProperty: ObjectProperty [value: 0xffff00ff]
11:56:40.917 [FXGL Background Thread 3 ] DEBUG Engine               - devShowBBoxProperty: BooleanProperty [value: false]
11:56:40.917 [FXGL Background Thread 3 ] DEBUG Engine               - devShowPositionProperty: BooleanProperty [value: false]
11:56:40.917 [FXGL Background Thread 3 ] DEBUG Engine               - enabledMenuItems: []
11:56:40.917 [FXGL Background Thread 3 ] DEBUG Engine               - engineServices: [class com.almasb.fxgl.app.services.FXGLAssetLoaderService, class com.almasb.fxgl.app.FXGLApplication$GameApplicationService, class com.almasb.fxgl.app.services.FXGLDialogService, class com.almasb.fxgl.app.services.IOTaskExecutorService, class com.almasb.fxgl.io.FileSystemService, class com.almasb.fxgl.localization.LocalizationService, class com.almasb.fxgl.app.services.SystemBundleService, class com.almasb.fxgl.profile.SaveLoadService, class com.almasb.fxgl.ui.FXGLUIFactoryServiceProvider, class com.almasb.fxgl.ui.FXGLDialogFactoryServiceProvider, class com.almasb.fxgl.audio.AudioPlayer, class com.almasb.fxgl.notification.impl.NotificationServiceProvider, class com.almasb.fxgl.achievement.AchievementService, class com.almasb.fxgl.cutscene.CutsceneService, class com.almasb.fxgl.minigames.MiniGameService, class com.almasb.fxgl.net.NetService, class com.almasb.fxgl.app.services.UpdaterService, class com.almasb.fxgl.dev.DevService]
11:56:40.917 [FXGL Background Thread 3 ] DEBUG Engine               - fontGame: Abel-Regular.ttf
11:56:40.917 [FXGL Background Thread 3 ] DEBUG Engine               - fontMono: TerminalLandMono-Regular.otf
11:56:40.917 [FXGL Background Thread 3 ] DEBUG Engine               - fontSizeScaleUI: 1.0
11:56:40.917 [FXGL Background Thread 3 ] DEBUG Engine               - fontText: Courier-Prime.ttf
11:56:40.917 [FXGL Background Thread 3 ] DEBUG Engine               - fontUI: VarelaRound-Regular.ttf
11:56:40.917 [FXGL Background Thread 3 ] DEBUG Engine               - fullScreen: BooleanProperty [value: true]
11:56:40.917 [FXGL Background Thread 3 ] DEBUG Engine               - gameDifficulty: MEDIUM
11:56:40.917 [FXGL Background Thread 3 ] DEBUG Engine               - gameDifficultyProperty: ObjectProperty [value: MEDIUM]
11:56:40.917 [FXGL Background Thread 3 ] DEBUG Engine               - globalMusicVolume: 0.5
11:56:40.918 [FXGL Background Thread 3 ] DEBUG Engine               - globalMusicVolumeProperty: DoubleProperty [value: 0.5]
11:56:40.918 [FXGL Background Thread 3 ] DEBUG Engine               - globalSoundVolume: 0.5
11:56:40.918 [FXGL Background Thread 3 ] DEBUG Engine               - globalSoundVolumeProperty: DoubleProperty [value: 0.5]
11:56:40.918 [FXGL Background Thread 3 ] DEBUG Engine               - height: 1088
11:56:40.918 [FXGL Background Thread 3 ] DEBUG Engine               - is3D: false
11:56:40.918 [FXGL Background Thread 3 ] DEBUG Engine               - isAndroid: false
11:56:40.918 [FXGL Background Thread 3 ] DEBUG Engine               - isBrowser: false
11:56:40.918 [FXGL Background Thread 3 ] DEBUG Engine               - isClickFeedbackEnabled: false
11:56:40.918 [FXGL Background Thread 3 ] DEBUG Engine               - isCloseConfirmation: false
11:56:40.919 [FXGL Background Thread 3 ] DEBUG Engine               - isDesktop: true
11:56:40.919 [FXGL Background Thread 3 ] DEBUG Engine               - isDeveloperMenuEnabled: false
11:56:40.919 [FXGL Background Thread 3 ] DEBUG Engine               - isEmbedded: false
11:56:40.919 [FXGL Background Thread 3 ] DEBUG Engine               - isEntityPreloadEnabled: true
11:56:40.919 [FXGL Background Thread 3 ] DEBUG Engine               - isExperimentalTiledLargeMap: false
11:56:40.919 [FXGL Background Thread 3 ] DEBUG Engine               - isFileSystemWriteAllowed: true
11:56:40.919 [FXGL Background Thread 3 ] DEBUG Engine               - isFullScreenAllowed: false
11:56:40.919 [FXGL Background Thread 3 ] DEBUG Engine               - isFullScreenFromStart: true
11:56:40.919 [FXGL Background Thread 3 ] DEBUG Engine               - isGameMenuEnabled: true
11:56:40.919 [FXGL Background Thread 3 ] DEBUG Engine               - isIOS: false
11:56:40.919 [FXGL Background Thread 3 ] DEBUG Engine               - isIntroEnabled: false
11:56:40.919 [FXGL Background Thread 3 ] DEBUG Engine               - isLinux: false
11:56:40.919 [FXGL Background Thread 3 ] DEBUG Engine               - isMac: false
11:56:40.919 [FXGL Background Thread 3 ] DEBUG Engine               - isMainMenuEnabled: false
11:56:40.919 [FXGL Background Thread 3 ] DEBUG Engine               - isManualResizeEnabled: false
11:56:40.919 [FXGL Background Thread 3 ] DEBUG Engine               - isMobile: false
11:56:40.919 [FXGL Background Thread 3 ] DEBUG Engine               - isNative: false
11:56:40.919 [FXGL Background Thread 3 ] DEBUG Engine               - isPauseMusicWhenMinimized: true
11:56:40.919 [FXGL Background Thread 3 ] DEBUG Engine               - isPreserveResizeRatio: false
11:56:40.919 [FXGL Background Thread 3 ] DEBUG Engine               - isProfilingEnabled: false
11:56:40.919 [FXGL Background Thread 3 ] DEBUG Engine               - isScaleAffectedOnResize: true
11:56:40.919 [FXGL Background Thread 3 ] DEBUG Engine               - isSingleStep: false
11:56:40.919 [FXGL Background Thread 3 ] DEBUG Engine               - isUserProfileEnabled: false
11:56:40.919 [FXGL Background Thread 3 ] DEBUG Engine               - isWindows: true
11:56:40.919 [FXGL Background Thread 3 ] DEBUG Engine               - language: ObjectProperty [value: ENGLISH]
11:56:40.919 [FXGL Background Thread 3 ] DEBUG Engine               - menuKey: ESCAPE
11:56:40.920 [FXGL Background Thread 3 ] DEBUG Engine               - mouseSensitivity: 0.2
11:56:40.920 [FXGL Background Thread 3 ] DEBUG Engine               - notificationViewClass: class com.almasb.fxgl.notification.view.XboxNotificationView
11:56:40.920 [FXGL Background Thread 3 ] DEBUG Engine               - pixelsPerMeter: 50.0
11:56:40.920 [FXGL Background Thread 3 ] DEBUG Engine               - platform: WINDOWS
11:56:40.920 [FXGL Background Thread 3 ] DEBUG Engine               - prefHeightProperty: ReadOnlyDoubleProperty [value: 1088.0]
11:56:40.920 [FXGL Background Thread 3 ] DEBUG Engine               - prefWidthProperty: ReadOnlyDoubleProperty [value: 1920.0]
11:56:40.920 [FXGL Background Thread 3 ] DEBUG Engine               - profileDir: profiles/
11:56:40.920 [FXGL Background Thread 3 ] DEBUG Engine               - profileName: StringProperty [value: DEFAULT]
11:56:40.920 [FXGL Background Thread 3 ] DEBUG Engine               - randomSeed: -1
11:56:40.920 [FXGL Background Thread 3 ] DEBUG Engine               - runtimeInfo: RuntimeInfo(platform=WINDOWS, version=17.3, build=30.03.2023 11.49)
11:56:40.920 [FXGL Background Thread 3 ] DEBUG Engine               - saveFileExt: sav
11:56:40.920 [FXGL Background Thread 3 ] DEBUG Engine               - scaledHeightProp$fxgl: DoubleProperty [bound, value: 863.0]
11:56:40.920 [FXGL Background Thread 3 ] DEBUG Engine               - scaledWidthProp$fxgl: DoubleProperty [bound, value: 1499.0]
11:56:40.920 [FXGL Background Thread 3 ] DEBUG Engine               - sceneFactory: com.almasb.fxgl.app.scene.SceneFactory@658311a7
11:56:40.920 [FXGL Background Thread 3 ] DEBUG Engine               - secondsIn24h: 60
11:56:40.920 [FXGL Background Thread 3 ] DEBUG Engine               - soundMenuBack: menu/back.wav
11:56:40.920 [FXGL Background Thread 3 ] DEBUG Engine               - soundMenuPress: menu/press.wav
11:56:40.920 [FXGL Background Thread 3 ] DEBUG Engine               - soundMenuSelect: menu/select.wav
11:56:40.920 [FXGL Background Thread 3 ] DEBUG Engine               - soundNotification: core/notification.wav
11:56:40.920 [FXGL Background Thread 3 ] DEBUG Engine               - stageStyle: DECORATED
11:56:40.920 [FXGL Background Thread 3 ] DEBUG Engine               - supportedLanguages: [ENGLISH, FRENCH, GERMAN, HUNGARIAN, RUSSIAN]
11:56:40.920 [FXGL Background Thread 3 ] DEBUG Engine               - ticksPerSecond: -1
11:56:40.920 [FXGL Background Thread 3 ] DEBUG Engine               - title: Droid Rampage
11:56:40.920 [FXGL Background Thread 3 ] DEBUG Engine               - urlGithub: https://github.com/AlmasB/FXGL
11:56:40.920 [FXGL Background Thread 3 ] DEBUG Engine               - urlLeaderboard: http://fxgl-top.herokuapp.com/
11:56:40.920 [FXGL Background Thread 3 ] DEBUG Engine               - urlPOM: https://raw.githubusercontent.com/AlmasB/FXGL/release/README.md
11:56:40.920 [FXGL Background Thread 3 ] DEBUG Engine               - userAppClass: class at.htl.droidrampage.GameApp
11:56:40.920 [FXGL Background Thread 3 ] DEBUG Engine               - version: 0.6
11:56:40.920 [FXGL Background Thread 3 ] DEBUG Engine               - versionCheckDays: 7
11:56:40.920 [FXGL Background Thread 3 ] DEBUG Engine               - width: 1920
11:56:40.920 [FXGL Background Thread 3 ] DEBUG Engine               - Logging services
11:56:40.920 [FXGL Background Thread 3 ] DEBUG Engine               - class com.almasb.fxgl.app.services.FXGLAssetLoaderService
11:56:40.920 [FXGL Background Thread 3 ] DEBUG Engine               - class com.almasb.fxgl.app.FXGLApplication$GameApplicationService
11:56:40.920 [FXGL Background Thread 3 ] DEBUG Engine               - class com.almasb.fxgl.app.services.FXGLDialogService
11:56:40.920 [FXGL Background Thread 3 ] DEBUG Engine               - class com.almasb.fxgl.app.services.IOTaskExecutorService
11:56:40.920 [FXGL Background Thread 3 ] DEBUG Engine               - class com.almasb.fxgl.io.FileSystemService
11:56:40.920 [FXGL Background Thread 3 ] DEBUG Engine               - class com.almasb.fxgl.localization.LocalizationService
11:56:40.921 [FXGL Background Thread 3 ] DEBUG Engine               - class com.almasb.fxgl.app.services.SystemBundleService
11:56:40.921 [FXGL Background Thread 3 ] DEBUG Engine               - class com.almasb.fxgl.profile.SaveLoadService
11:56:40.921 [FXGL Background Thread 3 ] DEBUG Engine               - class com.almasb.fxgl.ui.FXGLUIFactoryServiceProvider
11:56:40.921 [FXGL Background Thread 3 ] DEBUG Engine               - class com.almasb.fxgl.ui.FXGLDialogFactoryServiceProvider
11:56:40.921 [FXGL Background Thread 3 ] DEBUG Engine               - class com.almasb.fxgl.audio.AudioPlayer
11:56:40.921 [FXGL Background Thread 3 ] DEBUG Engine               - class com.almasb.fxgl.notification.impl.NotificationServiceProvider
11:56:40.921 [FXGL Background Thread 3 ] DEBUG Engine               - class com.almasb.fxgl.achievement.AchievementService
11:56:40.921 [FXGL Background Thread 3 ] DEBUG Engine               - class com.almasb.fxgl.cutscene.CutsceneService
11:56:40.921 [FXGL Background Thread 3 ] DEBUG Engine               - class com.almasb.fxgl.minigames.MiniGameService
11:56:40.921 [FXGL Background Thread 3 ] DEBUG Engine               - class com.almasb.fxgl.net.NetService
11:56:40.921 [FXGL Background Thread 3 ] DEBUG Engine               - class com.almasb.fxgl.app.services.UpdaterService
11:56:40.921 [FXGL Background Thread 3 ] DEBUG Engine               - class com.almasb.fxgl.dev.DevService
11:57:07.577 [JavaFX Application Thread] WARN  TMXLevelLoader       - TiledMap generated from 1.11.2. Supported version: 1.9.0. Some features may not be parsed fully.
11:57:07.582 [JavaFX Application Thread] DEBUG TMXLevelLoader       - Parsed TiledMap: file:/C:/Users/Fra-Lu/Desktop/Schule/3.Klasse/POS/Workspace/DroidRampage/target/classes/assets/levels/Tile1.tmx
11:57:07.582 [JavaFX Application Thread] DEBUG TMXLevelLoader       - Creating tile layer entities
11:57:07.583 [JavaFX Application Thread] DEBUG TilesetLoader        - Loading view for layer Kachelebene 1
11:57:07.587 [JavaFX Application Thread] DEBUG TilesetLoader        - Created buffer with size 1920.0x1088.0
11:57:07.630 [JavaFX Application Thread] WARN  TilesetLoader        - Diagonally flipped tiles are not currently supported
11:57:07.631 [JavaFX Application Thread] WARN  TilesetLoader        - Diagonally flipped tiles are not currently supported
11:57:07.631 [JavaFX Application Thread] WARN  TilesetLoader        - Diagonally flipped tiles are not currently supported
11:57:07.632 [JavaFX Application Thread] WARN  TilesetLoader        - Diagonally flipped tiles are not currently supported
11:57:07.632 [JavaFX Application Thread] WARN  TilesetLoader        - Diagonally flipped tiles are not currently supported
11:57:07.632 [JavaFX Application Thread] WARN  TilesetLoader        - Diagonally flipped tiles are not currently supported
11:57:07.633 [JavaFX Application Thread] DEBUG TMXLevelLoader       - Creating object layer entities
11:57:07.638 [JavaFX Application Thread] DEBUG GameWorld            - Clearing removable entities
11:57:07.640 [JavaFX Application Thread] DEBUG GameWorld            - Setting level: com.almasb.fxgl.entity.level.Level@3a8ffe3e
11:57:07.650 [JavaFX Application Thread] DEBUG LoopRunner           - Stopping loop
11:57:07.651 [JavaFX Application Thread] FATAL FXGLApplication      - Uncaught Exception:
java.lang.NullPointerException: Cannot invoke "com.almasb.fxgl.entity.Entity.setScaleX(double)" because the return value of "at.htl.droidrampage.PlayerComponent.access$000(at.htl.droidrampage.PlayerComponent)" is null
	at at.htl.droidrampage.PlayerComponent$1.onAction(PlayerComponent.java:29)
	at com.almasb.fxgl.input.UserAction.action$fxgl_core(UserAction.kt:38)
	at com.almasb.fxgl.input.Input.update(Input.kt:288)
	at com.almasb.fxgl.scene.Scene.update(Scene.kt:103)
	at com.almasb.fxgl.app.MainWindow$update$1.invoke(MainWindow.kt:115)
	at com.almasb.fxgl.app.MainWindow$update$1.invoke(MainWindow.kt:115)
	at com.almasb.fxgl.core.fsm.StateMachine.runOnActiveStates(StateMachine.kt:69)
	at com.almasb.fxgl.app.MainWindow.update(MainWindow.kt:115)
	at com.almasb.fxgl.app.FXGLApplication$GameApplicationService.onUpdate(FXGLApplication.kt:426)
	at com.almasb.fxgl.app.Engine.loop(Engine.kt:134)
	at com.almasb.fxgl.app.Engine.access$loop(Engine.kt:24)
	at com.almasb.fxgl.app.Engine$loop$1.invoke(Engine.kt:28)
	at com.almasb.fxgl.app.Engine$loop$1.invoke(Engine.kt:28)
	at com.almasb.fxgl.app.LoopRunner.frame(LoopRunner.kt:103)
	at com.almasb.fxgl.app.LoopRunner.access$frame(LoopRunner.kt:23)
	at com.almasb.fxgl.app.LoopRunner$impl$2$1.onTick(LoopRunner.kt:57)
	at com.almasb.fxgl.app.AnimationTimerLoop$timer$1.handle(LoopRunner.kt:137)
	at javafx.animation.AnimationTimer$AnimationTimerReceiver.lambda$handle$0(AnimationTimer.java:58)
	at java.base/java.security.AccessController.doPrivileged(AccessController.java:138)
	at javafx.animation.AnimationTimer$AnimationTimerReceiver.handle(AnimationTimer.java:57)
	at com.sun.scenario.animation.AbstractPrimaryTimer.timePulseImpl(AbstractPrimaryTimer.java:356)
	at com.sun.scenario.animation.AbstractPrimaryTimer$MainLoop.run(AbstractPrimaryTimer.java:266)
	at com.sun.javafx.tk.quantum.QuantumToolkit.pulse(QuantumToolkit.java:588)
	at com.sun.javafx.tk.quantum.QuantumToolkit.pulse(QuantumToolkit.java:572)
	at com.sun.javafx.tk.quantum.QuantumToolkit.pulseFromQueue(QuantumToolkit.java:565)
	at com.sun.javafx.tk.quantum.QuantumToolkit.lambda$runToolkit$11(QuantumToolkit.java:352)
	at com.sun.glass.ui.InvokeLaterDispatcher$Future.run(InvokeLaterDispatcher.java:95)
	at com.sun.glass.ui.win.WinApplication._runLoop(Native Method)
	at com.sun.glass.ui.win.WinApplication.lambda$runLoop$3(WinApplication.java:185)
	at java.base/java.lang.Thread.run(Thread.java:1474)

11:57:07.651 [JavaFX Application Thread] FATAL FXGLApplication      - Application will now exit
11:57:07.666 [JavaFX Application Thread] DEBUG PrimaryStageWindow   - Push state: ErrorSubScene
11:57:07.666 [JavaFX Application Thread] DEBUG Input                - Clearing active input actions
11:57:07.671 [JavaFX Application Thread] DEBUG GameApplicationServi - Removing overlay from GameScene and adding to ErrorSubScene
11:57:07.671 [JavaFX Application Thread] DEBUG PrimaryStageWindow   - GameScene -> ErrorSubScene
11:57:07.923 [JavaFX Application Thread] DEBUG FXGLApplication      - Exiting FXGL
11:57:07.923 [JavaFX Application Thread] DEBUG Async                - Shutting down background threads
11:57:07.923 [JavaFX Application Thread] DEBUG PrimaryStageWindow   - Closing main window
11:57:07.966 [JavaFX Application Thread] DEBUG Logger               - Closing Logger
