08:43:51.794 [main                     ] DEBUG Logger               - Configured Logger
08:43:51.806 [main                     ] DEBUG GameApplication      - Logging settings
Title: Droid Rampage
Version: 0.8
Width: 1920
Height: 1088
Fullscreen: false
Intro: false
Profiling: false
Single step:false
App Mode: DEVELOPER
Menu Key: ESCAPE
Stage Style: DECORATED
Scene Factory: class com.almasb.fxgl.app.scene.SceneFactory

08:43:52.639 [JavaFX Application Thread] DEBUG FXGLApplication      - Initializing FXGL
08:43:52.644 [JavaFX Application Thread] INFO  Engine               - FXGL-17.3 (30.03.2023 11.49) on WINDOWS (J:25 FX:21.0.6)
08:43:52.644 [JavaFX Application Thread] DEBUG Engine               - JRE Vendor Name: Oracle Corporation
08:43:52.644 [JavaFX Application Thread] DEBUG Engine               - Running on OS: Windows 11 version 10.0
08:43:52.644 [JavaFX Application Thread] DEBUG Engine               - Architecture: amd64
08:43:52.645 [JavaFX Application Thread] INFO  Engine               - Source code and latest versions at: https://github.com/AlmasB/FXGL
08:43:52.645 [JavaFX Application Thread] INFO  Engine               -       Ask questions and discuss at: https://github.com/AlmasB/FXGL/discussions
08:43:52.645 [JavaFX Application Thread] INFO  Engine               -              Join the FXGL chat at: https://gitter.im/AlmasB/FXGL
08:43:52.793 [JavaFX Application Thread] DEBUG PrimaryStageWindow   - Creating a JavaFX scene
08:43:52.794 [JavaFX Application Thread] DEBUG PrimaryStageWindow   - Target size > screen size
08:43:52.852 [JavaFX Application Thread] DEBUG PrimaryStageWindow   - Target settings size: 1920.0 x 1088.0
08:43:52.852 [JavaFX Application Thread] DEBUG PrimaryStageWindow   - Scaled scene size:    1499.0 x 863.0
08:43:52.852 [JavaFX Application Thread] DEBUG PrimaryStageWindow   - Scaled ratio: (0.7807291666666667, 0.7931985294117647)
08:43:52.854 [JavaFX Application Thread] DEBUG PrimaryStageWindow   - Set initial scene to FXGLStartupScene
08:43:52.856 [JavaFX Application Thread] DEBUG PrimaryStageWindow   - Opening main window
08:43:53.027 [JavaFX Application Thread] DEBUG PrimaryStageWindow   - Window border size: (14.5999755859375, 37.79998779296875)
08:43:53.027 [JavaFX Application Thread] DEBUG PrimaryStageWindow   - Scaled size: 1499.0 x 863.0
08:43:53.027 [JavaFX Application Thread] DEBUG PrimaryStageWindow   - Scaled ratio: (0.7807291666666667, 0.7931985294117647)
08:43:53.027 [JavaFX Application Thread] DEBUG PrimaryStageWindow   - Scene size: 1499.0 x 863.0
08:43:53.027 [JavaFX Application Thread] DEBUG PrimaryStageWindow   - Stage size: 1513.5999755859375 x 900.7999877929688
08:43:53.041 [FXGL Background Thread 1 ] DEBUG Engine               - Initializing environment variables
08:43:53.160 [FXGL Background Thread 1 ] DEBUG FXGLAssetLoaderServi - User app class for loading assets: class at.htl.droidrampage.GameApp
08:43:53.161 [FXGL Background Thread 1 ] DEBUG GameApplicationServi - Applying CSS: fxgl_dark.css
08:43:53.164 [FXGL Background Thread 1 ] DEBUG FXGLAssetLoaderServi - Loading from file system: jar:file:/C:/Users/Fra-Lu/.m2/repository/com/github/almasb/fxgl/17.3/fxgl-17.3.jar!/fxglassets/ui/css/fxgl_dark.css
08:43:53.236 [FXGL Background Thread 1 ] DEBUG GameApplicationServi - Initializing application scenes
08:43:53.300 [FXGL Background Thread 1 ] DEBUG GameWorld            - Game world initialized
08:43:53.378 [FXGL Background Thread 1 ] DEBUG PhysicsWorld         - Physics world initialized: appHeight=1088, physics.ppm=50,0
08:43:53.379 [FXGL Background Thread 1 ] DEBUG PhysicsWorld         - Using strategy: BRUTE_FORCE
08:43:53.385 [FXGL Background Thread 1 ] DEBUG GameScene            - Game scene initialized: 1920x1088
08:43:53.404 [FXGL Background Thread 1 ] DEBUG FXGL.DefaultMenu     - createMenuBodyGameMenu()
08:43:53.424 [FXGL Background Thread 1 ] DEBUG FXGL.DefaultMenu     - createOptionsMenu()
08:43:53.438 [FXGL Background Thread 1 ] DEBUG FXGLAssetLoaderServi - Loading from file system: jar:file:/C:/Users/Fra-Lu/.m2/repository/com/github/almasb/fxgl/17.3/fxgl-17.3.jar!/fxglassets/textures/particles/smoke.png
08:43:53.562 [FXGL Background Thread 1 ] DEBUG FXGLAssetLoaderServi - Loading from file system: jar:file:/C:/Users/Fra-Lu/.m2/repository/com/github/almasb/fxgl/17.3/fxgl-17.3.jar!/fxglassets/textures/particles/trace_horizontal.png
08:43:53.594 [FXGL Background Thread 1 ] DEBUG GameApplicationServi - Application scenes initialized
08:43:53.614 [FXGL Background Thread 1 ] DEBUG SystemBundleService  - Loading FXGL system data
08:43:53.619 [FXGL Background Thread 1 ] DEBUG FileSystemAccess     - Reading from: C:\Users\Fra-Lu\Desktop\Schule\3.Klasse\POS\Workspace\DroidRampage\system\fxgl.bundle
08:43:53.626 [FXGL Background Thread 1 ] DEBUG SystemBundleService  - Bundle FXGL: {}
08:43:53.626 [FXGL Background Thread 1 ] DEBUG UpdaterService       - Checking for updates
08:43:53.629 [FXGL Background Thread 4 ] DEBUG FXGLApplication      - Loading fonts
08:43:53.630 [FXGL Background Thread 4 ] DEBUG FXGLAssetLoaderServi - Loading from file system: jar:file:/C:/Users/Fra-Lu/.m2/repository/com/github/almasb/fxgl/17.3/fxgl-17.3.jar!/fxglassets/ui/fonts/VarelaRound-Regular.ttf
08:43:53.630 [FXGL Background Thread 1 ] DEBUG FXGLApplication      - Loading default localization
08:43:53.631 [FXGL Background Thread 1 ] DEBUG FXGLAssetLoaderServi - Loading from file system: jar:file:/C:/Users/Fra-Lu/.m2/repository/com/github/almasb/fxgl/17.3/fxgl-17.3.jar!/fxglassets/languages/english.lang
08:43:53.665 [FXGL Background Thread 1 ] INFO  FXGLApplication      - FXGL initialization took: 0,624 sec
08:43:53.667 [JavaFX Application Thread] DEBUG FXGLAssetLoaderServi - Loading from file system: jar:file:/C:/Users/Fra-Lu/.m2/repository/com/github/almasb/fxgl/17.3/fxgl-17.3.jar!/fxglassets/textures/fxgl_icon.png
08:43:53.686 [JavaFX Application Thread] DEBUG FXGLAssetLoaderServi - Loading from file system: jar:file:/C:/Users/Fra-Lu/.m2/repository/com/github/almasb/fxgl/17.3/fxgl-17.3.jar!/fxglassets/textures/fxgl_default_cursor.png
08:43:53.691 [FXGL Background Thread 4 ] DEBUG FXGLAssetLoaderServi - Loading from file system: jar:file:/C:/Users/Fra-Lu/.m2/repository/com/github/almasb/fxgl/17.3/fxgl-17.3.jar!/fxglassets/ui/fonts/Abel-Regular.ttf
08:43:53.699 [JavaFX Application Thread] DEBUG Input                - Registered new binding: Screenshot - CTRL+8
08:43:53.700 [JavaFX Application Thread] DEBUG Input                - Registered new binding: System info dump - CTRL+9
08:43:53.701 [JavaFX Application Thread] DEBUG Input                - Registered new binding: Restart - CTRL+R
08:43:53.703 [JavaFX Application Thread] DEBUG Input                - Registered new binding: Toggle Debug Camera - CTRL+7
08:43:53.706 [JavaFX Application Thread] DEBUG LoopRunner           - Starting loop
08:43:53.706 [JavaFX Application Thread] DEBUG LoopRunner           - Initializing JavaFX AnimationTimerLoop
08:43:53.708 [JavaFX Application Thread] DEBUG GameApplicationServi - Starting new game
08:43:53.708 [FXGL Background Thread 4 ] DEBUG FXGLAssetLoaderServi - Loading from file system: jar:file:/C:/Users/Fra-Lu/.m2/repository/com/github/almasb/fxgl/17.3/fxgl-17.3.jar!/fxglassets/ui/fonts/TerminalLandMono-Regular.otf
08:43:53.708 [JavaFX Application Thread] DEBUG Input                - Clearing active input actions
08:43:53.721 [FXGL Background Thread 4 ] DEBUG FXGLAssetLoaderServi - Loading from file system: jar:file:/C:/Users/Fra-Lu/.m2/repository/com/github/almasb/fxgl/17.3/fxgl-17.3.jar!/fxglassets/ui/fonts/Courier-Prime.ttf
08:43:53.723 [JavaFX Application Thread] DEBUG GameApplicationServi - Removing overlay from FXGLStartupScene and adding to FXGLLoadingScene
08:43:53.724 [JavaFX Application Thread] DEBUG PrimaryStageWindow   - FXGLStartupScene -> FXGLLoadingScene
08:43:53.724 [JavaFX Application Thread] DEBUG GameApplicationServi - Clearing previous game
08:43:53.724 [JavaFX Application Thread] DEBUG GameScene            - Clearing game scene
08:43:53.724 [JavaFX Application Thread] DEBUG GameWorld            - Clearing game world
08:43:53.724 [JavaFX Application Thread] DEBUG PhysicsWorld         - Clearing physics world
08:43:53.726 [FXGL Background Thread 1 ] DEBUG FXGLApplication      - Initializing game
08:43:53.774 [JavaFX Application Thread] DEBUG FXGLApplication      - Registering font factories with UI factory
08:43:53.794 [FXGL Background Thread 1 ] WARN  TMXLevelLoader       - TiledMap generated from 1.11.2. Supported version: 1.9.0. Some features may not be parsed fully.
08:43:53.814 [FXGL Background Thread 1 ] DEBUG TMXLevelLoader       - Parsed TiledMap: file:/C:/Users/Fra-Lu/Desktop/Schule/3.Klasse/POS/Workspace/DroidRampage/target/classes/assets/levels/TileStart.tmx
08:43:53.816 [FXGL Background Thread 1 ] DEBUG TMXLevelLoader       - Creating tile layer entities
08:43:53.821 [FXGL Background Thread 1 ] DEBUG TilesetLoader        - Loading view for layer Kachelebene 1
08:43:53.823 [FXGL Background Thread 1 ] DEBUG TilesetLoader        - Created buffer with size 1920.0x1088.0
08:43:53.948 [FXGL Background Thread 1 ] DEBUG TMXLevelLoader       - Creating object layer entities
08:43:53.997 [FXGL Background Thread 1 ] DEBUG FXGLAssetLoaderServi - Loading from file system: file:/C:/Users/Fra-Lu/Desktop/Schule/3.Klasse/POS/Workspace/DroidRampage/target/classes/assets/textures/credit2.png
08:43:54.075 [FXGL Background Thread 1 ] DEBUG FXGLAssetLoaderServi - Loading from file system: file:/C:/Users/Fra-Lu/Desktop/Schule/3.Klasse/POS/Workspace/DroidRampage/target/classes/assets/textures/credit1.png
08:43:54.144 [FXGL Background Thread 1 ] DEBUG FXGLAssetLoaderServi - Loading from file system: file:/C:/Users/Fra-Lu/Desktop/Schule/3.Klasse/POS/Workspace/DroidRampage/target/classes/assets/textures/credit3.png
08:43:54.204 [FXGL Background Thread 1 ] DEBUG GameWorld            - Clearing removable entities
08:43:54.205 [FXGL Background Thread 1 ] DEBUG GameWorld            - Setting level: com.almasb.fxgl.entity.level.Level@7648d230
08:43:54.348 [FXGL Background Thread 2 ] INFO  UpdaterService       - Your current version:  17.3
08:43:54.349 [FXGL Background Thread 2 ] INFO  UpdaterService       - Latest stable version: 25
08:43:54.357 [FXGL Background Thread 1 ] DEBUG FXGLAssetLoaderServi - Loading from file system: file:/C:/Users/Fra-Lu/Desktop/Schule/3.Klasse/POS/Workspace/DroidRampage/target/classes/assets/textures/R2D2.png
08:43:54.366 [FXGL Background Thread 1 ] DEBUG Input                - Registered new binding: Move Right - D
08:43:54.366 [FXGL Background Thread 1 ] DEBUG Input                - Registered new binding: Move Left - A
08:43:54.366 [FXGL Background Thread 1 ] DEBUG Input                - Registered new binding: Jump - Space
08:43:54.366 [FXGL Background Thread 1 ] DEBUG Input                - Registered new binding: Toggle Cheat Mode - I
08:43:54.370 [FXGL Background Thread 1 ] INFO  FXGLApplication      - Game initialization took: 0,645 sec
08:43:54.371 [JavaFX Application Thread] DEBUG Input                - Clearing active input actions
08:43:54.378 [JavaFX Application Thread] DEBUG GameApplicationServi - Removing overlay from FXGLLoadingScene and adding to GameScene
08:43:54.378 [JavaFX Application Thread] DEBUG PrimaryStageWindow   - FXGLLoadingScene -> GameScene
08:43:56.628 [FXGL Background Thread 3 ] DEBUG Engine               - Logging environment variables
08:43:56.628 [FXGL Background Thread 3 ] DEBUG Engine               - achievements: []
08:43:56.628 [FXGL Background Thread 3 ] DEBUG Engine               - actualHeight: 863.0
08:43:56.628 [FXGL Background Thread 3 ] DEBUG Engine               - actualHeightProperty: ReadOnlyDoubleProperty [value: 863.0]
08:43:56.628 [FXGL Background Thread 3 ] DEBUG Engine               - actualWidth: 1499.0
08:43:56.628 [FXGL Background Thread 3 ] DEBUG Engine               - actualWidthProperty: ReadOnlyDoubleProperty [value: 1499.0]
08:43:56.628 [FXGL Background Thread 3 ] DEBUG Engine               - appIcon: fxgl_icon.png
08:43:56.628 [FXGL Background Thread 3 ] DEBUG Engine               - applicationMode: DEVELOPER
08:43:56.629 [FXGL Background Thread 3 ] DEBUG Engine               - cSSList: [fxgl_dark.css]
08:43:56.629 [FXGL Background Thread 3 ] DEBUG Engine               - collisionDetectionStrategy: BRUTE_FORCE
08:43:56.629 [FXGL Background Thread 3 ] DEBUG Engine               - configClass: Optional.empty
08:43:56.629 [FXGL Background Thread 3 ] DEBUG Engine               - credits: []
08:43:56.629 [FXGL Background Thread 3 ] DEBUG Engine               - defaultCursor: CursorInfo(imageName=fxgl_default_cursor.png, hotspotX=7.0, hotspotY=6.0)
08:43:56.629 [FXGL Background Thread 3 ] DEBUG Engine               - devBBoxColorProperty: ObjectProperty [value: 0xff0000ff]
08:43:56.629 [FXGL Background Thread 3 ] DEBUG Engine               - devEnableDebugCameraProperty: BooleanProperty [value: false]
08:43:56.629 [FXGL Background Thread 3 ] DEBUG Engine               - devSensorColorProperty: ObjectProperty [value: 0xffff00ff]
08:43:56.629 [FXGL Background Thread 3 ] DEBUG Engine               - devShowBBoxProperty: BooleanProperty [value: false]
08:43:56.629 [FXGL Background Thread 3 ] DEBUG Engine               - devShowPositionProperty: BooleanProperty [value: false]
08:43:56.629 [FXGL Background Thread 3 ] DEBUG Engine               - enabledMenuItems: []
08:43:56.629 [FXGL Background Thread 3 ] DEBUG Engine               - engineServices: [class com.almasb.fxgl.app.services.FXGLAssetLoaderService, class com.almasb.fxgl.app.FXGLApplication$GameApplicationService, class com.almasb.fxgl.app.services.FXGLDialogService, class com.almasb.fxgl.app.services.IOTaskExecutorService, class com.almasb.fxgl.io.FileSystemService, class com.almasb.fxgl.localization.LocalizationService, class com.almasb.fxgl.app.services.SystemBundleService, class com.almasb.fxgl.profile.SaveLoadService, class com.almasb.fxgl.ui.FXGLUIFactoryServiceProvider, class com.almasb.fxgl.ui.FXGLDialogFactoryServiceProvider, class com.almasb.fxgl.audio.AudioPlayer, class com.almasb.fxgl.notification.impl.NotificationServiceProvider, class com.almasb.fxgl.achievement.AchievementService, class com.almasb.fxgl.cutscene.CutsceneService, class com.almasb.fxgl.minigames.MiniGameService, class com.almasb.fxgl.net.NetService, class com.almasb.fxgl.app.services.UpdaterService, class com.almasb.fxgl.dev.DevService]
08:43:56.629 [FXGL Background Thread 3 ] DEBUG Engine               - fontGame: Abel-Regular.ttf
08:43:56.629 [FXGL Background Thread 3 ] DEBUG Engine               - fontMono: TerminalLandMono-Regular.otf
08:43:56.629 [FXGL Background Thread 3 ] DEBUG Engine               - fontSizeScaleUI: 1.0
08:43:56.629 [FXGL Background Thread 3 ] DEBUG Engine               - fontText: Courier-Prime.ttf
08:43:56.629 [FXGL Background Thread 3 ] DEBUG Engine               - fontUI: VarelaRound-Regular.ttf
08:43:56.629 [FXGL Background Thread 3 ] DEBUG Engine               - fullScreen: BooleanProperty [value: true]
08:43:56.629 [FXGL Background Thread 3 ] DEBUG Engine               - gameDifficulty: MEDIUM
08:43:56.629 [FXGL Background Thread 3 ] DEBUG Engine               - gameDifficultyProperty: ObjectProperty [value: MEDIUM]
08:43:56.629 [FXGL Background Thread 3 ] DEBUG Engine               - globalMusicVolume: 0.5
08:43:56.630 [FXGL Background Thread 3 ] DEBUG Engine               - globalMusicVolumeProperty: DoubleProperty [value: 0.5]
08:43:56.630 [FXGL Background Thread 3 ] DEBUG Engine               - globalSoundVolume: 0.5
08:43:56.630 [FXGL Background Thread 3 ] DEBUG Engine               - globalSoundVolumeProperty: DoubleProperty [value: 0.5]
08:43:56.630 [FXGL Background Thread 3 ] DEBUG Engine               - height: 1088
08:43:56.630 [FXGL Background Thread 3 ] DEBUG Engine               - is3D: false
08:43:56.630 [FXGL Background Thread 3 ] DEBUG Engine               - isAndroid: false
08:43:56.630 [FXGL Background Thread 3 ] DEBUG Engine               - isBrowser: false
08:43:56.630 [FXGL Background Thread 3 ] DEBUG Engine               - isClickFeedbackEnabled: false
08:43:56.630 [FXGL Background Thread 3 ] DEBUG Engine               - isCloseConfirmation: false
08:43:56.630 [FXGL Background Thread 3 ] DEBUG Engine               - isDesktop: true
08:43:56.630 [FXGL Background Thread 3 ] DEBUG Engine               - isDeveloperMenuEnabled: false
08:43:56.630 [FXGL Background Thread 3 ] DEBUG Engine               - isEmbedded: false
08:43:56.631 [FXGL Background Thread 3 ] DEBUG Engine               - isEntityPreloadEnabled: true
08:43:56.631 [FXGL Background Thread 3 ] DEBUG Engine               - isExperimentalTiledLargeMap: false
08:43:56.631 [FXGL Background Thread 3 ] DEBUG Engine               - isFileSystemWriteAllowed: true
08:43:56.631 [FXGL Background Thread 3 ] DEBUG Engine               - isFullScreenAllowed: false
08:43:56.631 [FXGL Background Thread 3 ] DEBUG Engine               - isFullScreenFromStart: true
08:43:56.631 [FXGL Background Thread 3 ] DEBUG Engine               - isGameMenuEnabled: true
08:43:56.631 [FXGL Background Thread 3 ] DEBUG Engine               - isIOS: false
08:43:56.631 [FXGL Background Thread 3 ] DEBUG Engine               - isIntroEnabled: false
08:43:56.631 [FXGL Background Thread 3 ] DEBUG Engine               - isLinux: false
08:43:56.631 [FXGL Background Thread 3 ] DEBUG Engine               - isMac: false
08:43:56.631 [FXGL Background Thread 3 ] DEBUG Engine               - isMainMenuEnabled: false
08:43:56.631 [FXGL Background Thread 3 ] DEBUG Engine               - isManualResizeEnabled: false
08:43:56.631 [FXGL Background Thread 3 ] DEBUG Engine               - isMobile: false
08:43:56.631 [FXGL Background Thread 3 ] DEBUG Engine               - isNative: false
08:43:56.631 [FXGL Background Thread 3 ] DEBUG Engine               - isPauseMusicWhenMinimized: true
08:43:56.631 [FXGL Background Thread 3 ] DEBUG Engine               - isPreserveResizeRatio: false
08:43:56.631 [FXGL Background Thread 3 ] DEBUG Engine               - isProfilingEnabled: false
08:43:56.631 [FXGL Background Thread 3 ] DEBUG Engine               - isScaleAffectedOnResize: true
08:43:56.631 [FXGL Background Thread 3 ] DEBUG Engine               - isSingleStep: false
08:43:56.631 [FXGL Background Thread 3 ] DEBUG Engine               - isUserProfileEnabled: false
08:43:56.631 [FXGL Background Thread 3 ] DEBUG Engine               - isWindows: true
08:43:56.631 [FXGL Background Thread 3 ] DEBUG Engine               - language: ObjectProperty [value: ENGLISH]
08:43:56.631 [FXGL Background Thread 3 ] DEBUG Engine               - menuKey: ESCAPE
08:43:56.631 [FXGL Background Thread 3 ] DEBUG Engine               - mouseSensitivity: 0.2
08:43:56.631 [FXGL Background Thread 3 ] DEBUG Engine               - notificationViewClass: class com.almasb.fxgl.notification.view.XboxNotificationView
08:43:56.631 [FXGL Background Thread 3 ] DEBUG Engine               - pixelsPerMeter: 50.0
08:43:56.631 [FXGL Background Thread 3 ] DEBUG Engine               - platform: WINDOWS
08:43:56.631 [FXGL Background Thread 3 ] DEBUG Engine               - prefHeightProperty: ReadOnlyDoubleProperty [value: 1088.0]
08:43:56.631 [FXGL Background Thread 3 ] DEBUG Engine               - prefWidthProperty: ReadOnlyDoubleProperty [value: 1920.0]
08:43:56.631 [FXGL Background Thread 3 ] DEBUG Engine               - profileDir: profiles/
08:43:56.631 [FXGL Background Thread 3 ] DEBUG Engine               - profileName: StringProperty [value: DEFAULT]
08:43:56.631 [FXGL Background Thread 3 ] DEBUG Engine               - randomSeed: -1
08:43:56.632 [FXGL Background Thread 3 ] DEBUG Engine               - runtimeInfo: RuntimeInfo(platform=WINDOWS, version=17.3, build=30.03.2023 11.49)
08:43:56.632 [FXGL Background Thread 3 ] DEBUG Engine               - saveFileExt: sav
08:43:56.632 [FXGL Background Thread 3 ] DEBUG Engine               - scaledHeightProp$fxgl: DoubleProperty [bound, value: 863.0]
08:43:56.632 [FXGL Background Thread 3 ] DEBUG Engine               - scaledWidthProp$fxgl: DoubleProperty [bound, value: 1499.0]
08:43:56.632 [FXGL Background Thread 3 ] DEBUG Engine               - sceneFactory: com.almasb.fxgl.app.scene.SceneFactory@6a29f4f3
08:43:56.632 [FXGL Background Thread 3 ] DEBUG Engine               - secondsIn24h: 60
08:43:56.632 [FXGL Background Thread 3 ] DEBUG Engine               - soundMenuBack: menu/back.wav
08:43:56.632 [FXGL Background Thread 3 ] DEBUG Engine               - soundMenuPress: menu/press.wav
08:43:56.632 [FXGL Background Thread 3 ] DEBUG Engine               - soundMenuSelect: menu/select.wav
08:43:56.632 [FXGL Background Thread 3 ] DEBUG Engine               - soundNotification: core/notification.wav
08:43:56.632 [FXGL Background Thread 3 ] DEBUG Engine               - stageStyle: DECORATED
08:43:56.632 [FXGL Background Thread 3 ] DEBUG Engine               - supportedLanguages: [ENGLISH, FRENCH, GERMAN, HUNGARIAN, RUSSIAN]
08:43:56.632 [FXGL Background Thread 3 ] DEBUG Engine               - ticksPerSecond: -1
08:43:56.632 [FXGL Background Thread 3 ] DEBUG Engine               - title: Droid Rampage
08:43:56.632 [FXGL Background Thread 3 ] DEBUG Engine               - urlGithub: https://github.com/AlmasB/FXGL
08:43:56.632 [FXGL Background Thread 3 ] DEBUG Engine               - urlLeaderboard: http://fxgl-top.herokuapp.com/
08:43:56.632 [FXGL Background Thread 3 ] DEBUG Engine               - urlPOM: https://raw.githubusercontent.com/AlmasB/FXGL/release/README.md
08:43:56.632 [FXGL Background Thread 3 ] DEBUG Engine               - userAppClass: class at.htl.droidrampage.GameApp
08:43:56.633 [FXGL Background Thread 3 ] DEBUG Engine               - version: 0.8
08:43:56.633 [FXGL Background Thread 3 ] DEBUG Engine               - versionCheckDays: 7
08:43:56.633 [FXGL Background Thread 3 ] DEBUG Engine               - width: 1920
08:43:56.633 [FXGL Background Thread 3 ] DEBUG Engine               - Logging services
08:43:56.633 [FXGL Background Thread 3 ] DEBUG Engine               - class com.almasb.fxgl.app.services.FXGLAssetLoaderService
08:43:56.633 [FXGL Background Thread 3 ] DEBUG Engine               - class com.almasb.fxgl.app.FXGLApplication$GameApplicationService
08:43:56.633 [FXGL Background Thread 3 ] DEBUG Engine               - class com.almasb.fxgl.app.services.FXGLDialogService
08:43:56.633 [FXGL Background Thread 3 ] DEBUG Engine               - class com.almasb.fxgl.app.services.IOTaskExecutorService
08:43:56.633 [FXGL Background Thread 3 ] DEBUG Engine               - class com.almasb.fxgl.io.FileSystemService
08:43:56.633 [FXGL Background Thread 3 ] DEBUG Engine               - class com.almasb.fxgl.localization.LocalizationService
08:43:56.633 [FXGL Background Thread 3 ] DEBUG Engine               - class com.almasb.fxgl.app.services.SystemBundleService
08:43:56.633 [FXGL Background Thread 3 ] DEBUG Engine               - class com.almasb.fxgl.profile.SaveLoadService
08:43:56.633 [FXGL Background Thread 3 ] DEBUG Engine               - class com.almasb.fxgl.ui.FXGLUIFactoryServiceProvider
08:43:56.633 [FXGL Background Thread 3 ] DEBUG Engine               - class com.almasb.fxgl.ui.FXGLDialogFactoryServiceProvider
08:43:56.633 [FXGL Background Thread 3 ] DEBUG Engine               - class com.almasb.fxgl.audio.AudioPlayer
08:43:56.633 [FXGL Background Thread 3 ] DEBUG Engine               - class com.almasb.fxgl.notification.impl.NotificationServiceProvider
08:43:56.633 [FXGL Background Thread 3 ] DEBUG Engine               - class com.almasb.fxgl.achievement.AchievementService
08:43:56.633 [FXGL Background Thread 3 ] DEBUG Engine               - class com.almasb.fxgl.cutscene.CutsceneService
08:43:56.633 [FXGL Background Thread 3 ] DEBUG Engine               - class com.almasb.fxgl.minigames.MiniGameService
08:43:56.633 [FXGL Background Thread 3 ] DEBUG Engine               - class com.almasb.fxgl.net.NetService
08:43:56.633 [FXGL Background Thread 3 ] DEBUG Engine               - class com.almasb.fxgl.app.services.UpdaterService
08:43:56.633 [FXGL Background Thread 3 ] DEBUG Engine               - class com.almasb.fxgl.dev.DevService
08:44:26.538 [JavaFX Application Thread] WARN  TMXLevelLoader       - TiledMap generated from 1.11.2. Supported version: 1.9.0. Some features may not be parsed fully.
08:44:26.544 [JavaFX Application Thread] DEBUG TMXLevelLoader       - Parsed TiledMap: file:/C:/Users/Fra-Lu/Desktop/Schule/3.Klasse/POS/Workspace/DroidRampage/target/classes/assets/levels/Tile1.tmx
08:44:26.544 [JavaFX Application Thread] DEBUG TMXLevelLoader       - Creating tile layer entities
08:44:26.545 [JavaFX Application Thread] DEBUG TilesetLoader        - Loading view for layer Kachelebene 1
08:44:26.548 [JavaFX Application Thread] DEBUG TilesetLoader        - Created buffer with size 1920.0x1088.0
08:44:26.591 [JavaFX Application Thread] WARN  TilesetLoader        - Diagonally flipped tiles are not currently supported
08:44:26.591 [JavaFX Application Thread] WARN  TilesetLoader        - Diagonally flipped tiles are not currently supported
08:44:26.592 [JavaFX Application Thread] WARN  TilesetLoader        - Diagonally flipped tiles are not currently supported
08:44:26.592 [JavaFX Application Thread] WARN  TilesetLoader        - Diagonally flipped tiles are not currently supported
08:44:26.592 [JavaFX Application Thread] WARN  TilesetLoader        - Diagonally flipped tiles are not currently supported
08:44:26.593 [JavaFX Application Thread] WARN  TilesetLoader        - Diagonally flipped tiles are not currently supported
08:44:26.593 [JavaFX Application Thread] DEBUG TMXLevelLoader       - Creating object layer entities
08:44:26.600 [JavaFX Application Thread] DEBUG LoopRunner           - Stopping loop
08:44:26.601 [JavaFX Application Thread] FATAL FXGLApplication      - Uncaught Exception:
java.lang.IndexOutOfBoundsException: Index 0 out of bounds for length 0
	at java.base/jdk.internal.util.Preconditions.outOfBounds(Preconditions.java:100)
	at java.base/jdk.internal.util.Preconditions.outOfBoundsCheckIndex(Preconditions.java:106)
	at java.base/jdk.internal.util.Preconditions.checkIndex(Preconditions.java:302)
	at java.base/java.util.Objects.checkIndex(Objects.java:365)
	at java.base/java.util.ArrayList.get(ArrayList.java:428)
	at at.htl.droidrampage.GameApp.spawnTile1(GameApp.java:110)
	at at.htl.droidrampage.GameApp.onUpdate(GameApp.java:183)
	at com.almasb.fxgl.app.FXGLApplication$GameApplicationService.onGameUpdate(FXGLApplication.kt:421)
	at com.almasb.fxgl.app.Engine.onGameUpdate(Engine.kt:138)
	at com.almasb.fxgl.app.FXGLApplication.postServicesInit$lambda$7(FXGLApplication.kt:182)
	at com.almasb.fxgl.scene.Scene.update(Scene.kt:113)
	at com.almasb.fxgl.app.MainWindow$update$1.invoke(MainWindow.kt:115)
	at com.almasb.fxgl.app.MainWindow$update$1.invoke(MainWindow.kt:115)
	at com.almasb.fxgl.core.fsm.StateMachine.runOnActiveStates(StateMachine.kt:69)
	at com.almasb.fxgl.app.MainWindow.update(MainWindow.kt:115)
	at com.almasb.fxgl.app.FXGLApplication$GameApplicationService.onUpdate(FXGLApplication.kt:426)
	at com.almasb.fxgl.app.Engine.loop(Engine.kt:134)
	at com.almasb.fxgl.app.Engine.access$loop(Engine.kt:24)
	at com.almasb.fxgl.app.Engine$loop$1.invoke(Engine.kt:28)
	at com.almasb.fxgl.app.Engine$loop$1.invoke(Engine.kt:28)
	at com.almasb.fxgl.app.LoopRunner.frame(LoopRunner.kt:103)
	at com.almasb.fxgl.app.LoopRunner.access$frame(LoopRunner.kt:23)
	at com.almasb.fxgl.app.LoopRunner$impl$2$1.onTick(LoopRunner.kt:57)
	at com.almasb.fxgl.app.AnimationTimerLoop$timer$1.handle(LoopRunner.kt:137)
	at javafx.animation.AnimationTimer$AnimationTimerReceiver.lambda$handle$0(AnimationTimer.java:58)
	at java.base/java.security.AccessController.doPrivileged(AccessController.java:138)
	at javafx.animation.AnimationTimer$AnimationTimerReceiver.handle(AnimationTimer.java:57)
	at com.sun.scenario.animation.AbstractPrimaryTimer.timePulseImpl(AbstractPrimaryTimer.java:356)
	at com.sun.scenario.animation.AbstractPrimaryTimer$MainLoop.run(AbstractPrimaryTimer.java:266)
	at com.sun.javafx.tk.quantum.QuantumToolkit.pulse(QuantumToolkit.java:588)
	at com.sun.javafx.tk.quantum.QuantumToolkit.pulse(QuantumToolkit.java:572)
	at com.sun.javafx.tk.quantum.QuantumToolkit.pulseFromQueue(QuantumToolkit.java:565)
	at com.sun.javafx.tk.quantum.QuantumToolkit.lambda$runToolkit$11(QuantumToolkit.java:352)
	at com.sun.glass.ui.InvokeLaterDispatcher$Future.run(InvokeLaterDispatcher.java:95)
	at com.sun.glass.ui.win.WinApplication._runLoop(Native Method)
	at com.sun.glass.ui.win.WinApplication.lambda$runLoop$3(WinApplication.java:185)
	at java.base/java.lang.Thread.run(Thread.java:1474)

08:44:26.601 [JavaFX Application Thread] FATAL FXGLApplication      - Application will now exit
08:44:26.621 [JavaFX Application Thread] DEBUG PrimaryStageWindow   - Push state: ErrorSubScene
08:44:26.621 [JavaFX Application Thread] DEBUG Input                - Clearing active input actions
08:44:26.625 [JavaFX Application Thread] DEBUG GameApplicationServi - Removing overlay from GameScene and adding to ErrorSubScene
08:44:26.625 [JavaFX Application Thread] DEBUG PrimaryStageWindow   - GameScene -> ErrorSubScene
08:44:26.863 [JavaFX Application Thread] DEBUG FXGLApplication      - Exiting FXGL
08:44:26.864 [JavaFX Application Thread] DEBUG Async                - Shutting down background threads
08:44:26.865 [JavaFX Application Thread] DEBUG PrimaryStageWindow   - Closing main window
08:44:27.089 [JavaFX Application Thread] DEBUG Logger               - Closing Logger
