08:24:51.686 [main                     ] DEBUG Logger               - Configured Logger
08:24:51.696 [main                     ] DEBUG GameApplication      - Logging settings
Title: Droid Rampage
Version: 0.5
Width: 1920
Height: 1088
Fullscreen: false
Intro: false
Profiling: false
Single step:false
App Mode: DEVELOPER
Menu Key: ESCAPE
Stage Style: DECORATED
Scene Factory: class com.almasb.fxgl.app.scene.SceneFactory

08:24:52.138 [JavaFX Application Thread] DEBUG FXGLApplication      - Initializing FXGL
08:24:52.141 [JavaFX Application Thread] INFO  Engine               - FXGL-17.3 (30.03.2023 11.49) on WINDOWS (J:25 FX:21.0.6)
08:24:52.141 [JavaFX Application Thread] DEBUG Engine               - JRE Vendor Name: Oracle Corporation
08:24:52.141 [JavaFX Application Thread] DEBUG Engine               - Running on OS: Windows 11 version 10.0
08:24:52.141 [JavaFX Application Thread] DEBUG Engine               - Architecture: amd64
08:24:52.141 [JavaFX Application Thread] INFO  Engine               - Source code and latest versions at: https://github.com/AlmasB/FXGL
08:24:52.141 [JavaFX Application Thread] INFO  Engine               -       Ask questions and discuss at: https://github.com/AlmasB/FXGL/discussions
08:24:52.142 [JavaFX Application Thread] INFO  Engine               -              Join the FXGL chat at: https://gitter.im/AlmasB/FXGL
08:24:52.247 [JavaFX Application Thread] DEBUG PrimaryStageWindow   - Creating a JavaFX scene
08:24:52.247 [JavaFX Application Thread] DEBUG PrimaryStageWindow   - Target size > screen size
08:24:52.297 [JavaFX Application Thread] DEBUG PrimaryStageWindow   - Target settings size: 1920.0 x 1088.0
08:24:52.297 [JavaFX Application Thread] DEBUG PrimaryStageWindow   - Scaled scene size:    1499.0 x 863.0
08:24:52.297 [JavaFX Application Thread] DEBUG PrimaryStageWindow   - Scaled ratio: (0.7807291666666667, 0.7931985294117647)
08:24:52.298 [JavaFX Application Thread] DEBUG PrimaryStageWindow   - Set initial scene to FXGLStartupScene
08:24:52.302 [JavaFX Application Thread] DEBUG PrimaryStageWindow   - Opening main window
08:24:52.458 [JavaFX Application Thread] DEBUG PrimaryStageWindow   - Window border size: (14.5999755859375, 37.79998779296875)
08:24:52.458 [JavaFX Application Thread] DEBUG PrimaryStageWindow   - Scaled size: 1499.0 x 863.0
08:24:52.458 [JavaFX Application Thread] DEBUG PrimaryStageWindow   - Scaled ratio: (0.7807291666666667, 0.7931985294117647)
08:24:52.459 [JavaFX Application Thread] DEBUG PrimaryStageWindow   - Scene size: 1499.0 x 863.0
08:24:52.459 [JavaFX Application Thread] DEBUG PrimaryStageWindow   - Stage size: 1513.5999755859375 x 900.7999877929688
08:24:52.475 [FXGL Background Thread 1 ] DEBUG Engine               - Initializing environment variables
08:24:52.575 [FXGL Background Thread 1 ] DEBUG FXGLAssetLoaderServi - User app class for loading assets: class at.htl.droidrampage.GameApp
08:24:52.575 [FXGL Background Thread 1 ] DEBUG GameApplicationServi - Applying CSS: fxgl_dark.css
08:24:52.576 [FXGL Background Thread 1 ] DEBUG FXGLAssetLoaderServi - Loading from file system: jar:file:/C:/Users/Fra-Lu/.m2/repository/com/github/almasb/fxgl/17.3/fxgl-17.3.jar!/fxglassets/ui/css/fxgl_dark.css
08:24:52.637 [FXGL Background Thread 1 ] DEBUG GameApplicationServi - Initializing application scenes
08:24:52.683 [FXGL Background Thread 1 ] DEBUG GameWorld            - Game world initialized
08:24:52.746 [FXGL Background Thread 1 ] DEBUG PhysicsWorld         - Physics world initialized: appHeight=1088, physics.ppm=50,0
08:24:52.747 [FXGL Background Thread 1 ] DEBUG PhysicsWorld         - Using strategy: BRUTE_FORCE
08:24:52.751 [FXGL Background Thread 1 ] DEBUG GameScene            - Game scene initialized: 1920x1088
08:24:52.763 [FXGL Background Thread 1 ] DEBUG FXGL.DefaultMenu     - createMenuBodyGameMenu()
08:24:52.778 [FXGL Background Thread 1 ] DEBUG FXGL.DefaultMenu     - createOptionsMenu()
08:24:52.791 [FXGL Background Thread 1 ] DEBUG FXGLAssetLoaderServi - Loading from file system: jar:file:/C:/Users/Fra-Lu/.m2/repository/com/github/almasb/fxgl/17.3/fxgl-17.3.jar!/fxglassets/textures/particles/smoke.png
08:24:52.876 [FXGL Background Thread 1 ] DEBUG FXGLAssetLoaderServi - Loading from file system: jar:file:/C:/Users/Fra-Lu/.m2/repository/com/github/almasb/fxgl/17.3/fxgl-17.3.jar!/fxglassets/textures/particles/trace_horizontal.png
08:24:52.900 [FXGL Background Thread 1 ] DEBUG GameApplicationServi - Application scenes initialized
08:24:52.911 [FXGL Background Thread 1 ] DEBUG SystemBundleService  - Loading FXGL system data
08:24:52.914 [FXGL Background Thread 1 ] DEBUG FileSystemAccess     - Reading from: C:\Users\Fra-Lu\Desktop\Schule\3.Klasse\POS\Workspace\DroidRampage\system\fxgl.bundle
08:24:52.919 [FXGL Background Thread 1 ] DEBUG SystemBundleService  - Bundle FXGL: {}
08:24:52.919 [FXGL Background Thread 1 ] DEBUG UpdaterService       - Checking for updates
08:24:52.922 [FXGL Background Thread 4 ] DEBUG FXGLApplication      - Loading fonts
08:24:52.923 [FXGL Background Thread 4 ] DEBUG FXGLAssetLoaderServi - Loading from file system: jar:file:/C:/Users/Fra-Lu/.m2/repository/com/github/almasb/fxgl/17.3/fxgl-17.3.jar!/fxglassets/ui/fonts/VarelaRound-Regular.ttf
08:24:52.922 [FXGL Background Thread 1 ] DEBUG FXGLApplication      - Loading default localization
08:24:52.923 [FXGL Background Thread 1 ] DEBUG FXGLAssetLoaderServi - Loading from file system: jar:file:/C:/Users/Fra-Lu/.m2/repository/com/github/almasb/fxgl/17.3/fxgl-17.3.jar!/fxglassets/languages/english.lang
08:24:52.944 [FXGL Background Thread 1 ] INFO  FXGLApplication      - FXGL initialization took: 0,469 sec
08:24:52.945 [JavaFX Application Thread] DEBUG FXGLAssetLoaderServi - Loading from file system: jar:file:/C:/Users/Fra-Lu/.m2/repository/com/github/almasb/fxgl/17.3/fxgl-17.3.jar!/fxglassets/textures/fxgl_icon.png
08:24:52.967 [JavaFX Application Thread] DEBUG FXGLAssetLoaderServi - Loading from file system: jar:file:/C:/Users/Fra-Lu/.m2/repository/com/github/almasb/fxgl/17.3/fxgl-17.3.jar!/fxglassets/textures/fxgl_default_cursor.png
08:24:52.983 [JavaFX Application Thread] DEBUG Input                - Registered new binding: Screenshot - CTRL+8
08:24:52.984 [JavaFX Application Thread] DEBUG Input                - Registered new binding: System info dump - CTRL+9
08:24:52.984 [JavaFX Application Thread] DEBUG Input                - Registered new binding: Restart - CTRL+R
08:24:52.985 [JavaFX Application Thread] DEBUG Input                - Registered new binding: Toggle Debug Camera - CTRL+7
08:24:52.989 [FXGL Background Thread 4 ] DEBUG FXGLAssetLoaderServi - Loading from file system: jar:file:/C:/Users/Fra-Lu/.m2/repository/com/github/almasb/fxgl/17.3/fxgl-17.3.jar!/fxglassets/ui/fonts/Abel-Regular.ttf
08:24:52.989 [JavaFX Application Thread] DEBUG LoopRunner           - Starting loop
08:24:52.989 [JavaFX Application Thread] DEBUG LoopRunner           - Initializing JavaFX AnimationTimerLoop
08:24:52.991 [JavaFX Application Thread] DEBUG GameApplicationServi - Starting new game
08:24:52.992 [JavaFX Application Thread] DEBUG Input                - Clearing active input actions
08:24:53.004 [FXGL Background Thread 4 ] DEBUG FXGLAssetLoaderServi - Loading from file system: jar:file:/C:/Users/Fra-Lu/.m2/repository/com/github/almasb/fxgl/17.3/fxgl-17.3.jar!/fxglassets/ui/fonts/TerminalLandMono-Regular.otf
08:24:53.006 [JavaFX Application Thread] DEBUG GameApplicationServi - Removing overlay from FXGLStartupScene and adding to FXGLLoadingScene
08:24:53.007 [JavaFX Application Thread] DEBUG PrimaryStageWindow   - FXGLStartupScene -> FXGLLoadingScene
08:24:53.007 [JavaFX Application Thread] DEBUG GameApplicationServi - Clearing previous game
08:24:53.007 [JavaFX Application Thread] DEBUG GameScene            - Clearing game scene
08:24:53.007 [JavaFX Application Thread] DEBUG GameWorld            - Clearing game world
08:24:53.007 [JavaFX Application Thread] DEBUG PhysicsWorld         - Clearing physics world
08:24:53.009 [FXGL Background Thread 1 ] DEBUG FXGLApplication      - Initializing game
08:24:53.018 [FXGL Background Thread 4 ] DEBUG FXGLAssetLoaderServi - Loading from file system: jar:file:/C:/Users/Fra-Lu/.m2/repository/com/github/almasb/fxgl/17.3/fxgl-17.3.jar!/fxglassets/ui/fonts/Courier-Prime.ttf
08:24:53.051 [FXGL Background Thread 1 ] WARN  TMXLevelLoader       - TiledMap generated from 1.11.2. Supported version: 1.9.0. Some features may not be parsed fully.
08:24:53.076 [JavaFX Application Thread] DEBUG FXGLApplication      - Registering font factories with UI factory
08:24:53.079 [FXGL Background Thread 1 ] DEBUG TMXLevelLoader       - Parsed TiledMap: file:/C:/Users/Fra-Lu/Desktop/Schule/3.Klasse/POS/Workspace/DroidRampage/target/classes/assets/levels/TileStart.tmx
08:24:53.081 [FXGL Background Thread 1 ] DEBUG TMXLevelLoader       - Creating tile layer entities
08:24:53.083 [FXGL Background Thread 1 ] DEBUG TilesetLoader        - Loading view for layer Kachelebene 1
08:24:53.086 [FXGL Background Thread 1 ] DEBUG TilesetLoader        - Created buffer with size 1920.0x1088.0
08:24:53.156 [FXGL Background Thread 1 ] WARN  TilesetLoader        - Diagonally flipped tiles are not currently supported
08:24:53.157 [FXGL Background Thread 1 ] WARN  TilesetLoader        - Diagonally flipped tiles are not currently supported
08:24:53.157 [FXGL Background Thread 1 ] WARN  TilesetLoader        - Diagonally flipped tiles are not currently supported
08:24:53.158 [FXGL Background Thread 1 ] WARN  TilesetLoader        - Diagonally flipped tiles are not currently supported
08:24:53.158 [FXGL Background Thread 1 ] WARN  TilesetLoader        - Diagonally flipped tiles are not currently supported
08:24:53.158 [FXGL Background Thread 1 ] WARN  TilesetLoader        - Diagonally flipped tiles are not currently supported
08:24:53.160 [FXGL Background Thread 1 ] WARN  TilesetLoader        - Diagonally flipped tiles are not currently supported
08:24:53.160 [FXGL Background Thread 1 ] WARN  TilesetLoader        - Diagonally flipped tiles are not currently supported
08:24:53.160 [FXGL Background Thread 1 ] WARN  TilesetLoader        - Diagonally flipped tiles are not currently supported
08:24:53.160 [FXGL Background Thread 1 ] WARN  TilesetLoader        - Diagonally flipped tiles are not currently supported
08:24:53.160 [FXGL Background Thread 1 ] WARN  TilesetLoader        - Diagonally flipped tiles are not currently supported
08:24:53.160 [FXGL Background Thread 1 ] WARN  TilesetLoader        - Diagonally flipped tiles are not currently supported
08:24:53.161 [FXGL Background Thread 1 ] WARN  TilesetLoader        - Diagonally flipped tiles are not currently supported
08:24:53.161 [FXGL Background Thread 1 ] WARN  TilesetLoader        - Diagonally flipped tiles are not currently supported
08:24:53.161 [FXGL Background Thread 1 ] WARN  TilesetLoader        - Diagonally flipped tiles are not currently supported
08:24:53.162 [FXGL Background Thread 1 ] WARN  TilesetLoader        - Diagonally flipped tiles are not currently supported
08:24:53.162 [FXGL Background Thread 1 ] WARN  TilesetLoader        - Diagonally flipped tiles are not currently supported
08:24:53.163 [FXGL Background Thread 1 ] WARN  TilesetLoader        - Diagonally flipped tiles are not currently supported
08:24:53.163 [FXGL Background Thread 1 ] WARN  TilesetLoader        - Diagonally flipped tiles are not currently supported
08:24:53.164 [FXGL Background Thread 1 ] WARN  TilesetLoader        - Diagonally flipped tiles are not currently supported
08:24:53.164 [FXGL Background Thread 1 ] WARN  TilesetLoader        - Diagonally flipped tiles are not currently supported
08:24:53.165 [FXGL Background Thread 1 ] WARN  TilesetLoader        - Diagonally flipped tiles are not currently supported
08:24:53.165 [FXGL Background Thread 1 ] WARN  TilesetLoader        - Diagonally flipped tiles are not currently supported
08:24:53.166 [FXGL Background Thread 1 ] WARN  TilesetLoader        - Diagonally flipped tiles are not currently supported
08:24:53.166 [FXGL Background Thread 1 ] WARN  TilesetLoader        - Diagonally flipped tiles are not currently supported
08:24:53.167 [FXGL Background Thread 1 ] WARN  TilesetLoader        - Diagonally flipped tiles are not currently supported
08:24:53.167 [FXGL Background Thread 1 ] WARN  TilesetLoader        - Diagonally flipped tiles are not currently supported
08:24:53.167 [FXGL Background Thread 1 ] WARN  TilesetLoader        - Diagonally flipped tiles are not currently supported
08:24:53.169 [FXGL Background Thread 1 ] WARN  TilesetLoader        - Diagonally flipped tiles are not currently supported
08:24:53.169 [FXGL Background Thread 1 ] WARN  TilesetLoader        - Diagonally flipped tiles are not currently supported
08:24:53.170 [FXGL Background Thread 1 ] WARN  TilesetLoader        - Diagonally flipped tiles are not currently supported
08:24:53.170 [FXGL Background Thread 1 ] WARN  TilesetLoader        - Diagonally flipped tiles are not currently supported
08:24:53.170 [FXGL Background Thread 1 ] WARN  TilesetLoader        - Diagonally flipped tiles are not currently supported
08:24:53.170 [FXGL Background Thread 1 ] WARN  TilesetLoader        - Diagonally flipped tiles are not currently supported
08:24:53.172 [FXGL Background Thread 1 ] WARN  TilesetLoader        - Diagonally flipped tiles are not currently supported
08:24:53.172 [FXGL Background Thread 1 ] WARN  TilesetLoader        - Diagonally flipped tiles are not currently supported
08:24:53.189 [FXGL Background Thread 1 ] DEBUG TMXLevelLoader       - Creating object layer entities
08:24:53.224 [FXGL Background Thread 1 ] DEBUG FXGLAssetLoaderServi - Loading from file system: file:/C:/Users/Fra-Lu/Desktop/Schule/3.Klasse/POS/Workspace/DroidRampage/target/classes/assets/textures/credit2.png
08:24:53.290 [FXGL Background Thread 1 ] DEBUG FXGLAssetLoaderServi - Loading from file system: file:/C:/Users/Fra-Lu/Desktop/Schule/3.Klasse/POS/Workspace/DroidRampage/target/classes/assets/textures/R2D2.png
08:24:53.296 [FXGL Background Thread 1 ] DEBUG Input                - Registered new binding: Move Right - D
08:24:53.296 [FXGL Background Thread 1 ] DEBUG Input                - Registered new binding: Move Left - A
08:24:53.296 [FXGL Background Thread 1 ] DEBUG Input                - Registered new binding: Jump - Space
08:24:53.296 [FXGL Background Thread 1 ] DEBUG Input                - Registered new binding: Toggle Cheat Mode - I
08:24:53.299 [FXGL Background Thread 1 ] DEBUG FXGLAssetLoaderServi - Loading from file system: file:/C:/Users/Fra-Lu/Desktop/Schule/3.Klasse/POS/Workspace/DroidRampage/target/classes/assets/textures/credit1.png
08:24:53.345 [FXGL Background Thread 1 ] DEBUG FXGLAssetLoaderServi - Loading from file system: file:/C:/Users/Fra-Lu/Desktop/Schule/3.Klasse/POS/Workspace/DroidRampage/target/classes/assets/textures/credit3.png
08:24:53.407 [FXGL Background Thread 2 ] INFO  UpdaterService       - Your current version:  17.3
08:24:53.407 [FXGL Background Thread 2 ] INFO  UpdaterService       - Latest stable version: 25
08:24:53.409 [FXGL Background Thread 1 ] DEBUG GameWorld            - Clearing removable entities
08:24:53.410 [FXGL Background Thread 1 ] DEBUG GameWorld            - Setting level: com.almasb.fxgl.entity.level.Level@359943b1
08:24:53.426 [FXGL Background Thread 1 ] INFO  FXGLApplication      - Game initialization took: 0,417 sec
08:24:53.431 [JavaFX Application Thread] DEBUG Input                - Clearing active input actions
08:24:53.442 [JavaFX Application Thread] DEBUG GameApplicationServi - Removing overlay from FXGLLoadingScene and adding to GameScene
08:24:53.443 [JavaFX Application Thread] DEBUG PrimaryStageWindow   - FXGLLoadingScene -> GameScene
08:24:55.922 [FXGL Background Thread 3 ] DEBUG Engine               - Logging environment variables
08:24:55.922 [FXGL Background Thread 3 ] DEBUG Engine               - achievements: []
08:24:55.922 [FXGL Background Thread 3 ] DEBUG Engine               - actualHeight: 863.0
08:24:55.922 [FXGL Background Thread 3 ] DEBUG Engine               - actualHeightProperty: ReadOnlyDoubleProperty [value: 863.0]
08:24:55.923 [FXGL Background Thread 3 ] DEBUG Engine               - actualWidth: 1499.0
08:24:55.923 [FXGL Background Thread 3 ] DEBUG Engine               - actualWidthProperty: ReadOnlyDoubleProperty [value: 1499.0]
08:24:55.923 [FXGL Background Thread 3 ] DEBUG Engine               - appIcon: fxgl_icon.png
08:24:55.923 [FXGL Background Thread 3 ] DEBUG Engine               - applicationMode: DEVELOPER
08:24:55.923 [FXGL Background Thread 3 ] DEBUG Engine               - cSSList: [fxgl_dark.css]
08:24:55.923 [FXGL Background Thread 3 ] DEBUG Engine               - collisionDetectionStrategy: BRUTE_FORCE
08:24:55.923 [FXGL Background Thread 3 ] DEBUG Engine               - configClass: Optional.empty
08:24:55.923 [FXGL Background Thread 3 ] DEBUG Engine               - credits: []
08:24:55.923 [FXGL Background Thread 3 ] DEBUG Engine               - defaultCursor: CursorInfo(imageName=fxgl_default_cursor.png, hotspotX=7.0, hotspotY=6.0)
08:24:55.923 [FXGL Background Thread 3 ] DEBUG Engine               - devBBoxColorProperty: ObjectProperty [value: 0xff0000ff]
08:24:55.923 [FXGL Background Thread 3 ] DEBUG Engine               - devEnableDebugCameraProperty: BooleanProperty [value: false]
08:24:55.923 [FXGL Background Thread 3 ] DEBUG Engine               - devSensorColorProperty: ObjectProperty [value: 0xffff00ff]
08:24:55.923 [FXGL Background Thread 3 ] DEBUG Engine               - devShowBBoxProperty: BooleanProperty [value: false]
08:24:55.923 [FXGL Background Thread 3 ] DEBUG Engine               - devShowPositionProperty: BooleanProperty [value: false]
08:24:55.923 [FXGL Background Thread 3 ] DEBUG Engine               - enabledMenuItems: []
08:24:55.923 [FXGL Background Thread 3 ] DEBUG Engine               - engineServices: [class com.almasb.fxgl.app.services.FXGLAssetLoaderService, class com.almasb.fxgl.app.FXGLApplication$GameApplicationService, class com.almasb.fxgl.app.services.FXGLDialogService, class com.almasb.fxgl.app.services.IOTaskExecutorService, class com.almasb.fxgl.io.FileSystemService, class com.almasb.fxgl.localization.LocalizationService, class com.almasb.fxgl.app.services.SystemBundleService, class com.almasb.fxgl.profile.SaveLoadService, class com.almasb.fxgl.ui.FXGLUIFactoryServiceProvider, class com.almasb.fxgl.ui.FXGLDialogFactoryServiceProvider, class com.almasb.fxgl.audio.AudioPlayer, class com.almasb.fxgl.notification.impl.NotificationServiceProvider, class com.almasb.fxgl.achievement.AchievementService, class com.almasb.fxgl.cutscene.CutsceneService, class com.almasb.fxgl.minigames.MiniGameService, class com.almasb.fxgl.net.NetService, class com.almasb.fxgl.app.services.UpdaterService, class com.almasb.fxgl.dev.DevService]
08:24:55.923 [FXGL Background Thread 3 ] DEBUG Engine               - fontGame: Abel-Regular.ttf
08:24:55.923 [FXGL Background Thread 3 ] DEBUG Engine               - fontMono: TerminalLandMono-Regular.otf
08:24:55.923 [FXGL Background Thread 3 ] DEBUG Engine               - fontSizeScaleUI: 1.0
08:24:55.923 [FXGL Background Thread 3 ] DEBUG Engine               - fontText: Courier-Prime.ttf
08:24:55.923 [FXGL Background Thread 3 ] DEBUG Engine               - fontUI: VarelaRound-Regular.ttf
08:24:55.923 [FXGL Background Thread 3 ] DEBUG Engine               - fullScreen: BooleanProperty [value: true]
08:24:55.923 [FXGL Background Thread 3 ] DEBUG Engine               - gameDifficulty: MEDIUM
08:24:55.923 [FXGL Background Thread 3 ] DEBUG Engine               - gameDifficultyProperty: ObjectProperty [value: MEDIUM]
08:24:55.923 [FXGL Background Thread 3 ] DEBUG Engine               - globalMusicVolume: 0.5
08:24:55.923 [FXGL Background Thread 3 ] DEBUG Engine               - globalMusicVolumeProperty: DoubleProperty [value: 0.5]
08:24:55.923 [FXGL Background Thread 3 ] DEBUG Engine               - globalSoundVolume: 0.5
08:24:55.923 [FXGL Background Thread 3 ] DEBUG Engine               - globalSoundVolumeProperty: DoubleProperty [value: 0.5]
08:24:55.923 [FXGL Background Thread 3 ] DEBUG Engine               - height: 1088
08:24:55.923 [FXGL Background Thread 3 ] DEBUG Engine               - is3D: false
08:24:55.923 [FXGL Background Thread 3 ] DEBUG Engine               - isAndroid: false
08:24:55.924 [FXGL Background Thread 3 ] DEBUG Engine               - isBrowser: false
08:24:55.924 [FXGL Background Thread 3 ] DEBUG Engine               - isClickFeedbackEnabled: false
08:24:55.924 [FXGL Background Thread 3 ] DEBUG Engine               - isCloseConfirmation: false
08:24:55.924 [FXGL Background Thread 3 ] DEBUG Engine               - isDesktop: true
08:24:55.924 [FXGL Background Thread 3 ] DEBUG Engine               - isDeveloperMenuEnabled: false
08:24:55.924 [FXGL Background Thread 3 ] DEBUG Engine               - isEmbedded: false
08:24:55.924 [FXGL Background Thread 3 ] DEBUG Engine               - isEntityPreloadEnabled: true
08:24:55.924 [FXGL Background Thread 3 ] DEBUG Engine               - isExperimentalTiledLargeMap: false
08:24:55.924 [FXGL Background Thread 3 ] DEBUG Engine               - isFileSystemWriteAllowed: true
08:24:55.924 [FXGL Background Thread 3 ] DEBUG Engine               - isFullScreenAllowed: false
08:24:55.924 [FXGL Background Thread 3 ] DEBUG Engine               - isFullScreenFromStart: true
08:24:55.924 [FXGL Background Thread 3 ] DEBUG Engine               - isGameMenuEnabled: true
08:24:55.924 [FXGL Background Thread 3 ] DEBUG Engine               - isIOS: false
08:24:55.924 [FXGL Background Thread 3 ] DEBUG Engine               - isIntroEnabled: false
08:24:55.924 [FXGL Background Thread 3 ] DEBUG Engine               - isLinux: false
08:24:55.924 [FXGL Background Thread 3 ] DEBUG Engine               - isMac: false
08:24:55.924 [FXGL Background Thread 3 ] DEBUG Engine               - isMainMenuEnabled: false
08:24:55.924 [FXGL Background Thread 3 ] DEBUG Engine               - isManualResizeEnabled: false
08:24:55.924 [FXGL Background Thread 3 ] DEBUG Engine               - isMobile: false
08:24:55.924 [FXGL Background Thread 3 ] DEBUG Engine               - isNative: false
08:24:55.924 [FXGL Background Thread 3 ] DEBUG Engine               - isPauseMusicWhenMinimized: true
08:24:55.924 [FXGL Background Thread 3 ] DEBUG Engine               - isPreserveResizeRatio: false
08:24:55.924 [FXGL Background Thread 3 ] DEBUG Engine               - isProfilingEnabled: false
08:24:55.924 [FXGL Background Thread 3 ] DEBUG Engine               - isScaleAffectedOnResize: true
08:24:55.924 [FXGL Background Thread 3 ] DEBUG Engine               - isSingleStep: false
08:24:55.924 [FXGL Background Thread 3 ] DEBUG Engine               - isUserProfileEnabled: false
08:24:55.924 [FXGL Background Thread 3 ] DEBUG Engine               - isWindows: true
08:24:55.924 [FXGL Background Thread 3 ] DEBUG Engine               - language: ObjectProperty [value: ENGLISH]
08:24:55.924 [FXGL Background Thread 3 ] DEBUG Engine               - menuKey: ESCAPE
08:24:55.924 [FXGL Background Thread 3 ] DEBUG Engine               - mouseSensitivity: 0.2
08:24:55.924 [FXGL Background Thread 3 ] DEBUG Engine               - notificationViewClass: class com.almasb.fxgl.notification.view.XboxNotificationView
08:24:55.924 [FXGL Background Thread 3 ] DEBUG Engine               - pixelsPerMeter: 50.0
08:24:55.924 [FXGL Background Thread 3 ] DEBUG Engine               - platform: WINDOWS
08:24:55.925 [FXGL Background Thread 3 ] DEBUG Engine               - prefHeightProperty: ReadOnlyDoubleProperty [value: 1088.0]
08:24:55.925 [FXGL Background Thread 3 ] DEBUG Engine               - prefWidthProperty: ReadOnlyDoubleProperty [value: 1920.0]
08:24:55.925 [FXGL Background Thread 3 ] DEBUG Engine               - profileDir: profiles/
08:24:55.925 [FXGL Background Thread 3 ] DEBUG Engine               - profileName: StringProperty [value: DEFAULT]
08:24:55.925 [FXGL Background Thread 3 ] DEBUG Engine               - randomSeed: -1
08:24:55.925 [FXGL Background Thread 3 ] DEBUG Engine               - runtimeInfo: RuntimeInfo(platform=WINDOWS, version=17.3, build=30.03.2023 11.49)
08:24:55.925 [FXGL Background Thread 3 ] DEBUG Engine               - saveFileExt: sav
08:24:55.925 [FXGL Background Thread 3 ] DEBUG Engine               - scaledHeightProp$fxgl: DoubleProperty [bound, value: 863.0]
08:24:55.925 [FXGL Background Thread 3 ] DEBUG Engine               - scaledWidthProp$fxgl: DoubleProperty [bound, value: 1499.0]
08:24:55.925 [FXGL Background Thread 3 ] DEBUG Engine               - sceneFactory: com.almasb.fxgl.app.scene.SceneFactory@15e3098f
08:24:55.925 [FXGL Background Thread 3 ] DEBUG Engine               - secondsIn24h: 60
08:24:55.925 [FXGL Background Thread 3 ] DEBUG Engine               - soundMenuBack: menu/back.wav
08:24:55.925 [FXGL Background Thread 3 ] DEBUG Engine               - soundMenuPress: menu/press.wav
08:24:55.925 [FXGL Background Thread 3 ] DEBUG Engine               - soundMenuSelect: menu/select.wav
08:24:55.925 [FXGL Background Thread 3 ] DEBUG Engine               - soundNotification: core/notification.wav
08:24:55.925 [FXGL Background Thread 3 ] DEBUG Engine               - stageStyle: DECORATED
08:24:55.925 [FXGL Background Thread 3 ] DEBUG Engine               - supportedLanguages: [ENGLISH, FRENCH, GERMAN, HUNGARIAN, RUSSIAN]
08:24:55.925 [FXGL Background Thread 3 ] DEBUG Engine               - ticksPerSecond: -1
08:24:55.925 [FXGL Background Thread 3 ] DEBUG Engine               - title: Droid Rampage
08:24:55.925 [FXGL Background Thread 3 ] DEBUG Engine               - urlGithub: https://github.com/AlmasB/FXGL
08:24:55.925 [FXGL Background Thread 3 ] DEBUG Engine               - urlLeaderboard: http://fxgl-top.herokuapp.com/
08:24:55.925 [FXGL Background Thread 3 ] DEBUG Engine               - urlPOM: https://raw.githubusercontent.com/AlmasB/FXGL/release/README.md
08:24:55.925 [FXGL Background Thread 3 ] DEBUG Engine               - userAppClass: class at.htl.droidrampage.GameApp
08:24:55.925 [FXGL Background Thread 3 ] DEBUG Engine               - version: 0.5
08:24:55.925 [FXGL Background Thread 3 ] DEBUG Engine               - versionCheckDays: 7
08:24:55.925 [FXGL Background Thread 3 ] DEBUG Engine               - width: 1920
08:24:55.925 [FXGL Background Thread 3 ] DEBUG Engine               - Logging services
08:24:55.925 [FXGL Background Thread 3 ] DEBUG Engine               - class com.almasb.fxgl.app.services.FXGLAssetLoaderService
08:24:55.925 [FXGL Background Thread 3 ] DEBUG Engine               - class com.almasb.fxgl.app.FXGLApplication$GameApplicationService
08:24:55.925 [FXGL Background Thread 3 ] DEBUG Engine               - class com.almasb.fxgl.app.services.FXGLDialogService
08:24:55.925 [FXGL Background Thread 3 ] DEBUG Engine               - class com.almasb.fxgl.app.services.IOTaskExecutorService
08:24:55.925 [FXGL Background Thread 3 ] DEBUG Engine               - class com.almasb.fxgl.io.FileSystemService
08:24:55.925 [FXGL Background Thread 3 ] DEBUG Engine               - class com.almasb.fxgl.localization.LocalizationService
08:24:55.925 [FXGL Background Thread 3 ] DEBUG Engine               - class com.almasb.fxgl.app.services.SystemBundleService
08:24:55.925 [FXGL Background Thread 3 ] DEBUG Engine               - class com.almasb.fxgl.profile.SaveLoadService
08:24:55.925 [FXGL Background Thread 3 ] DEBUG Engine               - class com.almasb.fxgl.ui.FXGLUIFactoryServiceProvider
08:24:55.925 [FXGL Background Thread 3 ] DEBUG Engine               - class com.almasb.fxgl.ui.FXGLDialogFactoryServiceProvider
08:24:55.925 [FXGL Background Thread 3 ] DEBUG Engine               - class com.almasb.fxgl.audio.AudioPlayer
08:24:55.925 [FXGL Background Thread 3 ] DEBUG Engine               - class com.almasb.fxgl.notification.impl.NotificationServiceProvider
08:24:55.925 [FXGL Background Thread 3 ] DEBUG Engine               - class com.almasb.fxgl.achievement.AchievementService
08:24:55.925 [FXGL Background Thread 3 ] DEBUG Engine               - class com.almasb.fxgl.cutscene.CutsceneService
08:24:55.925 [FXGL Background Thread 3 ] DEBUG Engine               - class com.almasb.fxgl.minigames.MiniGameService
08:24:55.925 [FXGL Background Thread 3 ] DEBUG Engine               - class com.almasb.fxgl.net.NetService
08:24:55.925 [FXGL Background Thread 3 ] DEBUG Engine               - class com.almasb.fxgl.app.services.UpdaterService
08:24:55.925 [FXGL Background Thread 3 ] DEBUG Engine               - class com.almasb.fxgl.dev.DevService
08:24:56.703 [JavaFX Application Thread] DEBUG LoopRunner           - Stopping loop
08:24:56.704 [JavaFX Application Thread] FATAL FXGLApplication      - Uncaught Exception:
java.lang.IllegalArgumentException: Property credit does not exist
	at com.almasb.fxgl.core.collection.PropertyMap.get(PropertyMap.kt:279)
	at com.almasb.fxgl.core.collection.PropertyMap.intProperty(PropertyMap.kt:172)
	at com.almasb.fxgl.core.collection.PropertyMap.increment(PropertyMap.kt:153)
	at com.almasb.fxgl.dsl.FXGL$Companion.inc(FXGL.kt:326)
	at com.almasb.fxgl.dsl.FXGL.inc(FXGL.kt)
	at at.htl.droidrampage.GameApp.lambda$initPhysics$0(GameApp.java:53)
	at com.almasb.fxgl.dsl.FXGL$Companion$onCollisionBegin$1.onCollisionBegin(FXGL.kt:655)
	at com.almasb.fxgl.physics.CollisionPair.collisionBegin(CollisionPair.java:37)
	at com.almasb.fxgl.physics.PhysicsWorld.collisionBeginFor(PhysicsWorld.java:453)
	at com.almasb.fxgl.physics.PhysicsWorld.checkCollisionsInGroup(PhysicsWorld.java:405)
	at com.almasb.fxgl.physics.PhysicsWorld.checkCollisions(PhysicsWorld.java:373)
	at com.almasb.fxgl.physics.PhysicsWorld.onUpdate(PhysicsWorld.java:179)
	at com.almasb.fxgl.app.scene.GameScene.step(GameScene.kt:229)
	at com.almasb.fxgl.app.scene.GameScene.onUpdate(GameScene.kt:224)
	at com.almasb.fxgl.scene.Scene.update(Scene.kt:105)
	at com.almasb.fxgl.app.MainWindow$update$1.invoke(MainWindow.kt:115)
	at com.almasb.fxgl.app.MainWindow$update$1.invoke(MainWindow.kt:115)
	at com.almasb.fxgl.core.fsm.StateMachine.runOnActiveStates(StateMachine.kt:69)
	at com.almasb.fxgl.app.MainWindow.update(MainWindow.kt:115)
	at com.almasb.fxgl.app.FXGLApplication$GameApplicationService.onUpdate(FXGLApplication.kt:426)
	at com.almasb.fxgl.app.Engine.loop(Engine.kt:134)
	at com.almasb.fxgl.app.Engine.access$loop(Engine.kt:24)
	at com.almasb.fxgl.app.Engine$loop$1.invoke(Engine.kt:28)
	at com.almasb.fxgl.app.Engine$loop$1.invoke(Engine.kt:28)
	at com.almasb.fxgl.app.LoopRunner.frame(LoopRunner.kt:103)
	at com.almasb.fxgl.app.LoopRunner.access$frame(LoopRunner.kt:23)
	at com.almasb.fxgl.app.LoopRunner$impl$2$1.onTick(LoopRunner.kt:57)
	at com.almasb.fxgl.app.AnimationTimerLoop$timer$1.handle(LoopRunner.kt:137)
	at javafx.animation.AnimationTimer$AnimationTimerReceiver.lambda$handle$0(AnimationTimer.java:58)
	at java.base/java.security.AccessController.doPrivileged(AccessController.java:138)
	at javafx.animation.AnimationTimer$AnimationTimerReceiver.handle(AnimationTimer.java:57)
	at com.sun.scenario.animation.AbstractPrimaryTimer.timePulseImpl(AbstractPrimaryTimer.java:356)
	at com.sun.scenario.animation.AbstractPrimaryTimer$MainLoop.run(AbstractPrimaryTimer.java:266)
	at com.sun.javafx.tk.quantum.QuantumToolkit.pulse(QuantumToolkit.java:588)
	at com.sun.javafx.tk.quantum.QuantumToolkit.pulse(QuantumToolkit.java:572)
	at com.sun.javafx.tk.quantum.QuantumToolkit.pulseFromQueue(QuantumToolkit.java:565)
	at com.sun.javafx.tk.quantum.QuantumToolkit.lambda$runToolkit$11(QuantumToolkit.java:352)
	at com.sun.glass.ui.InvokeLaterDispatcher$Future.run(InvokeLaterDispatcher.java:95)
	at com.sun.glass.ui.win.WinApplication._runLoop(Native Method)
	at com.sun.glass.ui.win.WinApplication.lambda$runLoop$3(WinApplication.java:185)
	at java.base/java.lang.Thread.run(Thread.java:1474)

08:24:56.704 [JavaFX Application Thread] FATAL FXGLApplication      - Application will now exit
08:24:56.723 [JavaFX Application Thread] DEBUG PrimaryStageWindow   - Push state: ErrorSubScene
08:24:56.723 [JavaFX Application Thread] DEBUG Input                - Clearing active input actions
08:24:56.728 [JavaFX Application Thread] DEBUG GameApplicationServi - Removing overlay from GameScene and adding to ErrorSubScene
08:24:56.728 [JavaFX Application Thread] DEBUG PrimaryStageWindow   - GameScene -> ErrorSubScene
08:24:57.170 [JavaFX Application Thread] DEBUG FXGLApplication      - Exiting FXGL
08:24:57.170 [JavaFX Application Thread] DEBUG Async                - Shutting down background threads
08:24:57.170 [JavaFX Application Thread] DEBUG PrimaryStageWindow   - Closing main window
08:24:57.192 [JavaFX Application Thread] DEBUG Logger               - Closing Logger
