08:28:23.120 [main                     ] DEBUG Logger               - Configured Logger
08:28:23.127 [main                     ] DEBUG GameApplication      - Logging settings
Title: Droid Rampage
Version: 1.0
Width: 1920
Height: 1088
Fullscreen: true
Intro: false
Profiling: false
Single step:false
App Mode: DEVELOPER
Menu Key: ESCAPE
Stage Style: DECORATED
Scene Factory: class com.almasb.fxgl.app.scene.SceneFactory

08:28:23.462 [JavaFX Application Thread] DEBUG FXGLApplication      - Initializing FXGL
08:28:23.465 [JavaFX Application Thread] INFO  Engine               - FXGL-17.3 (30.03.2023 11.49) on LINUX (J:26 FX:21.0.6)
08:28:23.465 [JavaFX Application Thread] DEBUG Engine               - JRE Vendor Name: Oracle Corporation
08:28:23.465 [JavaFX Application Thread] DEBUG Engine               - Running on OS: Linux version 6.17.0-22-generic
08:28:23.465 [JavaFX Application Thread] DEBUG Engine               - Architecture: amd64
08:28:23.465 [JavaFX Application Thread] INFO  Engine               - Source code and latest versions at: https://github.com/AlmasB/FXGL
08:28:23.465 [JavaFX Application Thread] INFO  Engine               -       Ask questions and discuss at: https://github.com/AlmasB/FXGL/discussions
08:28:23.466 [JavaFX Application Thread] INFO  Engine               -              Join the FXGL chat at: https://gitter.im/AlmasB/FXGL
08:28:23.546 [JavaFX Application Thread] DEBUG PrimaryStageWindow   - Creating a JavaFX scene
08:28:23.547 [JavaFX Application Thread] DEBUG PrimaryStageWindow   - Target size > screen size
08:28:23.600 [JavaFX Application Thread] DEBUG PrimaryStageWindow   - Target settings size: 1920.0 x 1088.0
08:28:23.600 [JavaFX Application Thread] DEBUG PrimaryStageWindow   - Scaled scene size:    1880.0 x 1079.0
08:28:23.600 [JavaFX Application Thread] DEBUG PrimaryStageWindow   - Scaled ratio: (0.9791666666666666, 0.9917279411764706)
08:28:23.601 [JavaFX Application Thread] DEBUG PrimaryStageWindow   - Set initial scene to FXGLStartupScene
08:28:23.604 [JavaFX Application Thread] DEBUG PrimaryStageWindow   - Opening main window
08:28:23.630 [JavaFX Application Thread] DEBUG PrimaryStageWindow   - Window border size: (0.0, 35.0)
08:28:23.630 [JavaFX Application Thread] DEBUG PrimaryStageWindow   - Scaled size: 1880.0 x 1044.0
08:28:23.630 [JavaFX Application Thread] DEBUG PrimaryStageWindow   - Scaled ratio: (0.9791666666666666, 0.9595588235294118)
08:28:23.630 [JavaFX Application Thread] DEBUG PrimaryStageWindow   - Scene size: 1880.0 x 1079.0
08:28:23.631 [JavaFX Application Thread] DEBUG PrimaryStageWindow   - Stage size: 1880.0 x 1079.0
08:28:23.635 [FXGL Background Thread 1 ] DEBUG Engine               - Initializing environment variables
08:28:23.677 [FXGL Background Thread 1 ] DEBUG FXGLAssetLoaderServi - User app class for loading assets: class at.htl.droidrampage.GameApp
08:28:23.678 [FXGL Background Thread 1 ] DEBUG GameApplicationServi - Applying CSS: fxgl_dark.css
08:28:23.678 [FXGL Background Thread 1 ] DEBUG FXGLAssetLoaderServi - Loading from file system: jar:file:/home/franz/.m2/repository/com/github/almasb/fxgl/17.3/fxgl-17.3.jar!/fxglassets/ui/css/fxgl_dark.css
08:28:23.727 [FXGL Background Thread 1 ] DEBUG GameApplicationServi - Initializing application scenes
08:28:23.755 [FXGL Background Thread 1 ] DEBUG GameWorld            - Game world initialized
08:28:23.776 [FXGL Background Thread 1 ] DEBUG PhysicsWorld         - Physics world initialized: appHeight=1088, physics.ppm=50.0
08:28:23.776 [FXGL Background Thread 1 ] DEBUG PhysicsWorld         - Using strategy: BRUTE_FORCE
08:28:23.778 [FXGL Background Thread 1 ] DEBUG GameScene            - Game scene initialized: 1920x1088
08:28:23.787 [FXGL Background Thread 1 ] DEBUG FXGL.DefaultMenu     - createMenuBodyGameMenu()
08:28:23.795 [FXGL Background Thread 1 ] DEBUG FXGL.DefaultMenu     - createOptionsMenu()
08:28:23.801 [FXGL Background Thread 1 ] DEBUG FXGLAssetLoaderServi - Loading from file system: jar:file:/home/franz/.m2/repository/com/github/almasb/fxgl/17.3/fxgl-17.3.jar!/fxglassets/textures/particles/smoke.png
08:28:23.850 [FXGL Background Thread 1 ] DEBUG FXGLAssetLoaderServi - Loading from file system: jar:file:/home/franz/.m2/repository/com/github/almasb/fxgl/17.3/fxgl-17.3.jar!/fxglassets/textures/particles/trace_horizontal.png
08:28:23.871 [FXGL Background Thread 1 ] DEBUG GameApplicationServi - Application scenes initialized
08:28:23.878 [FXGL Background Thread 1 ] DEBUG SystemBundleService  - Loading FXGL system data
08:28:23.879 [FXGL Background Thread 1 ] DEBUG FileSystemAccess     - Reading from: /home/franz/Documents/Schule/3-Klasse/POS/DroidRampage/system/fxgl.bundle
08:28:23.880 [FXGL Background Thread 1 ] DEBUG SystemBundleService  - Bundle FXGL: {}
08:28:23.880 [FXGL Background Thread 1 ] DEBUG UpdaterService       - Checking for updates
08:28:23.884 [FXGL Background Thread 4 ] DEBUG FXGLApplication      - Loading fonts
08:28:23.884 [FXGL Background Thread 4 ] DEBUG FXGLAssetLoaderServi - Loading from file system: jar:file:/home/franz/.m2/repository/com/github/almasb/fxgl/17.3/fxgl-17.3.jar!/fxglassets/ui/fonts/VarelaRound-Regular.ttf
08:28:23.884 [FXGL Background Thread 1 ] DEBUG FXGLApplication      - Loading default localization
08:28:23.885 [FXGL Background Thread 1 ] DEBUG FXGLAssetLoaderServi - Loading from file system: jar:file:/home/franz/.m2/repository/com/github/almasb/fxgl/17.3/fxgl-17.3.jar!/fxglassets/languages/english.lang
08:28:23.888 [FXGL Background Thread 4 ] DEBUG FXGLAssetLoaderServi - Loading from file system: jar:file:/home/franz/.m2/repository/com/github/almasb/fxgl/17.3/fxgl-17.3.jar!/fxglassets/ui/fonts/Abel-Regular.ttf
08:28:23.890 [FXGL Background Thread 4 ] DEBUG FXGLAssetLoaderServi - Loading from file system: jar:file:/home/franz/.m2/repository/com/github/almasb/fxgl/17.3/fxgl-17.3.jar!/fxglassets/ui/fonts/TerminalLandMono-Regular.otf
08:28:23.891 [FXGL Background Thread 4 ] DEBUG FXGLAssetLoaderServi - Loading from file system: jar:file:/home/franz/.m2/repository/com/github/almasb/fxgl/17.3/fxgl-17.3.jar!/fxglassets/ui/fonts/Courier-Prime.ttf
08:28:23.895 [JavaFX Application Thread] DEBUG FXGLApplication      - Registering font factories with UI factory
08:28:23.897 [FXGL Background Thread 1 ] INFO  FXGLApplication      - FXGL initialization took: 0.263 sec
08:28:23.898 [JavaFX Application Thread] DEBUG FXGLAssetLoaderServi - Loading from file system: jar:file:/home/franz/.m2/repository/com/github/almasb/fxgl/17.3/fxgl-17.3.jar!/fxglassets/textures/fxgl_icon.png
08:28:23.920 [JavaFX Application Thread] DEBUG FXGLAssetLoaderServi - Loading from file system: jar:file:/home/franz/.m2/repository/com/github/almasb/fxgl/17.3/fxgl-17.3.jar!/fxglassets/textures/fxgl_default_cursor.png
08:28:23.929 [JavaFX Application Thread] DEBUG Input                - Registered new binding: Screenshot - CTRL+8
08:28:23.930 [JavaFX Application Thread] DEBUG Input                - Registered new binding: System info dump - CTRL+9
08:28:23.930 [JavaFX Application Thread] DEBUG Input                - Registered new binding: Restart - CTRL+R
08:28:23.931 [JavaFX Application Thread] DEBUG Input                - Registered new binding: Toggle Debug Camera - CTRL+7
08:28:23.933 [JavaFX Application Thread] DEBUG LoopRunner           - Starting loop
08:28:23.933 [JavaFX Application Thread] DEBUG LoopRunner           - Initializing JavaFX AnimationTimerLoop
08:28:23.934 [JavaFX Application Thread] DEBUG GameApplicationServi - Starting new game
08:28:23.935 [JavaFX Application Thread] DEBUG Input                - Clearing active input actions
08:28:23.944 [JavaFX Application Thread] DEBUG GameApplicationServi - Removing overlay from FXGLStartupScene and adding to FXGLLoadingScene
08:28:23.944 [JavaFX Application Thread] DEBUG PrimaryStageWindow   - FXGLStartupScene -> FXGLLoadingScene
08:28:23.944 [JavaFX Application Thread] DEBUG GameApplicationServi - Clearing previous game
08:28:23.944 [JavaFX Application Thread] DEBUG GameScene            - Clearing game scene
08:28:23.945 [JavaFX Application Thread] DEBUG GameWorld            - Clearing game world
08:28:23.945 [JavaFX Application Thread] DEBUG PhysicsWorld         - Clearing physics world
08:28:23.946 [FXGL Background Thread 1 ] DEBUG FXGLApplication      - Initializing game
08:28:23.980 [FXGL Background Thread 1 ] WARN  TMXLevelLoader       - TiledMap generated from 1.8.2. Supported version: 1.9.0. Some features may not be parsed fully.
08:28:23.996 [FXGL Background Thread 1 ] DEBUG TMXLevelLoader       - Parsed TiledMap: file:/home/franz/Documents/Schule/3-Klasse/POS/DroidRampage/target/classes/assets/levels/TileStart.tmx
08:28:23.997 [FXGL Background Thread 1 ] DEBUG TMXLevelLoader       - Creating tile layer entities
08:28:23.999 [FXGL Background Thread 1 ] DEBUG TilesetLoader        - Loading view for layer Kachelebene 1
08:28:24.000 [FXGL Background Thread 1 ] DEBUG TilesetLoader        - Created buffer with size 1920.0x1088.0
08:28:24.081 [FXGL Background Thread 1 ] DEBUG TMXLevelLoader       - Creating object layer entities
08:28:24.103 [FXGL Background Thread 1 ] DEBUG FXGLAssetLoaderServi - Loading from file system: file:/home/franz/Documents/Schule/3-Klasse/POS/DroidRampage/target/classes/assets/textures/credit2.png
08:28:24.192 [FXGL Background Thread 1 ] DEBUG FXGLAssetLoaderServi - Loading from file system: file:/home/franz/Documents/Schule/3-Klasse/POS/DroidRampage/target/classes/assets/textures/credit1.png
08:28:24.223 [FXGL Background Thread 2 ] INFO  UpdaterService       - Your current version:  17.3
08:28:24.224 [FXGL Background Thread 2 ] INFO  UpdaterService       - Latest stable version: 25
08:28:24.235 [FXGL Background Thread 1 ] DEBUG FXGLAssetLoaderServi - Loading from file system: file:/home/franz/Documents/Schule/3-Klasse/POS/DroidRampage/target/classes/assets/textures/credit3.png
08:28:24.279 [FXGL Background Thread 1 ] DEBUG GameWorld            - Clearing removable entities
08:28:24.280 [FXGL Background Thread 1 ] DEBUG GameWorld            - Setting level: com.almasb.fxgl.entity.level.Level@72c4e1ff
08:28:24.425 [FXGL Background Thread 1 ] DEBUG FXGLAssetLoaderServi - Loading from file system: file:/home/franz/Documents/Schule/3-Klasse/POS/DroidRampage/target/classes/assets/textures/r2d2.png
08:28:24.428 [FXGL Background Thread 1 ] DEBUG Input                - Registered new binding: Move Right - D
08:28:24.428 [FXGL Background Thread 1 ] DEBUG Input                - Registered new binding: Move Left - A
08:28:24.428 [FXGL Background Thread 1 ] DEBUG Input                - Registered new binding: Jump - Space
08:28:24.428 [FXGL Background Thread 1 ] DEBUG Input                - Registered new binding: Toggle Cheat Mode - I
08:28:24.428 [FXGL Background Thread 1 ] DEBUG Input                - Registered new binding: Restart - R
08:28:24.430 [FXGL Background Thread 1 ] INFO  FXGLApplication      - Game initialization took: 0.484 sec
08:28:24.434 [JavaFX Application Thread] DEBUG Input                - Clearing active input actions
08:28:24.444 [JavaFX Application Thread] DEBUG GameApplicationServi - Removing overlay from FXGLLoadingScene and adding to GameScene
08:28:24.444 [JavaFX Application Thread] DEBUG PrimaryStageWindow   - FXGLLoadingScene -> GameScene
08:28:24.451 [JavaFX Application Thread] WARN  TMXLevelLoader       - TiledMap generated from 1.8.2. Supported version: 1.9.0. Some features may not be parsed fully.
08:28:24.458 [JavaFX Application Thread] DEBUG TMXLevelLoader       - Parsed TiledMap: file:/home/franz/Documents/Schule/3-Klasse/POS/DroidRampage/target/classes/assets/levels/Tile1.tmx
08:28:24.458 [JavaFX Application Thread] DEBUG TMXLevelLoader       - Creating tile layer entities
08:28:24.458 [JavaFX Application Thread] DEBUG TilesetLoader        - Loading view for layer Kachelebene 1
08:28:24.461 [JavaFX Application Thread] DEBUG TilesetLoader        - Created buffer with size 1920.0x1088.0
08:28:24.498 [JavaFX Application Thread] DEBUG TMXLevelLoader       - Creating object layer entities
08:28:26.883 [FXGL Background Thread 3 ] DEBUG Engine               - Logging environment variables
08:28:26.884 [FXGL Background Thread 3 ] DEBUG Engine               - achievements: []
08:28:26.884 [FXGL Background Thread 3 ] DEBUG Engine               - actualHeight: 1044.0
08:28:26.884 [FXGL Background Thread 3 ] DEBUG Engine               - actualHeightProperty: ReadOnlyDoubleProperty [value: 1005.0]
08:28:26.884 [FXGL Background Thread 3 ] DEBUG Engine               - actualWidth: 1880.0
08:28:26.885 [FXGL Background Thread 3 ] DEBUG Engine               - actualWidthProperty: ReadOnlyDoubleProperty [value: 1920.0]
08:28:26.885 [FXGL Background Thread 3 ] DEBUG Engine               - appIcon: fxgl_icon.png
08:28:26.885 [FXGL Background Thread 3 ] DEBUG Engine               - applicationMode: DEVELOPER
08:28:26.885 [FXGL Background Thread 3 ] DEBUG Engine               - cSSList: [fxgl_dark.css]
08:28:26.885 [FXGL Background Thread 3 ] DEBUG Engine               - collisionDetectionStrategy: BRUTE_FORCE
08:28:26.885 [FXGL Background Thread 3 ] DEBUG Engine               - configClass: Optional.empty
08:28:26.885 [FXGL Background Thread 3 ] DEBUG Engine               - credits: []
08:28:26.886 [FXGL Background Thread 3 ] DEBUG Engine               - defaultCursor: CursorInfo(imageName=fxgl_default_cursor.png, hotspotX=7.0, hotspotY=6.0)
08:28:26.886 [FXGL Background Thread 3 ] DEBUG Engine               - devBBoxColorProperty: ObjectProperty [value: 0xff0000ff]
08:28:26.887 [FXGL Background Thread 3 ] DEBUG Engine               - devEnableDebugCameraProperty: BooleanProperty [value: false]
08:28:26.887 [FXGL Background Thread 3 ] DEBUG Engine               - devSensorColorProperty: ObjectProperty [value: 0xffff00ff]
08:28:26.887 [FXGL Background Thread 3 ] DEBUG Engine               - devShowBBoxProperty: BooleanProperty [value: false]
08:28:26.887 [FXGL Background Thread 3 ] DEBUG Engine               - devShowPositionProperty: BooleanProperty [value: false]
08:28:26.887 [FXGL Background Thread 3 ] DEBUG Engine               - enabledMenuItems: []
08:28:26.887 [FXGL Background Thread 3 ] DEBUG Engine               - engineServices: [class com.almasb.fxgl.app.services.FXGLAssetLoaderService, class com.almasb.fxgl.app.FXGLApplication$GameApplicationService, class com.almasb.fxgl.app.services.FXGLDialogService, class com.almasb.fxgl.app.services.IOTaskExecutorService, class com.almasb.fxgl.io.FileSystemService, class com.almasb.fxgl.localization.LocalizationService, class com.almasb.fxgl.app.services.SystemBundleService, class com.almasb.fxgl.profile.SaveLoadService, class com.almasb.fxgl.ui.FXGLUIFactoryServiceProvider, class com.almasb.fxgl.ui.FXGLDialogFactoryServiceProvider, class com.almasb.fxgl.audio.AudioPlayer, class com.almasb.fxgl.notification.impl.NotificationServiceProvider, class com.almasb.fxgl.achievement.AchievementService, class com.almasb.fxgl.cutscene.CutsceneService, class com.almasb.fxgl.minigames.MiniGameService, class com.almasb.fxgl.net.NetService, class com.almasb.fxgl.app.services.UpdaterService, class com.almasb.fxgl.dev.DevService]
08:28:26.887 [FXGL Background Thread 3 ] DEBUG Engine               - fontGame: Abel-Regular.ttf
08:28:26.887 [FXGL Background Thread 3 ] DEBUG Engine               - fontMono: TerminalLandMono-Regular.otf
08:28:26.887 [FXGL Background Thread 3 ] DEBUG Engine               - fontSizeScaleUI: 1.0
08:28:26.887 [FXGL Background Thread 3 ] DEBUG Engine               - fontText: Courier-Prime.ttf
08:28:26.888 [FXGL Background Thread 3 ] DEBUG Engine               - fontUI: VarelaRound-Regular.ttf
08:28:26.888 [FXGL Background Thread 3 ] DEBUG Engine               - fullScreen: BooleanProperty [value: false]
08:28:26.888 [FXGL Background Thread 3 ] DEBUG Engine               - gameDifficulty: MEDIUM
08:28:26.888 [FXGL Background Thread 3 ] DEBUG Engine               - gameDifficultyProperty: ObjectProperty [value: MEDIUM]
08:28:26.888 [FXGL Background Thread 3 ] DEBUG Engine               - globalMusicVolume: 0.5
08:28:26.888 [FXGL Background Thread 3 ] DEBUG Engine               - globalMusicVolumeProperty: DoubleProperty [value: 0.5]
08:28:26.888 [FXGL Background Thread 3 ] DEBUG Engine               - globalSoundVolume: 0.5
08:28:26.888 [FXGL Background Thread 3 ] DEBUG Engine               - globalSoundVolumeProperty: DoubleProperty [value: 0.5]
08:28:26.888 [FXGL Background Thread 3 ] DEBUG Engine               - height: 1088
08:28:26.889 [FXGL Background Thread 3 ] DEBUG Engine               - is3D: false
08:28:26.889 [FXGL Background Thread 3 ] DEBUG Engine               - isAndroid: false
08:28:26.889 [FXGL Background Thread 3 ] DEBUG Engine               - isBrowser: false
08:28:26.889 [FXGL Background Thread 3 ] DEBUG Engine               - isClickFeedbackEnabled: false
08:28:26.889 [FXGL Background Thread 3 ] DEBUG Engine               - isCloseConfirmation: false
08:28:26.889 [FXGL Background Thread 3 ] DEBUG Engine               - isDesktop: true
08:28:26.889 [FXGL Background Thread 3 ] DEBUG Engine               - isDeveloperMenuEnabled: false
08:28:26.889 [FXGL Background Thread 3 ] DEBUG Engine               - isEmbedded: false
08:28:26.889 [FXGL Background Thread 3 ] DEBUG Engine               - isEntityPreloadEnabled: true
08:28:26.889 [FXGL Background Thread 3 ] DEBUG Engine               - isExperimentalTiledLargeMap: false
08:28:26.889 [FXGL Background Thread 3 ] DEBUG Engine               - isFileSystemWriteAllowed: true
08:28:26.889 [FXGL Background Thread 3 ] DEBUG Engine               - isFullScreenAllowed: true
08:28:26.889 [FXGL Background Thread 3 ] DEBUG Engine               - isFullScreenFromStart: false
08:28:26.889 [FXGL Background Thread 3 ] DEBUG Engine               - isGameMenuEnabled: true
08:28:26.889 [FXGL Background Thread 3 ] DEBUG Engine               - isIOS: false
08:28:26.890 [FXGL Background Thread 3 ] DEBUG Engine               - isIntroEnabled: false
08:28:26.890 [FXGL Background Thread 3 ] DEBUG Engine               - isLinux: true
08:28:26.890 [FXGL Background Thread 3 ] DEBUG Engine               - isMac: false
08:28:26.890 [FXGL Background Thread 3 ] DEBUG Engine               - isMainMenuEnabled: false
08:28:26.890 [FXGL Background Thread 3 ] DEBUG Engine               - isManualResizeEnabled: true
08:28:26.890 [FXGL Background Thread 3 ] DEBUG Engine               - isMobile: false
08:28:26.890 [FXGL Background Thread 3 ] DEBUG Engine               - isNative: false
08:28:26.890 [FXGL Background Thread 3 ] DEBUG Engine               - isPauseMusicWhenMinimized: true
08:28:26.890 [FXGL Background Thread 3 ] DEBUG Engine               - isPreserveResizeRatio: false
08:28:26.890 [FXGL Background Thread 3 ] DEBUG Engine               - isProfilingEnabled: false
08:28:26.890 [FXGL Background Thread 3 ] DEBUG Engine               - isScaleAffectedOnResize: true
08:28:26.890 [FXGL Background Thread 3 ] DEBUG Engine               - isSingleStep: false
08:28:26.890 [FXGL Background Thread 3 ] DEBUG Engine               - isUserProfileEnabled: false
08:28:26.890 [FXGL Background Thread 3 ] DEBUG Engine               - isWindows: false
08:28:26.890 [FXGL Background Thread 3 ] DEBUG Engine               - language: ObjectProperty [value: ENGLISH]
08:28:26.890 [FXGL Background Thread 3 ] DEBUG Engine               - menuKey: ESCAPE
08:28:26.891 [FXGL Background Thread 3 ] DEBUG Engine               - mouseSensitivity: 0.2
08:28:26.891 [FXGL Background Thread 3 ] DEBUG Engine               - notificationViewClass: class com.almasb.fxgl.notification.view.XboxNotificationView
08:28:26.891 [FXGL Background Thread 3 ] DEBUG Engine               - pixelsPerMeter: 50.0
08:28:26.891 [FXGL Background Thread 3 ] DEBUG Engine               - platform: LINUX
08:28:26.891 [FXGL Background Thread 3 ] DEBUG Engine               - prefHeightProperty: ReadOnlyDoubleProperty [value: 1088.0]
08:28:26.891 [FXGL Background Thread 3 ] DEBUG Engine               - prefWidthProperty: ReadOnlyDoubleProperty [value: 1920.0]
08:28:26.891 [FXGL Background Thread 3 ] DEBUG Engine               - profileDir: profiles/
08:28:26.891 [FXGL Background Thread 3 ] DEBUG Engine               - profileName: StringProperty [value: DEFAULT]
08:28:26.891 [FXGL Background Thread 3 ] DEBUG Engine               - randomSeed: -1
08:28:26.891 [FXGL Background Thread 3 ] DEBUG Engine               - runtimeInfo: RuntimeInfo(platform=LINUX, version=17.3, build=30.03.2023 11.49)
08:28:26.891 [FXGL Background Thread 3 ] DEBUG Engine               - saveFileExt: sav
08:28:26.891 [FXGL Background Thread 3 ] DEBUG Engine               - scaledHeightProp$fxgl: DoubleProperty [bound, value: 1005.0]
08:28:26.892 [FXGL Background Thread 3 ] DEBUG Engine               - scaledWidthProp$fxgl: DoubleProperty [bound, value: 1920.0]
08:28:26.892 [FXGL Background Thread 3 ] DEBUG Engine               - sceneFactory: com.almasb.fxgl.app.scene.SceneFactory@4dfd3ed0
08:28:26.892 [FXGL Background Thread 3 ] DEBUG Engine               - secondsIn24h: 60
08:28:26.892 [FXGL Background Thread 3 ] DEBUG Engine               - soundMenuBack: menu/back.wav
08:28:26.892 [FXGL Background Thread 3 ] DEBUG Engine               - soundMenuPress: menu/press.wav
08:28:26.892 [FXGL Background Thread 3 ] DEBUG Engine               - soundMenuSelect: menu/select.wav
08:28:26.892 [FXGL Background Thread 3 ] DEBUG Engine               - soundNotification: core/notification.wav
08:28:26.892 [FXGL Background Thread 3 ] DEBUG Engine               - stageStyle: DECORATED
08:28:26.892 [FXGL Background Thread 3 ] DEBUG Engine               - supportedLanguages: [ENGLISH, FRENCH, GERMAN, HUNGARIAN, RUSSIAN]
08:28:26.892 [FXGL Background Thread 3 ] DEBUG Engine               - ticksPerSecond: -1
08:28:26.892 [FXGL Background Thread 3 ] DEBUG Engine               - title: Droid Rampage
08:28:26.892 [FXGL Background Thread 3 ] DEBUG Engine               - urlGithub: https://github.com/AlmasB/FXGL
08:28:26.892 [FXGL Background Thread 3 ] DEBUG Engine               - urlLeaderboard: http://fxgl-top.herokuapp.com/
08:28:26.892 [FXGL Background Thread 3 ] DEBUG Engine               - urlPOM: https://raw.githubusercontent.com/AlmasB/FXGL/release/README.md
08:28:26.892 [FXGL Background Thread 3 ] DEBUG Engine               - userAppClass: class at.htl.droidrampage.GameApp
08:28:26.892 [FXGL Background Thread 3 ] DEBUG Engine               - version: 1.0
08:28:26.892 [FXGL Background Thread 3 ] DEBUG Engine               - versionCheckDays: 7
08:28:26.892 [FXGL Background Thread 3 ] DEBUG Engine               - width: 1920
08:28:26.892 [FXGL Background Thread 3 ] DEBUG Engine               - Logging services
08:28:26.892 [FXGL Background Thread 3 ] DEBUG Engine               - class com.almasb.fxgl.app.services.FXGLAssetLoaderService
08:28:26.892 [FXGL Background Thread 3 ] DEBUG Engine               - class com.almasb.fxgl.app.FXGLApplication$GameApplicationService
08:28:26.892 [FXGL Background Thread 3 ] DEBUG Engine               - class com.almasb.fxgl.app.services.FXGLDialogService
08:28:26.892 [FXGL Background Thread 3 ] DEBUG Engine               - class com.almasb.fxgl.app.services.IOTaskExecutorService
08:28:26.892 [FXGL Background Thread 3 ] DEBUG Engine               - class com.almasb.fxgl.io.FileSystemService
08:28:26.892 [FXGL Background Thread 3 ] DEBUG Engine               - class com.almasb.fxgl.localization.LocalizationService
08:28:26.892 [FXGL Background Thread 3 ] DEBUG Engine               - class com.almasb.fxgl.app.services.SystemBundleService
08:28:26.892 [FXGL Background Thread 3 ] DEBUG Engine               - class com.almasb.fxgl.profile.SaveLoadService
08:28:26.892 [FXGL Background Thread 3 ] DEBUG Engine               - class com.almasb.fxgl.ui.FXGLUIFactoryServiceProvider
08:28:26.892 [FXGL Background Thread 3 ] DEBUG Engine               - class com.almasb.fxgl.ui.FXGLDialogFactoryServiceProvider
08:28:26.892 [FXGL Background Thread 3 ] DEBUG Engine               - class com.almasb.fxgl.audio.AudioPlayer
08:28:26.892 [FXGL Background Thread 3 ] DEBUG Engine               - class com.almasb.fxgl.notification.impl.NotificationServiceProvider
08:28:26.892 [FXGL Background Thread 3 ] DEBUG Engine               - class com.almasb.fxgl.achievement.AchievementService
08:28:26.892 [FXGL Background Thread 3 ] DEBUG Engine               - class com.almasb.fxgl.cutscene.CutsceneService
08:28:26.892 [FXGL Background Thread 3 ] DEBUG Engine               - class com.almasb.fxgl.minigames.MiniGameService
08:28:26.892 [FXGL Background Thread 3 ] DEBUG Engine               - class com.almasb.fxgl.net.NetService
08:28:26.892 [FXGL Background Thread 3 ] DEBUG Engine               - class com.almasb.fxgl.app.services.UpdaterService
08:28:26.892 [FXGL Background Thread 3 ] DEBUG Engine               - class com.almasb.fxgl.dev.DevService
08:28:52.040 [JavaFX Application Thread] WARN  TMXLevelLoader       - TiledMap generated from 1.8.2. Supported version: 1.9.0. Some features may not be parsed fully.
08:28:52.050 [JavaFX Application Thread] DEBUG TMXLevelLoader       - Parsed TiledMap: file:/home/franz/Documents/Schule/3-Klasse/POS/DroidRampage/target/classes/assets/levels/Tile2.tmx
08:28:52.050 [JavaFX Application Thread] DEBUG TMXLevelLoader       - Creating tile layer entities
08:28:52.051 [JavaFX Application Thread] DEBUG TilesetLoader        - Loading view for layer Tile Layer 1
08:28:52.055 [JavaFX Application Thread] DEBUG TilesetLoader        - Created buffer with size 1920.0x1088.0
08:28:52.090 [JavaFX Application Thread] DEBUG TMXLevelLoader       - Creating object layer entities
08:29:03.505 [JavaFX Application Thread] WARN  TMXLevelLoader       - TiledMap generated from 1.8.2. Supported version: 1.9.0. Some features may not be parsed fully.
08:29:03.511 [JavaFX Application Thread] DEBUG TMXLevelLoader       - Parsed TiledMap: file:/home/franz/Documents/Schule/3-Klasse/POS/DroidRampage/target/classes/assets/levels/Tile3.tmx
08:29:03.511 [JavaFX Application Thread] DEBUG TMXLevelLoader       - Creating tile layer entities
08:29:03.511 [JavaFX Application Thread] DEBUG TilesetLoader        - Loading view for layer Tile Layer 1
08:29:03.512 [JavaFX Application Thread] DEBUG TilesetLoader        - Created buffer with size 1920.0x1088.0
08:29:03.546 [JavaFX Application Thread] DEBUG TMXLevelLoader       - Creating object layer entities
08:29:04.137 [JavaFX Application Thread] DEBUG PrimaryStageWindow   - Push state: FXGLDefaultMenu
08:29:04.142 [JavaFX Application Thread] DEBUG Input                - Clearing active input actions
08:29:04.146 [JavaFX Application Thread] DEBUG GameApplicationServi - Removing overlay from GameScene and adding to FXGLDefaultMenu
08:29:04.146 [JavaFX Application Thread] DEBUG PrimaryStageWindow   - GameScene -> FXGLDefaultMenu
08:29:05.717 [JavaFX Application Thread] DEBUG LoopRunner           - Pausing loop
08:30:10.988 [JavaFX Application Thread] DEBUG LoopRunner           - Resuming loop
08:30:12.438 [JavaFX Application Thread] DEBUG Menu                 - fireResume()
08:30:12.439 [JavaFX Application Thread] DEBUG PrimaryStageWindow   - Pop state: FXGLDefaultMenu
08:30:12.439 [JavaFX Application Thread] DEBUG Input                - Clearing active input actions
08:30:12.440 [JavaFX Application Thread] DEBUG GameApplicationServi - Removing overlay from FXGLDefaultMenu and adding to GameScene
08:30:12.440 [JavaFX Application Thread] DEBUG PrimaryStageWindow   - GameScene <- FXGLDefaultMenu
08:30:15.046 [JavaFX Application Thread] DEBUG GameApplicationServi - Starting new game
08:30:15.046 [JavaFX Application Thread] DEBUG Input                - Clearing active input actions
08:30:15.060 [JavaFX Application Thread] DEBUG GameApplicationServi - Removing overlay from GameScene and adding to FXGLLoadingScene
08:30:15.060 [JavaFX Application Thread] DEBUG PrimaryStageWindow   - GameScene -> FXGLLoadingScene
08:30:15.060 [JavaFX Application Thread] DEBUG GameApplicationServi - Clearing previous game
08:30:15.060 [JavaFX Application Thread] DEBUG GameScene            - Clearing game scene
08:30:15.060 [JavaFX Application Thread] DEBUG GameWorld            - Clearing game world
08:30:15.063 [JavaFX Application Thread] DEBUG PhysicsWorld         - Clearing physics world
08:30:15.064 [FXGL Background Thread 5 ] DEBUG FXGLApplication      - Initializing game
08:30:15.065 [FXGL Background Thread 5 ] WARN  TMXLevelLoader       - TiledMap generated from 1.8.2. Supported version: 1.9.0. Some features may not be parsed fully.
08:30:15.070 [FXGL Background Thread 5 ] DEBUG TMXLevelLoader       - Parsed TiledMap: file:/home/franz/Documents/Schule/3-Klasse/POS/DroidRampage/target/classes/assets/levels/TileStart.tmx
08:30:15.070 [FXGL Background Thread 5 ] DEBUG TMXLevelLoader       - Creating tile layer entities
08:30:15.071 [FXGL Background Thread 5 ] DEBUG TilesetLoader        - Loading view for layer Kachelebene 1
08:30:15.074 [FXGL Background Thread 5 ] DEBUG TilesetLoader        - Created buffer with size 1920.0x1088.0
08:30:15.131 [FXGL Background Thread 5 ] DEBUG TMXLevelLoader       - Creating object layer entities
08:30:15.137 [FXGL Background Thread 5 ] DEBUG GameWorld            - Clearing removable entities
08:30:15.137 [FXGL Background Thread 5 ] DEBUG GameWorld            - Setting level: com.almasb.fxgl.entity.level.Level@222a5d92
08:30:15.219 [JavaFX Application Thread] DEBUG LoopRunner           - Stopping loop
08:30:15.220 [JavaFX Application Thread] FATAL FXGLApplication      - Uncaught Exception:
java.lang.RuntimeException: Initialization failed
	at com.almasb.fxgl.app.FXGLApplication$InitAppTask.failed(FXGLApplication.kt:343)
	at javafx.concurrent.Task.setState(Task.java:710)
	at javafx.concurrent.Task$TaskCallable.lambda$call$2(Task.java:1429)
	at com.sun.javafx.application.PlatformImpl.lambda$runLater$10(PlatformImpl.java:456)
	at java.base/java.security.AccessController.doPrivileged(AccessController.java:138)
	at com.sun.javafx.application.PlatformImpl.lambda$runLater$11(PlatformImpl.java:455)
	at com.sun.glass.ui.InvokeLaterDispatcher$Future.run(InvokeLaterDispatcher.java:95)
	at com.sun.glass.ui.gtk.GtkApplication._runLoop(Native Method)
	at com.sun.glass.ui.gtk.GtkApplication.lambda$runLoop$10(GtkApplication.java:263)
	at java.base/java.lang.Thread.run(Thread.java:1516)
Caused by: java.lang.IllegalArgumentException: Action already exists: Move Right
	at com.almasb.fxgl.input.Input.addBinding(Input.kt:511)
	at com.almasb.fxgl.input.Input.addAction(Input.kt:507)
	at com.almasb.fxgl.input.Input.addAction$default(Input.kt:504)
	at com.almasb.fxgl.input.Input.addAction(Input.kt)
	at at.htl.droidrampage.GameApp.registerPlayerInputs(GameApp.java:328)
	at at.htl.droidrampage.GameApp.initPhysics(GameApp.java:299)
	at com.almasb.fxgl.app.FXGLApplication$InitAppTask.call(FXGLApplication.kt:320)
	at com.almasb.fxgl.app.FXGLApplication$InitAppTask.call(FXGLApplication.kt:311)
	at javafx.concurrent.Task$TaskCallable.call(Task.java:1399)
	at java.base/java.util.concurrent.FutureTask.run(FutureTask.java:330)
	at java.base/java.util.concurrent.Executors$RunnableAdapter.call(Executors.java:545)
	at java.base/java.util.concurrent.FutureTask.run(FutureTask.java:330)
	at java.base/java.util.concurrent.ThreadPoolExecutor.runWorker(ThreadPoolExecutor.java:1090)
	at java.base/java.util.concurrent.ThreadPoolExecutor$Worker.run(ThreadPoolExecutor.java:614)
	... 1 more

08:30:15.221 [JavaFX Application Thread] FATAL FXGLApplication      - Application will now exit
08:30:15.230 [JavaFX Application Thread] DEBUG PrimaryStageWindow   - Push state: ErrorSubScene
08:30:15.231 [JavaFX Application Thread] DEBUG Input                - Clearing active input actions
08:30:15.233 [JavaFX Application Thread] DEBUG GameApplicationServi - Removing overlay from FXGLLoadingScene and adding to ErrorSubScene
08:30:15.233 [JavaFX Application Thread] DEBUG PrimaryStageWindow   - FXGLLoadingScene -> ErrorSubScene
08:30:20.943 [JavaFX Application Thread] DEBUG FXGLApplication      - Exiting FXGL
08:30:20.944 [JavaFX Application Thread] DEBUG Async                - Shutting down background threads
08:30:20.944 [JavaFX Application Thread] DEBUG PrimaryStageWindow   - Closing main window
08:30:20.950 [JavaFX Application Thread] DEBUG Logger               - Closing Logger
