12:01:53.828 [main                     ] DEBUG Logger               - Configured Logger
12:01:53.837 [main                     ] DEBUG GameApplication      - Logging settings
Title: Droid Rampage
Version: 0.6
Width: 1920
Height: 1088
Fullscreen: false
Intro: false
Profiling: false
Single step:false
App Mode: DEVELOPER
Menu Key: ESCAPE
Stage Style: DECORATED
Scene Factory: class com.almasb.fxgl.app.scene.SceneFactory

12:01:54.300 [JavaFX Application Thread] DEBUG FXGLApplication      - Initializing FXGL
12:01:54.302 [JavaFX Application Thread] INFO  Engine               - FXGL-17.3 (30.03.2023 11.49) on WINDOWS (J:25 FX:21.0.6)
12:01:54.302 [JavaFX Application Thread] DEBUG Engine               - JRE Vendor Name: Oracle Corporation
12:01:54.302 [JavaFX Application Thread] DEBUG Engine               - Running on OS: Windows 11 version 10.0
12:01:54.302 [JavaFX Application Thread] DEBUG Engine               - Architecture: amd64
12:01:54.302 [JavaFX Application Thread] INFO  Engine               - Source code and latest versions at: https://github.com/AlmasB/FXGL
12:01:54.303 [JavaFX Application Thread] INFO  Engine               -       Ask questions and discuss at: https://github.com/AlmasB/FXGL/discussions
12:01:54.303 [JavaFX Application Thread] INFO  Engine               -              Join the FXGL chat at: https://gitter.im/AlmasB/FXGL
12:01:54.400 [JavaFX Application Thread] DEBUG PrimaryStageWindow   - Creating a JavaFX scene
12:01:54.400 [JavaFX Application Thread] DEBUG PrimaryStageWindow   - Target size > screen size
12:01:54.447 [JavaFX Application Thread] DEBUG PrimaryStageWindow   - Target settings size: 1920.0 x 1088.0
12:01:54.447 [JavaFX Application Thread] DEBUG PrimaryStageWindow   - Scaled scene size:    1499.0 x 863.0
12:01:54.447 [JavaFX Application Thread] DEBUG PrimaryStageWindow   - Scaled ratio: (0.7807291666666667, 0.7931985294117647)
12:01:54.449 [JavaFX Application Thread] DEBUG PrimaryStageWindow   - Set initial scene to FXGLStartupScene
12:01:54.453 [JavaFX Application Thread] DEBUG PrimaryStageWindow   - Opening main window
12:01:54.628 [JavaFX Application Thread] DEBUG PrimaryStageWindow   - Window border size: (14.5999755859375, 37.79998779296875)
12:01:54.628 [JavaFX Application Thread] DEBUG PrimaryStageWindow   - Scaled size: 1499.0 x 863.0
12:01:54.628 [JavaFX Application Thread] DEBUG PrimaryStageWindow   - Scaled ratio: (0.7807291666666667, 0.7931985294117647)
12:01:54.629 [JavaFX Application Thread] DEBUG PrimaryStageWindow   - Scene size: 1499.0 x 863.0
12:01:54.629 [JavaFX Application Thread] DEBUG PrimaryStageWindow   - Stage size: 1513.5999755859375 x 900.7999877929688
12:01:54.643 [FXGL Background Thread 1 ] DEBUG Engine               - Initializing environment variables
12:01:54.731 [FXGL Background Thread 1 ] DEBUG FXGLAssetLoaderServi - User app class for loading assets: class at.htl.droidrampage.GameApp
12:01:54.731 [FXGL Background Thread 1 ] DEBUG GameApplicationServi - Applying CSS: fxgl_dark.css
12:01:54.733 [FXGL Background Thread 1 ] DEBUG FXGLAssetLoaderServi - Loading from file system: jar:file:/C:/Users/Fra-Lu/.m2/repository/com/github/almasb/fxgl/17.3/fxgl-17.3.jar!/fxglassets/ui/css/fxgl_dark.css
12:01:54.790 [FXGL Background Thread 1 ] DEBUG GameApplicationServi - Initializing application scenes
12:01:54.843 [FXGL Background Thread 1 ] DEBUG GameWorld            - Game world initialized
12:01:54.918 [FXGL Background Thread 1 ] DEBUG PhysicsWorld         - Physics world initialized: appHeight=1088, physics.ppm=50,0
12:01:54.919 [FXGL Background Thread 1 ] DEBUG PhysicsWorld         - Using strategy: BRUTE_FORCE
12:01:54.923 [FXGL Background Thread 1 ] DEBUG GameScene            - Game scene initialized: 1920x1088
12:01:54.935 [FXGL Background Thread 1 ] DEBUG FXGL.DefaultMenu     - createMenuBodyGameMenu()
12:01:54.952 [FXGL Background Thread 1 ] DEBUG FXGL.DefaultMenu     - createOptionsMenu()
12:01:54.961 [FXGL Background Thread 1 ] DEBUG FXGLAssetLoaderServi - Loading from file system: jar:file:/C:/Users/Fra-Lu/.m2/repository/com/github/almasb/fxgl/17.3/fxgl-17.3.jar!/fxglassets/textures/particles/smoke.png
12:01:55.059 [FXGL Background Thread 1 ] DEBUG FXGLAssetLoaderServi - Loading from file system: jar:file:/C:/Users/Fra-Lu/.m2/repository/com/github/almasb/fxgl/17.3/fxgl-17.3.jar!/fxglassets/textures/particles/trace_horizontal.png
12:01:55.084 [FXGL Background Thread 1 ] DEBUG GameApplicationServi - Application scenes initialized
12:01:55.098 [FXGL Background Thread 1 ] DEBUG SystemBundleService  - Loading FXGL system data
12:01:55.100 [FXGL Background Thread 1 ] DEBUG FileSystemAccess     - Reading from: C:\Users\Fra-Lu\Desktop\Schule\3.Klasse\POS\Workspace\DroidRampage\system\fxgl.bundle
12:01:55.106 [FXGL Background Thread 1 ] DEBUG SystemBundleService  - Bundle FXGL: {}
12:01:55.106 [FXGL Background Thread 1 ] DEBUG UpdaterService       - Checking for updates
12:01:55.109 [FXGL Background Thread 4 ] DEBUG FXGLApplication      - Loading fonts
12:01:55.110 [FXGL Background Thread 1 ] DEBUG FXGLApplication      - Loading default localization
12:01:55.110 [FXGL Background Thread 4 ] DEBUG FXGLAssetLoaderServi - Loading from file system: jar:file:/C:/Users/Fra-Lu/.m2/repository/com/github/almasb/fxgl/17.3/fxgl-17.3.jar!/fxglassets/ui/fonts/VarelaRound-Regular.ttf
12:01:55.110 [FXGL Background Thread 1 ] DEBUG FXGLAssetLoaderServi - Loading from file system: jar:file:/C:/Users/Fra-Lu/.m2/repository/com/github/almasb/fxgl/17.3/fxgl-17.3.jar!/fxglassets/languages/english.lang
12:01:55.128 [FXGL Background Thread 1 ] INFO  FXGLApplication      - FXGL initialization took: 0,486 sec
12:01:55.130 [JavaFX Application Thread] DEBUG FXGLAssetLoaderServi - Loading from file system: jar:file:/C:/Users/Fra-Lu/.m2/repository/com/github/almasb/fxgl/17.3/fxgl-17.3.jar!/fxglassets/textures/fxgl_icon.png
12:01:55.154 [JavaFX Application Thread] DEBUG FXGLAssetLoaderServi - Loading from file system: jar:file:/C:/Users/Fra-Lu/.m2/repository/com/github/almasb/fxgl/17.3/fxgl-17.3.jar!/fxglassets/textures/fxgl_default_cursor.png
12:01:55.167 [FXGL Background Thread 4 ] DEBUG FXGLAssetLoaderServi - Loading from file system: jar:file:/C:/Users/Fra-Lu/.m2/repository/com/github/almasb/fxgl/17.3/fxgl-17.3.jar!/fxglassets/ui/fonts/Abel-Regular.ttf
12:01:55.168 [JavaFX Application Thread] DEBUG Input                - Registered new binding: Screenshot - CTRL+8
12:01:55.168 [JavaFX Application Thread] DEBUG Input                - Registered new binding: System info dump - CTRL+9
12:01:55.169 [JavaFX Application Thread] DEBUG Input                - Registered new binding: Restart - CTRL+R
12:01:55.170 [JavaFX Application Thread] DEBUG Input                - Registered new binding: Toggle Debug Camera - CTRL+7
12:01:55.175 [JavaFX Application Thread] DEBUG LoopRunner           - Starting loop
12:01:55.175 [JavaFX Application Thread] DEBUG LoopRunner           - Initializing JavaFX AnimationTimerLoop
12:01:55.176 [JavaFX Application Thread] DEBUG GameApplicationServi - Starting new game
12:01:55.176 [JavaFX Application Thread] DEBUG Input                - Clearing active input actions
12:01:55.183 [FXGL Background Thread 4 ] DEBUG FXGLAssetLoaderServi - Loading from file system: jar:file:/C:/Users/Fra-Lu/.m2/repository/com/github/almasb/fxgl/17.3/fxgl-17.3.jar!/fxglassets/ui/fonts/TerminalLandMono-Regular.otf
12:01:55.186 [JavaFX Application Thread] DEBUG GameApplicationServi - Removing overlay from FXGLStartupScene and adding to FXGLLoadingScene
12:01:55.186 [JavaFX Application Thread] DEBUG PrimaryStageWindow   - FXGLStartupScene -> FXGLLoadingScene
12:01:55.186 [JavaFX Application Thread] DEBUG GameApplicationServi - Clearing previous game
12:01:55.187 [JavaFX Application Thread] DEBUG GameScene            - Clearing game scene
12:01:55.187 [JavaFX Application Thread] DEBUG GameWorld            - Clearing game world
12:01:55.187 [JavaFX Application Thread] DEBUG PhysicsWorld         - Clearing physics world
12:01:55.189 [FXGL Background Thread 1 ] DEBUG FXGLApplication      - Initializing game
12:01:55.196 [FXGL Background Thread 4 ] DEBUG FXGLAssetLoaderServi - Loading from file system: jar:file:/C:/Users/Fra-Lu/.m2/repository/com/github/almasb/fxgl/17.3/fxgl-17.3.jar!/fxglassets/ui/fonts/Courier-Prime.ttf
12:01:55.226 [FXGL Background Thread 1 ] WARN  TMXLevelLoader       - TiledMap generated from 1.11.2. Supported version: 1.9.0. Some features may not be parsed fully.
12:01:55.255 [FXGL Background Thread 1 ] DEBUG TMXLevelLoader       - Parsed TiledMap: file:/C:/Users/Fra-Lu/Desktop/Schule/3.Klasse/POS/Workspace/DroidRampage/target/classes/assets/levels/TileStart.tmx
12:01:55.256 [FXGL Background Thread 1 ] DEBUG TMXLevelLoader       - Creating tile layer entities
12:01:55.258 [FXGL Background Thread 1 ] DEBUG TilesetLoader        - Loading view for layer Kachelebene 1
12:01:55.264 [FXGL Background Thread 1 ] DEBUG TilesetLoader        - Created buffer with size 1920.0x1088.0
12:01:55.267 [JavaFX Application Thread] DEBUG FXGLApplication      - Registering font factories with UI factory
12:01:55.351 [FXGL Background Thread 1 ] DEBUG TMXLevelLoader       - Creating object layer entities
12:01:55.389 [FXGL Background Thread 1 ] DEBUG FXGLAssetLoaderServi - Loading from file system: file:/C:/Users/Fra-Lu/Desktop/Schule/3.Klasse/POS/Workspace/DroidRampage/target/classes/assets/textures/credit2.png
12:01:55.450 [FXGL Background Thread 1 ] DEBUG FXGLAssetLoaderServi - Loading from file system: file:/C:/Users/Fra-Lu/Desktop/Schule/3.Klasse/POS/Workspace/DroidRampage/target/classes/assets/textures/credit1.png
12:01:55.513 [FXGL Background Thread 1 ] DEBUG FXGLAssetLoaderServi - Loading from file system: file:/C:/Users/Fra-Lu/Desktop/Schule/3.Klasse/POS/Workspace/DroidRampage/target/classes/assets/textures/credit3.png
12:01:55.571 [FXGL Background Thread 1 ] DEBUG GameWorld            - Clearing removable entities
12:01:55.572 [FXGL Background Thread 1 ] DEBUG GameWorld            - Setting level: com.almasb.fxgl.entity.level.Level@7b2a82af
12:01:55.597 [FXGL Background Thread 2 ] INFO  UpdaterService       - Your current version:  17.3
12:01:55.597 [FXGL Background Thread 2 ] INFO  UpdaterService       - Latest stable version: 25
12:01:55.728 [FXGL Background Thread 1 ] DEBUG FXGLAssetLoaderServi - Loading from file system: file:/C:/Users/Fra-Lu/Desktop/Schule/3.Klasse/POS/Workspace/DroidRampage/target/classes/assets/textures/R2D2.png
12:01:55.733 [FXGL Background Thread 1 ] DEBUG Input                - Registered new binding: Move Right - D
12:01:55.733 [FXGL Background Thread 1 ] DEBUG Input                - Registered new binding: Move Left - A
12:01:55.734 [FXGL Background Thread 1 ] DEBUG Input                - Registered new binding: Jump - Space
12:01:55.734 [FXGL Background Thread 1 ] DEBUG Input                - Registered new binding: Toggle Cheat Mode - I
12:01:55.738 [FXGL Background Thread 1 ] INFO  FXGLApplication      - Game initialization took: 0,548 sec
12:01:55.738 [JavaFX Application Thread] DEBUG Input                - Clearing active input actions
12:01:55.749 [JavaFX Application Thread] DEBUG GameApplicationServi - Removing overlay from FXGLLoadingScene and adding to GameScene
12:01:55.750 [JavaFX Application Thread] DEBUG PrimaryStageWindow   - FXGLLoadingScene -> GameScene
12:01:58.109 [FXGL Background Thread 3 ] DEBUG Engine               - Logging environment variables
12:01:58.109 [FXGL Background Thread 3 ] DEBUG Engine               - achievements: []
12:01:58.109 [FXGL Background Thread 3 ] DEBUG Engine               - actualHeight: 863.0
12:01:58.109 [FXGL Background Thread 3 ] DEBUG Engine               - actualHeightProperty: ReadOnlyDoubleProperty [value: 863.0]
12:01:58.109 [FXGL Background Thread 3 ] DEBUG Engine               - actualWidth: 1499.0
12:01:58.109 [FXGL Background Thread 3 ] DEBUG Engine               - actualWidthProperty: ReadOnlyDoubleProperty [value: 1499.0]
12:01:58.109 [FXGL Background Thread 3 ] DEBUG Engine               - appIcon: fxgl_icon.png
12:01:58.109 [FXGL Background Thread 3 ] DEBUG Engine               - applicationMode: DEVELOPER
12:01:58.109 [FXGL Background Thread 3 ] DEBUG Engine               - cSSList: [fxgl_dark.css]
12:01:58.109 [FXGL Background Thread 3 ] DEBUG Engine               - collisionDetectionStrategy: BRUTE_FORCE
12:01:58.109 [FXGL Background Thread 3 ] DEBUG Engine               - configClass: Optional.empty
12:01:58.109 [FXGL Background Thread 3 ] DEBUG Engine               - credits: []
12:01:58.110 [FXGL Background Thread 3 ] DEBUG Engine               - defaultCursor: CursorInfo(imageName=fxgl_default_cursor.png, hotspotX=7.0, hotspotY=6.0)
12:01:58.110 [FXGL Background Thread 3 ] DEBUG Engine               - devBBoxColorProperty: ObjectProperty [value: 0xff0000ff]
12:01:58.110 [FXGL Background Thread 3 ] DEBUG Engine               - devEnableDebugCameraProperty: BooleanProperty [value: false]
12:01:58.110 [FXGL Background Thread 3 ] DEBUG Engine               - devSensorColorProperty: ObjectProperty [value: 0xffff00ff]
12:01:58.110 [FXGL Background Thread 3 ] DEBUG Engine               - devShowBBoxProperty: BooleanProperty [value: false]
12:01:58.110 [FXGL Background Thread 3 ] DEBUG Engine               - devShowPositionProperty: BooleanProperty [value: false]
12:01:58.110 [FXGL Background Thread 3 ] DEBUG Engine               - enabledMenuItems: []
12:01:58.110 [FXGL Background Thread 3 ] DEBUG Engine               - engineServices: [class com.almasb.fxgl.app.services.FXGLAssetLoaderService, class com.almasb.fxgl.app.FXGLApplication$GameApplicationService, class com.almasb.fxgl.app.services.FXGLDialogService, class com.almasb.fxgl.app.services.IOTaskExecutorService, class com.almasb.fxgl.io.FileSystemService, class com.almasb.fxgl.localization.LocalizationService, class com.almasb.fxgl.app.services.SystemBundleService, class com.almasb.fxgl.profile.SaveLoadService, class com.almasb.fxgl.ui.FXGLUIFactoryServiceProvider, class com.almasb.fxgl.ui.FXGLDialogFactoryServiceProvider, class com.almasb.fxgl.audio.AudioPlayer, class com.almasb.fxgl.notification.impl.NotificationServiceProvider, class com.almasb.fxgl.achievement.AchievementService, class com.almasb.fxgl.cutscene.CutsceneService, class com.almasb.fxgl.minigames.MiniGameService, class com.almasb.fxgl.net.NetService, class com.almasb.fxgl.app.services.UpdaterService, class com.almasb.fxgl.dev.DevService]
12:01:58.110 [FXGL Background Thread 3 ] DEBUG Engine               - fontGame: Abel-Regular.ttf
12:01:58.110 [FXGL Background Thread 3 ] DEBUG Engine               - fontMono: TerminalLandMono-Regular.otf
12:01:58.110 [FXGL Background Thread 3 ] DEBUG Engine               - fontSizeScaleUI: 1.0
12:01:58.110 [FXGL Background Thread 3 ] DEBUG Engine               - fontText: Courier-Prime.ttf
12:01:58.110 [FXGL Background Thread 3 ] DEBUG Engine               - fontUI: VarelaRound-Regular.ttf
12:01:58.110 [FXGL Background Thread 3 ] DEBUG Engine               - fullScreen: BooleanProperty [value: true]
12:01:58.110 [FXGL Background Thread 3 ] DEBUG Engine               - gameDifficulty: MEDIUM
12:01:58.110 [FXGL Background Thread 3 ] DEBUG Engine               - gameDifficultyProperty: ObjectProperty [value: MEDIUM]
12:01:58.110 [FXGL Background Thread 3 ] DEBUG Engine               - globalMusicVolume: 0.5
12:01:58.110 [FXGL Background Thread 3 ] DEBUG Engine               - globalMusicVolumeProperty: DoubleProperty [value: 0.5]
12:01:58.110 [FXGL Background Thread 3 ] DEBUG Engine               - globalSoundVolume: 0.5
12:01:58.110 [FXGL Background Thread 3 ] DEBUG Engine               - globalSoundVolumeProperty: DoubleProperty [value: 0.5]
12:01:58.111 [FXGL Background Thread 3 ] DEBUG Engine               - height: 1088
12:01:58.111 [FXGL Background Thread 3 ] DEBUG Engine               - is3D: false
12:01:58.111 [FXGL Background Thread 3 ] DEBUG Engine               - isAndroid: false
12:01:58.111 [FXGL Background Thread 3 ] DEBUG Engine               - isBrowser: false
12:01:58.111 [FXGL Background Thread 3 ] DEBUG Engine               - isClickFeedbackEnabled: false
12:01:58.111 [FXGL Background Thread 3 ] DEBUG Engine               - isCloseConfirmation: false
12:01:58.111 [FXGL Background Thread 3 ] DEBUG Engine               - isDesktop: true
12:01:58.111 [FXGL Background Thread 3 ] DEBUG Engine               - isDeveloperMenuEnabled: false
12:01:58.111 [FXGL Background Thread 3 ] DEBUG Engine               - isEmbedded: false
12:01:58.111 [FXGL Background Thread 3 ] DEBUG Engine               - isEntityPreloadEnabled: true
12:01:58.111 [FXGL Background Thread 3 ] DEBUG Engine               - isExperimentalTiledLargeMap: false
12:01:58.111 [FXGL Background Thread 3 ] DEBUG Engine               - isFileSystemWriteAllowed: true
12:01:58.111 [FXGL Background Thread 3 ] DEBUG Engine               - isFullScreenAllowed: false
12:01:58.111 [FXGL Background Thread 3 ] DEBUG Engine               - isFullScreenFromStart: true
12:01:58.111 [FXGL Background Thread 3 ] DEBUG Engine               - isGameMenuEnabled: true
12:01:58.111 [FXGL Background Thread 3 ] DEBUG Engine               - isIOS: false
12:01:58.111 [FXGL Background Thread 3 ] DEBUG Engine               - isIntroEnabled: false
12:01:58.111 [FXGL Background Thread 3 ] DEBUG Engine               - isLinux: false
12:01:58.111 [FXGL Background Thread 3 ] DEBUG Engine               - isMac: false
12:01:58.111 [FXGL Background Thread 3 ] DEBUG Engine               - isMainMenuEnabled: false
12:01:58.111 [FXGL Background Thread 3 ] DEBUG Engine               - isManualResizeEnabled: false
12:01:58.111 [FXGL Background Thread 3 ] DEBUG Engine               - isMobile: false
12:01:58.111 [FXGL Background Thread 3 ] DEBUG Engine               - isNative: false
12:01:58.111 [FXGL Background Thread 3 ] DEBUG Engine               - isPauseMusicWhenMinimized: true
12:01:58.111 [FXGL Background Thread 3 ] DEBUG Engine               - isPreserveResizeRatio: false
12:01:58.111 [FXGL Background Thread 3 ] DEBUG Engine               - isProfilingEnabled: false
12:01:58.111 [FXGL Background Thread 3 ] DEBUG Engine               - isScaleAffectedOnResize: true
12:01:58.111 [FXGL Background Thread 3 ] DEBUG Engine               - isSingleStep: false
12:01:58.111 [FXGL Background Thread 3 ] DEBUG Engine               - isUserProfileEnabled: false
12:01:58.111 [FXGL Background Thread 3 ] DEBUG Engine               - isWindows: true
12:01:58.111 [FXGL Background Thread 3 ] DEBUG Engine               - language: ObjectProperty [value: ENGLISH]
12:01:58.111 [FXGL Background Thread 3 ] DEBUG Engine               - menuKey: ESCAPE
12:01:58.111 [FXGL Background Thread 3 ] DEBUG Engine               - mouseSensitivity: 0.2
12:01:58.111 [FXGL Background Thread 3 ] DEBUG Engine               - notificationViewClass: class com.almasb.fxgl.notification.view.XboxNotificationView
12:01:58.111 [FXGL Background Thread 3 ] DEBUG Engine               - pixelsPerMeter: 50.0
12:01:58.111 [FXGL Background Thread 3 ] DEBUG Engine               - platform: WINDOWS
12:01:58.111 [FXGL Background Thread 3 ] DEBUG Engine               - prefHeightProperty: ReadOnlyDoubleProperty [value: 1088.0]
12:01:58.111 [FXGL Background Thread 3 ] DEBUG Engine               - prefWidthProperty: ReadOnlyDoubleProperty [value: 1920.0]
12:01:58.111 [FXGL Background Thread 3 ] DEBUG Engine               - profileDir: profiles/
12:01:58.111 [FXGL Background Thread 3 ] DEBUG Engine               - profileName: StringProperty [value: DEFAULT]
12:01:58.112 [FXGL Background Thread 3 ] DEBUG Engine               - randomSeed: -1
12:01:58.112 [FXGL Background Thread 3 ] DEBUG Engine               - runtimeInfo: RuntimeInfo(platform=WINDOWS, version=17.3, build=30.03.2023 11.49)
12:01:58.112 [FXGL Background Thread 3 ] DEBUG Engine               - saveFileExt: sav
12:01:58.112 [FXGL Background Thread 3 ] DEBUG Engine               - scaledHeightProp$fxgl: DoubleProperty [bound, value: 863.0]
12:01:58.112 [FXGL Background Thread 3 ] DEBUG Engine               - scaledWidthProp$fxgl: DoubleProperty [bound, value: 1499.0]
12:01:58.112 [FXGL Background Thread 3 ] DEBUG Engine               - sceneFactory: com.almasb.fxgl.app.scene.SceneFactory@73547f52
12:01:58.112 [FXGL Background Thread 3 ] DEBUG Engine               - secondsIn24h: 60
12:01:58.112 [FXGL Background Thread 3 ] DEBUG Engine               - soundMenuBack: menu/back.wav
12:01:58.112 [FXGL Background Thread 3 ] DEBUG Engine               - soundMenuPress: menu/press.wav
12:01:58.112 [FXGL Background Thread 3 ] DEBUG Engine               - soundMenuSelect: menu/select.wav
12:01:58.112 [FXGL Background Thread 3 ] DEBUG Engine               - soundNotification: core/notification.wav
12:01:58.112 [FXGL Background Thread 3 ] DEBUG Engine               - stageStyle: DECORATED
12:01:58.112 [FXGL Background Thread 3 ] DEBUG Engine               - supportedLanguages: [ENGLISH, FRENCH, GERMAN, HUNGARIAN, RUSSIAN]
12:01:58.112 [FXGL Background Thread 3 ] DEBUG Engine               - ticksPerSecond: -1
12:01:58.112 [FXGL Background Thread 3 ] DEBUG Engine               - title: Droid Rampage
12:01:58.112 [FXGL Background Thread 3 ] DEBUG Engine               - urlGithub: https://github.com/AlmasB/FXGL
12:01:58.112 [FXGL Background Thread 3 ] DEBUG Engine               - urlLeaderboard: http://fxgl-top.herokuapp.com/
12:01:58.112 [FXGL Background Thread 3 ] DEBUG Engine               - urlPOM: https://raw.githubusercontent.com/AlmasB/FXGL/release/README.md
12:01:58.112 [FXGL Background Thread 3 ] DEBUG Engine               - userAppClass: class at.htl.droidrampage.GameApp
12:01:58.112 [FXGL Background Thread 3 ] DEBUG Engine               - version: 0.6
12:01:58.112 [FXGL Background Thread 3 ] DEBUG Engine               - versionCheckDays: 7
12:01:58.112 [FXGL Background Thread 3 ] DEBUG Engine               - width: 1920
12:01:58.112 [FXGL Background Thread 3 ] DEBUG Engine               - Logging services
12:01:58.112 [FXGL Background Thread 3 ] DEBUG Engine               - class com.almasb.fxgl.app.services.FXGLAssetLoaderService
12:01:58.112 [FXGL Background Thread 3 ] DEBUG Engine               - class com.almasb.fxgl.app.FXGLApplication$GameApplicationService
12:01:58.112 [FXGL Background Thread 3 ] DEBUG Engine               - class com.almasb.fxgl.app.services.FXGLDialogService
12:01:58.112 [FXGL Background Thread 3 ] DEBUG Engine               - class com.almasb.fxgl.app.services.IOTaskExecutorService
12:01:58.112 [FXGL Background Thread 3 ] DEBUG Engine               - class com.almasb.fxgl.io.FileSystemService
12:01:58.112 [FXGL Background Thread 3 ] DEBUG Engine               - class com.almasb.fxgl.localization.LocalizationService
12:01:58.112 [FXGL Background Thread 3 ] DEBUG Engine               - class com.almasb.fxgl.app.services.SystemBundleService
12:01:58.112 [FXGL Background Thread 3 ] DEBUG Engine               - class com.almasb.fxgl.profile.SaveLoadService
12:01:58.112 [FXGL Background Thread 3 ] DEBUG Engine               - class com.almasb.fxgl.ui.FXGLUIFactoryServiceProvider
12:01:58.112 [FXGL Background Thread 3 ] DEBUG Engine               - class com.almasb.fxgl.ui.FXGLDialogFactoryServiceProvider
12:01:58.112 [FXGL Background Thread 3 ] DEBUG Engine               - class com.almasb.fxgl.audio.AudioPlayer
12:01:58.112 [FXGL Background Thread 3 ] DEBUG Engine               - class com.almasb.fxgl.notification.impl.NotificationServiceProvider
12:01:58.112 [FXGL Background Thread 3 ] DEBUG Engine               - class com.almasb.fxgl.achievement.AchievementService
12:01:58.112 [FXGL Background Thread 3 ] DEBUG Engine               - class com.almasb.fxgl.cutscene.CutsceneService
12:01:58.112 [FXGL Background Thread 3 ] DEBUG Engine               - class com.almasb.fxgl.minigames.MiniGameService
12:01:58.112 [FXGL Background Thread 3 ] DEBUG Engine               - class com.almasb.fxgl.net.NetService
12:01:58.112 [FXGL Background Thread 3 ] DEBUG Engine               - class com.almasb.fxgl.app.services.UpdaterService
12:01:58.112 [FXGL Background Thread 3 ] DEBUG Engine               - class com.almasb.fxgl.dev.DevService
12:02:24.784 [JavaFX Application Thread] WARN  TMXLevelLoader       - TiledMap generated from 1.11.2. Supported version: 1.9.0. Some features may not be parsed fully.
12:02:24.788 [JavaFX Application Thread] DEBUG TMXLevelLoader       - Parsed TiledMap: file:/C:/Users/Fra-Lu/Desktop/Schule/3.Klasse/POS/Workspace/DroidRampage/target/classes/assets/levels/Tile1.tmx
12:02:24.788 [JavaFX Application Thread] DEBUG TMXLevelLoader       - Creating tile layer entities
12:02:24.789 [JavaFX Application Thread] DEBUG TilesetLoader        - Loading view for layer Kachelebene 1
12:02:24.794 [JavaFX Application Thread] DEBUG TilesetLoader        - Created buffer with size 1920.0x1088.0
12:02:24.841 [JavaFX Application Thread] WARN  TilesetLoader        - Diagonally flipped tiles are not currently supported
12:02:24.842 [JavaFX Application Thread] WARN  TilesetLoader        - Diagonally flipped tiles are not currently supported
12:02:24.843 [JavaFX Application Thread] WARN  TilesetLoader        - Diagonally flipped tiles are not currently supported
12:02:24.843 [JavaFX Application Thread] WARN  TilesetLoader        - Diagonally flipped tiles are not currently supported
12:02:24.843 [JavaFX Application Thread] WARN  TilesetLoader        - Diagonally flipped tiles are not currently supported
12:02:24.843 [JavaFX Application Thread] WARN  TilesetLoader        - Diagonally flipped tiles are not currently supported
12:02:24.844 [JavaFX Application Thread] DEBUG TMXLevelLoader       - Creating object layer entities
12:02:24.850 [JavaFX Application Thread] DEBUG GameWorld            - Clearing removable entities
12:02:24.851 [JavaFX Application Thread] DEBUG GameWorld            - Setting level: com.almasb.fxgl.entity.level.Level@570e44e4
12:02:24.863 [JavaFX Application Thread] DEBUG LoopRunner           - Stopping loop
12:02:24.864 [JavaFX Application Thread] FATAL FXGLApplication      - Uncaught Exception:
java.lang.IllegalStateException: Physics not initialized yet! Use setOnPhysicsInitialized() instead
	at com.almasb.fxgl.physics.PhysicsComponent.getPhysicsWorld(PhysicsComponent.java:59)
	at com.almasb.fxgl.physics.PhysicsComponent.getLinearVelocity(PhysicsComponent.java:239)
	at com.almasb.fxgl.physics.PhysicsComponent.getVelocityY(PhysicsComponent.java:220)
	at com.almasb.fxgl.physics.PhysicsComponent.setVelocityX(PhysicsComponent.java:208)
	at at.htl.droidrampage.GameApp$1.onAction(GameApp.java:216)
	at com.almasb.fxgl.input.UserAction.action$fxgl_core(UserAction.kt:38)
	at com.almasb.fxgl.input.Input.update(Input.kt:288)
	at com.almasb.fxgl.scene.Scene.update(Scene.kt:103)
	at com.almasb.fxgl.app.MainWindow$update$1.invoke(MainWindow.kt:115)
	at com.almasb.fxgl.app.MainWindow$update$1.invoke(MainWindow.kt:115)
	at com.almasb.fxgl.core.fsm.StateMachine.runOnActiveStates(StateMachine.kt:69)
	at com.almasb.fxgl.app.MainWindow.update(MainWindow.kt:115)
	at com.almasb.fxgl.app.FXGLApplication$GameApplicationService.onUpdate(FXGLApplication.kt:426)
	at com.almasb.fxgl.app.Engine.loop(Engine.kt:134)
	at com.almasb.fxgl.app.Engine.access$loop(Engine.kt:24)
	at com.almasb.fxgl.app.Engine$loop$1.invoke(Engine.kt:28)
	at com.almasb.fxgl.app.Engine$loop$1.invoke(Engine.kt:28)
	at com.almasb.fxgl.app.LoopRunner.frame(LoopRunner.kt:103)
	at com.almasb.fxgl.app.LoopRunner.access$frame(LoopRunner.kt:23)
	at com.almasb.fxgl.app.LoopRunner$impl$2$1.onTick(LoopRunner.kt:57)
	at com.almasb.fxgl.app.AnimationTimerLoop$timer$1.handle(LoopRunner.kt:137)
	at javafx.animation.AnimationTimer$AnimationTimerReceiver.lambda$handle$0(AnimationTimer.java:58)
	at java.base/java.security.AccessController.doPrivileged(AccessController.java:138)
	at javafx.animation.AnimationTimer$AnimationTimerReceiver.handle(AnimationTimer.java:57)
	at com.sun.scenario.animation.AbstractPrimaryTimer.timePulseImpl(AbstractPrimaryTimer.java:356)
	at com.sun.scenario.animation.AbstractPrimaryTimer$MainLoop.run(AbstractPrimaryTimer.java:266)
	at com.sun.javafx.tk.quantum.QuantumToolkit.pulse(QuantumToolkit.java:588)
	at com.sun.javafx.tk.quantum.QuantumToolkit.pulse(QuantumToolkit.java:572)
	at com.sun.javafx.tk.quantum.QuantumToolkit.pulseFromQueue(QuantumToolkit.java:565)
	at com.sun.javafx.tk.quantum.QuantumToolkit.lambda$runToolkit$11(QuantumToolkit.java:352)
	at com.sun.glass.ui.InvokeLaterDispatcher$Future.run(InvokeLaterDispatcher.java:95)
	at com.sun.glass.ui.win.WinApplication._runLoop(Native Method)
	at com.sun.glass.ui.win.WinApplication.lambda$runLoop$3(WinApplication.java:185)
	at java.base/java.lang.Thread.run(Thread.java:1474)

12:02:24.865 [JavaFX Application Thread] FATAL FXGLApplication      - Application will now exit
12:02:24.880 [JavaFX Application Thread] DEBUG PrimaryStageWindow   - Push state: ErrorSubScene
12:02:24.880 [JavaFX Application Thread] DEBUG Input                - Clearing active input actions
12:02:43.421 [JavaFX Application Thread] DEBUG FXGLApplication      - Exiting FXGL
12:02:43.421 [JavaFX Application Thread] DEBUG Async                - Shutting down background threads
12:02:43.422 [JavaFX Application Thread] DEBUG PrimaryStageWindow   - Closing main window
12:02:43.440 [JavaFX Application Thread] DEBUG Logger               - Closing Logger
