12:12:16.307 [main                     ] DEBUG Logger               - Configured Logger
12:12:16.319 [main                     ] DEBUG GameApplication      - Logging settings
Title: Droid Rampage
Version: 0.6
Width: 1920
Height: 1088
Fullscreen: false
Intro: false
Profiling: false
Single step:false
App Mode: DEVELOPER
Menu Key: ESCAPE
Stage Style: DECORATED
Scene Factory: class com.almasb.fxgl.app.scene.SceneFactory

12:12:16.765 [JavaFX Application Thread] DEBUG FXGLApplication      - Initializing FXGL
12:12:16.767 [JavaFX Application Thread] INFO  Engine               - FXGL-17.3 (30.03.2023 11.49) on WINDOWS (J:25 FX:21.0.6)
12:12:16.768 [JavaFX Application Thread] DEBUG Engine               - JRE Vendor Name: Oracle Corporation
12:12:16.768 [JavaFX Application Thread] DEBUG Engine               - Running on OS: Windows 11 version 10.0
12:12:16.768 [JavaFX Application Thread] DEBUG Engine               - Architecture: amd64
12:12:16.768 [JavaFX Application Thread] INFO  Engine               - Source code and latest versions at: https://github.com/AlmasB/FXGL
12:12:16.768 [JavaFX Application Thread] INFO  Engine               -       Ask questions and discuss at: https://github.com/AlmasB/FXGL/discussions
12:12:16.768 [JavaFX Application Thread] INFO  Engine               -              Join the FXGL chat at: https://gitter.im/AlmasB/FXGL
12:12:16.872 [JavaFX Application Thread] DEBUG PrimaryStageWindow   - Creating a JavaFX scene
12:12:16.872 [JavaFX Application Thread] DEBUG PrimaryStageWindow   - Target size > screen size
12:12:16.943 [JavaFX Application Thread] DEBUG PrimaryStageWindow   - Target settings size: 1920.0 x 1088.0
12:12:16.943 [JavaFX Application Thread] DEBUG PrimaryStageWindow   - Scaled scene size:    1499.0 x 863.0
12:12:16.944 [JavaFX Application Thread] DEBUG PrimaryStageWindow   - Scaled ratio: (0.7807291666666667, 0.7931985294117647)
12:12:16.946 [JavaFX Application Thread] DEBUG PrimaryStageWindow   - Set initial scene to FXGLStartupScene
12:12:16.952 [JavaFX Application Thread] DEBUG PrimaryStageWindow   - Opening main window
12:12:17.117 [JavaFX Application Thread] DEBUG PrimaryStageWindow   - Window border size: (14.5999755859375, 37.79998779296875)
12:12:17.117 [JavaFX Application Thread] DEBUG PrimaryStageWindow   - Scaled size: 1499.0 x 863.0
12:12:17.117 [JavaFX Application Thread] DEBUG PrimaryStageWindow   - Scaled ratio: (0.7807291666666667, 0.7931985294117647)
12:12:17.117 [JavaFX Application Thread] DEBUG PrimaryStageWindow   - Scene size: 1499.0 x 863.0
12:12:17.117 [JavaFX Application Thread] DEBUG PrimaryStageWindow   - Stage size: 1513.5999755859375 x 900.7999877929688
12:12:17.125 [FXGL Background Thread 1 ] DEBUG Engine               - Initializing environment variables
12:12:17.202 [FXGL Background Thread 1 ] DEBUG FXGLAssetLoaderServi - User app class for loading assets: class at.htl.droidrampage.GameApp
12:12:17.203 [FXGL Background Thread 1 ] DEBUG GameApplicationServi - Applying CSS: fxgl_dark.css
12:12:17.204 [FXGL Background Thread 1 ] DEBUG FXGLAssetLoaderServi - Loading from file system: jar:file:/C:/Users/Fra-Lu/.m2/repository/com/github/almasb/fxgl/17.3/fxgl-17.3.jar!/fxglassets/ui/css/fxgl_dark.css
12:12:17.253 [FXGL Background Thread 1 ] DEBUG GameApplicationServi - Initializing application scenes
12:12:17.304 [FXGL Background Thread 1 ] DEBUG GameWorld            - Game world initialized
12:12:17.363 [FXGL Background Thread 1 ] DEBUG PhysicsWorld         - Physics world initialized: appHeight=1088, physics.ppm=50,0
12:12:17.364 [FXGL Background Thread 1 ] DEBUG PhysicsWorld         - Using strategy: BRUTE_FORCE
12:12:17.367 [FXGL Background Thread 1 ] DEBUG GameScene            - Game scene initialized: 1920x1088
12:12:17.377 [FXGL Background Thread 1 ] DEBUG FXGL.DefaultMenu     - createMenuBodyGameMenu()
12:12:17.397 [FXGL Background Thread 1 ] DEBUG FXGL.DefaultMenu     - createOptionsMenu()
12:12:17.406 [FXGL Background Thread 1 ] DEBUG FXGLAssetLoaderServi - Loading from file system: jar:file:/C:/Users/Fra-Lu/.m2/repository/com/github/almasb/fxgl/17.3/fxgl-17.3.jar!/fxglassets/textures/particles/smoke.png
12:12:17.491 [FXGL Background Thread 1 ] DEBUG FXGLAssetLoaderServi - Loading from file system: jar:file:/C:/Users/Fra-Lu/.m2/repository/com/github/almasb/fxgl/17.3/fxgl-17.3.jar!/fxglassets/textures/particles/trace_horizontal.png
12:12:17.514 [FXGL Background Thread 1 ] DEBUG GameApplicationServi - Application scenes initialized
12:12:17.527 [FXGL Background Thread 1 ] DEBUG SystemBundleService  - Loading FXGL system data
12:12:17.531 [FXGL Background Thread 1 ] DEBUG FileSystemAccess     - Reading from: C:\Users\Fra-Lu\Desktop\Schule\3.Klasse\POS\Workspace\DroidRampage\system\fxgl.bundle
12:12:17.537 [FXGL Background Thread 1 ] DEBUG SystemBundleService  - Bundle FXGL: {}
12:12:17.537 [FXGL Background Thread 1 ] DEBUG UpdaterService       - Checking for updates
12:12:17.540 [FXGL Background Thread 4 ] DEBUG FXGLApplication      - Loading fonts
12:12:17.540 [FXGL Background Thread 1 ] DEBUG FXGLApplication      - Loading default localization
12:12:17.541 [FXGL Background Thread 4 ] DEBUG FXGLAssetLoaderServi - Loading from file system: jar:file:/C:/Users/Fra-Lu/.m2/repository/com/github/almasb/fxgl/17.3/fxgl-17.3.jar!/fxglassets/ui/fonts/VarelaRound-Regular.ttf
12:12:17.541 [FXGL Background Thread 1 ] DEBUG FXGLAssetLoaderServi - Loading from file system: jar:file:/C:/Users/Fra-Lu/.m2/repository/com/github/almasb/fxgl/17.3/fxgl-17.3.jar!/fxglassets/languages/english.lang
12:12:17.558 [FXGL Background Thread 1 ] INFO  FXGLApplication      - FXGL initialization took: 0,433 sec
12:12:17.559 [JavaFX Application Thread] DEBUG FXGLAssetLoaderServi - Loading from file system: jar:file:/C:/Users/Fra-Lu/.m2/repository/com/github/almasb/fxgl/17.3/fxgl-17.3.jar!/fxglassets/textures/fxgl_icon.png
12:12:17.582 [JavaFX Application Thread] DEBUG FXGLAssetLoaderServi - Loading from file system: jar:file:/C:/Users/Fra-Lu/.m2/repository/com/github/almasb/fxgl/17.3/fxgl-17.3.jar!/fxglassets/textures/fxgl_default_cursor.png
12:12:17.597 [JavaFX Application Thread] DEBUG Input                - Registered new binding: Screenshot - CTRL+8
12:12:17.597 [JavaFX Application Thread] DEBUG Input                - Registered new binding: System info dump - CTRL+9
12:12:17.598 [JavaFX Application Thread] DEBUG Input                - Registered new binding: Restart - CTRL+R
12:12:17.599 [JavaFX Application Thread] DEBUG Input                - Registered new binding: Toggle Debug Camera - CTRL+7
12:12:17.604 [JavaFX Application Thread] DEBUG LoopRunner           - Starting loop
12:12:17.604 [JavaFX Application Thread] DEBUG LoopRunner           - Initializing JavaFX AnimationTimerLoop
12:12:17.606 [JavaFX Application Thread] DEBUG GameApplicationServi - Starting new game
12:12:17.607 [JavaFX Application Thread] DEBUG Input                - Clearing active input actions
12:12:17.609 [FXGL Background Thread 4 ] DEBUG FXGLAssetLoaderServi - Loading from file system: jar:file:/C:/Users/Fra-Lu/.m2/repository/com/github/almasb/fxgl/17.3/fxgl-17.3.jar!/fxglassets/ui/fonts/Abel-Regular.ttf
12:12:17.622 [JavaFX Application Thread] DEBUG GameApplicationServi - Removing overlay from FXGLStartupScene and adding to FXGLLoadingScene
12:12:17.623 [JavaFX Application Thread] DEBUG PrimaryStageWindow   - FXGLStartupScene -> FXGLLoadingScene
12:12:17.623 [JavaFX Application Thread] DEBUG GameApplicationServi - Clearing previous game
12:12:17.623 [JavaFX Application Thread] DEBUG GameScene            - Clearing game scene
12:12:17.623 [JavaFX Application Thread] DEBUG GameWorld            - Clearing game world
12:12:17.623 [JavaFX Application Thread] DEBUG PhysicsWorld         - Clearing physics world
12:12:17.625 [FXGL Background Thread 1 ] DEBUG FXGLApplication      - Initializing game
12:12:17.625 [FXGL Background Thread 4 ] DEBUG FXGLAssetLoaderServi - Loading from file system: jar:file:/C:/Users/Fra-Lu/.m2/repository/com/github/almasb/fxgl/17.3/fxgl-17.3.jar!/fxglassets/ui/fonts/TerminalLandMono-Regular.otf
12:12:17.641 [FXGL Background Thread 4 ] DEBUG FXGLAssetLoaderServi - Loading from file system: jar:file:/C:/Users/Fra-Lu/.m2/repository/com/github/almasb/fxgl/17.3/fxgl-17.3.jar!/fxglassets/ui/fonts/Courier-Prime.ttf
12:12:17.670 [FXGL Background Thread 1 ] WARN  TMXLevelLoader       - TiledMap generated from 1.11.2. Supported version: 1.9.0. Some features may not be parsed fully.
12:12:17.697 [FXGL Background Thread 1 ] DEBUG TMXLevelLoader       - Parsed TiledMap: file:/C:/Users/Fra-Lu/Desktop/Schule/3.Klasse/POS/Workspace/DroidRampage/target/classes/assets/levels/Tile1.tmx
12:12:17.698 [FXGL Background Thread 1 ] DEBUG TMXLevelLoader       - Creating tile layer entities
12:12:17.701 [FXGL Background Thread 1 ] DEBUG TilesetLoader        - Loading view for layer Kachelebene 1
12:12:17.702 [JavaFX Application Thread] DEBUG FXGLApplication      - Registering font factories with UI factory
12:12:17.704 [FXGL Background Thread 1 ] DEBUG TilesetLoader        - Created buffer with size 1920.0x1088.0
12:12:17.782 [FXGL Background Thread 1 ] WARN  TilesetLoader        - Diagonally flipped tiles are not currently supported
12:12:17.784 [FXGL Background Thread 1 ] WARN  TilesetLoader        - Diagonally flipped tiles are not currently supported
12:12:17.786 [FXGL Background Thread 1 ] WARN  TilesetLoader        - Diagonally flipped tiles are not currently supported
12:12:17.787 [FXGL Background Thread 1 ] WARN  TilesetLoader        - Diagonally flipped tiles are not currently supported
12:12:17.787 [FXGL Background Thread 1 ] WARN  TilesetLoader        - Diagonally flipped tiles are not currently supported
12:12:17.789 [FXGL Background Thread 1 ] WARN  TilesetLoader        - Diagonally flipped tiles are not currently supported
12:12:17.792 [FXGL Background Thread 1 ] DEBUG TMXLevelLoader       - Creating object layer entities
12:12:17.825 [FXGL Background Thread 1 ] DEBUG GameWorld            - Clearing removable entities
12:12:17.827 [FXGL Background Thread 1 ] DEBUG GameWorld            - Setting level: com.almasb.fxgl.entity.level.Level@5bf1a9c8
12:12:18.012 [FXGL Background Thread 1 ] DEBUG FXGLAssetLoaderServi - Loading from file system: file:/C:/Users/Fra-Lu/Desktop/Schule/3.Klasse/POS/Workspace/DroidRampage/target/classes/assets/textures/R2D2.png
12:12:18.022 [FXGL Background Thread 1 ] DEBUG Input                - Registered new binding: Move Right - D
12:12:18.023 [FXGL Background Thread 1 ] DEBUG Input                - Registered new binding: Move Left - A
12:12:18.024 [FXGL Background Thread 1 ] DEBUG Input                - Registered new binding: Jump - Space
12:12:18.024 [FXGL Background Thread 1 ] DEBUG Input                - Registered new binding: Toggle Cheat Mode - I
12:12:18.027 [FXGL Background Thread 1 ] INFO  FXGLApplication      - Game initialization took: 0,401 sec
12:12:18.030 [JavaFX Application Thread] DEBUG Input                - Clearing active input actions
12:12:18.034 [FXGL Background Thread 2 ] INFO  UpdaterService       - Your current version:  17.3
12:12:18.034 [FXGL Background Thread 2 ] INFO  UpdaterService       - Latest stable version: 25
12:12:18.037 [JavaFX Application Thread] DEBUG GameApplicationServi - Removing overlay from FXGLLoadingScene and adding to GameScene
12:12:18.037 [JavaFX Application Thread] DEBUG PrimaryStageWindow   - FXGLLoadingScene -> GameScene
12:12:20.539 [FXGL Background Thread 3 ] DEBUG Engine               - Logging environment variables
12:12:20.539 [FXGL Background Thread 3 ] DEBUG Engine               - achievements: []
12:12:20.539 [FXGL Background Thread 3 ] DEBUG Engine               - actualHeight: 863.0
12:12:20.539 [FXGL Background Thread 3 ] DEBUG Engine               - actualHeightProperty: ReadOnlyDoubleProperty [value: 863.0]
12:12:20.539 [FXGL Background Thread 3 ] DEBUG Engine               - actualWidth: 1499.0
12:12:20.539 [FXGL Background Thread 3 ] DEBUG Engine               - actualWidthProperty: ReadOnlyDoubleProperty [value: 1499.0]
12:12:20.539 [FXGL Background Thread 3 ] DEBUG Engine               - appIcon: fxgl_icon.png
12:12:20.539 [FXGL Background Thread 3 ] DEBUG Engine               - applicationMode: DEVELOPER
12:12:20.540 [FXGL Background Thread 3 ] DEBUG Engine               - cSSList: [fxgl_dark.css]
12:12:20.540 [FXGL Background Thread 3 ] DEBUG Engine               - collisionDetectionStrategy: BRUTE_FORCE
12:12:20.540 [FXGL Background Thread 3 ] DEBUG Engine               - configClass: Optional.empty
12:12:20.540 [FXGL Background Thread 3 ] DEBUG Engine               - credits: []
12:12:20.540 [FXGL Background Thread 3 ] DEBUG Engine               - defaultCursor: CursorInfo(imageName=fxgl_default_cursor.png, hotspotX=7.0, hotspotY=6.0)
12:12:20.540 [FXGL Background Thread 3 ] DEBUG Engine               - devBBoxColorProperty: ObjectProperty [value: 0xff0000ff]
12:12:20.540 [FXGL Background Thread 3 ] DEBUG Engine               - devEnableDebugCameraProperty: BooleanProperty [value: false]
12:12:20.540 [FXGL Background Thread 3 ] DEBUG Engine               - devSensorColorProperty: ObjectProperty [value: 0xffff00ff]
12:12:20.540 [FXGL Background Thread 3 ] DEBUG Engine               - devShowBBoxProperty: BooleanProperty [value: false]
12:12:20.540 [FXGL Background Thread 3 ] DEBUG Engine               - devShowPositionProperty: BooleanProperty [value: false]
12:12:20.540 [FXGL Background Thread 3 ] DEBUG Engine               - enabledMenuItems: []
12:12:20.540 [FXGL Background Thread 3 ] DEBUG Engine               - engineServices: [class com.almasb.fxgl.app.services.FXGLAssetLoaderService, class com.almasb.fxgl.app.FXGLApplication$GameApplicationService, class com.almasb.fxgl.app.services.FXGLDialogService, class com.almasb.fxgl.app.services.IOTaskExecutorService, class com.almasb.fxgl.io.FileSystemService, class com.almasb.fxgl.localization.LocalizationService, class com.almasb.fxgl.app.services.SystemBundleService, class com.almasb.fxgl.profile.SaveLoadService, class com.almasb.fxgl.ui.FXGLUIFactoryServiceProvider, class com.almasb.fxgl.ui.FXGLDialogFactoryServiceProvider, class com.almasb.fxgl.audio.AudioPlayer, class com.almasb.fxgl.notification.impl.NotificationServiceProvider, class com.almasb.fxgl.achievement.AchievementService, class com.almasb.fxgl.cutscene.CutsceneService, class com.almasb.fxgl.minigames.MiniGameService, class com.almasb.fxgl.net.NetService, class com.almasb.fxgl.app.services.UpdaterService, class com.almasb.fxgl.dev.DevService]
12:12:20.540 [FXGL Background Thread 3 ] DEBUG Engine               - fontGame: Abel-Regular.ttf
12:12:20.540 [FXGL Background Thread 3 ] DEBUG Engine               - fontMono: TerminalLandMono-Regular.otf
12:12:20.540 [FXGL Background Thread 3 ] DEBUG Engine               - fontSizeScaleUI: 1.0
12:12:20.540 [FXGL Background Thread 3 ] DEBUG Engine               - fontText: Courier-Prime.ttf
12:12:20.540 [FXGL Background Thread 3 ] DEBUG Engine               - fontUI: VarelaRound-Regular.ttf
12:12:20.540 [FXGL Background Thread 3 ] DEBUG Engine               - fullScreen: BooleanProperty [value: true]
12:12:20.540 [FXGL Background Thread 3 ] DEBUG Engine               - gameDifficulty: MEDIUM
12:12:20.540 [FXGL Background Thread 3 ] DEBUG Engine               - gameDifficultyProperty: ObjectProperty [value: MEDIUM]
12:12:20.540 [FXGL Background Thread 3 ] DEBUG Engine               - globalMusicVolume: 0.5
12:12:20.540 [FXGL Background Thread 3 ] DEBUG Engine               - globalMusicVolumeProperty: DoubleProperty [value: 0.5]
12:12:20.540 [FXGL Background Thread 3 ] DEBUG Engine               - globalSoundVolume: 0.5
12:12:20.540 [FXGL Background Thread 3 ] DEBUG Engine               - globalSoundVolumeProperty: DoubleProperty [value: 0.5]
12:12:20.540 [FXGL Background Thread 3 ] DEBUG Engine               - height: 1088
12:12:20.540 [FXGL Background Thread 3 ] DEBUG Engine               - is3D: false
12:12:20.540 [FXGL Background Thread 3 ] DEBUG Engine               - isAndroid: false
12:12:20.540 [FXGL Background Thread 3 ] DEBUG Engine               - isBrowser: false
12:12:20.540 [FXGL Background Thread 3 ] DEBUG Engine               - isClickFeedbackEnabled: false
12:12:20.540 [FXGL Background Thread 3 ] DEBUG Engine               - isCloseConfirmation: false
12:12:20.540 [FXGL Background Thread 3 ] DEBUG Engine               - isDesktop: true
12:12:20.541 [FXGL Background Thread 3 ] DEBUG Engine               - isDeveloperMenuEnabled: false
12:12:20.541 [FXGL Background Thread 3 ] DEBUG Engine               - isEmbedded: false
12:12:20.541 [FXGL Background Thread 3 ] DEBUG Engine               - isEntityPreloadEnabled: true
12:12:20.541 [FXGL Background Thread 3 ] DEBUG Engine               - isExperimentalTiledLargeMap: false
12:12:20.541 [FXGL Background Thread 3 ] DEBUG Engine               - isFileSystemWriteAllowed: true
12:12:20.541 [FXGL Background Thread 3 ] DEBUG Engine               - isFullScreenAllowed: false
12:12:20.541 [FXGL Background Thread 3 ] DEBUG Engine               - isFullScreenFromStart: true
12:12:20.541 [FXGL Background Thread 3 ] DEBUG Engine               - isGameMenuEnabled: true
12:12:20.541 [FXGL Background Thread 3 ] DEBUG Engine               - isIOS: false
12:12:20.541 [FXGL Background Thread 3 ] DEBUG Engine               - isIntroEnabled: false
12:12:20.541 [FXGL Background Thread 3 ] DEBUG Engine               - isLinux: false
12:12:20.541 [FXGL Background Thread 3 ] DEBUG Engine               - isMac: false
12:12:20.541 [FXGL Background Thread 3 ] DEBUG Engine               - isMainMenuEnabled: false
12:12:20.541 [FXGL Background Thread 3 ] DEBUG Engine               - isManualResizeEnabled: false
12:12:20.541 [FXGL Background Thread 3 ] DEBUG Engine               - isMobile: false
12:12:20.541 [FXGL Background Thread 3 ] DEBUG Engine               - isNative: false
12:12:20.541 [FXGL Background Thread 3 ] DEBUG Engine               - isPauseMusicWhenMinimized: true
12:12:20.541 [FXGL Background Thread 3 ] DEBUG Engine               - isPreserveResizeRatio: false
12:12:20.541 [FXGL Background Thread 3 ] DEBUG Engine               - isProfilingEnabled: false
12:12:20.541 [FXGL Background Thread 3 ] DEBUG Engine               - isScaleAffectedOnResize: true
12:12:20.541 [FXGL Background Thread 3 ] DEBUG Engine               - isSingleStep: false
12:12:20.541 [FXGL Background Thread 3 ] DEBUG Engine               - isUserProfileEnabled: false
12:12:20.541 [FXGL Background Thread 3 ] DEBUG Engine               - isWindows: true
12:12:20.541 [FXGL Background Thread 3 ] DEBUG Engine               - language: ObjectProperty [value: ENGLISH]
12:12:20.541 [FXGL Background Thread 3 ] DEBUG Engine               - menuKey: ESCAPE
12:12:20.541 [FXGL Background Thread 3 ] DEBUG Engine               - mouseSensitivity: 0.2
12:12:20.541 [FXGL Background Thread 3 ] DEBUG Engine               - notificationViewClass: class com.almasb.fxgl.notification.view.XboxNotificationView
12:12:20.541 [FXGL Background Thread 3 ] DEBUG Engine               - pixelsPerMeter: 50.0
12:12:20.541 [FXGL Background Thread 3 ] DEBUG Engine               - platform: WINDOWS
12:12:20.541 [FXGL Background Thread 3 ] DEBUG Engine               - prefHeightProperty: ReadOnlyDoubleProperty [value: 1088.0]
12:12:20.541 [FXGL Background Thread 3 ] DEBUG Engine               - prefWidthProperty: ReadOnlyDoubleProperty [value: 1920.0]
12:12:20.541 [FXGL Background Thread 3 ] DEBUG Engine               - profileDir: profiles/
12:12:20.541 [FXGL Background Thread 3 ] DEBUG Engine               - profileName: StringProperty [value: DEFAULT]
12:12:20.541 [FXGL Background Thread 3 ] DEBUG Engine               - randomSeed: -1
12:12:20.541 [FXGL Background Thread 3 ] DEBUG Engine               - runtimeInfo: RuntimeInfo(platform=WINDOWS, version=17.3, build=30.03.2023 11.49)
12:12:20.541 [FXGL Background Thread 3 ] DEBUG Engine               - saveFileExt: sav
12:12:20.541 [FXGL Background Thread 3 ] DEBUG Engine               - scaledHeightProp$fxgl: DoubleProperty [bound, value: 863.0]
12:12:20.541 [FXGL Background Thread 3 ] DEBUG Engine               - scaledWidthProp$fxgl: DoubleProperty [bound, value: 1499.0]
12:12:20.541 [FXGL Background Thread 3 ] DEBUG Engine               - sceneFactory: com.almasb.fxgl.app.scene.SceneFactory@406b53ec
12:12:20.541 [FXGL Background Thread 3 ] DEBUG Engine               - secondsIn24h: 60
12:12:20.541 [FXGL Background Thread 3 ] DEBUG Engine               - soundMenuBack: menu/back.wav
12:12:20.541 [FXGL Background Thread 3 ] DEBUG Engine               - soundMenuPress: menu/press.wav
12:12:20.541 [FXGL Background Thread 3 ] DEBUG Engine               - soundMenuSelect: menu/select.wav
12:12:20.541 [FXGL Background Thread 3 ] DEBUG Engine               - soundNotification: core/notification.wav
12:12:20.541 [FXGL Background Thread 3 ] DEBUG Engine               - stageStyle: DECORATED
12:12:20.541 [FXGL Background Thread 3 ] DEBUG Engine               - supportedLanguages: [ENGLISH, FRENCH, GERMAN, HUNGARIAN, RUSSIAN]
12:12:20.541 [FXGL Background Thread 3 ] DEBUG Engine               - ticksPerSecond: -1
12:12:20.541 [FXGL Background Thread 3 ] DEBUG Engine               - title: Droid Rampage
12:12:20.541 [FXGL Background Thread 3 ] DEBUG Engine               - urlGithub: https://github.com/AlmasB/FXGL
12:12:20.541 [FXGL Background Thread 3 ] DEBUG Engine               - urlLeaderboard: http://fxgl-top.herokuapp.com/
12:12:20.541 [FXGL Background Thread 3 ] DEBUG Engine               - urlPOM: https://raw.githubusercontent.com/AlmasB/FXGL/release/README.md
12:12:20.542 [FXGL Background Thread 3 ] DEBUG Engine               - userAppClass: class at.htl.droidrampage.GameApp
12:12:20.542 [FXGL Background Thread 3 ] DEBUG Engine               - version: 0.6
12:12:20.542 [FXGL Background Thread 3 ] DEBUG Engine               - versionCheckDays: 7
12:12:20.542 [FXGL Background Thread 3 ] DEBUG Engine               - width: 1920
12:12:20.542 [FXGL Background Thread 3 ] DEBUG Engine               - Logging services
12:12:20.542 [FXGL Background Thread 3 ] DEBUG Engine               - class com.almasb.fxgl.app.services.FXGLAssetLoaderService
12:12:20.542 [FXGL Background Thread 3 ] DEBUG Engine               - class com.almasb.fxgl.app.FXGLApplication$GameApplicationService
12:12:20.542 [FXGL Background Thread 3 ] DEBUG Engine               - class com.almasb.fxgl.app.services.FXGLDialogService
12:12:20.542 [FXGL Background Thread 3 ] DEBUG Engine               - class com.almasb.fxgl.app.services.IOTaskExecutorService
12:12:20.542 [FXGL Background Thread 3 ] DEBUG Engine               - class com.almasb.fxgl.io.FileSystemService
12:12:20.542 [FXGL Background Thread 3 ] DEBUG Engine               - class com.almasb.fxgl.localization.LocalizationService
12:12:20.542 [FXGL Background Thread 3 ] DEBUG Engine               - class com.almasb.fxgl.app.services.SystemBundleService
12:12:20.542 [FXGL Background Thread 3 ] DEBUG Engine               - class com.almasb.fxgl.profile.SaveLoadService
12:12:20.542 [FXGL Background Thread 3 ] DEBUG Engine               - class com.almasb.fxgl.ui.FXGLUIFactoryServiceProvider
12:12:20.542 [FXGL Background Thread 3 ] DEBUG Engine               - class com.almasb.fxgl.ui.FXGLDialogFactoryServiceProvider
12:12:20.542 [FXGL Background Thread 3 ] DEBUG Engine               - class com.almasb.fxgl.audio.AudioPlayer
12:12:20.542 [FXGL Background Thread 3 ] DEBUG Engine               - class com.almasb.fxgl.notification.impl.NotificationServiceProvider
12:12:20.542 [FXGL Background Thread 3 ] DEBUG Engine               - class com.almasb.fxgl.achievement.AchievementService
12:12:20.542 [FXGL Background Thread 3 ] DEBUG Engine               - class com.almasb.fxgl.cutscene.CutsceneService
12:12:20.542 [FXGL Background Thread 3 ] DEBUG Engine               - class com.almasb.fxgl.minigames.MiniGameService
12:12:20.542 [FXGL Background Thread 3 ] DEBUG Engine               - class com.almasb.fxgl.net.NetService
12:12:20.542 [FXGL Background Thread 3 ] DEBUG Engine               - class com.almasb.fxgl.app.services.UpdaterService
12:12:20.542 [FXGL Background Thread 3 ] DEBUG Engine               - class com.almasb.fxgl.dev.DevService
12:12:34.614 [JavaFX Application Thread] DEBUG FXGLApplication      - Exiting FXGL
12:12:34.614 [JavaFX Application Thread] DEBUG LoopRunner           - Stopping loop
12:12:34.614 [JavaFX Application Thread] DEBUG SystemBundleService  - Saving FXGL system data
12:12:34.617 [JavaFX Application Thread] DEBUG FileSystemAccess     - Writing to: C:\Users\Fra-Lu\Desktop\Schule\3.Klasse\POS\Workspace\DroidRampage\system\fxgl.bundle
12:12:34.619 [JavaFX Application Thread] DEBUG Async                - Shutting down background threads
12:12:34.619 [JavaFX Application Thread] DEBUG PrimaryStageWindow   - Closing main window
12:12:34.636 [JavaFX Application Thread] DEBUG Logger               - Closing Logger
