10:21:36.589 [main                     ] DEBUG Logger               - Configured Logger
10:21:36.600 [main                     ] DEBUG GameApplication      - Logging settings
Title: Droid Rampage
Version: 0.5
Width: 1920
Height: 1088
Fullscreen: false
Intro: false
Profiling: false
Single step:false
App Mode: DEVELOPER
Menu Key: ESCAPE
Stage Style: DECORATED
Scene Factory: class com.almasb.fxgl.app.scene.SceneFactory

10:21:37.080 [JavaFX Application Thread] DEBUG FXGLApplication      - Initializing FXGL
10:21:37.083 [JavaFX Application Thread] INFO  Engine               - FXGL-17.3 (30.03.2023 11.49) on WINDOWS (J:25 FX:21.0.6)
10:21:37.083 [JavaFX Application Thread] DEBUG Engine               - JRE Vendor Name: Oracle Corporation
10:21:37.083 [JavaFX Application Thread] DEBUG Engine               - Running on OS: Windows 11 version 10.0
10:21:37.083 [JavaFX Application Thread] DEBUG Engine               - Architecture: amd64
10:21:37.083 [JavaFX Application Thread] INFO  Engine               - Source code and latest versions at: https://github.com/AlmasB/FXGL
10:21:37.083 [JavaFX Application Thread] INFO  Engine               -       Ask questions and discuss at: https://github.com/AlmasB/FXGL/discussions
10:21:37.083 [JavaFX Application Thread] INFO  Engine               -              Join the FXGL chat at: https://gitter.im/AlmasB/FXGL
10:21:37.188 [JavaFX Application Thread] DEBUG PrimaryStageWindow   - Creating a JavaFX scene
10:21:37.188 [JavaFX Application Thread] DEBUG PrimaryStageWindow   - Target size > screen size
10:21:37.233 [JavaFX Application Thread] DEBUG PrimaryStageWindow   - Target settings size: 1920.0 x 1088.0
10:21:37.233 [JavaFX Application Thread] DEBUG PrimaryStageWindow   - Scaled scene size:    1499.0 x 863.0
10:21:37.233 [JavaFX Application Thread] DEBUG PrimaryStageWindow   - Scaled ratio: (0.7807291666666667, 0.7931985294117647)
10:21:37.234 [JavaFX Application Thread] DEBUG PrimaryStageWindow   - Set initial scene to FXGLStartupScene
10:21:37.238 [JavaFX Application Thread] DEBUG PrimaryStageWindow   - Opening main window
10:21:37.372 [JavaFX Application Thread] DEBUG PrimaryStageWindow   - Window border size: (14.5999755859375, 37.79998779296875)
10:21:37.372 [JavaFX Application Thread] DEBUG PrimaryStageWindow   - Scaled size: 1499.0 x 863.0
10:21:37.373 [JavaFX Application Thread] DEBUG PrimaryStageWindow   - Scaled ratio: (0.7807291666666667, 0.7931985294117647)
10:21:37.373 [JavaFX Application Thread] DEBUG PrimaryStageWindow   - Scene size: 1499.0 x 863.0
10:21:37.373 [JavaFX Application Thread] DEBUG PrimaryStageWindow   - Stage size: 1513.5999755859375 x 900.7999877929688
10:21:37.383 [FXGL Background Thread 1 ] DEBUG Engine               - Initializing environment variables
10:21:37.468 [FXGL Background Thread 1 ] DEBUG FXGLAssetLoaderServi - User app class for loading assets: class at.htl.droidrampage.GameApp
10:21:37.468 [FXGL Background Thread 1 ] DEBUG GameApplicationServi - Applying CSS: fxgl_dark.css
10:21:37.470 [FXGL Background Thread 1 ] DEBUG FXGLAssetLoaderServi - Loading from file system: jar:file:/C:/Users/Fra-Lu/.m2/repository/com/github/almasb/fxgl/17.3/fxgl-17.3.jar!/fxglassets/ui/css/fxgl_dark.css
10:21:37.523 [FXGL Background Thread 1 ] DEBUG GameApplicationServi - Initializing application scenes
10:21:37.565 [FXGL Background Thread 1 ] DEBUG GameWorld            - Game world initialized
10:21:37.618 [FXGL Background Thread 1 ] DEBUG PhysicsWorld         - Physics world initialized: appHeight=1088, physics.ppm=50,0
10:21:37.619 [FXGL Background Thread 1 ] DEBUG PhysicsWorld         - Using strategy: BRUTE_FORCE
10:21:37.623 [FXGL Background Thread 1 ] DEBUG GameScene            - Game scene initialized: 1920x1088
10:21:37.633 [FXGL Background Thread 1 ] DEBUG FXGL.DefaultMenu     - createMenuBodyGameMenu()
10:21:37.648 [FXGL Background Thread 1 ] DEBUG FXGL.DefaultMenu     - createOptionsMenu()
10:21:37.657 [FXGL Background Thread 1 ] DEBUG FXGLAssetLoaderServi - Loading from file system: jar:file:/C:/Users/Fra-Lu/.m2/repository/com/github/almasb/fxgl/17.3/fxgl-17.3.jar!/fxglassets/textures/particles/smoke.png
10:21:37.736 [FXGL Background Thread 1 ] DEBUG FXGLAssetLoaderServi - Loading from file system: jar:file:/C:/Users/Fra-Lu/.m2/repository/com/github/almasb/fxgl/17.3/fxgl-17.3.jar!/fxglassets/textures/particles/trace_horizontal.png
10:21:37.782 [FXGL Background Thread 1 ] DEBUG GameApplicationServi - Application scenes initialized
10:21:37.792 [FXGL Background Thread 1 ] DEBUG SystemBundleService  - Loading FXGL system data
10:21:37.794 [FXGL Background Thread 1 ] DEBUG FileSystemAccess     - Reading from: C:\Users\Fra-Lu\Desktop\Schule\3.Klasse\POS\Workspace\DroidRampage\system\fxgl.bundle
10:21:37.798 [FXGL Background Thread 1 ] DEBUG SystemBundleService  - Bundle FXGL: {}
10:21:37.799 [FXGL Background Thread 1 ] DEBUG UpdaterService       - Checking for updates
10:21:37.802 [FXGL Background Thread 4 ] DEBUG FXGLApplication      - Loading fonts
10:21:37.802 [FXGL Background Thread 1 ] DEBUG FXGLApplication      - Loading default localization
10:21:37.803 [FXGL Background Thread 4 ] DEBUG FXGLAssetLoaderServi - Loading from file system: jar:file:/C:/Users/Fra-Lu/.m2/repository/com/github/almasb/fxgl/17.3/fxgl-17.3.jar!/fxglassets/ui/fonts/VarelaRound-Regular.ttf
10:21:37.803 [FXGL Background Thread 1 ] DEBUG FXGLAssetLoaderServi - Loading from file system: jar:file:/C:/Users/Fra-Lu/.m2/repository/com/github/almasb/fxgl/17.3/fxgl-17.3.jar!/fxglassets/languages/english.lang
10:21:37.822 [FXGL Background Thread 1 ] INFO  FXGLApplication      - FXGL initialization took: 0,439 sec
10:21:37.823 [JavaFX Application Thread] DEBUG FXGLAssetLoaderServi - Loading from file system: jar:file:/C:/Users/Fra-Lu/.m2/repository/com/github/almasb/fxgl/17.3/fxgl-17.3.jar!/fxglassets/textures/fxgl_icon.png
10:21:37.855 [JavaFX Application Thread] DEBUG FXGLAssetLoaderServi - Loading from file system: jar:file:/C:/Users/Fra-Lu/.m2/repository/com/github/almasb/fxgl/17.3/fxgl-17.3.jar!/fxglassets/textures/fxgl_default_cursor.png
10:21:37.863 [JavaFX Application Thread] DEBUG Input                - Registered new binding: Screenshot - CTRL+8
10:21:37.864 [JavaFX Application Thread] DEBUG Input                - Registered new binding: System info dump - CTRL+9
10:21:37.864 [JavaFX Application Thread] DEBUG Input                - Registered new binding: Restart - CTRL+R
10:21:37.865 [JavaFX Application Thread] DEBUG Input                - Registered new binding: Toggle Debug Camera - CTRL+7
10:21:37.867 [JavaFX Application Thread] DEBUG LoopRunner           - Starting loop
10:21:37.867 [JavaFX Application Thread] DEBUG LoopRunner           - Initializing JavaFX AnimationTimerLoop
10:21:37.869 [JavaFX Application Thread] DEBUG GameApplicationServi - Starting new game
10:21:37.869 [JavaFX Application Thread] DEBUG Input                - Clearing active input actions
10:21:37.870 [FXGL Background Thread 4 ] DEBUG FXGLAssetLoaderServi - Loading from file system: jar:file:/C:/Users/Fra-Lu/.m2/repository/com/github/almasb/fxgl/17.3/fxgl-17.3.jar!/fxglassets/ui/fonts/Abel-Regular.ttf
10:21:37.885 [JavaFX Application Thread] DEBUG GameApplicationServi - Removing overlay from FXGLStartupScene and adding to FXGLLoadingScene
10:21:37.886 [JavaFX Application Thread] DEBUG PrimaryStageWindow   - FXGLStartupScene -> FXGLLoadingScene
10:21:37.886 [JavaFX Application Thread] DEBUG GameApplicationServi - Clearing previous game
10:21:37.886 [JavaFX Application Thread] DEBUG GameScene            - Clearing game scene
10:21:37.886 [FXGL Background Thread 4 ] DEBUG FXGLAssetLoaderServi - Loading from file system: jar:file:/C:/Users/Fra-Lu/.m2/repository/com/github/almasb/fxgl/17.3/fxgl-17.3.jar!/fxglassets/ui/fonts/TerminalLandMono-Regular.otf
10:21:37.886 [JavaFX Application Thread] DEBUG GameWorld            - Clearing game world
10:21:37.886 [JavaFX Application Thread] DEBUG PhysicsWorld         - Clearing physics world
10:21:37.889 [FXGL Background Thread 1 ] DEBUG FXGLApplication      - Initializing game
10:21:37.901 [FXGL Background Thread 4 ] DEBUG FXGLAssetLoaderServi - Loading from file system: jar:file:/C:/Users/Fra-Lu/.m2/repository/com/github/almasb/fxgl/17.3/fxgl-17.3.jar!/fxglassets/ui/fonts/Courier-Prime.ttf
10:21:37.931 [FXGL Background Thread 1 ] WARN  TMXLevelLoader       - TiledMap generated from 1.11.2. Supported version: 1.9.0. Some features may not be parsed fully.
10:21:37.952 [JavaFX Application Thread] DEBUG FXGLApplication      - Registering font factories with UI factory
10:21:37.959 [FXGL Background Thread 1 ] DEBUG TMXLevelLoader       - Parsed TiledMap: file:/C:/Users/Fra-Lu/Desktop/Schule/3.Klasse/POS/Workspace/DroidRampage/target/classes/assets/levels/TileStart.tmx
10:21:37.961 [FXGL Background Thread 1 ] DEBUG TMXLevelLoader       - Creating tile layer entities
10:21:37.963 [FXGL Background Thread 1 ] DEBUG TilesetLoader        - Loading view for layer Kachelebene 1
10:21:37.966 [FXGL Background Thread 1 ] DEBUG TilesetLoader        - Created buffer with size 1920.0x1088.0
10:21:38.055 [FXGL Background Thread 1 ] DEBUG TMXLevelLoader       - Creating object layer entities
10:21:38.080 [FXGL Background Thread 1 ] DEBUG FXGLAssetLoaderServi - Loading from file system: file:/C:/Users/Fra-Lu/Desktop/Schule/3.Klasse/POS/Workspace/DroidRampage/target/classes/assets/textures/credit3.png
10:21:38.158 [FXGL Background Thread 1 ] DEBUG FXGLAssetLoaderServi - Loading from file system: file:/C:/Users/Fra-Lu/Desktop/Schule/3.Klasse/POS/Workspace/DroidRampage/target/classes/assets/textures/R2D2.png
10:21:38.163 [FXGL Background Thread 1 ] DEBUG Input                - Registered new binding: Move Right - D
10:21:38.163 [FXGL Background Thread 1 ] DEBUG Input                - Registered new binding: Move Left - A
10:21:38.163 [FXGL Background Thread 1 ] DEBUG Input                - Registered new binding: Jump - Space
10:21:38.165 [FXGL Background Thread 1 ] DEBUG Input                - Registered new binding: Toggle Cheat Mode - I
10:21:38.167 [FXGL Background Thread 1 ] DEBUG FXGLAssetLoaderServi - Loading from file system: file:/C:/Users/Fra-Lu/Desktop/Schule/3.Klasse/POS/Workspace/DroidRampage/target/classes/assets/textures/credit2.png
10:21:38.198 [FXGL Background Thread 1 ] DEBUG FXGLAssetLoaderServi - Loading from file system: file:/C:/Users/Fra-Lu/Desktop/Schule/3.Klasse/POS/Workspace/DroidRampage/target/classes/assets/textures/credit1.png
10:21:38.226 [FXGL Background Thread 1 ] DEBUG GameWorld            - Clearing removable entities
10:21:38.227 [FXGL Background Thread 1 ] DEBUG GameWorld            - Setting level: com.almasb.fxgl.entity.level.Level@19117c76
10:21:38.236 [FXGL Background Thread 1 ] INFO  FXGLApplication      - Game initialization took: 0,348 sec
10:21:38.238 [JavaFX Application Thread] DEBUG Input                - Clearing active input actions
10:21:38.256 [JavaFX Application Thread] DEBUG GameApplicationServi - Removing overlay from FXGLLoadingScene and adding to GameScene
10:21:38.257 [JavaFX Application Thread] DEBUG PrimaryStageWindow   - FXGLLoadingScene -> GameScene
10:21:38.358 [FXGL Background Thread 2 ] INFO  UpdaterService       - Your current version:  17.3
10:21:38.358 [FXGL Background Thread 2 ] INFO  UpdaterService       - Latest stable version: 25
10:21:40.802 [FXGL Background Thread 3 ] DEBUG Engine               - Logging environment variables
10:21:40.802 [FXGL Background Thread 3 ] DEBUG Engine               - achievements: []
10:21:40.802 [FXGL Background Thread 3 ] DEBUG Engine               - actualHeight: 863.0
10:21:40.802 [FXGL Background Thread 3 ] DEBUG Engine               - actualHeightProperty: ReadOnlyDoubleProperty [value: 863.0]
10:21:40.802 [FXGL Background Thread 3 ] DEBUG Engine               - actualWidth: 1499.0
10:21:40.802 [FXGL Background Thread 3 ] DEBUG Engine               - actualWidthProperty: ReadOnlyDoubleProperty [value: 1499.0]
10:21:40.802 [FXGL Background Thread 3 ] DEBUG Engine               - appIcon: fxgl_icon.png
10:21:40.802 [FXGL Background Thread 3 ] DEBUG Engine               - applicationMode: DEVELOPER
10:21:40.802 [FXGL Background Thread 3 ] DEBUG Engine               - cSSList: [fxgl_dark.css]
10:21:40.802 [FXGL Background Thread 3 ] DEBUG Engine               - collisionDetectionStrategy: BRUTE_FORCE
10:21:40.802 [FXGL Background Thread 3 ] DEBUG Engine               - configClass: Optional.empty
10:21:40.802 [FXGL Background Thread 3 ] DEBUG Engine               - credits: []
10:21:40.803 [FXGL Background Thread 3 ] DEBUG Engine               - defaultCursor: CursorInfo(imageName=fxgl_default_cursor.png, hotspotX=7.0, hotspotY=6.0)
10:21:40.803 [FXGL Background Thread 3 ] DEBUG Engine               - devBBoxColorProperty: ObjectProperty [value: 0xff0000ff]
10:21:40.803 [FXGL Background Thread 3 ] DEBUG Engine               - devEnableDebugCameraProperty: BooleanProperty [value: false]
10:21:40.803 [FXGL Background Thread 3 ] DEBUG Engine               - devSensorColorProperty: ObjectProperty [value: 0xffff00ff]
10:21:40.803 [FXGL Background Thread 3 ] DEBUG Engine               - devShowBBoxProperty: BooleanProperty [value: false]
10:21:40.803 [FXGL Background Thread 3 ] DEBUG Engine               - devShowPositionProperty: BooleanProperty [value: false]
10:21:40.803 [FXGL Background Thread 3 ] DEBUG Engine               - enabledMenuItems: []
10:21:40.803 [FXGL Background Thread 3 ] DEBUG Engine               - engineServices: [class com.almasb.fxgl.app.services.FXGLAssetLoaderService, class com.almasb.fxgl.app.FXGLApplication$GameApplicationService, class com.almasb.fxgl.app.services.FXGLDialogService, class com.almasb.fxgl.app.services.IOTaskExecutorService, class com.almasb.fxgl.io.FileSystemService, class com.almasb.fxgl.localization.LocalizationService, class com.almasb.fxgl.app.services.SystemBundleService, class com.almasb.fxgl.profile.SaveLoadService, class com.almasb.fxgl.ui.FXGLUIFactoryServiceProvider, class com.almasb.fxgl.ui.FXGLDialogFactoryServiceProvider, class com.almasb.fxgl.audio.AudioPlayer, class com.almasb.fxgl.notification.impl.NotificationServiceProvider, class com.almasb.fxgl.achievement.AchievementService, class com.almasb.fxgl.cutscene.CutsceneService, class com.almasb.fxgl.minigames.MiniGameService, class com.almasb.fxgl.net.NetService, class com.almasb.fxgl.app.services.UpdaterService, class com.almasb.fxgl.dev.DevService]
10:21:40.803 [FXGL Background Thread 3 ] DEBUG Engine               - fontGame: Abel-Regular.ttf
10:21:40.803 [FXGL Background Thread 3 ] DEBUG Engine               - fontMono: TerminalLandMono-Regular.otf
10:21:40.803 [FXGL Background Thread 3 ] DEBUG Engine               - fontSizeScaleUI: 1.0
10:21:40.803 [FXGL Background Thread 3 ] DEBUG Engine               - fontText: Courier-Prime.ttf
10:21:40.803 [FXGL Background Thread 3 ] DEBUG Engine               - fontUI: VarelaRound-Regular.ttf
10:21:40.803 [FXGL Background Thread 3 ] DEBUG Engine               - fullScreen: BooleanProperty [value: true]
10:21:40.803 [FXGL Background Thread 3 ] DEBUG Engine               - gameDifficulty: MEDIUM
10:21:40.803 [FXGL Background Thread 3 ] DEBUG Engine               - gameDifficultyProperty: ObjectProperty [value: MEDIUM]
10:21:40.803 [FXGL Background Thread 3 ] DEBUG Engine               - globalMusicVolume: 0.5
10:21:40.803 [FXGL Background Thread 3 ] DEBUG Engine               - globalMusicVolumeProperty: DoubleProperty [value: 0.5]
10:21:40.803 [FXGL Background Thread 3 ] DEBUG Engine               - globalSoundVolume: 0.5
10:21:40.803 [FXGL Background Thread 3 ] DEBUG Engine               - globalSoundVolumeProperty: DoubleProperty [value: 0.5]
10:21:40.803 [FXGL Background Thread 3 ] DEBUG Engine               - height: 1088
10:21:40.803 [FXGL Background Thread 3 ] DEBUG Engine               - is3D: false
10:21:40.803 [FXGL Background Thread 3 ] DEBUG Engine               - isAndroid: false
10:21:40.803 [FXGL Background Thread 3 ] DEBUG Engine               - isBrowser: false
10:21:40.803 [FXGL Background Thread 3 ] DEBUG Engine               - isClickFeedbackEnabled: false
10:21:40.803 [FXGL Background Thread 3 ] DEBUG Engine               - isCloseConfirmation: false
10:21:40.803 [FXGL Background Thread 3 ] DEBUG Engine               - isDesktop: true
10:21:40.803 [FXGL Background Thread 3 ] DEBUG Engine               - isDeveloperMenuEnabled: false
10:21:40.803 [FXGL Background Thread 3 ] DEBUG Engine               - isEmbedded: false
10:21:40.803 [FXGL Background Thread 3 ] DEBUG Engine               - isEntityPreloadEnabled: true
10:21:40.803 [FXGL Background Thread 3 ] DEBUG Engine               - isExperimentalTiledLargeMap: false
10:21:40.803 [FXGL Background Thread 3 ] DEBUG Engine               - isFileSystemWriteAllowed: true
10:21:40.803 [FXGL Background Thread 3 ] DEBUG Engine               - isFullScreenAllowed: false
10:21:40.803 [FXGL Background Thread 3 ] DEBUG Engine               - isFullScreenFromStart: true
10:21:40.803 [FXGL Background Thread 3 ] DEBUG Engine               - isGameMenuEnabled: true
10:21:40.803 [FXGL Background Thread 3 ] DEBUG Engine               - isIOS: false
10:21:40.804 [FXGL Background Thread 3 ] DEBUG Engine               - isIntroEnabled: false
10:21:40.804 [FXGL Background Thread 3 ] DEBUG Engine               - isLinux: false
10:21:40.804 [FXGL Background Thread 3 ] DEBUG Engine               - isMac: false
10:21:40.804 [FXGL Background Thread 3 ] DEBUG Engine               - isMainMenuEnabled: false
10:21:40.804 [FXGL Background Thread 3 ] DEBUG Engine               - isManualResizeEnabled: false
10:21:40.804 [FXGL Background Thread 3 ] DEBUG Engine               - isMobile: false
10:21:40.804 [FXGL Background Thread 3 ] DEBUG Engine               - isNative: false
10:21:40.804 [FXGL Background Thread 3 ] DEBUG Engine               - isPauseMusicWhenMinimized: true
10:21:40.804 [FXGL Background Thread 3 ] DEBUG Engine               - isPreserveResizeRatio: false
10:21:40.804 [FXGL Background Thread 3 ] DEBUG Engine               - isProfilingEnabled: false
10:21:40.804 [FXGL Background Thread 3 ] DEBUG Engine               - isScaleAffectedOnResize: true
10:21:40.804 [FXGL Background Thread 3 ] DEBUG Engine               - isSingleStep: false
10:21:40.804 [FXGL Background Thread 3 ] DEBUG Engine               - isUserProfileEnabled: false
10:21:40.804 [FXGL Background Thread 3 ] DEBUG Engine               - isWindows: true
10:21:40.804 [FXGL Background Thread 3 ] DEBUG Engine               - language: ObjectProperty [value: ENGLISH]
10:21:40.804 [FXGL Background Thread 3 ] DEBUG Engine               - menuKey: ESCAPE
10:21:40.804 [FXGL Background Thread 3 ] DEBUG Engine               - mouseSensitivity: 0.2
10:21:40.804 [FXGL Background Thread 3 ] DEBUG Engine               - notificationViewClass: class com.almasb.fxgl.notification.view.XboxNotificationView
10:21:40.804 [FXGL Background Thread 3 ] DEBUG Engine               - pixelsPerMeter: 50.0
10:21:40.804 [FXGL Background Thread 3 ] DEBUG Engine               - platform: WINDOWS
10:21:40.804 [FXGL Background Thread 3 ] DEBUG Engine               - prefHeightProperty: ReadOnlyDoubleProperty [value: 1088.0]
10:21:40.804 [FXGL Background Thread 3 ] DEBUG Engine               - prefWidthProperty: ReadOnlyDoubleProperty [value: 1920.0]
10:21:40.804 [FXGL Background Thread 3 ] DEBUG Engine               - profileDir: profiles/
10:21:40.804 [FXGL Background Thread 3 ] DEBUG Engine               - profileName: StringProperty [value: DEFAULT]
10:21:40.804 [FXGL Background Thread 3 ] DEBUG Engine               - randomSeed: -1
10:21:40.804 [FXGL Background Thread 3 ] DEBUG Engine               - runtimeInfo: RuntimeInfo(platform=WINDOWS, version=17.3, build=30.03.2023 11.49)
10:21:40.804 [FXGL Background Thread 3 ] DEBUG Engine               - saveFileExt: sav
10:21:40.804 [FXGL Background Thread 3 ] DEBUG Engine               - scaledHeightProp$fxgl: DoubleProperty [bound, value: 863.0]
10:21:40.804 [FXGL Background Thread 3 ] DEBUG Engine               - scaledWidthProp$fxgl: DoubleProperty [bound, value: 1499.0]
10:21:40.804 [FXGL Background Thread 3 ] DEBUG Engine               - sceneFactory: com.almasb.fxgl.app.scene.SceneFactory@54059c8b
10:21:40.804 [FXGL Background Thread 3 ] DEBUG Engine               - secondsIn24h: 60
10:21:40.804 [FXGL Background Thread 3 ] DEBUG Engine               - soundMenuBack: menu/back.wav
10:21:40.804 [FXGL Background Thread 3 ] DEBUG Engine               - soundMenuPress: menu/press.wav
10:21:40.804 [FXGL Background Thread 3 ] DEBUG Engine               - soundMenuSelect: menu/select.wav
10:21:40.804 [FXGL Background Thread 3 ] DEBUG Engine               - soundNotification: core/notification.wav
10:21:40.804 [FXGL Background Thread 3 ] DEBUG Engine               - stageStyle: DECORATED
10:21:40.804 [FXGL Background Thread 3 ] DEBUG Engine               - supportedLanguages: [ENGLISH, FRENCH, GERMAN, HUNGARIAN, RUSSIAN]
10:21:40.804 [FXGL Background Thread 3 ] DEBUG Engine               - ticksPerSecond: -1
10:21:40.804 [FXGL Background Thread 3 ] DEBUG Engine               - title: Droid Rampage
10:21:40.804 [FXGL Background Thread 3 ] DEBUG Engine               - urlGithub: https://github.com/AlmasB/FXGL
10:21:40.804 [FXGL Background Thread 3 ] DEBUG Engine               - urlLeaderboard: http://fxgl-top.herokuapp.com/
10:21:40.804 [FXGL Background Thread 3 ] DEBUG Engine               - urlPOM: https://raw.githubusercontent.com/AlmasB/FXGL/release/README.md
10:21:40.805 [FXGL Background Thread 3 ] DEBUG Engine               - userAppClass: class at.htl.droidrampage.GameApp
10:21:40.805 [FXGL Background Thread 3 ] DEBUG Engine               - version: 0.5
10:21:40.805 [FXGL Background Thread 3 ] DEBUG Engine               - versionCheckDays: 7
10:21:40.805 [FXGL Background Thread 3 ] DEBUG Engine               - width: 1920
10:21:40.805 [FXGL Background Thread 3 ] DEBUG Engine               - Logging services
10:21:40.805 [FXGL Background Thread 3 ] DEBUG Engine               - class com.almasb.fxgl.app.services.FXGLAssetLoaderService
10:21:40.805 [FXGL Background Thread 3 ] DEBUG Engine               - class com.almasb.fxgl.app.FXGLApplication$GameApplicationService
10:21:40.805 [FXGL Background Thread 3 ] DEBUG Engine               - class com.almasb.fxgl.app.services.FXGLDialogService
10:21:40.805 [FXGL Background Thread 3 ] DEBUG Engine               - class com.almasb.fxgl.app.services.IOTaskExecutorService
10:21:40.805 [FXGL Background Thread 3 ] DEBUG Engine               - class com.almasb.fxgl.io.FileSystemService
10:21:40.805 [FXGL Background Thread 3 ] DEBUG Engine               - class com.almasb.fxgl.localization.LocalizationService
10:21:40.805 [FXGL Background Thread 3 ] DEBUG Engine               - class com.almasb.fxgl.app.services.SystemBundleService
10:21:40.805 [FXGL Background Thread 3 ] DEBUG Engine               - class com.almasb.fxgl.profile.SaveLoadService
10:21:40.805 [FXGL Background Thread 3 ] DEBUG Engine               - class com.almasb.fxgl.ui.FXGLUIFactoryServiceProvider
10:21:40.805 [FXGL Background Thread 3 ] DEBUG Engine               - class com.almasb.fxgl.ui.FXGLDialogFactoryServiceProvider
10:21:40.805 [FXGL Background Thread 3 ] DEBUG Engine               - class com.almasb.fxgl.audio.AudioPlayer
10:21:40.805 [FXGL Background Thread 3 ] DEBUG Engine               - class com.almasb.fxgl.notification.impl.NotificationServiceProvider
10:21:40.805 [FXGL Background Thread 3 ] DEBUG Engine               - class com.almasb.fxgl.achievement.AchievementService
10:21:40.805 [FXGL Background Thread 3 ] DEBUG Engine               - class com.almasb.fxgl.cutscene.CutsceneService
10:21:40.805 [FXGL Background Thread 3 ] DEBUG Engine               - class com.almasb.fxgl.minigames.MiniGameService
10:21:40.805 [FXGL Background Thread 3 ] DEBUG Engine               - class com.almasb.fxgl.net.NetService
10:21:40.805 [FXGL Background Thread 3 ] DEBUG Engine               - class com.almasb.fxgl.app.services.UpdaterService
10:21:40.805 [FXGL Background Thread 3 ] DEBUG Engine               - class com.almasb.fxgl.dev.DevService
10:21:41.116 [JavaFX Application Thread] DEBUG LoopRunner           - Stopping loop
10:21:41.119 [JavaFX Application Thread] FATAL FXGLApplication      - Uncaught Exception:
java.lang.NullPointerException: Cannot invoke "com.almasb.fxgl.physics.SensorCollisionHandler.onCollisionBegin(com.almasb.fxgl.entity.Entity)" because "handler" is null
	at com.almasb.fxgl.physics.PhysicsWorld.notifySensorCollisionBegin(PhysicsWorld.java:325)
	at com.almasb.fxgl.physics.PhysicsWorld.beginContact(PhysicsWorld.java:222)
	at com.almasb.fxgl.physics.box2d.dynamics.contacts.Contact.update(Contact.java:269)
	at com.almasb.fxgl.physics.box2d.dynamics.ContactManager.collide(ContactManager.java:303)
	at com.almasb.fxgl.physics.box2d.dynamics.World.step(World.java:272)
	at com.almasb.fxgl.physics.PhysicsWorld.onUpdate(PhysicsWorld.java:176)
	at com.almasb.fxgl.app.scene.GameScene.step(GameScene.kt:229)
	at com.almasb.fxgl.app.scene.GameScene.onUpdate(GameScene.kt:224)
	at com.almasb.fxgl.scene.Scene.update(Scene.kt:105)
	at com.almasb.fxgl.app.MainWindow$update$1.invoke(MainWindow.kt:115)
	at com.almasb.fxgl.app.MainWindow$update$1.invoke(MainWindow.kt:115)
	at com.almasb.fxgl.core.fsm.StateMachine.runOnActiveStates(StateMachine.kt:69)
	at com.almasb.fxgl.app.MainWindow.update(MainWindow.kt:115)
	at com.almasb.fxgl.app.FXGLApplication$GameApplicationService.onUpdate(FXGLApplication.kt:426)
	at com.almasb.fxgl.app.Engine.loop(Engine.kt:134)
	at com.almasb.fxgl.app.Engine.access$loop(Engine.kt:24)
	at com.almasb.fxgl.app.Engine$loop$1.invoke(Engine.kt:28)
	at com.almasb.fxgl.app.Engine$loop$1.invoke(Engine.kt:28)
	at com.almasb.fxgl.app.LoopRunner.frame(LoopRunner.kt:103)
	at com.almasb.fxgl.app.LoopRunner.access$frame(LoopRunner.kt:23)
	at com.almasb.fxgl.app.LoopRunner$impl$2$1.onTick(LoopRunner.kt:57)
	at com.almasb.fxgl.app.AnimationTimerLoop$timer$1.handle(LoopRunner.kt:137)
	at javafx.animation.AnimationTimer$AnimationTimerReceiver.lambda$handle$0(AnimationTimer.java:58)
	at java.base/java.security.AccessController.doPrivileged(AccessController.java:138)
	at javafx.animation.AnimationTimer$AnimationTimerReceiver.handle(AnimationTimer.java:57)
	at com.sun.scenario.animation.AbstractPrimaryTimer.timePulseImpl(AbstractPrimaryTimer.java:356)
	at com.sun.scenario.animation.AbstractPrimaryTimer$MainLoop.run(AbstractPrimaryTimer.java:266)
	at com.sun.javafx.tk.quantum.QuantumToolkit.pulse(QuantumToolkit.java:588)
	at com.sun.javafx.tk.quantum.QuantumToolkit.pulse(QuantumToolkit.java:572)
	at com.sun.javafx.tk.quantum.QuantumToolkit.pulseFromQueue(QuantumToolkit.java:565)
	at com.sun.javafx.tk.quantum.QuantumToolkit.lambda$runToolkit$11(QuantumToolkit.java:352)
	at com.sun.glass.ui.InvokeLaterDispatcher$Future.run(InvokeLaterDispatcher.java:95)
	at com.sun.glass.ui.win.WinApplication._runLoop(Native Method)
	at com.sun.glass.ui.win.WinApplication.lambda$runLoop$3(WinApplication.java:185)
	at java.base/java.lang.Thread.run(Thread.java:1474)

10:21:41.119 [JavaFX Application Thread] FATAL FXGLApplication      - Application will now exit
10:21:41.133 [JavaFX Application Thread] DEBUG PrimaryStageWindow   - Push state: ErrorSubScene
10:21:41.134 [JavaFX Application Thread] DEBUG Input                - Clearing active input actions
10:21:41.138 [JavaFX Application Thread] DEBUG GameApplicationServi - Removing overlay from GameScene and adding to ErrorSubScene
10:21:41.138 [JavaFX Application Thread] DEBUG PrimaryStageWindow   - GameScene -> ErrorSubScene
10:21:49.230 [JavaFX Application Thread] DEBUG FXGLApplication      - Exiting FXGL
10:21:49.230 [JavaFX Application Thread] DEBUG Async                - Shutting down background threads
10:21:49.230 [JavaFX Application Thread] DEBUG PrimaryStageWindow   - Closing main window
10:21:49.250 [JavaFX Application Thread] DEBUG Logger               - Closing Logger
