08:55:14.492 [main                     ] DEBUG Logger               - Configured Logger
08:55:14.581 [main                     ] DEBUG GameApplication      - Logging settings
Title: Droid Rampage
Version: 0.8
Width: 1920
Height: 1088
Fullscreen: false
Intro: false
Profiling: false
Single step:false
App Mode: DEVELOPER
Menu Key: ESCAPE
Stage Style: DECORATED
Scene Factory: class com.almasb.fxgl.app.scene.SceneFactory

08:55:19.648 [JavaFX Application Thread] DEBUG FXGLApplication      - Initializing FXGL
08:55:19.678 [JavaFX Application Thread] INFO  Engine               - FXGL-17.3 (30.03.2023 11.49) on WINDOWS (J:25 FX:21.0.6)
08:55:19.680 [JavaFX Application Thread] DEBUG Engine               - JRE Vendor Name: Oracle Corporation
08:55:19.683 [JavaFX Application Thread] DEBUG Engine               - Running on OS: Windows 11 version 10.0
08:55:19.684 [JavaFX Application Thread] DEBUG Engine               - Architecture: amd64
08:55:19.685 [JavaFX Application Thread] INFO  Engine               - Source code and latest versions at: https://github.com/AlmasB/FXGL
08:55:19.686 [JavaFX Application Thread] INFO  Engine               -       Ask questions and discuss at: https://github.com/AlmasB/FXGL/discussions
08:55:19.687 [JavaFX Application Thread] INFO  Engine               -              Join the FXGL chat at: https://gitter.im/AlmasB/FXGL
08:55:21.153 [JavaFX Application Thread] DEBUG PrimaryStageWindow   - Creating a JavaFX scene
08:55:21.154 [JavaFX Application Thread] DEBUG PrimaryStageWindow   - Target size > screen size
08:55:21.799 [JavaFX Application Thread] DEBUG PrimaryStageWindow   - Target settings size: 1920.0 x 1088.0
08:55:21.801 [JavaFX Application Thread] DEBUG PrimaryStageWindow   - Scaled scene size:    1499.0 x 863.0
08:55:21.803 [JavaFX Application Thread] DEBUG PrimaryStageWindow   - Scaled ratio: (0.7807291666666667, 0.7931985294117647)
08:55:21.813 [JavaFX Application Thread] DEBUG PrimaryStageWindow   - Set initial scene to FXGLStartupScene
08:55:21.858 [JavaFX Application Thread] DEBUG PrimaryStageWindow   - Opening main window
08:55:23.383 [JavaFX Application Thread] DEBUG PrimaryStageWindow   - Window border size: (14.5999755859375, 37.79998779296875)
08:55:23.384 [JavaFX Application Thread] DEBUG PrimaryStageWindow   - Scaled size: 1499.0 x 863.0
08:55:23.386 [JavaFX Application Thread] DEBUG PrimaryStageWindow   - Scaled ratio: (0.7807291666666667, 0.7931985294117647)
08:55:23.388 [JavaFX Application Thread] DEBUG PrimaryStageWindow   - Scene size: 1499.0 x 863.0
08:55:23.390 [JavaFX Application Thread] DEBUG PrimaryStageWindow   - Stage size: 1513.5999755859375 x 900.7999877929688
08:55:23.481 [FXGL Background Thread 1 ] DEBUG Engine               - Initializing environment variables
08:55:24.046 [FXGL Background Thread 1 ] DEBUG FXGLAssetLoaderServi - User app class for loading assets: class at.htl.droidrampage.GameApp
08:55:24.049 [FXGL Background Thread 1 ] DEBUG GameApplicationServi - Applying CSS: fxgl_dark.css
08:55:24.057 [FXGL Background Thread 1 ] DEBUG FXGLAssetLoaderServi - Loading from file system: jar:file:/C:/Users/Fra-Lu/.m2/repository/com/github/almasb/fxgl/17.3/fxgl-17.3.jar!/fxglassets/ui/css/fxgl_dark.css
08:55:24.548 [FXGL Background Thread 1 ] DEBUG GameApplicationServi - Initializing application scenes
08:55:24.880 [FXGL Background Thread 1 ] DEBUG GameWorld            - Game world initialized
08:55:25.436 [FXGL Background Thread 1 ] DEBUG PhysicsWorld         - Physics world initialized: appHeight=1088, physics.ppm=50,0
08:55:25.442 [FXGL Background Thread 1 ] DEBUG PhysicsWorld         - Using strategy: BRUTE_FORCE
08:55:25.476 [FXGL Background Thread 1 ] DEBUG GameScene            - Game scene initialized: 1920x1088
08:55:25.600 [FXGL Background Thread 1 ] DEBUG FXGL.DefaultMenu     - createMenuBodyGameMenu()
08:55:25.800 [FXGL Background Thread 1 ] DEBUG FXGL.DefaultMenu     - createOptionsMenu()
08:55:25.930 [FXGL Background Thread 1 ] DEBUG FXGLAssetLoaderServi - Loading from file system: jar:file:/C:/Users/Fra-Lu/.m2/repository/com/github/almasb/fxgl/17.3/fxgl-17.3.jar!/fxglassets/textures/particles/smoke.png
08:55:26.886 [FXGL Background Thread 1 ] DEBUG FXGLAssetLoaderServi - Loading from file system: jar:file:/C:/Users/Fra-Lu/.m2/repository/com/github/almasb/fxgl/17.3/fxgl-17.3.jar!/fxglassets/textures/particles/trace_horizontal.png
08:55:27.148 [FXGL Background Thread 1 ] DEBUG GameApplicationServi - Application scenes initialized
08:55:27.295 [FXGL Background Thread 1 ] DEBUG SystemBundleService  - Loading FXGL system data
08:55:27.329 [FXGL Background Thread 1 ] DEBUG FileSystemAccess     - Reading from: C:\Users\Fra-Lu\Desktop\Schule\3.Klasse\POS\Workspace\DroidRampage\system\fxgl.bundle
08:55:27.389 [FXGL Background Thread 1 ] DEBUG SystemBundleService  - Bundle FXGL: {}
08:55:27.390 [FXGL Background Thread 1 ] DEBUG UpdaterService       - Checking for updates
08:55:27.438 [FXGL Background Thread 4 ] DEBUG FXGLApplication      - Loading fonts
08:55:27.443 [FXGL Background Thread 4 ] DEBUG FXGLAssetLoaderServi - Loading from file system: jar:file:/C:/Users/Fra-Lu/.m2/repository/com/github/almasb/fxgl/17.3/fxgl-17.3.jar!/fxglassets/ui/fonts/VarelaRound-Regular.ttf
08:55:27.447 [FXGL Background Thread 1 ] DEBUG FXGLApplication      - Loading default localization
08:55:27.453 [FXGL Background Thread 1 ] DEBUG FXGLAssetLoaderServi - Loading from file system: jar:file:/C:/Users/Fra-Lu/.m2/repository/com/github/almasb/fxgl/17.3/fxgl-17.3.jar!/fxglassets/languages/english.lang
08:55:27.594 [FXGL Background Thread 1 ] INFO  FXGLApplication      - FXGL initialization took: 4,112 sec
08:55:27.603 [JavaFX Application Thread] DEBUG FXGLAssetLoaderServi - Loading from file system: jar:file:/C:/Users/Fra-Lu/.m2/repository/com/github/almasb/fxgl/17.3/fxgl-17.3.jar!/fxglassets/textures/fxgl_icon.png
08:55:27.776 [JavaFX Application Thread] DEBUG FXGLAssetLoaderServi - Loading from file system: jar:file:/C:/Users/Fra-Lu/.m2/repository/com/github/almasb/fxgl/17.3/fxgl-17.3.jar!/fxglassets/textures/fxgl_default_cursor.png
08:55:27.873 [JavaFX Application Thread] DEBUG Input                - Registered new binding: Screenshot - CTRL+8
08:55:27.877 [JavaFX Application Thread] DEBUG Input                - Registered new binding: System info dump - CTRL+9
08:55:27.881 [JavaFX Application Thread] DEBUG Input                - Registered new binding: Restart - CTRL+R
08:55:27.888 [JavaFX Application Thread] DEBUG Input                - Registered new binding: Toggle Debug Camera - CTRL+7
08:55:27.912 [JavaFX Application Thread] DEBUG LoopRunner           - Starting loop
08:55:27.914 [JavaFX Application Thread] DEBUG LoopRunner           - Initializing JavaFX AnimationTimerLoop
08:55:27.929 [JavaFX Application Thread] DEBUG GameApplicationServi - Starting new game
08:55:27.929 [FXGL Background Thread 4 ] DEBUG FXGLAssetLoaderServi - Loading from file system: jar:file:/C:/Users/Fra-Lu/.m2/repository/com/github/almasb/fxgl/17.3/fxgl-17.3.jar!/fxglassets/ui/fonts/Abel-Regular.ttf
08:55:27.932 [JavaFX Application Thread] DEBUG Input                - Clearing active input actions
08:55:28.020 [FXGL Background Thread 4 ] DEBUG FXGLAssetLoaderServi - Loading from file system: jar:file:/C:/Users/Fra-Lu/.m2/repository/com/github/almasb/fxgl/17.3/fxgl-17.3.jar!/fxglassets/ui/fonts/TerminalLandMono-Regular.otf
08:55:28.033 [JavaFX Application Thread] DEBUG GameApplicationServi - Removing overlay from FXGLStartupScene and adding to FXGLLoadingScene
08:55:28.035 [JavaFX Application Thread] DEBUG PrimaryStageWindow   - FXGLStartupScene -> FXGLLoadingScene
08:55:28.037 [JavaFX Application Thread] DEBUG GameApplicationServi - Clearing previous game
08:55:28.038 [JavaFX Application Thread] DEBUG GameScene            - Clearing game scene
08:55:28.039 [JavaFX Application Thread] DEBUG GameWorld            - Clearing game world
08:55:28.040 [JavaFX Application Thread] DEBUG PhysicsWorld         - Clearing physics world
08:55:28.054 [FXGL Background Thread 1 ] DEBUG FXGLApplication      - Initializing game
08:55:28.115 [FXGL Background Thread 4 ] DEBUG FXGLAssetLoaderServi - Loading from file system: jar:file:/C:/Users/Fra-Lu/.m2/repository/com/github/almasb/fxgl/17.3/fxgl-17.3.jar!/fxglassets/ui/fonts/Courier-Prime.ttf
08:55:28.346 [FXGL Background Thread 1 ] WARN  TMXLevelLoader       - TiledMap generated from 1.11.2. Supported version: 1.9.0. Some features may not be parsed fully.
08:55:28.507 [JavaFX Application Thread] DEBUG FXGLApplication      - Registering font factories with UI factory
08:55:28.538 [FXGL Background Thread 1 ] DEBUG TMXLevelLoader       - Parsed TiledMap: file:/C:/Users/Fra-Lu/Desktop/Schule/3.Klasse/POS/Workspace/DroidRampage/target/classes/assets/levels/TileStart.tmx
08:55:28.546 [FXGL Background Thread 1 ] DEBUG TMXLevelLoader       - Creating tile layer entities
08:55:28.564 [FXGL Background Thread 1 ] DEBUG TilesetLoader        - Loading view for layer Kachelebene 1
08:55:28.590 [FXGL Background Thread 1 ] DEBUG TilesetLoader        - Created buffer with size 1920.0x1088.0
08:55:29.341 [FXGL Background Thread 1 ] DEBUG TMXLevelLoader       - Creating object layer entities
08:55:29.521 [FXGL Background Thread 1 ] DEBUG FXGLAssetLoaderServi - Loading from file system: file:/C:/Users/Fra-Lu/Desktop/Schule/3.Klasse/POS/Workspace/DroidRampage/target/classes/assets/textures/credit2.png
08:55:29.950 [FXGL Background Thread 1 ] DEBUG FXGLAssetLoaderServi - Loading from file system: file:/C:/Users/Fra-Lu/Desktop/Schule/3.Klasse/POS/Workspace/DroidRampage/target/classes/assets/textures/credit1.png
08:55:30.332 [FXGL Background Thread 1 ] DEBUG FXGLAssetLoaderServi - Loading from file system: file:/C:/Users/Fra-Lu/Desktop/Schule/3.Klasse/POS/Workspace/DroidRampage/target/classes/assets/textures/credit3.png
08:55:30.422 [FXGL Background Thread 3 ] DEBUG Engine               - Logging environment variables
08:55:30.426 [FXGL Background Thread 3 ] DEBUG Engine               - achievements: []
08:55:30.426 [FXGL Background Thread 3 ] DEBUG Engine               - actualHeight: 863.0
08:55:30.428 [FXGL Background Thread 3 ] DEBUG Engine               - actualHeightProperty: ReadOnlyDoubleProperty [value: 863.0]
08:55:30.429 [FXGL Background Thread 3 ] DEBUG Engine               - actualWidth: 1499.0
08:55:30.430 [FXGL Background Thread 3 ] DEBUG Engine               - actualWidthProperty: ReadOnlyDoubleProperty [value: 1499.0]
08:55:30.431 [FXGL Background Thread 3 ] DEBUG Engine               - appIcon: fxgl_icon.png
08:55:30.431 [FXGL Background Thread 3 ] DEBUG Engine               - applicationMode: DEVELOPER
08:55:30.432 [FXGL Background Thread 3 ] DEBUG Engine               - cSSList: [fxgl_dark.css]
08:55:30.432 [FXGL Background Thread 3 ] DEBUG Engine               - collisionDetectionStrategy: BRUTE_FORCE
08:55:30.433 [FXGL Background Thread 3 ] DEBUG Engine               - configClass: Optional.empty
08:55:30.433 [FXGL Background Thread 3 ] DEBUG Engine               - credits: []
08:55:30.435 [FXGL Background Thread 3 ] DEBUG Engine               - defaultCursor: CursorInfo(imageName=fxgl_default_cursor.png, hotspotX=7.0, hotspotY=6.0)
08:55:30.436 [FXGL Background Thread 3 ] DEBUG Engine               - devBBoxColorProperty: ObjectProperty [value: 0xff0000ff]
08:55:30.437 [FXGL Background Thread 3 ] DEBUG Engine               - devEnableDebugCameraProperty: BooleanProperty [value: false]
08:55:30.438 [FXGL Background Thread 3 ] DEBUG Engine               - devSensorColorProperty: ObjectProperty [value: 0xffff00ff]
08:55:30.439 [FXGL Background Thread 3 ] DEBUG Engine               - devShowBBoxProperty: BooleanProperty [value: false]
08:55:30.439 [FXGL Background Thread 3 ] DEBUG Engine               - devShowPositionProperty: BooleanProperty [value: false]
08:55:30.440 [FXGL Background Thread 3 ] DEBUG Engine               - enabledMenuItems: []
08:55:30.440 [FXGL Background Thread 3 ] DEBUG Engine               - engineServices: [class com.almasb.fxgl.app.services.FXGLAssetLoaderService, class com.almasb.fxgl.app.FXGLApplication$GameApplicationService, class com.almasb.fxgl.app.services.FXGLDialogService, class com.almasb.fxgl.app.services.IOTaskExecutorService, class com.almasb.fxgl.io.FileSystemService, class com.almasb.fxgl.localization.LocalizationService, class com.almasb.fxgl.app.services.SystemBundleService, class com.almasb.fxgl.profile.SaveLoadService, class com.almasb.fxgl.ui.FXGLUIFactoryServiceProvider, class com.almasb.fxgl.ui.FXGLDialogFactoryServiceProvider, class com.almasb.fxgl.audio.AudioPlayer, class com.almasb.fxgl.notification.impl.NotificationServiceProvider, class com.almasb.fxgl.achievement.AchievementService, class com.almasb.fxgl.cutscene.CutsceneService, class com.almasb.fxgl.minigames.MiniGameService, class com.almasb.fxgl.net.NetService, class com.almasb.fxgl.app.services.UpdaterService, class com.almasb.fxgl.dev.DevService]
08:55:30.441 [FXGL Background Thread 3 ] DEBUG Engine               - fontGame: Abel-Regular.ttf
08:55:30.441 [FXGL Background Thread 3 ] DEBUG Engine               - fontMono: TerminalLandMono-Regular.otf
08:55:30.441 [FXGL Background Thread 3 ] DEBUG Engine               - fontSizeScaleUI: 1.0
08:55:30.443 [FXGL Background Thread 3 ] DEBUG Engine               - fontText: Courier-Prime.ttf
08:55:30.443 [FXGL Background Thread 3 ] DEBUG Engine               - fontUI: VarelaRound-Regular.ttf
08:55:30.444 [FXGL Background Thread 3 ] DEBUG Engine               - fullScreen: BooleanProperty [value: true]
08:55:30.444 [FXGL Background Thread 3 ] DEBUG Engine               - gameDifficulty: MEDIUM
08:55:30.445 [FXGL Background Thread 3 ] DEBUG Engine               - gameDifficultyProperty: ObjectProperty [value: MEDIUM]
08:55:30.445 [FXGL Background Thread 3 ] DEBUG Engine               - globalMusicVolume: 0.5
08:55:30.446 [FXGL Background Thread 3 ] DEBUG Engine               - globalMusicVolumeProperty: DoubleProperty [value: 0.5]
08:55:30.447 [FXGL Background Thread 3 ] DEBUG Engine               - globalSoundVolume: 0.5
08:55:30.447 [FXGL Background Thread 3 ] DEBUG Engine               - globalSoundVolumeProperty: DoubleProperty [value: 0.5]
08:55:30.447 [FXGL Background Thread 3 ] DEBUG Engine               - height: 1088
08:55:30.447 [FXGL Background Thread 3 ] DEBUG Engine               - is3D: false
08:55:30.448 [FXGL Background Thread 3 ] DEBUG Engine               - isAndroid: false
08:55:30.448 [FXGL Background Thread 3 ] DEBUG Engine               - isBrowser: false
08:55:30.449 [FXGL Background Thread 3 ] DEBUG Engine               - isClickFeedbackEnabled: false
08:55:30.449 [FXGL Background Thread 3 ] DEBUG Engine               - isCloseConfirmation: false
08:55:30.450 [FXGL Background Thread 3 ] DEBUG Engine               - isDesktop: true
08:55:30.450 [FXGL Background Thread 3 ] DEBUG Engine               - isDeveloperMenuEnabled: false
08:55:30.451 [FXGL Background Thread 3 ] DEBUG Engine               - isEmbedded: false
08:55:30.451 [FXGL Background Thread 3 ] DEBUG Engine               - isEntityPreloadEnabled: true
08:55:30.451 [FXGL Background Thread 3 ] DEBUG Engine               - isExperimentalTiledLargeMap: false
08:55:30.451 [FXGL Background Thread 3 ] DEBUG Engine               - isFileSystemWriteAllowed: true
08:55:30.453 [FXGL Background Thread 3 ] DEBUG Engine               - isFullScreenAllowed: false
08:55:30.453 [FXGL Background Thread 3 ] DEBUG Engine               - isFullScreenFromStart: true
08:55:30.454 [FXGL Background Thread 3 ] DEBUG Engine               - isGameMenuEnabled: true
08:55:30.454 [FXGL Background Thread 3 ] DEBUG Engine               - isIOS: false
08:55:30.455 [FXGL Background Thread 3 ] DEBUG Engine               - isIntroEnabled: false
08:55:30.455 [FXGL Background Thread 3 ] DEBUG Engine               - isLinux: false
08:55:30.456 [FXGL Background Thread 3 ] DEBUG Engine               - isMac: false
08:55:30.458 [FXGL Background Thread 3 ] DEBUG Engine               - isMainMenuEnabled: false
08:55:30.458 [FXGL Background Thread 3 ] DEBUG Engine               - isManualResizeEnabled: false
08:55:30.459 [FXGL Background Thread 3 ] DEBUG Engine               - isMobile: false
08:55:30.459 [FXGL Background Thread 3 ] DEBUG Engine               - isNative: false
08:55:30.460 [FXGL Background Thread 3 ] DEBUG Engine               - isPauseMusicWhenMinimized: true
08:55:30.461 [FXGL Background Thread 3 ] DEBUG Engine               - isPreserveResizeRatio: false
08:55:30.461 [FXGL Background Thread 3 ] DEBUG Engine               - isProfilingEnabled: false
08:55:30.461 [FXGL Background Thread 3 ] DEBUG Engine               - isScaleAffectedOnResize: true
08:55:30.462 [FXGL Background Thread 3 ] DEBUG Engine               - isSingleStep: false
08:55:30.462 [FXGL Background Thread 3 ] DEBUG Engine               - isUserProfileEnabled: false
08:55:30.462 [FXGL Background Thread 3 ] DEBUG Engine               - isWindows: true
08:55:30.463 [FXGL Background Thread 3 ] DEBUG Engine               - language: ObjectProperty [value: ENGLISH]
08:55:30.463 [FXGL Background Thread 3 ] DEBUG Engine               - menuKey: ESCAPE
08:55:30.464 [FXGL Background Thread 3 ] DEBUG Engine               - mouseSensitivity: 0.2
08:55:30.465 [FXGL Background Thread 3 ] DEBUG Engine               - notificationViewClass: class com.almasb.fxgl.notification.view.XboxNotificationView
08:55:30.465 [FXGL Background Thread 3 ] DEBUG Engine               - pixelsPerMeter: 50.0
08:55:30.465 [FXGL Background Thread 3 ] DEBUG Engine               - platform: WINDOWS
08:55:30.466 [FXGL Background Thread 3 ] DEBUG Engine               - prefHeightProperty: ReadOnlyDoubleProperty [value: 1088.0]
08:55:30.466 [FXGL Background Thread 3 ] DEBUG Engine               - prefWidthProperty: ReadOnlyDoubleProperty [value: 1920.0]
08:55:30.467 [FXGL Background Thread 3 ] DEBUG Engine               - profileDir: profiles/
08:55:30.467 [FXGL Background Thread 3 ] DEBUG Engine               - profileName: StringProperty [value: DEFAULT]
08:55:30.467 [FXGL Background Thread 3 ] DEBUG Engine               - randomSeed: -1
08:55:30.469 [FXGL Background Thread 3 ] DEBUG Engine               - runtimeInfo: RuntimeInfo(platform=WINDOWS, version=17.3, build=30.03.2023 11.49)
08:55:30.470 [FXGL Background Thread 3 ] DEBUG Engine               - saveFileExt: sav
08:55:30.470 [FXGL Background Thread 3 ] DEBUG Engine               - scaledHeightProp$fxgl: DoubleProperty [bound, value: 863.0]
08:55:30.471 [FXGL Background Thread 3 ] DEBUG Engine               - scaledWidthProp$fxgl: DoubleProperty [bound, value: 1499.0]
08:55:30.471 [FXGL Background Thread 3 ] DEBUG Engine               - sceneFactory: com.almasb.fxgl.app.scene.SceneFactory@182026bb
08:55:30.473 [FXGL Background Thread 3 ] DEBUG Engine               - secondsIn24h: 60
08:55:30.473 [FXGL Background Thread 3 ] DEBUG Engine               - soundMenuBack: menu/back.wav
08:55:30.474 [FXGL Background Thread 3 ] DEBUG Engine               - soundMenuPress: menu/press.wav
08:55:30.475 [FXGL Background Thread 3 ] DEBUG Engine               - soundMenuSelect: menu/select.wav
08:55:30.475 [FXGL Background Thread 3 ] DEBUG Engine               - soundNotification: core/notification.wav
08:55:30.475 [FXGL Background Thread 3 ] DEBUG Engine               - stageStyle: DECORATED
08:55:30.476 [FXGL Background Thread 3 ] DEBUG Engine               - supportedLanguages: [ENGLISH, FRENCH, GERMAN, HUNGARIAN, RUSSIAN]
08:55:30.476 [FXGL Background Thread 3 ] DEBUG Engine               - ticksPerSecond: -1
08:55:30.477 [FXGL Background Thread 3 ] DEBUG Engine               - title: Droid Rampage
08:55:30.477 [FXGL Background Thread 3 ] DEBUG Engine               - urlGithub: https://github.com/AlmasB/FXGL
08:55:30.477 [FXGL Background Thread 3 ] DEBUG Engine               - urlLeaderboard: http://fxgl-top.herokuapp.com/
08:55:30.478 [FXGL Background Thread 3 ] DEBUG Engine               - urlPOM: https://raw.githubusercontent.com/AlmasB/FXGL/release/README.md
08:55:30.479 [FXGL Background Thread 3 ] DEBUG Engine               - userAppClass: class at.htl.droidrampage.GameApp
08:55:30.480 [FXGL Background Thread 3 ] DEBUG Engine               - version: 0.8
08:55:30.481 [FXGL Background Thread 3 ] DEBUG Engine               - versionCheckDays: 7
08:55:30.481 [FXGL Background Thread 3 ] DEBUG Engine               - width: 1920
08:55:30.482 [FXGL Background Thread 3 ] DEBUG Engine               - Logging services
08:55:30.482 [FXGL Background Thread 3 ] DEBUG Engine               - class com.almasb.fxgl.app.services.FXGLAssetLoaderService
08:55:30.483 [FXGL Background Thread 3 ] DEBUG Engine               - class com.almasb.fxgl.app.FXGLApplication$GameApplicationService
08:55:30.484 [FXGL Background Thread 3 ] DEBUG Engine               - class com.almasb.fxgl.app.services.FXGLDialogService
08:55:30.484 [FXGL Background Thread 3 ] DEBUG Engine               - class com.almasb.fxgl.app.services.IOTaskExecutorService
08:55:30.485 [FXGL Background Thread 3 ] DEBUG Engine               - class com.almasb.fxgl.io.FileSystemService
08:55:30.485 [FXGL Background Thread 3 ] DEBUG Engine               - class com.almasb.fxgl.localization.LocalizationService
08:55:30.485 [FXGL Background Thread 3 ] DEBUG Engine               - class com.almasb.fxgl.app.services.SystemBundleService
08:55:30.486 [FXGL Background Thread 3 ] DEBUG Engine               - class com.almasb.fxgl.profile.SaveLoadService
08:55:30.486 [FXGL Background Thread 3 ] DEBUG Engine               - class com.almasb.fxgl.ui.FXGLUIFactoryServiceProvider
08:55:30.486 [FXGL Background Thread 3 ] DEBUG Engine               - class com.almasb.fxgl.ui.FXGLDialogFactoryServiceProvider
08:55:30.487 [FXGL Background Thread 3 ] DEBUG Engine               - class com.almasb.fxgl.audio.AudioPlayer
08:55:30.487 [FXGL Background Thread 3 ] DEBUG Engine               - class com.almasb.fxgl.notification.impl.NotificationServiceProvider
08:55:30.488 [FXGL Background Thread 3 ] DEBUG Engine               - class com.almasb.fxgl.achievement.AchievementService
08:55:30.488 [FXGL Background Thread 3 ] DEBUG Engine               - class com.almasb.fxgl.cutscene.CutsceneService
08:55:30.488 [FXGL Background Thread 3 ] DEBUG Engine               - class com.almasb.fxgl.minigames.MiniGameService
08:55:30.489 [FXGL Background Thread 3 ] DEBUG Engine               - class com.almasb.fxgl.net.NetService
08:55:30.489 [FXGL Background Thread 3 ] DEBUG Engine               - class com.almasb.fxgl.app.services.UpdaterService
08:55:30.490 [FXGL Background Thread 3 ] DEBUG Engine               - class com.almasb.fxgl.dev.DevService
08:55:30.735 [FXGL Background Thread 1 ] DEBUG GameWorld            - Clearing removable entities
08:55:30.741 [FXGL Background Thread 1 ] DEBUG GameWorld            - Setting level: com.almasb.fxgl.entity.level.Level@2a0f46b4
08:55:30.853 [FXGL Background Thread 2 ] INFO  UpdaterService       - Your current version:  17.3
08:55:30.855 [FXGL Background Thread 2 ] INFO  UpdaterService       - Latest stable version: 25
08:55:31.571 [FXGL Background Thread 1 ] DEBUG FXGLAssetLoaderServi - Loading from file system: file:/C:/Users/Fra-Lu/Desktop/Schule/3.Klasse/POS/Workspace/DroidRampage/target/classes/assets/textures/R2D2.png
08:55:31.618 [FXGL Background Thread 1 ] DEBUG Input                - Registered new binding: Move Right - D
08:55:31.620 [FXGL Background Thread 1 ] DEBUG Input                - Registered new binding: Move Left - A
08:55:31.621 [FXGL Background Thread 1 ] DEBUG Input                - Registered new binding: Jump - Space
08:55:31.622 [FXGL Background Thread 1 ] DEBUG Input                - Registered new binding: Toggle Cheat Mode - I
08:55:31.645 [FXGL Background Thread 1 ] INFO  FXGLApplication      - Game initialization took: 3,590 sec
08:55:31.649 [JavaFX Application Thread] DEBUG Input                - Clearing active input actions
08:55:31.730 [JavaFX Application Thread] DEBUG GameApplicationServi - Removing overlay from FXGLLoadingScene and adding to GameScene
08:55:31.731 [JavaFX Application Thread] DEBUG PrimaryStageWindow   - FXGLLoadingScene -> GameScene
08:56:04.163 [JavaFX Application Thread] WARN  TMXLevelLoader       - TiledMap generated from 1.11.2. Supported version: 1.9.0. Some features may not be parsed fully.
08:56:04.249 [JavaFX Application Thread] DEBUG TMXLevelLoader       - Parsed TiledMap: file:/C:/Users/Fra-Lu/Desktop/Schule/3.Klasse/POS/Workspace/DroidRampage/target/classes/assets/levels/Tile1.tmx
08:56:04.250 [JavaFX Application Thread] DEBUG TMXLevelLoader       - Creating tile layer entities
08:56:04.254 [JavaFX Application Thread] DEBUG TilesetLoader        - Loading view for layer Kachelebene 1
08:56:04.263 [JavaFX Application Thread] DEBUG TilesetLoader        - Created buffer with size 1920.0x1088.0
08:56:04.730 [JavaFX Application Thread] WARN  TilesetLoader        - Diagonally flipped tiles are not currently supported
08:56:04.733 [JavaFX Application Thread] WARN  TilesetLoader        - Diagonally flipped tiles are not currently supported
08:56:04.740 [JavaFX Application Thread] WARN  TilesetLoader        - Diagonally flipped tiles are not currently supported
08:56:04.743 [JavaFX Application Thread] WARN  TilesetLoader        - Diagonally flipped tiles are not currently supported
08:56:04.748 [JavaFX Application Thread] WARN  TilesetLoader        - Diagonally flipped tiles are not currently supported
08:56:04.753 [JavaFX Application Thread] WARN  TilesetLoader        - Diagonally flipped tiles are not currently supported
08:56:04.771 [JavaFX Application Thread] DEBUG TMXLevelLoader       - Creating object layer entities
08:56:23.720 [JavaFX Application Thread] DEBUG PrimaryStageWindow   - Push state: FXGLDefaultMenu
08:56:23.723 [JavaFX Application Thread] DEBUG Input                - Clearing active input actions
08:56:23.784 [JavaFX Application Thread] DEBUG GameApplicationServi - Removing overlay from GameScene and adding to FXGLDefaultMenu
08:56:23.787 [JavaFX Application Thread] DEBUG PrimaryStageWindow   - GameScene -> FXGLDefaultMenu
08:56:24.767 [JavaFX Application Thread] DEBUG FXGLApplication      - Exiting FXGL
08:56:24.768 [JavaFX Application Thread] DEBUG LoopRunner           - Stopping loop
08:56:24.768 [JavaFX Application Thread] DEBUG SystemBundleService  - Saving FXGL system data
08:56:24.788 [JavaFX Application Thread] DEBUG FileSystemAccess     - Writing to: C:\Users\Fra-Lu\Desktop\Schule\3.Klasse\POS\Workspace\DroidRampage\system\fxgl.bundle
08:56:24.808 [JavaFX Application Thread] DEBUG Async                - Shutting down background threads
08:56:24.810 [JavaFX Application Thread] DEBUG PrimaryStageWindow   - Closing main window
08:56:25.033 [JavaFX Application Thread] DEBUG Logger               - Closing Logger
