12:09:55.010 [main                     ] DEBUG Logger               - Configured Logger
12:09:55.019 [main                     ] DEBUG GameApplication      - Logging settings
Title: Droid Rampage
Version: 0.1
Width: 600
Height: 600
Fullscreen: false
Intro: false
Profiling: false
Single step:false
App Mode: DEVELOPER
Menu Key: ESCAPE
Stage Style: DECORATED
Scene Factory: class com.almasb.fxgl.app.scene.SceneFactory

12:09:55.461 [JavaFX Application Thread] DEBUG FXGLApplication      - Initializing FXGL
12:09:55.468 [JavaFX Application Thread] INFO  Engine               - FXGL-17.3 (30.03.2023 11.49) on WINDOWS (J:25 FX:21.0.6)
12:09:55.469 [JavaFX Application Thread] DEBUG Engine               - JRE Vendor Name: Oracle Corporation
12:09:55.469 [JavaFX Application Thread] DEBUG Engine               - Running on OS: Windows 11 version 10.0
12:09:55.469 [JavaFX Application Thread] DEBUG Engine               - Architecture: amd64
12:09:55.469 [JavaFX Application Thread] INFO  Engine               - Source code and latest versions at: https://github.com/AlmasB/FXGL
12:09:55.469 [JavaFX Application Thread] INFO  Engine               -       Ask questions and discuss at: https://github.com/AlmasB/FXGL/discussions
12:09:55.469 [JavaFX Application Thread] INFO  Engine               -              Join the FXGL chat at: https://gitter.im/AlmasB/FXGL
12:09:55.562 [JavaFX Application Thread] DEBUG PrimaryStageWindow   - Creating a JavaFX scene
12:09:55.616 [JavaFX Application Thread] DEBUG PrimaryStageWindow   - Target settings size: 600.0 x 600.0
12:09:55.616 [JavaFX Application Thread] DEBUG PrimaryStageWindow   - Scaled scene size:    600.0 x 600.0
12:09:55.617 [JavaFX Application Thread] DEBUG PrimaryStageWindow   - Scaled ratio: (1.0, 1.0)
12:09:55.617 [JavaFX Application Thread] DEBUG PrimaryStageWindow   - Set initial scene to FXGLStartupScene
12:09:55.621 [JavaFX Application Thread] DEBUG PrimaryStageWindow   - Opening main window
12:09:55.805 [JavaFX Application Thread] DEBUG PrimaryStageWindow   - Window border size: (14.4000244140625, 37.5999755859375)
12:09:55.805 [JavaFX Application Thread] DEBUG PrimaryStageWindow   - Scaled size: 600.0 x 600.0
12:09:55.805 [JavaFX Application Thread] DEBUG PrimaryStageWindow   - Scaled ratio: (1.0, 1.0)
12:09:55.806 [JavaFX Application Thread] DEBUG PrimaryStageWindow   - Scene size: 600.0 x 600.0
12:09:55.806 [JavaFX Application Thread] DEBUG PrimaryStageWindow   - Stage size: 614.4000244140625 x 637.5999755859375
12:09:55.819 [FXGL Background Thread 1 ] DEBUG Engine               - Initializing environment variables
12:09:55.904 [FXGL Background Thread 1 ] DEBUG FXGLAssetLoaderServi - User app class for loading assets: class at.htl.droidrampage.GameApp
12:09:55.904 [FXGL Background Thread 1 ] DEBUG GameApplicationServi - Applying CSS: fxgl_dark.css
12:09:55.905 [FXGL Background Thread 1 ] DEBUG FXGLAssetLoaderServi - Loading from file system: jar:file:///C:/Users/Fra-Lu/.m2/repository/com/github/almasb/fxgl/17.3/fxgl-17.3.jar!/fxglassets/ui/css/fxgl_dark.css
12:09:55.954 [FXGL Background Thread 1 ] DEBUG GameApplicationServi - Initializing application scenes
12:09:55.998 [FXGL Background Thread 1 ] DEBUG GameWorld            - Game world initialized
12:09:56.057 [FXGL Background Thread 1 ] DEBUG PhysicsWorld         - Physics world initialized: appHeight=600, physics.ppm=50,0
12:09:56.057 [FXGL Background Thread 1 ] DEBUG PhysicsWorld         - Using strategy: BRUTE_FORCE
12:09:56.066 [FXGL Background Thread 1 ] DEBUG GameScene            - Game scene initialized: 600x600
12:09:56.083 [FXGL Background Thread 1 ] WARN  FXGL.DefaultMenu     - FXGLDefaultMenu is not designed for resolutions < 800x600
12:09:56.085 [FXGL Background Thread 1 ] DEBUG FXGL.DefaultMenu     - createMenuBodyGameMenu()
12:09:56.100 [FXGL Background Thread 1 ] DEBUG FXGL.DefaultMenu     - createOptionsMenu()
12:09:56.110 [FXGL Background Thread 1 ] DEBUG FXGLAssetLoaderServi - Loading from file system: jar:file:///C:/Users/Fra-Lu/.m2/repository/com/github/almasb/fxgl/17.3/fxgl-17.3.jar!/fxglassets/textures/particles/smoke.png
12:09:56.200 [FXGL Background Thread 1 ] DEBUG FXGLAssetLoaderServi - Loading from file system: jar:file:///C:/Users/Fra-Lu/.m2/repository/com/github/almasb/fxgl/17.3/fxgl-17.3.jar!/fxglassets/textures/particles/trace_horizontal.png
12:09:56.223 [FXGL Background Thread 1 ] DEBUG GameApplicationServi - Application scenes initialized
12:09:56.237 [FXGL Background Thread 1 ] DEBUG SystemBundleService  - Loading FXGL system data
12:09:56.242 [FXGL Background Thread 1 ] DEBUG FileSystemAccess     - Reading from: C:\Users\Fra-Lu\Desktop\Schule\3.Klasse\POS\Workspace\DroidRampage\system\fxgl.bundle
12:09:56.251 [FXGL Background Thread 1 ] DEBUG SystemBundleService  - Bundle FXGL: {}
12:09:56.251 [FXGL Background Thread 1 ] DEBUG UpdaterService       - Checking for updates
12:09:56.255 [FXGL Background Thread 4 ] DEBUG FXGLApplication      - Loading fonts
12:09:56.255 [FXGL Background Thread 1 ] DEBUG FXGLApplication      - Loading default localization
12:09:56.256 [FXGL Background Thread 4 ] DEBUG FXGLAssetLoaderServi - Loading from file system: jar:file:///C:/Users/Fra-Lu/.m2/repository/com/github/almasb/fxgl/17.3/fxgl-17.3.jar!/fxglassets/ui/fonts/VarelaRound-Regular.ttf
12:09:56.256 [FXGL Background Thread 1 ] DEBUG FXGLAssetLoaderServi - Loading from file system: jar:file:///C:/Users/Fra-Lu/.m2/repository/com/github/almasb/fxgl/17.3/fxgl-17.3.jar!/fxglassets/languages/english.lang
12:09:56.276 [FXGL Background Thread 1 ] INFO  FXGLApplication      - FXGL initialization took: 0,457 sec
12:09:56.277 [JavaFX Application Thread] DEBUG FXGLAssetLoaderServi - Loading from file system: jar:file:///C:/Users/Fra-Lu/.m2/repository/com/github/almasb/fxgl/17.3/fxgl-17.3.jar!/fxglassets/textures/fxgl_icon.png
12:09:56.296 [JavaFX Application Thread] DEBUG FXGLAssetLoaderServi - Loading from file system: jar:file:///C:/Users/Fra-Lu/.m2/repository/com/github/almasb/fxgl/17.3/fxgl-17.3.jar!/fxglassets/textures/fxgl_default_cursor.png
12:09:56.311 [JavaFX Application Thread] DEBUG Input                - Registered new binding: Screenshot - CTRL+8
12:09:56.311 [JavaFX Application Thread] DEBUG Input                - Registered new binding: System info dump - CTRL+9
12:09:56.312 [JavaFX Application Thread] DEBUG Input                - Registered new binding: Restart - CTRL+R
12:09:56.313 [JavaFX Application Thread] DEBUG Input                - Registered new binding: Toggle Debug Camera - CTRL+7
12:09:56.317 [JavaFX Application Thread] DEBUG LoopRunner           - Starting loop
12:09:56.317 [JavaFX Application Thread] DEBUG LoopRunner           - Initializing JavaFX AnimationTimerLoop
12:09:56.321 [JavaFX Application Thread] DEBUG GameApplicationServi - Starting new game
12:09:56.322 [JavaFX Application Thread] DEBUG Input                - Clearing active input actions
12:09:56.341 [JavaFX Application Thread] DEBUG GameApplicationServi - Removing overlay from FXGLStartupScene and adding to FXGLLoadingScene
12:09:56.341 [JavaFX Application Thread] DEBUG PrimaryStageWindow   - FXGLStartupScene -> FXGLLoadingScene
12:09:56.341 [JavaFX Application Thread] DEBUG GameApplicationServi - Clearing previous game
12:09:56.341 [JavaFX Application Thread] DEBUG GameScene            - Clearing game scene
12:09:56.341 [JavaFX Application Thread] DEBUG GameWorld            - Clearing game world
12:09:56.343 [JavaFX Application Thread] DEBUG PhysicsWorld         - Clearing physics world
12:09:56.344 [FXGL Background Thread 1 ] DEBUG FXGLApplication      - Initializing game
12:09:56.344 [FXGL Background Thread 4 ] DEBUG FXGLAssetLoaderServi - Loading from file system: jar:file:///C:/Users/Fra-Lu/.m2/repository/com/github/almasb/fxgl/17.3/fxgl-17.3.jar!/fxglassets/ui/fonts/Abel-Regular.ttf
12:09:56.366 [FXGL Background Thread 1 ] DEBUG Input                - Registered new binding: Move Right - D
12:09:56.367 [FXGL Background Thread 1 ] DEBUG Input                - Registered new binding: Move Left - A
12:09:56.367 [FXGL Background Thread 1 ] DEBUG Input                - Registered new binding: Move Up - W
12:09:56.367 [FXGL Background Thread 1 ] DEBUG Input                - Registered new binding: Move Down - S
12:09:56.369 [FXGL Background Thread 4 ] DEBUG FXGLAssetLoaderServi - Loading from file system: jar:file:///C:/Users/Fra-Lu/.m2/repository/com/github/almasb/fxgl/17.3/fxgl-17.3.jar!/fxglassets/ui/fonts/TerminalLandMono-Regular.otf
12:09:56.372 [FXGL Background Thread 1 ] INFO  FXGLApplication      - Game initialization took: 0,028 sec
12:09:56.387 [FXGL Background Thread 4 ] DEBUG FXGLAssetLoaderServi - Loading from file system: jar:file:///C:/Users/Fra-Lu/.m2/repository/com/github/almasb/fxgl/17.3/fxgl-17.3.jar!/fxglassets/ui/fonts/Courier-Prime.ttf
12:09:56.416 [JavaFX Application Thread] DEBUG Input                - Clearing active input actions
12:09:56.425 [JavaFX Application Thread] DEBUG GameApplicationServi - Removing overlay from FXGLLoadingScene and adding to GameScene
12:09:56.425 [JavaFX Application Thread] DEBUG PrimaryStageWindow   - FXGLLoadingScene -> GameScene
12:09:56.426 [JavaFX Application Thread] DEBUG FXGLApplication      - Registering font factories with UI factory
12:09:56.739 [FXGL Background Thread 2 ] INFO  UpdaterService       - Your current version:  17.3
12:09:56.740 [FXGL Background Thread 2 ] INFO  UpdaterService       - Latest stable version: 25
12:09:59.083 [JavaFX Application Thread] DEBUG FXGLApplication      - Exiting FXGL
12:09:59.083 [JavaFX Application Thread] DEBUG LoopRunner           - Stopping loop
12:09:59.083 [JavaFX Application Thread] DEBUG SystemBundleService  - Saving FXGL system data
12:09:59.085 [JavaFX Application Thread] DEBUG FileSystemAccess     - Writing to: C:\Users\Fra-Lu\Desktop\Schule\3.Klasse\POS\Workspace\DroidRampage\system\fxgl.bundle
12:09:59.087 [JavaFX Application Thread] DEBUG Async                - Shutting down background threads
12:09:59.088 [JavaFX Application Thread] DEBUG PrimaryStageWindow   - Closing main window
12:09:59.108 [JavaFX Application Thread] DEBUG Logger               - Closing Logger
