08:15:00.805 [main                     ] DEBUG Logger               - Configured Logger
08:15:00.814 [main                     ] DEBUG GameApplication      - Logging settings
Title: Droid Rampage
Version: 0.4
Width: 1920
Height: 1088
Fullscreen: false
Intro: false
Profiling: false
Single step:false
App Mode: DEVELOPER
Menu Key: ESCAPE
Stage Style: DECORATED
Scene Factory: class com.almasb.fxgl.app.scene.SceneFactory

08:15:01.204 [JavaFX Application Thread] DEBUG FXGLApplication      - Initializing FXGL
08:15:01.207 [JavaFX Application Thread] INFO  Engine               - FXGL-17.3 (30.03.2023 11.49) on WINDOWS (J:25 FX:21.0.6)
08:15:01.207 [JavaFX Application Thread] DEBUG Engine               - JRE Vendor Name: Oracle Corporation
08:15:01.207 [JavaFX Application Thread] DEBUG Engine               - Running on OS: Windows 11 version 10.0
08:15:01.207 [JavaFX Application Thread] DEBUG Engine               - Architecture: amd64
08:15:01.207 [JavaFX Application Thread] INFO  Engine               - Source code and latest versions at: https://github.com/AlmasB/FXGL
08:15:01.207 [JavaFX Application Thread] INFO  Engine               -       Ask questions and discuss at: https://github.com/AlmasB/FXGL/discussions
08:15:01.207 [JavaFX Application Thread] INFO  Engine               -              Join the FXGL chat at: https://gitter.im/AlmasB/FXGL
08:15:01.300 [JavaFX Application Thread] DEBUG PrimaryStageWindow   - Creating a JavaFX scene
08:15:01.300 [JavaFX Application Thread] DEBUG PrimaryStageWindow   - Target size > screen size
08:15:01.340 [JavaFX Application Thread] DEBUG PrimaryStageWindow   - Target settings size: 1920.0 x 1088.0
08:15:01.340 [JavaFX Application Thread] DEBUG PrimaryStageWindow   - Scaled scene size:    1499.0 x 863.0
08:15:01.340 [JavaFX Application Thread] DEBUG PrimaryStageWindow   - Scaled ratio: (0.7807291666666667, 0.7931985294117647)
08:15:01.341 [JavaFX Application Thread] DEBUG PrimaryStageWindow   - Set initial scene to FXGLStartupScene
08:15:01.344 [JavaFX Application Thread] DEBUG PrimaryStageWindow   - Opening main window
08:15:01.466 [JavaFX Application Thread] DEBUG PrimaryStageWindow   - Window border size: (14.5999755859375, 37.79998779296875)
08:15:01.466 [JavaFX Application Thread] DEBUG PrimaryStageWindow   - Scaled size: 1499.0 x 863.0
08:15:01.467 [JavaFX Application Thread] DEBUG PrimaryStageWindow   - Scaled ratio: (0.7807291666666667, 0.7931985294117647)
08:15:01.467 [JavaFX Application Thread] DEBUG PrimaryStageWindow   - Scene size: 1499.0 x 863.0
08:15:01.467 [JavaFX Application Thread] DEBUG PrimaryStageWindow   - Stage size: 1513.5999755859375 x 900.7999877929688
08:15:01.482 [FXGL Background Thread 1 ] DEBUG Engine               - Initializing environment variables
08:15:01.565 [FXGL Background Thread 1 ] DEBUG FXGLAssetLoaderServi - User app class for loading assets: class at.htl.droidrampage.GameApp
08:15:01.565 [FXGL Background Thread 1 ] DEBUG GameApplicationServi - Applying CSS: fxgl_dark.css
08:15:01.566 [FXGL Background Thread 1 ] DEBUG FXGLAssetLoaderServi - Loading from file system: jar:file:/C:/Users/Fra-Lu/.m2/repository/com/github/almasb/fxgl/17.3/fxgl-17.3.jar!/fxglassets/ui/css/fxgl_dark.css
08:15:01.621 [FXGL Background Thread 1 ] DEBUG GameApplicationServi - Initializing application scenes
08:15:01.675 [FXGL Background Thread 1 ] DEBUG GameWorld            - Game world initialized
08:15:01.733 [FXGL Background Thread 1 ] DEBUG PhysicsWorld         - Physics world initialized: appHeight=1088, physics.ppm=50,0
08:15:01.734 [FXGL Background Thread 1 ] DEBUG PhysicsWorld         - Using strategy: BRUTE_FORCE
08:15:01.737 [FXGL Background Thread 1 ] DEBUG GameScene            - Game scene initialized: 1920x1088
08:15:01.754 [FXGL Background Thread 1 ] DEBUG FXGL.DefaultMenu     - createMenuBodyGameMenu()
08:15:01.766 [FXGL Background Thread 1 ] DEBUG FXGL.DefaultMenu     - createOptionsMenu()
08:15:01.777 [FXGL Background Thread 1 ] DEBUG FXGLAssetLoaderServi - Loading from file system: jar:file:/C:/Users/Fra-Lu/.m2/repository/com/github/almasb/fxgl/17.3/fxgl-17.3.jar!/fxglassets/textures/particles/smoke.png
08:15:01.848 [FXGL Background Thread 1 ] DEBUG FXGLAssetLoaderServi - Loading from file system: jar:file:/C:/Users/Fra-Lu/.m2/repository/com/github/almasb/fxgl/17.3/fxgl-17.3.jar!/fxglassets/textures/particles/trace_horizontal.png
08:15:01.870 [FXGL Background Thread 1 ] DEBUG GameApplicationServi - Application scenes initialized
08:15:01.883 [FXGL Background Thread 1 ] DEBUG SystemBundleService  - Loading FXGL system data
08:15:01.886 [FXGL Background Thread 1 ] DEBUG FileSystemAccess     - Reading from: C:\Users\Fra-Lu\Desktop\Schule\3.Klasse\POS\Workspace\DroidRampage\system\fxgl.bundle
08:15:01.891 [FXGL Background Thread 1 ] DEBUG SystemBundleService  - Bundle FXGL: {}
08:15:01.891 [FXGL Background Thread 1 ] DEBUG UpdaterService       - Checking for updates
08:15:01.894 [FXGL Background Thread 4 ] DEBUG FXGLApplication      - Loading fonts
08:15:01.894 [FXGL Background Thread 1 ] DEBUG FXGLApplication      - Loading default localization
08:15:01.894 [FXGL Background Thread 4 ] DEBUG FXGLAssetLoaderServi - Loading from file system: jar:file:/C:/Users/Fra-Lu/.m2/repository/com/github/almasb/fxgl/17.3/fxgl-17.3.jar!/fxglassets/ui/fonts/VarelaRound-Regular.ttf
08:15:01.895 [FXGL Background Thread 1 ] DEBUG FXGLAssetLoaderServi - Loading from file system: jar:file:/C:/Users/Fra-Lu/.m2/repository/com/github/almasb/fxgl/17.3/fxgl-17.3.jar!/fxglassets/languages/english.lang
08:15:01.909 [FXGL Background Thread 1 ] INFO  FXGLApplication      - FXGL initialization took: 0,427 sec
08:15:01.910 [JavaFX Application Thread] DEBUG FXGLAssetLoaderServi - Loading from file system: jar:file:/C:/Users/Fra-Lu/.m2/repository/com/github/almasb/fxgl/17.3/fxgl-17.3.jar!/fxglassets/textures/fxgl_icon.png
08:15:01.929 [JavaFX Application Thread] DEBUG FXGLAssetLoaderServi - Loading from file system: jar:file:/C:/Users/Fra-Lu/.m2/repository/com/github/almasb/fxgl/17.3/fxgl-17.3.jar!/fxglassets/textures/fxgl_default_cursor.png
08:15:01.941 [JavaFX Application Thread] DEBUG Input                - Registered new binding: Screenshot - CTRL+8
08:15:01.942 [JavaFX Application Thread] DEBUG Input                - Registered new binding: System info dump - CTRL+9
08:15:01.943 [JavaFX Application Thread] DEBUG Input                - Registered new binding: Restart - CTRL+R
08:15:01.944 [JavaFX Application Thread] DEBUG Input                - Registered new binding: Toggle Debug Camera - CTRL+7
08:15:01.947 [JavaFX Application Thread] DEBUG LoopRunner           - Starting loop
08:15:01.947 [JavaFX Application Thread] DEBUG LoopRunner           - Initializing JavaFX AnimationTimerLoop
08:15:01.948 [JavaFX Application Thread] DEBUG GameApplicationServi - Starting new game
08:15:01.949 [JavaFX Application Thread] DEBUG Input                - Clearing active input actions
08:15:01.957 [FXGL Background Thread 4 ] DEBUG FXGLAssetLoaderServi - Loading from file system: jar:file:/C:/Users/Fra-Lu/.m2/repository/com/github/almasb/fxgl/17.3/fxgl-17.3.jar!/fxglassets/ui/fonts/Abel-Regular.ttf
08:15:01.960 [JavaFX Application Thread] DEBUG GameApplicationServi - Removing overlay from FXGLStartupScene and adding to FXGLLoadingScene
08:15:01.961 [JavaFX Application Thread] DEBUG PrimaryStageWindow   - FXGLStartupScene -> FXGLLoadingScene
08:15:01.961 [JavaFX Application Thread] DEBUG GameApplicationServi - Clearing previous game
08:15:01.961 [JavaFX Application Thread] DEBUG GameScene            - Clearing game scene
08:15:01.961 [JavaFX Application Thread] DEBUG GameWorld            - Clearing game world
08:15:01.961 [JavaFX Application Thread] DEBUG PhysicsWorld         - Clearing physics world
08:15:01.963 [FXGL Background Thread 1 ] DEBUG FXGLApplication      - Initializing game
08:15:01.969 [FXGL Background Thread 4 ] DEBUG FXGLAssetLoaderServi - Loading from file system: jar:file:/C:/Users/Fra-Lu/.m2/repository/com/github/almasb/fxgl/17.3/fxgl-17.3.jar!/fxglassets/ui/fonts/TerminalLandMono-Regular.otf
08:15:01.982 [FXGL Background Thread 4 ] DEBUG FXGLAssetLoaderServi - Loading from file system: jar:file:/C:/Users/Fra-Lu/.m2/repository/com/github/almasb/fxgl/17.3/fxgl-17.3.jar!/fxglassets/ui/fonts/Courier-Prime.ttf
08:15:02.000 [FXGL Background Thread 1 ] WARN  TMXLevelLoader       - TiledMap generated from 1.11.2. Supported version: 1.9.0. Some features may not be parsed fully.
08:15:02.019 [JavaFX Application Thread] DEBUG FXGLApplication      - Registering font factories with UI factory
08:15:02.026 [FXGL Background Thread 1 ] DEBUG TMXLevelLoader       - Parsed TiledMap: file:/C:/Users/Fra-Lu/Desktop/Schule/3.Klasse/POS/Workspace/DroidRampage/target/classes/assets/levels/TileStart.tmx
08:15:02.027 [FXGL Background Thread 1 ] DEBUG TMXLevelLoader       - Creating tile layer entities
08:15:02.029 [FXGL Background Thread 1 ] DEBUG TilesetLoader        - Loading view for layer Kachelebene 1
08:15:02.032 [FXGL Background Thread 1 ] DEBUG TilesetLoader        - Created buffer with size 1920.0x1088.0
08:15:02.098 [FXGL Background Thread 1 ] DEBUG TMXLevelLoader       - Creating object layer entities
08:15:02.130 [FXGL Background Thread 1 ] DEBUG FXGLAssetLoaderServi - Loading from file system: file:/C:/Users/Fra-Lu/Desktop/Schule/3.Klasse/POS/Workspace/DroidRampage/target/classes/assets/textures/R2D2.png
08:15:02.136 [FXGL Background Thread 1 ] DEBUG Input                - Registered new binding: Move Right - D
08:15:02.136 [FXGL Background Thread 1 ] DEBUG Input                - Registered new binding: Move Left - A
08:15:02.136 [FXGL Background Thread 1 ] DEBUG Input                - Registered new binding: Jump - Space
08:15:02.136 [FXGL Background Thread 1 ] DEBUG Input                - Registered new binding: Toggle Cheat Mode - I
08:15:02.142 [FXGL Background Thread 1 ] DEBUG GameWorld            - Clearing removable entities
08:15:02.143 [FXGL Background Thread 1 ] DEBUG GameWorld            - Setting level: com.almasb.fxgl.entity.level.Level@390670be
08:15:02.155 [FXGL Background Thread 1 ] INFO  FXGLApplication      - Game initialization took: 0,192 sec
08:15:02.177 [JavaFX Application Thread] DEBUG Input                - Clearing active input actions
08:15:02.186 [JavaFX Application Thread] DEBUG GameApplicationServi - Removing overlay from FXGLLoadingScene and adding to GameScene
08:15:02.187 [JavaFX Application Thread] DEBUG PrimaryStageWindow   - FXGLLoadingScene -> GameScene
08:15:02.319 [FXGL Background Thread 2 ] INFO  UpdaterService       - Your current version:  17.3
08:15:02.320 [FXGL Background Thread 2 ] INFO  UpdaterService       - Latest stable version: 25
08:15:04.894 [FXGL Background Thread 3 ] DEBUG Engine               - Logging environment variables
08:15:04.894 [FXGL Background Thread 3 ] DEBUG Engine               - achievements: []
08:15:04.894 [FXGL Background Thread 3 ] DEBUG Engine               - actualHeight: 863.0
08:15:04.894 [FXGL Background Thread 3 ] DEBUG Engine               - actualHeightProperty: ReadOnlyDoubleProperty [value: 863.0]
08:15:04.894 [FXGL Background Thread 3 ] DEBUG Engine               - actualWidth: 1499.0
08:15:04.894 [FXGL Background Thread 3 ] DEBUG Engine               - actualWidthProperty: ReadOnlyDoubleProperty [value: 1499.0]
08:15:04.894 [FXGL Background Thread 3 ] DEBUG Engine               - appIcon: fxgl_icon.png
08:15:04.894 [FXGL Background Thread 3 ] DEBUG Engine               - applicationMode: DEVELOPER
08:15:04.894 [FXGL Background Thread 3 ] DEBUG Engine               - cSSList: [fxgl_dark.css]
08:15:04.894 [FXGL Background Thread 3 ] DEBUG Engine               - collisionDetectionStrategy: BRUTE_FORCE
08:15:04.894 [FXGL Background Thread 3 ] DEBUG Engine               - configClass: Optional.empty
08:15:04.894 [FXGL Background Thread 3 ] DEBUG Engine               - credits: []
08:15:04.895 [FXGL Background Thread 3 ] DEBUG Engine               - defaultCursor: CursorInfo(imageName=fxgl_default_cursor.png, hotspotX=7.0, hotspotY=6.0)
08:15:04.895 [FXGL Background Thread 3 ] DEBUG Engine               - devBBoxColorProperty: ObjectProperty [value: 0xff0000ff]
08:15:04.895 [FXGL Background Thread 3 ] DEBUG Engine               - devEnableDebugCameraProperty: BooleanProperty [value: false]
08:15:04.895 [FXGL Background Thread 3 ] DEBUG Engine               - devSensorColorProperty: ObjectProperty [value: 0xffff00ff]
08:15:04.895 [FXGL Background Thread 3 ] DEBUG Engine               - devShowBBoxProperty: BooleanProperty [value: false]
08:15:04.895 [FXGL Background Thread 3 ] DEBUG Engine               - devShowPositionProperty: BooleanProperty [value: false]
08:15:04.895 [FXGL Background Thread 3 ] DEBUG Engine               - enabledMenuItems: []
08:15:04.895 [FXGL Background Thread 3 ] DEBUG Engine               - engineServices: [class com.almasb.fxgl.app.services.FXGLAssetLoaderService, class com.almasb.fxgl.app.FXGLApplication$GameApplicationService, class com.almasb.fxgl.app.services.FXGLDialogService, class com.almasb.fxgl.app.services.IOTaskExecutorService, class com.almasb.fxgl.io.FileSystemService, class com.almasb.fxgl.localization.LocalizationService, class com.almasb.fxgl.app.services.SystemBundleService, class com.almasb.fxgl.profile.SaveLoadService, class com.almasb.fxgl.ui.FXGLUIFactoryServiceProvider, class com.almasb.fxgl.ui.FXGLDialogFactoryServiceProvider, class com.almasb.fxgl.audio.AudioPlayer, class com.almasb.fxgl.notification.impl.NotificationServiceProvider, class com.almasb.fxgl.achievement.AchievementService, class com.almasb.fxgl.cutscene.CutsceneService, class com.almasb.fxgl.minigames.MiniGameService, class com.almasb.fxgl.net.NetService, class com.almasb.fxgl.app.services.UpdaterService, class com.almasb.fxgl.dev.DevService]
08:15:04.895 [FXGL Background Thread 3 ] DEBUG Engine               - fontGame: Abel-Regular.ttf
08:15:04.895 [FXGL Background Thread 3 ] DEBUG Engine               - fontMono: TerminalLandMono-Regular.otf
08:15:04.895 [FXGL Background Thread 3 ] DEBUG Engine               - fontSizeScaleUI: 1.0
08:15:04.895 [FXGL Background Thread 3 ] DEBUG Engine               - fontText: Courier-Prime.ttf
08:15:04.895 [FXGL Background Thread 3 ] DEBUG Engine               - fontUI: VarelaRound-Regular.ttf
08:15:04.895 [FXGL Background Thread 3 ] DEBUG Engine               - fullScreen: BooleanProperty [value: false]
08:15:04.895 [FXGL Background Thread 3 ] DEBUG Engine               - gameDifficulty: MEDIUM
08:15:04.895 [FXGL Background Thread 3 ] DEBUG Engine               - gameDifficultyProperty: ObjectProperty [value: MEDIUM]
08:15:04.895 [FXGL Background Thread 3 ] DEBUG Engine               - globalMusicVolume: 0.5
08:15:04.895 [FXGL Background Thread 3 ] DEBUG Engine               - globalMusicVolumeProperty: DoubleProperty [value: 0.5]
08:15:04.895 [FXGL Background Thread 3 ] DEBUG Engine               - globalSoundVolume: 0.5
08:15:04.895 [FXGL Background Thread 3 ] DEBUG Engine               - globalSoundVolumeProperty: DoubleProperty [value: 0.5]
08:15:04.895 [FXGL Background Thread 3 ] DEBUG Engine               - height: 1088
08:15:04.895 [FXGL Background Thread 3 ] DEBUG Engine               - is3D: false
08:15:04.895 [FXGL Background Thread 3 ] DEBUG Engine               - isAndroid: false
08:15:04.895 [FXGL Background Thread 3 ] DEBUG Engine               - isBrowser: false
08:15:04.895 [FXGL Background Thread 3 ] DEBUG Engine               - isClickFeedbackEnabled: false
08:15:04.895 [FXGL Background Thread 3 ] DEBUG Engine               - isCloseConfirmation: false
08:15:04.895 [FXGL Background Thread 3 ] DEBUG Engine               - isDesktop: true
08:15:04.895 [FXGL Background Thread 3 ] DEBUG Engine               - isDeveloperMenuEnabled: false
08:15:04.895 [FXGL Background Thread 3 ] DEBUG Engine               - isEmbedded: false
08:15:04.895 [FXGL Background Thread 3 ] DEBUG Engine               - isEntityPreloadEnabled: true
08:15:04.895 [FXGL Background Thread 3 ] DEBUG Engine               - isExperimentalTiledLargeMap: false
08:15:04.896 [FXGL Background Thread 3 ] DEBUG Engine               - isFileSystemWriteAllowed: true
08:15:04.896 [FXGL Background Thread 3 ] DEBUG Engine               - isFullScreenAllowed: false
08:15:04.896 [FXGL Background Thread 3 ] DEBUG Engine               - isFullScreenFromStart: false
08:15:04.896 [FXGL Background Thread 3 ] DEBUG Engine               - isGameMenuEnabled: true
08:15:04.896 [FXGL Background Thread 3 ] DEBUG Engine               - isIOS: false
08:15:04.896 [FXGL Background Thread 3 ] DEBUG Engine               - isIntroEnabled: false
08:15:04.896 [FXGL Background Thread 3 ] DEBUG Engine               - isLinux: false
08:15:04.896 [FXGL Background Thread 3 ] DEBUG Engine               - isMac: false
08:15:04.896 [FXGL Background Thread 3 ] DEBUG Engine               - isMainMenuEnabled: false
08:15:04.896 [FXGL Background Thread 3 ] DEBUG Engine               - isManualResizeEnabled: false
08:15:04.896 [FXGL Background Thread 3 ] DEBUG Engine               - isMobile: false
08:15:04.896 [FXGL Background Thread 3 ] DEBUG Engine               - isNative: false
08:15:04.896 [FXGL Background Thread 3 ] DEBUG Engine               - isPauseMusicWhenMinimized: true
08:15:04.896 [FXGL Background Thread 3 ] DEBUG Engine               - isPreserveResizeRatio: false
08:15:04.896 [FXGL Background Thread 3 ] DEBUG Engine               - isProfilingEnabled: false
08:15:04.896 [FXGL Background Thread 3 ] DEBUG Engine               - isScaleAffectedOnResize: true
08:15:04.896 [FXGL Background Thread 3 ] DEBUG Engine               - isSingleStep: false
08:15:04.896 [FXGL Background Thread 3 ] DEBUG Engine               - isUserProfileEnabled: false
08:15:04.896 [FXGL Background Thread 3 ] DEBUG Engine               - isWindows: true
08:15:04.896 [FXGL Background Thread 3 ] DEBUG Engine               - language: ObjectProperty [value: ENGLISH]
08:15:04.898 [FXGL Background Thread 3 ] DEBUG Engine               - menuKey: ESCAPE
08:15:04.898 [FXGL Background Thread 3 ] DEBUG Engine               - mouseSensitivity: 0.2
08:15:04.898 [FXGL Background Thread 3 ] DEBUG Engine               - notificationViewClass: class com.almasb.fxgl.notification.view.XboxNotificationView
08:15:04.898 [FXGL Background Thread 3 ] DEBUG Engine               - pixelsPerMeter: 50.0
08:15:04.898 [FXGL Background Thread 3 ] DEBUG Engine               - platform: WINDOWS
08:15:04.898 [FXGL Background Thread 3 ] DEBUG Engine               - prefHeightProperty: ReadOnlyDoubleProperty [value: 1088.0]
08:15:04.898 [FXGL Background Thread 3 ] DEBUG Engine               - prefWidthProperty: ReadOnlyDoubleProperty [value: 1920.0]
08:15:04.898 [FXGL Background Thread 3 ] DEBUG Engine               - profileDir: profiles/
08:15:04.898 [FXGL Background Thread 3 ] DEBUG Engine               - profileName: StringProperty [value: DEFAULT]
08:15:04.898 [FXGL Background Thread 3 ] DEBUG Engine               - randomSeed: -1
08:15:04.898 [FXGL Background Thread 3 ] DEBUG Engine               - runtimeInfo: RuntimeInfo(platform=WINDOWS, version=17.3, build=30.03.2023 11.49)
08:15:04.898 [FXGL Background Thread 3 ] DEBUG Engine               - saveFileExt: sav
08:15:04.898 [FXGL Background Thread 3 ] DEBUG Engine               - scaledHeightProp$fxgl: DoubleProperty [bound, value: 863.0]
08:15:04.898 [FXGL Background Thread 3 ] DEBUG Engine               - scaledWidthProp$fxgl: DoubleProperty [bound, value: 1499.0]
08:15:04.898 [FXGL Background Thread 3 ] DEBUG Engine               - sceneFactory: com.almasb.fxgl.app.scene.SceneFactory@24253d82
08:15:04.898 [FXGL Background Thread 3 ] DEBUG Engine               - secondsIn24h: 60
08:15:04.898 [FXGL Background Thread 3 ] DEBUG Engine               - soundMenuBack: menu/back.wav
08:15:04.898 [FXGL Background Thread 3 ] DEBUG Engine               - soundMenuPress: menu/press.wav
08:15:04.898 [FXGL Background Thread 3 ] DEBUG Engine               - soundMenuSelect: menu/select.wav
08:15:04.898 [FXGL Background Thread 3 ] DEBUG Engine               - soundNotification: core/notification.wav
08:15:04.898 [FXGL Background Thread 3 ] DEBUG Engine               - stageStyle: DECORATED
08:15:04.898 [FXGL Background Thread 3 ] DEBUG Engine               - supportedLanguages: [ENGLISH, FRENCH, GERMAN, HUNGARIAN, RUSSIAN]
08:15:04.898 [FXGL Background Thread 3 ] DEBUG Engine               - ticksPerSecond: -1
08:15:04.898 [FXGL Background Thread 3 ] DEBUG Engine               - title: Droid Rampage
08:15:04.898 [FXGL Background Thread 3 ] DEBUG Engine               - urlGithub: https://github.com/AlmasB/FXGL
08:15:04.899 [FXGL Background Thread 3 ] DEBUG Engine               - urlLeaderboard: http://fxgl-top.herokuapp.com/
08:15:04.899 [FXGL Background Thread 3 ] DEBUG Engine               - urlPOM: https://raw.githubusercontent.com/AlmasB/FXGL/release/README.md
08:15:04.899 [FXGL Background Thread 3 ] DEBUG Engine               - userAppClass: class at.htl.droidrampage.GameApp
08:15:04.899 [FXGL Background Thread 3 ] DEBUG Engine               - version: 0.4
08:15:04.899 [FXGL Background Thread 3 ] DEBUG Engine               - versionCheckDays: 7
08:15:04.899 [FXGL Background Thread 3 ] DEBUG Engine               - width: 1920
08:15:04.899 [FXGL Background Thread 3 ] DEBUG Engine               - Logging services
08:15:04.899 [FXGL Background Thread 3 ] DEBUG Engine               - class com.almasb.fxgl.app.services.FXGLAssetLoaderService
08:15:04.899 [FXGL Background Thread 3 ] DEBUG Engine               - class com.almasb.fxgl.app.FXGLApplication$GameApplicationService
08:15:04.899 [FXGL Background Thread 3 ] DEBUG Engine               - class com.almasb.fxgl.app.services.FXGLDialogService
08:15:04.899 [FXGL Background Thread 3 ] DEBUG Engine               - class com.almasb.fxgl.app.services.IOTaskExecutorService
08:15:04.899 [FXGL Background Thread 3 ] DEBUG Engine               - class com.almasb.fxgl.io.FileSystemService
08:15:04.899 [FXGL Background Thread 3 ] DEBUG Engine               - class com.almasb.fxgl.localization.LocalizationService
08:15:04.899 [FXGL Background Thread 3 ] DEBUG Engine               - class com.almasb.fxgl.app.services.SystemBundleService
08:15:04.899 [FXGL Background Thread 3 ] DEBUG Engine               - class com.almasb.fxgl.profile.SaveLoadService
08:15:04.899 [FXGL Background Thread 3 ] DEBUG Engine               - class com.almasb.fxgl.ui.FXGLUIFactoryServiceProvider
08:15:04.899 [FXGL Background Thread 3 ] DEBUG Engine               - class com.almasb.fxgl.ui.FXGLDialogFactoryServiceProvider
08:15:04.899 [FXGL Background Thread 3 ] DEBUG Engine               - class com.almasb.fxgl.audio.AudioPlayer
08:15:04.899 [FXGL Background Thread 3 ] DEBUG Engine               - class com.almasb.fxgl.notification.impl.NotificationServiceProvider
08:15:04.899 [FXGL Background Thread 3 ] DEBUG Engine               - class com.almasb.fxgl.achievement.AchievementService
08:15:04.899 [FXGL Background Thread 3 ] DEBUG Engine               - class com.almasb.fxgl.cutscene.CutsceneService
08:15:04.899 [FXGL Background Thread 3 ] DEBUG Engine               - class com.almasb.fxgl.minigames.MiniGameService
08:15:04.899 [FXGL Background Thread 3 ] DEBUG Engine               - class com.almasb.fxgl.net.NetService
08:15:04.899 [FXGL Background Thread 3 ] DEBUG Engine               - class com.almasb.fxgl.app.services.UpdaterService
08:15:04.899 [FXGL Background Thread 3 ] DEBUG Engine               - class com.almasb.fxgl.dev.DevService
08:15:07.906 [JavaFX Application Thread] DEBUG FXGLApplication      - Exiting FXGL
08:15:07.906 [JavaFX Application Thread] DEBUG LoopRunner           - Stopping loop
08:15:07.906 [JavaFX Application Thread] DEBUG SystemBundleService  - Saving FXGL system data
08:15:07.910 [JavaFX Application Thread] DEBUG FileSystemAccess     - Writing to: C:\Users\Fra-Lu\Desktop\Schule\3.Klasse\POS\Workspace\DroidRampage\system\fxgl.bundle
08:15:07.912 [JavaFX Application Thread] DEBUG Async                - Shutting down background threads
08:15:07.912 [JavaFX Application Thread] DEBUG PrimaryStageWindow   - Closing main window
08:15:07.930 [JavaFX Application Thread] DEBUG Logger               - Closing Logger
