08:26:41.245 [main                     ] DEBUG Logger               - Configured Logger
08:26:41.254 [main                     ] DEBUG GameApplication      - Logging settings
Title: Droid Rampage
Version: 1.0
Width: 1920
Height: 1088
Fullscreen: true
Intro: false
Profiling: false
Single step:false
App Mode: DEVELOPER
Menu Key: ESCAPE
Stage Style: DECORATED
Scene Factory: class com.almasb.fxgl.app.scene.SceneFactory

08:26:41.589 [JavaFX Application Thread] DEBUG FXGLApplication      - Initializing FXGL
08:26:41.592 [JavaFX Application Thread] INFO  Engine               - FXGL-17.3 (30.03.2023 11.49) on LINUX (J:26 FX:21.0.6)
08:26:41.593 [JavaFX Application Thread] DEBUG Engine               - JRE Vendor Name: Oracle Corporation
08:26:41.593 [JavaFX Application Thread] DEBUG Engine               - Running on OS: Linux version 6.17.0-22-generic
08:26:41.593 [JavaFX Application Thread] DEBUG Engine               - Architecture: amd64
08:26:41.593 [JavaFX Application Thread] INFO  Engine               - Source code and latest versions at: https://github.com/AlmasB/FXGL
08:26:41.593 [JavaFX Application Thread] INFO  Engine               -       Ask questions and discuss at: https://github.com/AlmasB/FXGL/discussions
08:26:41.593 [JavaFX Application Thread] INFO  Engine               -              Join the FXGL chat at: https://gitter.im/AlmasB/FXGL
08:26:41.681 [JavaFX Application Thread] DEBUG PrimaryStageWindow   - Creating a JavaFX scene
08:26:41.682 [JavaFX Application Thread] DEBUG PrimaryStageWindow   - Target size > screen size
08:26:41.735 [JavaFX Application Thread] DEBUG PrimaryStageWindow   - Target settings size: 1920.0 x 1088.0
08:26:41.735 [JavaFX Application Thread] DEBUG PrimaryStageWindow   - Scaled scene size:    1880.0 x 1079.0
08:26:41.735 [JavaFX Application Thread] DEBUG PrimaryStageWindow   - Scaled ratio: (0.9791666666666666, 0.9917279411764706)
08:26:41.736 [JavaFX Application Thread] DEBUG PrimaryStageWindow   - Set initial scene to FXGLStartupScene
08:26:41.738 [JavaFX Application Thread] DEBUG PrimaryStageWindow   - Opening main window
08:26:41.767 [JavaFX Application Thread] DEBUG PrimaryStageWindow   - Window border size: (0.0, 35.0)
08:26:41.767 [JavaFX Application Thread] DEBUG PrimaryStageWindow   - Scaled size: 1880.0 x 1044.0
08:26:41.767 [JavaFX Application Thread] DEBUG PrimaryStageWindow   - Scaled ratio: (0.9791666666666666, 0.9595588235294118)
08:26:41.767 [JavaFX Application Thread] DEBUG PrimaryStageWindow   - Scene size: 1880.0 x 1079.0
08:26:41.768 [JavaFX Application Thread] DEBUG PrimaryStageWindow   - Stage size: 1880.0 x 1079.0
08:26:41.774 [FXGL Background Thread 1 ] DEBUG Engine               - Initializing environment variables
08:26:41.809 [FXGL Background Thread 1 ] DEBUG FXGLAssetLoaderServi - User app class for loading assets: class at.htl.droidrampage.GameApp
08:26:41.809 [FXGL Background Thread 1 ] DEBUG GameApplicationServi - Applying CSS: fxgl_dark.css
08:26:41.809 [FXGL Background Thread 1 ] DEBUG FXGLAssetLoaderServi - Loading from file system: jar:file:/home/franz/.m2/repository/com/github/almasb/fxgl/17.3/fxgl-17.3.jar!/fxglassets/ui/css/fxgl_dark.css
08:26:41.851 [FXGL Background Thread 1 ] DEBUG GameApplicationServi - Initializing application scenes
08:26:41.891 [FXGL Background Thread 1 ] DEBUG GameWorld            - Game world initialized
08:26:41.921 [FXGL Background Thread 1 ] DEBUG PhysicsWorld         - Physics world initialized: appHeight=1088, physics.ppm=50.0
08:26:41.922 [FXGL Background Thread 1 ] DEBUG PhysicsWorld         - Using strategy: BRUTE_FORCE
08:26:41.925 [FXGL Background Thread 1 ] DEBUG GameScene            - Game scene initialized: 1920x1088
08:26:41.933 [FXGL Background Thread 1 ] DEBUG FXGL.DefaultMenu     - createMenuBodyGameMenu()
08:26:41.940 [FXGL Background Thread 1 ] DEBUG FXGL.DefaultMenu     - createOptionsMenu()
08:26:41.946 [FXGL Background Thread 1 ] DEBUG FXGLAssetLoaderServi - Loading from file system: jar:file:/home/franz/.m2/repository/com/github/almasb/fxgl/17.3/fxgl-17.3.jar!/fxglassets/textures/particles/smoke.png
08:26:41.996 [FXGL Background Thread 1 ] DEBUG FXGLAssetLoaderServi - Loading from file system: jar:file:/home/franz/.m2/repository/com/github/almasb/fxgl/17.3/fxgl-17.3.jar!/fxglassets/textures/particles/trace_horizontal.png
08:26:42.011 [FXGL Background Thread 1 ] DEBUG GameApplicationServi - Application scenes initialized
08:26:42.017 [FXGL Background Thread 1 ] DEBUG SystemBundleService  - Loading FXGL system data
08:26:42.017 [FXGL Background Thread 1 ] DEBUG FileSystemAccess     - Reading from: /home/franz/Documents/Schule/3-Klasse/POS/DroidRampage/system/fxgl.bundle
08:26:42.018 [FXGL Background Thread 1 ] DEBUG SystemBundleService  - Bundle FXGL: {}
08:26:42.018 [FXGL Background Thread 1 ] DEBUG UpdaterService       - Checking for updates
08:26:42.021 [FXGL Background Thread 4 ] DEBUG FXGLApplication      - Loading fonts
08:26:42.021 [FXGL Background Thread 1 ] DEBUG FXGLApplication      - Loading default localization
08:26:42.021 [FXGL Background Thread 4 ] DEBUG FXGLAssetLoaderServi - Loading from file system: jar:file:/home/franz/.m2/repository/com/github/almasb/fxgl/17.3/fxgl-17.3.jar!/fxglassets/ui/fonts/VarelaRound-Regular.ttf
08:26:42.022 [FXGL Background Thread 1 ] DEBUG FXGLAssetLoaderServi - Loading from file system: jar:file:/home/franz/.m2/repository/com/github/almasb/fxgl/17.3/fxgl-17.3.jar!/fxglassets/languages/english.lang
08:26:42.026 [FXGL Background Thread 4 ] DEBUG FXGLAssetLoaderServi - Loading from file system: jar:file:/home/franz/.m2/repository/com/github/almasb/fxgl/17.3/fxgl-17.3.jar!/fxglassets/ui/fonts/Abel-Regular.ttf
08:26:42.027 [FXGL Background Thread 4 ] DEBUG FXGLAssetLoaderServi - Loading from file system: jar:file:/home/franz/.m2/repository/com/github/almasb/fxgl/17.3/fxgl-17.3.jar!/fxglassets/ui/fonts/TerminalLandMono-Regular.otf
08:26:42.030 [FXGL Background Thread 4 ] DEBUG FXGLAssetLoaderServi - Loading from file system: jar:file:/home/franz/.m2/repository/com/github/almasb/fxgl/17.3/fxgl-17.3.jar!/fxglassets/ui/fonts/Courier-Prime.ttf
08:26:42.031 [FXGL Background Thread 1 ] INFO  FXGLApplication      - FXGL initialization took: 0.257 sec
08:26:42.032 [JavaFX Application Thread] DEBUG FXGLAssetLoaderServi - Loading from file system: jar:file:/home/franz/.m2/repository/com/github/almasb/fxgl/17.3/fxgl-17.3.jar!/fxglassets/textures/fxgl_icon.png
08:26:42.050 [JavaFX Application Thread] DEBUG FXGLAssetLoaderServi - Loading from file system: jar:file:/home/franz/.m2/repository/com/github/almasb/fxgl/17.3/fxgl-17.3.jar!/fxglassets/textures/fxgl_default_cursor.png
08:26:42.061 [JavaFX Application Thread] DEBUG Input                - Registered new binding: Screenshot - CTRL+8
08:26:42.061 [JavaFX Application Thread] DEBUG Input                - Registered new binding: System info dump - CTRL+9
08:26:42.062 [JavaFX Application Thread] DEBUG Input                - Registered new binding: Restart - CTRL+R
08:26:42.062 [JavaFX Application Thread] DEBUG Input                - Registered new binding: Toggle Debug Camera - CTRL+7
08:26:42.066 [JavaFX Application Thread] DEBUG LoopRunner           - Starting loop
08:26:42.066 [JavaFX Application Thread] DEBUG LoopRunner           - Initializing JavaFX AnimationTimerLoop
08:26:42.067 [JavaFX Application Thread] DEBUG GameApplicationServi - Starting new game
08:26:42.068 [JavaFX Application Thread] DEBUG Input                - Clearing active input actions
08:26:42.079 [JavaFX Application Thread] DEBUG GameApplicationServi - Removing overlay from FXGLStartupScene and adding to FXGLLoadingScene
08:26:42.080 [JavaFX Application Thread] DEBUG PrimaryStageWindow   - FXGLStartupScene -> FXGLLoadingScene
08:26:42.080 [JavaFX Application Thread] DEBUG GameApplicationServi - Clearing previous game
08:26:42.080 [JavaFX Application Thread] DEBUG GameScene            - Clearing game scene
08:26:42.080 [JavaFX Application Thread] DEBUG GameWorld            - Clearing game world
08:26:42.080 [JavaFX Application Thread] DEBUG PhysicsWorld         - Clearing physics world
08:26:42.082 [FXGL Background Thread 4 ] DEBUG FXGLApplication      - Initializing game
08:26:42.082 [JavaFX Application Thread] DEBUG FXGLApplication      - Registering font factories with UI factory
08:26:42.111 [FXGL Background Thread 4 ] WARN  TMXLevelLoader       - TiledMap generated from 1.8.2. Supported version: 1.9.0. Some features may not be parsed fully.
08:26:42.126 [FXGL Background Thread 4 ] DEBUG TMXLevelLoader       - Parsed TiledMap: file:/home/franz/Documents/Schule/3-Klasse/POS/DroidRampage/target/classes/assets/levels/TileStart.tmx
08:26:42.127 [FXGL Background Thread 4 ] DEBUG TMXLevelLoader       - Creating tile layer entities
08:26:42.129 [FXGL Background Thread 4 ] DEBUG TilesetLoader        - Loading view for layer Kachelebene 1
08:26:42.131 [FXGL Background Thread 4 ] DEBUG TilesetLoader        - Created buffer with size 1920.0x1088.0
08:26:42.217 [FXGL Background Thread 4 ] DEBUG TMXLevelLoader       - Creating object layer entities
08:26:42.242 [FXGL Background Thread 4 ] DEBUG FXGLAssetLoaderServi - Loading from file system: file:/home/franz/Documents/Schule/3-Klasse/POS/DroidRampage/target/classes/assets/textures/credit2.png
08:26:42.298 [FXGL Background Thread 4 ] DEBUG FXGLAssetLoaderServi - Loading from file system: file:/home/franz/Documents/Schule/3-Klasse/POS/DroidRampage/target/classes/assets/textures/credit1.png
08:26:42.343 [FXGL Background Thread 4 ] DEBUG FXGLAssetLoaderServi - Loading from file system: file:/home/franz/Documents/Schule/3-Klasse/POS/DroidRampage/target/classes/assets/textures/credit3.png
08:26:42.392 [FXGL Background Thread 2 ] INFO  UpdaterService       - Your current version:  17.3
08:26:42.392 [FXGL Background Thread 2 ] INFO  UpdaterService       - Latest stable version: 25
08:26:42.393 [FXGL Background Thread 4 ] DEBUG GameWorld            - Clearing removable entities
08:26:42.393 [FXGL Background Thread 4 ] DEBUG GameWorld            - Setting level: com.almasb.fxgl.entity.level.Level@5ef80ffd
08:26:42.474 [FXGL Background Thread 4 ] DEBUG FXGLAssetLoaderServi - Loading from file system: file:/home/franz/Documents/Schule/3-Klasse/POS/DroidRampage/target/classes/assets/textures/r2d2.png
08:26:42.480 [FXGL Background Thread 4 ] DEBUG Input                - Registered new binding: Move Right - D
08:26:42.480 [FXGL Background Thread 4 ] DEBUG Input                - Registered new binding: Move Left - A
08:26:42.480 [FXGL Background Thread 4 ] DEBUG Input                - Registered new binding: Jump - Space
08:26:42.480 [FXGL Background Thread 4 ] DEBUG Input                - Registered new binding: Toggle Cheat Mode - I
08:26:42.480 [FXGL Background Thread 4 ] DEBUG Input                - Registered new binding: Restart - R
08:26:42.481 [FXGL Background Thread 4 ] INFO  FXGLApplication      - Game initialization took: 0.399 sec
08:26:42.483 [JavaFX Application Thread] DEBUG Input                - Clearing active input actions
08:26:42.491 [JavaFX Application Thread] DEBUG GameApplicationServi - Removing overlay from FXGLLoadingScene and adding to GameScene
08:26:42.491 [JavaFX Application Thread] DEBUG PrimaryStageWindow   - FXGLLoadingScene -> GameScene
08:26:42.498 [JavaFX Application Thread] WARN  TMXLevelLoader       - TiledMap generated from 1.8.2. Supported version: 1.9.0. Some features may not be parsed fully.
08:26:42.502 [JavaFX Application Thread] DEBUG TMXLevelLoader       - Parsed TiledMap: file:/home/franz/Documents/Schule/3-Klasse/POS/DroidRampage/target/classes/assets/levels/Tile3.tmx
08:26:42.502 [JavaFX Application Thread] DEBUG TMXLevelLoader       - Creating tile layer entities
08:26:42.502 [JavaFX Application Thread] DEBUG TilesetLoader        - Loading view for layer Tile Layer 1
08:26:42.505 [JavaFX Application Thread] DEBUG TilesetLoader        - Created buffer with size 1920.0x1088.0
08:26:42.540 [JavaFX Application Thread] DEBUG TMXLevelLoader       - Creating object layer entities
08:26:45.020 [FXGL Background Thread 3 ] DEBUG Engine               - Logging environment variables
08:26:45.021 [FXGL Background Thread 3 ] DEBUG Engine               - achievements: []
08:26:45.021 [FXGL Background Thread 3 ] DEBUG Engine               - actualHeight: 1044.0
08:26:45.021 [FXGL Background Thread 3 ] DEBUG Engine               - actualHeightProperty: ReadOnlyDoubleProperty [value: 1005.0]
08:26:45.021 [FXGL Background Thread 3 ] DEBUG Engine               - actualWidth: 1880.0
08:26:45.021 [FXGL Background Thread 3 ] DEBUG Engine               - actualWidthProperty: ReadOnlyDoubleProperty [value: 1920.0]
08:26:45.021 [FXGL Background Thread 3 ] DEBUG Engine               - appIcon: fxgl_icon.png
08:26:45.021 [FXGL Background Thread 3 ] DEBUG Engine               - applicationMode: DEVELOPER
08:26:45.021 [FXGL Background Thread 3 ] DEBUG Engine               - cSSList: [fxgl_dark.css]
08:26:45.021 [FXGL Background Thread 3 ] DEBUG Engine               - collisionDetectionStrategy: BRUTE_FORCE
08:26:45.021 [FXGL Background Thread 3 ] DEBUG Engine               - configClass: Optional.empty
08:26:45.021 [FXGL Background Thread 3 ] DEBUG Engine               - credits: []
08:26:45.022 [FXGL Background Thread 3 ] DEBUG Engine               - defaultCursor: CursorInfo(imageName=fxgl_default_cursor.png, hotspotX=7.0, hotspotY=6.0)
08:26:45.022 [FXGL Background Thread 3 ] DEBUG Engine               - devBBoxColorProperty: ObjectProperty [value: 0xff0000ff]
08:26:45.022 [FXGL Background Thread 3 ] DEBUG Engine               - devEnableDebugCameraProperty: BooleanProperty [value: false]
08:26:45.022 [FXGL Background Thread 3 ] DEBUG Engine               - devSensorColorProperty: ObjectProperty [value: 0xffff00ff]
08:26:45.022 [FXGL Background Thread 3 ] DEBUG Engine               - devShowBBoxProperty: BooleanProperty [value: false]
08:26:45.022 [FXGL Background Thread 3 ] DEBUG Engine               - devShowPositionProperty: BooleanProperty [value: false]
08:26:45.022 [FXGL Background Thread 3 ] DEBUG Engine               - enabledMenuItems: []
08:26:45.022 [FXGL Background Thread 3 ] DEBUG Engine               - engineServices: [class com.almasb.fxgl.app.services.FXGLAssetLoaderService, class com.almasb.fxgl.app.FXGLApplication$GameApplicationService, class com.almasb.fxgl.app.services.FXGLDialogService, class com.almasb.fxgl.app.services.IOTaskExecutorService, class com.almasb.fxgl.io.FileSystemService, class com.almasb.fxgl.localization.LocalizationService, class com.almasb.fxgl.app.services.SystemBundleService, class com.almasb.fxgl.profile.SaveLoadService, class com.almasb.fxgl.ui.FXGLUIFactoryServiceProvider, class com.almasb.fxgl.ui.FXGLDialogFactoryServiceProvider, class com.almasb.fxgl.audio.AudioPlayer, class com.almasb.fxgl.notification.impl.NotificationServiceProvider, class com.almasb.fxgl.achievement.AchievementService, class com.almasb.fxgl.cutscene.CutsceneService, class com.almasb.fxgl.minigames.MiniGameService, class com.almasb.fxgl.net.NetService, class com.almasb.fxgl.app.services.UpdaterService, class com.almasb.fxgl.dev.DevService]
08:26:45.022 [FXGL Background Thread 3 ] DEBUG Engine               - fontGame: Abel-Regular.ttf
08:26:45.023 [FXGL Background Thread 3 ] DEBUG Engine               - fontMono: TerminalLandMono-Regular.otf
08:26:45.023 [FXGL Background Thread 3 ] DEBUG Engine               - fontSizeScaleUI: 1.0
08:26:45.023 [FXGL Background Thread 3 ] DEBUG Engine               - fontText: Courier-Prime.ttf
08:26:45.023 [FXGL Background Thread 3 ] DEBUG Engine               - fontUI: VarelaRound-Regular.ttf
08:26:45.023 [FXGL Background Thread 3 ] DEBUG Engine               - fullScreen: BooleanProperty [value: false]
08:26:45.023 [FXGL Background Thread 3 ] DEBUG Engine               - gameDifficulty: MEDIUM
08:26:45.023 [FXGL Background Thread 3 ] DEBUG Engine               - gameDifficultyProperty: ObjectProperty [value: MEDIUM]
08:26:45.023 [FXGL Background Thread 3 ] DEBUG Engine               - globalMusicVolume: 0.5
08:26:45.023 [FXGL Background Thread 3 ] DEBUG Engine               - globalMusicVolumeProperty: DoubleProperty [value: 0.5]
08:26:45.023 [FXGL Background Thread 3 ] DEBUG Engine               - globalSoundVolume: 0.5
08:26:45.023 [FXGL Background Thread 3 ] DEBUG Engine               - globalSoundVolumeProperty: DoubleProperty [value: 0.5]
08:26:45.023 [FXGL Background Thread 3 ] DEBUG Engine               - height: 1088
08:26:45.023 [FXGL Background Thread 3 ] DEBUG Engine               - is3D: false
08:26:45.023 [FXGL Background Thread 3 ] DEBUG Engine               - isAndroid: false
08:26:45.023 [FXGL Background Thread 3 ] DEBUG Engine               - isBrowser: false
08:26:45.023 [FXGL Background Thread 3 ] DEBUG Engine               - isClickFeedbackEnabled: false
08:26:45.023 [FXGL Background Thread 3 ] DEBUG Engine               - isCloseConfirmation: false
08:26:45.023 [FXGL Background Thread 3 ] DEBUG Engine               - isDesktop: true
08:26:45.024 [FXGL Background Thread 3 ] DEBUG Engine               - isDeveloperMenuEnabled: false
08:26:45.024 [FXGL Background Thread 3 ] DEBUG Engine               - isEmbedded: false
08:26:45.024 [FXGL Background Thread 3 ] DEBUG Engine               - isEntityPreloadEnabled: true
08:26:45.024 [FXGL Background Thread 3 ] DEBUG Engine               - isExperimentalTiledLargeMap: false
08:26:45.024 [FXGL Background Thread 3 ] DEBUG Engine               - isFileSystemWriteAllowed: true
08:26:45.024 [FXGL Background Thread 3 ] DEBUG Engine               - isFullScreenAllowed: true
08:26:45.024 [FXGL Background Thread 3 ] DEBUG Engine               - isFullScreenFromStart: false
08:26:45.024 [FXGL Background Thread 3 ] DEBUG Engine               - isGameMenuEnabled: true
08:26:45.024 [FXGL Background Thread 3 ] DEBUG Engine               - isIOS: false
08:26:45.024 [FXGL Background Thread 3 ] DEBUG Engine               - isIntroEnabled: false
08:26:45.024 [FXGL Background Thread 3 ] DEBUG Engine               - isLinux: true
08:26:45.024 [FXGL Background Thread 3 ] DEBUG Engine               - isMac: false
08:26:45.024 [FXGL Background Thread 3 ] DEBUG Engine               - isMainMenuEnabled: false
08:26:45.024 [FXGL Background Thread 3 ] DEBUG Engine               - isManualResizeEnabled: true
08:26:45.024 [FXGL Background Thread 3 ] DEBUG Engine               - isMobile: false
08:26:45.024 [FXGL Background Thread 3 ] DEBUG Engine               - isNative: false
08:26:45.024 [FXGL Background Thread 3 ] DEBUG Engine               - isPauseMusicWhenMinimized: true
08:26:45.024 [FXGL Background Thread 3 ] DEBUG Engine               - isPreserveResizeRatio: false
08:26:45.024 [FXGL Background Thread 3 ] DEBUG Engine               - isProfilingEnabled: false
08:26:45.024 [FXGL Background Thread 3 ] DEBUG Engine               - isScaleAffectedOnResize: true
08:26:45.024 [FXGL Background Thread 3 ] DEBUG Engine               - isSingleStep: false
08:26:45.024 [FXGL Background Thread 3 ] DEBUG Engine               - isUserProfileEnabled: false
08:26:45.024 [FXGL Background Thread 3 ] DEBUG Engine               - isWindows: false
08:26:45.025 [FXGL Background Thread 3 ] DEBUG Engine               - language: ObjectProperty [value: ENGLISH]
08:26:45.025 [FXGL Background Thread 3 ] DEBUG Engine               - menuKey: ESCAPE
08:26:45.025 [FXGL Background Thread 3 ] DEBUG Engine               - mouseSensitivity: 0.2
08:26:45.025 [FXGL Background Thread 3 ] DEBUG Engine               - notificationViewClass: class com.almasb.fxgl.notification.view.XboxNotificationView
08:26:45.025 [FXGL Background Thread 3 ] DEBUG Engine               - pixelsPerMeter: 50.0
08:26:45.025 [FXGL Background Thread 3 ] DEBUG Engine               - platform: LINUX
08:26:45.025 [FXGL Background Thread 3 ] DEBUG Engine               - prefHeightProperty: ReadOnlyDoubleProperty [value: 1088.0]
08:26:45.025 [FXGL Background Thread 3 ] DEBUG Engine               - prefWidthProperty: ReadOnlyDoubleProperty [value: 1920.0]
08:26:45.025 [FXGL Background Thread 3 ] DEBUG Engine               - profileDir: profiles/
08:26:45.025 [FXGL Background Thread 3 ] DEBUG Engine               - profileName: StringProperty [value: DEFAULT]
08:26:45.025 [FXGL Background Thread 3 ] DEBUG Engine               - randomSeed: -1
08:26:45.025 [FXGL Background Thread 3 ] DEBUG Engine               - runtimeInfo: RuntimeInfo(platform=LINUX, version=17.3, build=30.03.2023 11.49)
08:26:45.025 [FXGL Background Thread 3 ] DEBUG Engine               - saveFileExt: sav
08:26:45.025 [FXGL Background Thread 3 ] DEBUG Engine               - scaledHeightProp$fxgl: DoubleProperty [bound, value: 1005.0]
08:26:45.025 [FXGL Background Thread 3 ] DEBUG Engine               - scaledWidthProp$fxgl: DoubleProperty [bound, value: 1920.0]
08:26:45.025 [FXGL Background Thread 3 ] DEBUG Engine               - sceneFactory: com.almasb.fxgl.app.scene.SceneFactory@4a35d5bb
08:26:45.025 [FXGL Background Thread 3 ] DEBUG Engine               - secondsIn24h: 60
08:26:45.025 [FXGL Background Thread 3 ] DEBUG Engine               - soundMenuBack: menu/back.wav
08:26:45.025 [FXGL Background Thread 3 ] DEBUG Engine               - soundMenuPress: menu/press.wav
08:26:45.025 [FXGL Background Thread 3 ] DEBUG Engine               - soundMenuSelect: menu/select.wav
08:26:45.026 [FXGL Background Thread 3 ] DEBUG Engine               - soundNotification: core/notification.wav
08:26:45.026 [FXGL Background Thread 3 ] DEBUG Engine               - stageStyle: DECORATED
08:26:45.026 [FXGL Background Thread 3 ] DEBUG Engine               - supportedLanguages: [ENGLISH, FRENCH, GERMAN, HUNGARIAN, RUSSIAN]
08:26:45.026 [FXGL Background Thread 3 ] DEBUG Engine               - ticksPerSecond: -1
08:26:45.026 [FXGL Background Thread 3 ] DEBUG Engine               - title: Droid Rampage
08:26:45.026 [FXGL Background Thread 3 ] DEBUG Engine               - urlGithub: https://github.com/AlmasB/FXGL
08:26:45.026 [FXGL Background Thread 3 ] DEBUG Engine               - urlLeaderboard: http://fxgl-top.herokuapp.com/
08:26:45.026 [FXGL Background Thread 3 ] DEBUG Engine               - urlPOM: https://raw.githubusercontent.com/AlmasB/FXGL/release/README.md
08:26:45.026 [FXGL Background Thread 3 ] DEBUG Engine               - userAppClass: class at.htl.droidrampage.GameApp
08:26:45.026 [FXGL Background Thread 3 ] DEBUG Engine               - version: 1.0
08:26:45.026 [FXGL Background Thread 3 ] DEBUG Engine               - versionCheckDays: 7
08:26:45.026 [FXGL Background Thread 3 ] DEBUG Engine               - width: 1920
08:26:45.026 [FXGL Background Thread 3 ] DEBUG Engine               - Logging services
08:26:45.026 [FXGL Background Thread 3 ] DEBUG Engine               - class com.almasb.fxgl.app.services.FXGLAssetLoaderService
08:26:45.026 [FXGL Background Thread 3 ] DEBUG Engine               - class com.almasb.fxgl.app.FXGLApplication$GameApplicationService
08:26:45.026 [FXGL Background Thread 3 ] DEBUG Engine               - class com.almasb.fxgl.app.services.FXGLDialogService
08:26:45.026 [FXGL Background Thread 3 ] DEBUG Engine               - class com.almasb.fxgl.app.services.IOTaskExecutorService
08:26:45.026 [FXGL Background Thread 3 ] DEBUG Engine               - class com.almasb.fxgl.io.FileSystemService
08:26:45.026 [FXGL Background Thread 3 ] DEBUG Engine               - class com.almasb.fxgl.localization.LocalizationService
08:26:45.026 [FXGL Background Thread 3 ] DEBUG Engine               - class com.almasb.fxgl.app.services.SystemBundleService
08:26:45.026 [FXGL Background Thread 3 ] DEBUG Engine               - class com.almasb.fxgl.profile.SaveLoadService
08:26:45.026 [FXGL Background Thread 3 ] DEBUG Engine               - class com.almasb.fxgl.ui.FXGLUIFactoryServiceProvider
08:26:45.026 [FXGL Background Thread 3 ] DEBUG Engine               - class com.almasb.fxgl.ui.FXGLDialogFactoryServiceProvider
08:26:45.026 [FXGL Background Thread 3 ] DEBUG Engine               - class com.almasb.fxgl.audio.AudioPlayer
08:26:45.026 [FXGL Background Thread 3 ] DEBUG Engine               - class com.almasb.fxgl.notification.impl.NotificationServiceProvider
08:26:45.026 [FXGL Background Thread 3 ] DEBUG Engine               - class com.almasb.fxgl.achievement.AchievementService
08:26:45.026 [FXGL Background Thread 3 ] DEBUG Engine               - class com.almasb.fxgl.cutscene.CutsceneService
08:26:45.027 [FXGL Background Thread 3 ] DEBUG Engine               - class com.almasb.fxgl.minigames.MiniGameService
08:26:45.027 [FXGL Background Thread 3 ] DEBUG Engine               - class com.almasb.fxgl.net.NetService
08:26:45.027 [FXGL Background Thread 3 ] DEBUG Engine               - class com.almasb.fxgl.app.services.UpdaterService
08:26:45.027 [FXGL Background Thread 3 ] DEBUG Engine               - class com.almasb.fxgl.dev.DevService
08:27:11.529 [JavaFX Application Thread] DEBUG FXGLApplication      - Exiting FXGL
08:27:11.529 [JavaFX Application Thread] DEBUG LoopRunner           - Stopping loop
08:27:11.530 [JavaFX Application Thread] DEBUG SystemBundleService  - Saving FXGL system data
08:27:11.532 [JavaFX Application Thread] DEBUG FileSystemAccess     - Writing to: /home/franz/Documents/Schule/3-Klasse/POS/DroidRampage/system/fxgl.bundle
08:27:11.533 [JavaFX Application Thread] DEBUG Async                - Shutting down background threads
08:27:11.534 [JavaFX Application Thread] DEBUG PrimaryStageWindow   - Closing main window
08:27:11.538 [JavaFX Application Thread] DEBUG Logger               - Closing Logger
