09:04:40.960 [main                     ] DEBUG Logger               - Configured Logger
09:04:40.969 [main                     ] DEBUG GameApplication      - Logging settings
Title: Droid Rampage
Version: 0.5
Width: 1920
Height: 1088
Fullscreen: false
Intro: false
Profiling: false
Single step:false
App Mode: DEVELOPER
Menu Key: ESCAPE
Stage Style: DECORATED
Scene Factory: class com.almasb.fxgl.app.scene.SceneFactory

09:04:41.452 [JavaFX Application Thread] DEBUG FXGLApplication      - Initializing FXGL
09:04:41.457 [JavaFX Application Thread] INFO  Engine               - FXGL-17.3 (30.03.2023 11.49) on WINDOWS (J:25 FX:21.0.6)
09:04:41.457 [JavaFX Application Thread] DEBUG Engine               - JRE Vendor Name: Oracle Corporation
09:04:41.457 [JavaFX Application Thread] DEBUG Engine               - Running on OS: Windows 11 version 10.0
09:04:41.457 [JavaFX Application Thread] DEBUG Engine               - Architecture: amd64
09:04:41.458 [JavaFX Application Thread] INFO  Engine               - Source code and latest versions at: https://github.com/AlmasB/FXGL
09:04:41.458 [JavaFX Application Thread] INFO  Engine               -       Ask questions and discuss at: https://github.com/AlmasB/FXGL/discussions
09:04:41.458 [JavaFX Application Thread] INFO  Engine               -              Join the FXGL chat at: https://gitter.im/AlmasB/FXGL
09:04:41.651 [JavaFX Application Thread] DEBUG PrimaryStageWindow   - Creating a JavaFX scene
09:04:41.651 [JavaFX Application Thread] DEBUG PrimaryStageWindow   - Target size > screen size
09:04:41.715 [JavaFX Application Thread] DEBUG PrimaryStageWindow   - Target settings size: 1920.0 x 1088.0
09:04:41.715 [JavaFX Application Thread] DEBUG PrimaryStageWindow   - Scaled scene size:    1499.0 x 863.0
09:04:41.716 [JavaFX Application Thread] DEBUG PrimaryStageWindow   - Scaled ratio: (0.7807291666666667, 0.7931985294117647)
09:04:41.717 [JavaFX Application Thread] DEBUG PrimaryStageWindow   - Set initial scene to FXGLStartupScene
09:04:41.720 [JavaFX Application Thread] DEBUG PrimaryStageWindow   - Opening main window
09:04:41.858 [JavaFX Application Thread] DEBUG PrimaryStageWindow   - Window border size: (14.5999755859375, 37.79998779296875)
09:04:41.858 [JavaFX Application Thread] DEBUG PrimaryStageWindow   - Scaled size: 1499.0 x 863.0
09:04:41.858 [JavaFX Application Thread] DEBUG PrimaryStageWindow   - Scaled ratio: (0.7807291666666667, 0.7931985294117647)
09:04:41.858 [JavaFX Application Thread] DEBUG PrimaryStageWindow   - Scene size: 1499.0 x 863.0
09:04:41.858 [JavaFX Application Thread] DEBUG PrimaryStageWindow   - Stage size: 1513.5999755859375 x 900.7999877929688
09:04:41.867 [FXGL Background Thread 1 ] DEBUG Engine               - Initializing environment variables
09:04:41.981 [FXGL Background Thread 1 ] DEBUG FXGLAssetLoaderServi - User app class for loading assets: class at.htl.droidrampage.GameApp
09:04:41.982 [FXGL Background Thread 1 ] DEBUG GameApplicationServi - Applying CSS: fxgl_dark.css
09:04:41.984 [FXGL Background Thread 1 ] DEBUG FXGLAssetLoaderServi - Loading from file system: jar:file:/C:/Users/Fra-Lu/.m2/repository/com/github/almasb/fxgl/17.3/fxgl-17.3.jar!/fxglassets/ui/css/fxgl_dark.css
09:04:42.049 [FXGL Background Thread 1 ] DEBUG GameApplicationServi - Initializing application scenes
09:04:42.097 [FXGL Background Thread 1 ] DEBUG GameWorld            - Game world initialized
09:04:42.160 [FXGL Background Thread 1 ] DEBUG PhysicsWorld         - Physics world initialized: appHeight=1088, physics.ppm=50,0
09:04:42.161 [FXGL Background Thread 1 ] DEBUG PhysicsWorld         - Using strategy: BRUTE_FORCE
09:04:42.164 [FXGL Background Thread 1 ] DEBUG GameScene            - Game scene initialized: 1920x1088
09:04:42.176 [FXGL Background Thread 1 ] DEBUG FXGL.DefaultMenu     - createMenuBodyGameMenu()
09:04:42.191 [FXGL Background Thread 1 ] DEBUG FXGL.DefaultMenu     - createOptionsMenu()
09:04:42.203 [FXGL Background Thread 1 ] DEBUG FXGLAssetLoaderServi - Loading from file system: jar:file:/C:/Users/Fra-Lu/.m2/repository/com/github/almasb/fxgl/17.3/fxgl-17.3.jar!/fxglassets/textures/particles/smoke.png
09:04:42.293 [FXGL Background Thread 1 ] DEBUG FXGLAssetLoaderServi - Loading from file system: jar:file:/C:/Users/Fra-Lu/.m2/repository/com/github/almasb/fxgl/17.3/fxgl-17.3.jar!/fxglassets/textures/particles/trace_horizontal.png
09:04:42.317 [FXGL Background Thread 1 ] DEBUG GameApplicationServi - Application scenes initialized
09:04:42.331 [FXGL Background Thread 1 ] DEBUG SystemBundleService  - Loading FXGL system data
09:04:42.333 [FXGL Background Thread 1 ] DEBUG FileSystemAccess     - Reading from: C:\Users\Fra-Lu\Desktop\Schule\3.Klasse\POS\Workspace\DroidRampage\system\fxgl.bundle
09:04:42.339 [FXGL Background Thread 1 ] DEBUG SystemBundleService  - Bundle FXGL: {}
09:04:42.339 [FXGL Background Thread 1 ] DEBUG UpdaterService       - Checking for updates
09:04:42.342 [FXGL Background Thread 4 ] DEBUG FXGLApplication      - Loading fonts
09:04:42.342 [FXGL Background Thread 1 ] DEBUG FXGLApplication      - Loading default localization
09:04:42.343 [FXGL Background Thread 4 ] DEBUG FXGLAssetLoaderServi - Loading from file system: jar:file:/C:/Users/Fra-Lu/.m2/repository/com/github/almasb/fxgl/17.3/fxgl-17.3.jar!/fxglassets/ui/fonts/VarelaRound-Regular.ttf
09:04:42.343 [FXGL Background Thread 1 ] DEBUG FXGLAssetLoaderServi - Loading from file system: jar:file:/C:/Users/Fra-Lu/.m2/repository/com/github/almasb/fxgl/17.3/fxgl-17.3.jar!/fxglassets/languages/english.lang
09:04:42.361 [FXGL Background Thread 1 ] INFO  FXGLApplication      - FXGL initialization took: 0,495 sec
09:04:42.363 [JavaFX Application Thread] DEBUG FXGLAssetLoaderServi - Loading from file system: jar:file:/C:/Users/Fra-Lu/.m2/repository/com/github/almasb/fxgl/17.3/fxgl-17.3.jar!/fxglassets/textures/fxgl_icon.png
09:04:42.384 [JavaFX Application Thread] DEBUG FXGLAssetLoaderServi - Loading from file system: jar:file:/C:/Users/Fra-Lu/.m2/repository/com/github/almasb/fxgl/17.3/fxgl-17.3.jar!/fxglassets/textures/fxgl_default_cursor.png
09:04:42.397 [JavaFX Application Thread] DEBUG Input                - Registered new binding: Screenshot - CTRL+8
09:04:42.397 [JavaFX Application Thread] DEBUG Input                - Registered new binding: System info dump - CTRL+9
09:04:42.398 [JavaFX Application Thread] DEBUG Input                - Registered new binding: Restart - CTRL+R
09:04:42.398 [JavaFX Application Thread] DEBUG Input                - Registered new binding: Toggle Debug Camera - CTRL+7
09:04:42.400 [JavaFX Application Thread] DEBUG LoopRunner           - Starting loop
09:04:42.400 [JavaFX Application Thread] DEBUG LoopRunner           - Initializing JavaFX AnimationTimerLoop
09:04:42.402 [JavaFX Application Thread] DEBUG GameApplicationServi - Starting new game
09:04:42.402 [JavaFX Application Thread] DEBUG Input                - Clearing active input actions
09:04:42.404 [FXGL Background Thread 4 ] DEBUG FXGLAssetLoaderServi - Loading from file system: jar:file:/C:/Users/Fra-Lu/.m2/repository/com/github/almasb/fxgl/17.3/fxgl-17.3.jar!/fxglassets/ui/fonts/Abel-Regular.ttf
09:04:42.412 [JavaFX Application Thread] DEBUG GameApplicationServi - Removing overlay from FXGLStartupScene and adding to FXGLLoadingScene
09:04:42.412 [JavaFX Application Thread] DEBUG PrimaryStageWindow   - FXGLStartupScene -> FXGLLoadingScene
09:04:42.412 [JavaFX Application Thread] DEBUG GameApplicationServi - Clearing previous game
09:04:42.413 [JavaFX Application Thread] DEBUG GameScene            - Clearing game scene
09:04:42.413 [JavaFX Application Thread] DEBUG GameWorld            - Clearing game world
09:04:42.413 [JavaFX Application Thread] DEBUG PhysicsWorld         - Clearing physics world
09:04:42.415 [FXGL Background Thread 1 ] DEBUG FXGLApplication      - Initializing game
09:04:42.417 [FXGL Background Thread 4 ] DEBUG FXGLAssetLoaderServi - Loading from file system: jar:file:/C:/Users/Fra-Lu/.m2/repository/com/github/almasb/fxgl/17.3/fxgl-17.3.jar!/fxglassets/ui/fonts/TerminalLandMono-Regular.otf
09:04:42.431 [FXGL Background Thread 4 ] DEBUG FXGLAssetLoaderServi - Loading from file system: jar:file:/C:/Users/Fra-Lu/.m2/repository/com/github/almasb/fxgl/17.3/fxgl-17.3.jar!/fxglassets/ui/fonts/Courier-Prime.ttf
09:04:42.471 [FXGL Background Thread 1 ] WARN  TMXLevelLoader       - TiledMap generated from 1.11.2. Supported version: 1.9.0. Some features may not be parsed fully.
09:04:42.471 [JavaFX Application Thread] DEBUG FXGLApplication      - Registering font factories with UI factory
09:04:42.490 [FXGL Background Thread 1 ] DEBUG TMXLevelLoader       - Parsed TiledMap: file:/C:/Users/Fra-Lu/Desktop/Schule/3.Klasse/POS/Workspace/DroidRampage/target/classes/assets/levels/TileStart.tmx
09:04:42.491 [FXGL Background Thread 1 ] DEBUG TMXLevelLoader       - Creating tile layer entities
09:04:42.500 [FXGL Background Thread 1 ] DEBUG TilesetLoader        - Loading view for layer Kachelebene 1
09:04:42.506 [FXGL Background Thread 1 ] DEBUG TilesetLoader        - Created buffer with size 1920.0x1088.0
09:04:42.596 [FXGL Background Thread 1 ] WARN  TilesetLoader        - Diagonally flipped tiles are not currently supported
09:04:42.596 [FXGL Background Thread 1 ] WARN  TilesetLoader        - Diagonally flipped tiles are not currently supported
09:04:42.597 [FXGL Background Thread 1 ] WARN  TilesetLoader        - Diagonally flipped tiles are not currently supported
09:04:42.598 [FXGL Background Thread 1 ] WARN  TilesetLoader        - Diagonally flipped tiles are not currently supported
09:04:42.598 [FXGL Background Thread 1 ] WARN  TilesetLoader        - Diagonally flipped tiles are not currently supported
09:04:42.599 [FXGL Background Thread 1 ] WARN  TilesetLoader        - Diagonally flipped tiles are not currently supported
09:04:42.600 [FXGL Background Thread 1 ] WARN  TilesetLoader        - Diagonally flipped tiles are not currently supported
09:04:42.601 [FXGL Background Thread 1 ] WARN  TilesetLoader        - Diagonally flipped tiles are not currently supported
09:04:42.601 [FXGL Background Thread 1 ] WARN  TilesetLoader        - Diagonally flipped tiles are not currently supported
09:04:42.602 [FXGL Background Thread 1 ] WARN  TilesetLoader        - Diagonally flipped tiles are not currently supported
09:04:42.603 [FXGL Background Thread 1 ] WARN  TilesetLoader        - Diagonally flipped tiles are not currently supported
09:04:42.603 [FXGL Background Thread 1 ] WARN  TilesetLoader        - Diagonally flipped tiles are not currently supported
09:04:42.604 [FXGL Background Thread 1 ] WARN  TilesetLoader        - Diagonally flipped tiles are not currently supported
09:04:42.605 [FXGL Background Thread 1 ] WARN  TilesetLoader        - Diagonally flipped tiles are not currently supported
09:04:42.606 [FXGL Background Thread 1 ] WARN  TilesetLoader        - Diagonally flipped tiles are not currently supported
09:04:42.606 [FXGL Background Thread 1 ] WARN  TilesetLoader        - Diagonally flipped tiles are not currently supported
09:04:42.607 [FXGL Background Thread 1 ] WARN  TilesetLoader        - Diagonally flipped tiles are not currently supported
09:04:42.607 [FXGL Background Thread 1 ] WARN  TilesetLoader        - Diagonally flipped tiles are not currently supported
09:04:42.608 [FXGL Background Thread 1 ] WARN  TilesetLoader        - Diagonally flipped tiles are not currently supported
09:04:42.608 [FXGL Background Thread 1 ] WARN  TilesetLoader        - Diagonally flipped tiles are not currently supported
09:04:42.609 [FXGL Background Thread 1 ] WARN  TilesetLoader        - Diagonally flipped tiles are not currently supported
09:04:42.609 [FXGL Background Thread 1 ] WARN  TilesetLoader        - Diagonally flipped tiles are not currently supported
09:04:42.610 [FXGL Background Thread 1 ] WARN  TilesetLoader        - Diagonally flipped tiles are not currently supported
09:04:42.610 [FXGL Background Thread 1 ] WARN  TilesetLoader        - Diagonally flipped tiles are not currently supported
09:04:42.611 [FXGL Background Thread 1 ] WARN  TilesetLoader        - Diagonally flipped tiles are not currently supported
09:04:42.612 [FXGL Background Thread 1 ] WARN  TilesetLoader        - Diagonally flipped tiles are not currently supported
09:04:42.612 [FXGL Background Thread 1 ] WARN  TilesetLoader        - Diagonally flipped tiles are not currently supported
09:04:42.613 [FXGL Background Thread 1 ] WARN  TilesetLoader        - Diagonally flipped tiles are not currently supported
09:04:42.614 [FXGL Background Thread 1 ] WARN  TilesetLoader        - Diagonally flipped tiles are not currently supported
09:04:42.614 [FXGL Background Thread 1 ] WARN  TilesetLoader        - Diagonally flipped tiles are not currently supported
09:04:42.614 [FXGL Background Thread 1 ] WARN  TilesetLoader        - Diagonally flipped tiles are not currently supported
09:04:42.615 [FXGL Background Thread 1 ] WARN  TilesetLoader        - Diagonally flipped tiles are not currently supported
09:04:42.615 [FXGL Background Thread 1 ] WARN  TilesetLoader        - Diagonally flipped tiles are not currently supported
09:04:42.615 [FXGL Background Thread 1 ] WARN  TilesetLoader        - Diagonally flipped tiles are not currently supported
09:04:42.616 [FXGL Background Thread 1 ] WARN  TilesetLoader        - Diagonally flipped tiles are not currently supported
09:04:42.616 [FXGL Background Thread 1 ] WARN  TilesetLoader        - Diagonally flipped tiles are not currently supported
09:04:42.632 [FXGL Background Thread 1 ] DEBUG TMXLevelLoader       - Creating object layer entities
09:04:42.652 [FXGL Background Thread 1 ] DEBUG FXGLAssetLoaderServi - Loading from file system: file:/C:/Users/Fra-Lu/Desktop/Schule/3.Klasse/POS/Workspace/DroidRampage/target/classes/assets/textures/credit2.png
09:04:42.703 [FXGL Background Thread 1 ] DEBUG FXGLAssetLoaderServi - Loading from file system: file:/C:/Users/Fra-Lu/Desktop/Schule/3.Klasse/POS/Workspace/DroidRampage/target/classes/assets/textures/R2D2.png
09:04:42.712 [FXGL Background Thread 1 ] DEBUG Input                - Registered new binding: Move Right - D
09:04:42.712 [FXGL Background Thread 1 ] DEBUG Input                - Registered new binding: Move Left - A
09:04:42.712 [FXGL Background Thread 1 ] DEBUG Input                - Registered new binding: Jump - Space
09:04:42.712 [FXGL Background Thread 1 ] DEBUG Input                - Registered new binding: Toggle Cheat Mode - I
09:04:42.714 [FXGL Background Thread 1 ] DEBUG FXGLAssetLoaderServi - Loading from file system: file:/C:/Users/Fra-Lu/Desktop/Schule/3.Klasse/POS/Workspace/DroidRampage/target/classes/assets/textures/credit1.png
09:04:42.763 [FXGL Background Thread 1 ] DEBUG FXGLAssetLoaderServi - Loading from file system: file:/C:/Users/Fra-Lu/Desktop/Schule/3.Klasse/POS/Workspace/DroidRampage/target/classes/assets/textures/credit3.png
09:04:42.814 [FXGL Background Thread 1 ] DEBUG GameWorld            - Clearing removable entities
09:04:42.815 [FXGL Background Thread 1 ] DEBUG GameWorld            - Setting level: com.almasb.fxgl.entity.level.Level@3290e25e
09:04:42.921 [FXGL Background Thread 2 ] INFO  UpdaterService       - Your current version:  17.3
09:04:42.922 [FXGL Background Thread 2 ] INFO  UpdaterService       - Latest stable version: 25
09:04:42.935 [FXGL Background Thread 1 ] INFO  FXGLApplication      - Game initialization took: 0,520 sec
09:04:42.938 [JavaFX Application Thread] DEBUG Input                - Clearing active input actions
09:04:42.948 [JavaFX Application Thread] DEBUG GameApplicationServi - Removing overlay from FXGLLoadingScene and adding to GameScene
09:04:42.948 [JavaFX Application Thread] DEBUG PrimaryStageWindow   - FXGLLoadingScene -> GameScene
09:04:45.343 [FXGL Background Thread 3 ] DEBUG Engine               - Logging environment variables
09:04:45.343 [FXGL Background Thread 3 ] DEBUG Engine               - achievements: []
09:04:45.343 [FXGL Background Thread 3 ] DEBUG Engine               - actualHeight: 863.0
09:04:45.343 [FXGL Background Thread 3 ] DEBUG Engine               - actualHeightProperty: ReadOnlyDoubleProperty [value: 863.0]
09:04:45.343 [FXGL Background Thread 3 ] DEBUG Engine               - actualWidth: 1499.0
09:04:45.343 [FXGL Background Thread 3 ] DEBUG Engine               - actualWidthProperty: ReadOnlyDoubleProperty [value: 1499.0]
09:04:45.343 [FXGL Background Thread 3 ] DEBUG Engine               - appIcon: fxgl_icon.png
09:04:45.343 [FXGL Background Thread 3 ] DEBUG Engine               - applicationMode: DEVELOPER
09:04:45.343 [FXGL Background Thread 3 ] DEBUG Engine               - cSSList: [fxgl_dark.css]
09:04:45.343 [FXGL Background Thread 3 ] DEBUG Engine               - collisionDetectionStrategy: BRUTE_FORCE
09:04:45.343 [FXGL Background Thread 3 ] DEBUG Engine               - configClass: Optional.empty
09:04:45.343 [FXGL Background Thread 3 ] DEBUG Engine               - credits: []
09:04:45.343 [FXGL Background Thread 3 ] DEBUG Engine               - defaultCursor: CursorInfo(imageName=fxgl_default_cursor.png, hotspotX=7.0, hotspotY=6.0)
09:04:45.343 [FXGL Background Thread 3 ] DEBUG Engine               - devBBoxColorProperty: ObjectProperty [value: 0xff0000ff]
09:04:45.343 [FXGL Background Thread 3 ] DEBUG Engine               - devEnableDebugCameraProperty: BooleanProperty [value: false]
09:04:45.343 [FXGL Background Thread 3 ] DEBUG Engine               - devSensorColorProperty: ObjectProperty [value: 0xffff00ff]
09:04:45.343 [FXGL Background Thread 3 ] DEBUG Engine               - devShowBBoxProperty: BooleanProperty [value: false]
09:04:45.344 [FXGL Background Thread 3 ] DEBUG Engine               - devShowPositionProperty: BooleanProperty [value: false]
09:04:45.344 [FXGL Background Thread 3 ] DEBUG Engine               - enabledMenuItems: []
09:04:45.344 [FXGL Background Thread 3 ] DEBUG Engine               - engineServices: [class com.almasb.fxgl.app.services.FXGLAssetLoaderService, class com.almasb.fxgl.app.FXGLApplication$GameApplicationService, class com.almasb.fxgl.app.services.FXGLDialogService, class com.almasb.fxgl.app.services.IOTaskExecutorService, class com.almasb.fxgl.io.FileSystemService, class com.almasb.fxgl.localization.LocalizationService, class com.almasb.fxgl.app.services.SystemBundleService, class com.almasb.fxgl.profile.SaveLoadService, class com.almasb.fxgl.ui.FXGLUIFactoryServiceProvider, class com.almasb.fxgl.ui.FXGLDialogFactoryServiceProvider, class com.almasb.fxgl.audio.AudioPlayer, class com.almasb.fxgl.notification.impl.NotificationServiceProvider, class com.almasb.fxgl.achievement.AchievementService, class com.almasb.fxgl.cutscene.CutsceneService, class com.almasb.fxgl.minigames.MiniGameService, class com.almasb.fxgl.net.NetService, class com.almasb.fxgl.app.services.UpdaterService, class com.almasb.fxgl.dev.DevService]
09:04:45.344 [FXGL Background Thread 3 ] DEBUG Engine               - fontGame: Abel-Regular.ttf
09:04:45.344 [FXGL Background Thread 3 ] DEBUG Engine               - fontMono: TerminalLandMono-Regular.otf
09:04:45.344 [FXGL Background Thread 3 ] DEBUG Engine               - fontSizeScaleUI: 1.0
09:04:45.344 [FXGL Background Thread 3 ] DEBUG Engine               - fontText: Courier-Prime.ttf
09:04:45.344 [FXGL Background Thread 3 ] DEBUG Engine               - fontUI: VarelaRound-Regular.ttf
09:04:45.344 [FXGL Background Thread 3 ] DEBUG Engine               - fullScreen: BooleanProperty [value: true]
09:04:45.344 [FXGL Background Thread 3 ] DEBUG Engine               - gameDifficulty: MEDIUM
09:04:45.344 [FXGL Background Thread 3 ] DEBUG Engine               - gameDifficultyProperty: ObjectProperty [value: MEDIUM]
09:04:45.344 [FXGL Background Thread 3 ] DEBUG Engine               - globalMusicVolume: 0.5
09:04:45.344 [FXGL Background Thread 3 ] DEBUG Engine               - globalMusicVolumeProperty: DoubleProperty [value: 0.5]
09:04:45.344 [FXGL Background Thread 3 ] DEBUG Engine               - globalSoundVolume: 0.5
09:04:45.344 [FXGL Background Thread 3 ] DEBUG Engine               - globalSoundVolumeProperty: DoubleProperty [value: 0.5]
09:04:45.344 [FXGL Background Thread 3 ] DEBUG Engine               - height: 1088
09:04:45.344 [FXGL Background Thread 3 ] DEBUG Engine               - is3D: false
09:04:45.344 [FXGL Background Thread 3 ] DEBUG Engine               - isAndroid: false
09:04:45.344 [FXGL Background Thread 3 ] DEBUG Engine               - isBrowser: false
09:04:45.344 [FXGL Background Thread 3 ] DEBUG Engine               - isClickFeedbackEnabled: false
09:04:45.344 [FXGL Background Thread 3 ] DEBUG Engine               - isCloseConfirmation: false
09:04:45.344 [FXGL Background Thread 3 ] DEBUG Engine               - isDesktop: true
09:04:45.344 [FXGL Background Thread 3 ] DEBUG Engine               - isDeveloperMenuEnabled: false
09:04:45.344 [FXGL Background Thread 3 ] DEBUG Engine               - isEmbedded: false
09:04:45.344 [FXGL Background Thread 3 ] DEBUG Engine               - isEntityPreloadEnabled: true
09:04:45.344 [FXGL Background Thread 3 ] DEBUG Engine               - isExperimentalTiledLargeMap: false
09:04:45.344 [FXGL Background Thread 3 ] DEBUG Engine               - isFileSystemWriteAllowed: true
09:04:45.344 [FXGL Background Thread 3 ] DEBUG Engine               - isFullScreenAllowed: false
09:04:45.344 [FXGL Background Thread 3 ] DEBUG Engine               - isFullScreenFromStart: true
09:04:45.344 [FXGL Background Thread 3 ] DEBUG Engine               - isGameMenuEnabled: true
09:04:45.344 [FXGL Background Thread 3 ] DEBUG Engine               - isIOS: false
09:04:45.344 [FXGL Background Thread 3 ] DEBUG Engine               - isIntroEnabled: false
09:04:45.344 [FXGL Background Thread 3 ] DEBUG Engine               - isLinux: false
09:04:45.344 [FXGL Background Thread 3 ] DEBUG Engine               - isMac: false
09:04:45.344 [FXGL Background Thread 3 ] DEBUG Engine               - isMainMenuEnabled: false
09:04:45.344 [FXGL Background Thread 3 ] DEBUG Engine               - isManualResizeEnabled: false
09:04:45.344 [FXGL Background Thread 3 ] DEBUG Engine               - isMobile: false
09:04:45.344 [FXGL Background Thread 3 ] DEBUG Engine               - isNative: false
09:04:45.344 [FXGL Background Thread 3 ] DEBUG Engine               - isPauseMusicWhenMinimized: true
09:04:45.344 [FXGL Background Thread 3 ] DEBUG Engine               - isPreserveResizeRatio: false
09:04:45.344 [FXGL Background Thread 3 ] DEBUG Engine               - isProfilingEnabled: false
09:04:45.344 [FXGL Background Thread 3 ] DEBUG Engine               - isScaleAffectedOnResize: true
09:04:45.344 [FXGL Background Thread 3 ] DEBUG Engine               - isSingleStep: false
09:04:45.344 [FXGL Background Thread 3 ] DEBUG Engine               - isUserProfileEnabled: false
09:04:45.344 [FXGL Background Thread 3 ] DEBUG Engine               - isWindows: true
09:04:45.344 [FXGL Background Thread 3 ] DEBUG Engine               - language: ObjectProperty [value: ENGLISH]
09:04:45.344 [FXGL Background Thread 3 ] DEBUG Engine               - menuKey: ESCAPE
09:04:45.344 [FXGL Background Thread 3 ] DEBUG Engine               - mouseSensitivity: 0.2
09:04:45.344 [FXGL Background Thread 3 ] DEBUG Engine               - notificationViewClass: class com.almasb.fxgl.notification.view.XboxNotificationView
09:04:45.344 [FXGL Background Thread 3 ] DEBUG Engine               - pixelsPerMeter: 50.0
09:04:45.344 [FXGL Background Thread 3 ] DEBUG Engine               - platform: WINDOWS
09:04:45.344 [FXGL Background Thread 3 ] DEBUG Engine               - prefHeightProperty: ReadOnlyDoubleProperty [value: 1088.0]
09:04:45.344 [FXGL Background Thread 3 ] DEBUG Engine               - prefWidthProperty: ReadOnlyDoubleProperty [value: 1920.0]
09:04:45.344 [FXGL Background Thread 3 ] DEBUG Engine               - profileDir: profiles/
09:04:45.344 [FXGL Background Thread 3 ] DEBUG Engine               - profileName: StringProperty [value: DEFAULT]
09:04:45.344 [FXGL Background Thread 3 ] DEBUG Engine               - randomSeed: -1
09:04:45.345 [FXGL Background Thread 3 ] DEBUG Engine               - runtimeInfo: RuntimeInfo(platform=WINDOWS, version=17.3, build=30.03.2023 11.49)
09:04:45.345 [FXGL Background Thread 3 ] DEBUG Engine               - saveFileExt: sav
09:04:45.345 [FXGL Background Thread 3 ] DEBUG Engine               - scaledHeightProp$fxgl: DoubleProperty [bound, value: 863.0]
09:04:45.345 [FXGL Background Thread 3 ] DEBUG Engine               - scaledWidthProp$fxgl: DoubleProperty [bound, value: 1499.0]
09:04:45.345 [FXGL Background Thread 3 ] DEBUG Engine               - sceneFactory: com.almasb.fxgl.app.scene.SceneFactory@523f4ad1
09:04:45.345 [FXGL Background Thread 3 ] DEBUG Engine               - secondsIn24h: 60
09:04:45.345 [FXGL Background Thread 3 ] DEBUG Engine               - soundMenuBack: menu/back.wav
09:04:45.345 [FXGL Background Thread 3 ] DEBUG Engine               - soundMenuPress: menu/press.wav
09:04:45.345 [FXGL Background Thread 3 ] DEBUG Engine               - soundMenuSelect: menu/select.wav
09:04:45.345 [FXGL Background Thread 3 ] DEBUG Engine               - soundNotification: core/notification.wav
09:04:45.345 [FXGL Background Thread 3 ] DEBUG Engine               - stageStyle: DECORATED
09:04:45.345 [FXGL Background Thread 3 ] DEBUG Engine               - supportedLanguages: [ENGLISH, FRENCH, GERMAN, HUNGARIAN, RUSSIAN]
09:04:45.345 [FXGL Background Thread 3 ] DEBUG Engine               - ticksPerSecond: -1
09:04:45.345 [FXGL Background Thread 3 ] DEBUG Engine               - title: Droid Rampage
09:04:45.345 [FXGL Background Thread 3 ] DEBUG Engine               - urlGithub: https://github.com/AlmasB/FXGL
09:04:45.345 [FXGL Background Thread 3 ] DEBUG Engine               - urlLeaderboard: http://fxgl-top.herokuapp.com/
09:04:45.345 [FXGL Background Thread 3 ] DEBUG Engine               - urlPOM: https://raw.githubusercontent.com/AlmasB/FXGL/release/README.md
09:04:45.345 [FXGL Background Thread 3 ] DEBUG Engine               - userAppClass: class at.htl.droidrampage.GameApp
09:04:45.345 [FXGL Background Thread 3 ] DEBUG Engine               - version: 0.5
09:04:45.345 [FXGL Background Thread 3 ] DEBUG Engine               - versionCheckDays: 7
09:04:45.345 [FXGL Background Thread 3 ] DEBUG Engine               - width: 1920
09:04:45.345 [FXGL Background Thread 3 ] DEBUG Engine               - Logging services
09:04:45.345 [FXGL Background Thread 3 ] DEBUG Engine               - class com.almasb.fxgl.app.services.FXGLAssetLoaderService
09:04:45.345 [FXGL Background Thread 3 ] DEBUG Engine               - class com.almasb.fxgl.app.FXGLApplication$GameApplicationService
09:04:45.345 [FXGL Background Thread 3 ] DEBUG Engine               - class com.almasb.fxgl.app.services.FXGLDialogService
09:04:45.345 [FXGL Background Thread 3 ] DEBUG Engine               - class com.almasb.fxgl.app.services.IOTaskExecutorService
09:04:45.345 [FXGL Background Thread 3 ] DEBUG Engine               - class com.almasb.fxgl.io.FileSystemService
09:04:45.345 [FXGL Background Thread 3 ] DEBUG Engine               - class com.almasb.fxgl.localization.LocalizationService
09:04:45.345 [FXGL Background Thread 3 ] DEBUG Engine               - class com.almasb.fxgl.app.services.SystemBundleService
09:04:45.345 [FXGL Background Thread 3 ] DEBUG Engine               - class com.almasb.fxgl.profile.SaveLoadService
09:04:45.345 [FXGL Background Thread 3 ] DEBUG Engine               - class com.almasb.fxgl.ui.FXGLUIFactoryServiceProvider
09:04:45.345 [FXGL Background Thread 3 ] DEBUG Engine               - class com.almasb.fxgl.ui.FXGLDialogFactoryServiceProvider
09:04:45.345 [FXGL Background Thread 3 ] DEBUG Engine               - class com.almasb.fxgl.audio.AudioPlayer
09:04:45.345 [FXGL Background Thread 3 ] DEBUG Engine               - class com.almasb.fxgl.notification.impl.NotificationServiceProvider
09:04:45.345 [FXGL Background Thread 3 ] DEBUG Engine               - class com.almasb.fxgl.achievement.AchievementService
09:04:45.345 [FXGL Background Thread 3 ] DEBUG Engine               - class com.almasb.fxgl.cutscene.CutsceneService
09:04:45.345 [FXGL Background Thread 3 ] DEBUG Engine               - class com.almasb.fxgl.minigames.MiniGameService
09:04:45.345 [FXGL Background Thread 3 ] DEBUG Engine               - class com.almasb.fxgl.net.NetService
09:04:45.345 [FXGL Background Thread 3 ] DEBUG Engine               - class com.almasb.fxgl.app.services.UpdaterService
09:04:45.345 [FXGL Background Thread 3 ] DEBUG Engine               - class com.almasb.fxgl.dev.DevService
09:05:13.035 [JavaFX Application Thread] DEBUG FXGLApplication      - Exiting FXGL
09:05:13.035 [JavaFX Application Thread] DEBUG LoopRunner           - Stopping loop
09:05:13.035 [JavaFX Application Thread] DEBUG SystemBundleService  - Saving FXGL system data
09:05:13.038 [JavaFX Application Thread] DEBUG FileSystemAccess     - Writing to: C:\Users\Fra-Lu\Desktop\Schule\3.Klasse\POS\Workspace\DroidRampage\system\fxgl.bundle
09:05:13.040 [JavaFX Application Thread] DEBUG Async                - Shutting down background threads
09:05:13.040 [JavaFX Application Thread] DEBUG PrimaryStageWindow   - Closing main window
09:05:13.056 [JavaFX Application Thread] DEBUG Logger               - Closing Logger
