09:04:27.608 [main                     ] DEBUG Logger               - Configured Logger
09:04:27.616 [main                     ] DEBUG GameApplication      - Logging settings
Title: Droid Rampage
Version: 0.8
Width: 1920
Height: 1088
Fullscreen: true
Intro: false
Profiling: false
Single step:false
App Mode: DEVELOPER
Menu Key: ESCAPE
Stage Style: DECORATED
Scene Factory: class com.almasb.fxgl.app.scene.SceneFactory

09:04:27.919 [JavaFX Application Thread] DEBUG FXGLApplication      - Initializing FXGL
09:04:27.921 [JavaFX Application Thread] INFO  Engine               - FXGL-17.3 (30.03.2023 11.49) on LINUX (J:26 FX:21.0.6)
09:04:27.922 [JavaFX Application Thread] DEBUG Engine               - JRE Vendor Name: Oracle Corporation
09:04:27.922 [JavaFX Application Thread] DEBUG Engine               - Running on OS: Linux version 6.17.0-22-generic
09:04:27.922 [JavaFX Application Thread] DEBUG Engine               - Architecture: amd64
09:04:27.922 [JavaFX Application Thread] INFO  Engine               - Source code and latest versions at: https://github.com/AlmasB/FXGL
09:04:27.922 [JavaFX Application Thread] INFO  Engine               -       Ask questions and discuss at: https://github.com/AlmasB/FXGL/discussions
09:04:27.922 [JavaFX Application Thread] INFO  Engine               -              Join the FXGL chat at: https://gitter.im/AlmasB/FXGL
09:04:27.996 [JavaFX Application Thread] DEBUG PrimaryStageWindow   - Creating a JavaFX scene
09:04:27.996 [JavaFX Application Thread] DEBUG PrimaryStageWindow   - Target size > screen size
09:04:28.078 [JavaFX Application Thread] DEBUG PrimaryStageWindow   - Target settings size: 1920.0 x 1088.0
09:04:28.078 [JavaFX Application Thread] DEBUG PrimaryStageWindow   - Scaled scene size:    1880.0 x 1079.0
09:04:28.078 [JavaFX Application Thread] DEBUG PrimaryStageWindow   - Scaled ratio: (0.9791666666666666, 0.9917279411764706)
09:04:28.079 [JavaFX Application Thread] DEBUG PrimaryStageWindow   - Set initial scene to FXGLStartupScene
09:04:28.082 [JavaFX Application Thread] DEBUG PrimaryStageWindow   - Opening main window
09:04:28.114 [JavaFX Application Thread] DEBUG PrimaryStageWindow   - Window border size: (0.0, 35.0)
09:04:28.114 [JavaFX Application Thread] DEBUG PrimaryStageWindow   - Scaled size: 1880.0 x 1044.0
09:04:28.114 [JavaFX Application Thread] DEBUG PrimaryStageWindow   - Scaled ratio: (0.9791666666666666, 0.9595588235294118)
09:04:28.114 [JavaFX Application Thread] DEBUG PrimaryStageWindow   - Scene size: 1880.0 x 1079.0
09:04:28.114 [JavaFX Application Thread] DEBUG PrimaryStageWindow   - Stage size: 1880.0 x 1079.0
09:04:28.121 [FXGL Background Thread 1 ] DEBUG Engine               - Initializing environment variables
09:04:28.162 [FXGL Background Thread 1 ] DEBUG FXGLAssetLoaderServi - User app class for loading assets: class at.htl.droidrampage.GameApp
09:04:28.162 [FXGL Background Thread 1 ] DEBUG GameApplicationServi - Applying CSS: fxgl_dark.css
09:04:28.163 [FXGL Background Thread 1 ] DEBUG FXGLAssetLoaderServi - Loading from file system: jar:file:/home/franz/.m2/repository/com/github/almasb/fxgl/17.3/fxgl-17.3.jar!/fxglassets/ui/css/fxgl_dark.css
09:04:28.216 [FXGL Background Thread 1 ] DEBUG GameApplicationServi - Initializing application scenes
09:04:28.251 [FXGL Background Thread 1 ] DEBUG GameWorld            - Game world initialized
09:04:28.283 [FXGL Background Thread 1 ] DEBUG PhysicsWorld         - Physics world initialized: appHeight=1088, physics.ppm=50.0
09:04:28.283 [FXGL Background Thread 1 ] DEBUG PhysicsWorld         - Using strategy: BRUTE_FORCE
09:04:28.287 [FXGL Background Thread 1 ] DEBUG GameScene            - Game scene initialized: 1920x1088
09:04:28.298 [FXGL Background Thread 1 ] DEBUG FXGL.DefaultMenu     - createMenuBodyGameMenu()
09:04:28.312 [FXGL Background Thread 1 ] DEBUG FXGL.DefaultMenu     - createOptionsMenu()
09:04:28.319 [FXGL Background Thread 1 ] DEBUG FXGLAssetLoaderServi - Loading from file system: jar:file:/home/franz/.m2/repository/com/github/almasb/fxgl/17.3/fxgl-17.3.jar!/fxglassets/textures/particles/smoke.png
09:04:28.385 [FXGL Background Thread 1 ] DEBUG FXGLAssetLoaderServi - Loading from file system: jar:file:/home/franz/.m2/repository/com/github/almasb/fxgl/17.3/fxgl-17.3.jar!/fxglassets/textures/particles/trace_horizontal.png
09:04:28.411 [FXGL Background Thread 1 ] DEBUG GameApplicationServi - Application scenes initialized
09:04:28.421 [FXGL Background Thread 1 ] DEBUG SystemBundleService  - Loading FXGL system data
09:04:28.422 [FXGL Background Thread 1 ] DEBUG FileSystemAccess     - Reading from: /home/franz/Documents/Schule/3-Klasse/POS/DroidRampage/system/fxgl.bundle
09:04:28.424 [FXGL Background Thread 1 ] DEBUG SystemBundleService  - Bundle FXGL: {}
09:04:28.424 [FXGL Background Thread 1 ] DEBUG UpdaterService       - Checking for updates
09:04:28.428 [FXGL Background Thread 4 ] DEBUG FXGLApplication      - Loading fonts
09:04:28.428 [FXGL Background Thread 1 ] DEBUG FXGLApplication      - Loading default localization
09:04:28.428 [FXGL Background Thread 4 ] DEBUG FXGLAssetLoaderServi - Loading from file system: jar:file:/home/franz/.m2/repository/com/github/almasb/fxgl/17.3/fxgl-17.3.jar!/fxglassets/ui/fonts/VarelaRound-Regular.ttf
09:04:28.428 [FXGL Background Thread 1 ] DEBUG FXGLAssetLoaderServi - Loading from file system: jar:file:/home/franz/.m2/repository/com/github/almasb/fxgl/17.3/fxgl-17.3.jar!/fxglassets/languages/english.lang
09:04:28.435 [FXGL Background Thread 4 ] DEBUG FXGLAssetLoaderServi - Loading from file system: jar:file:/home/franz/.m2/repository/com/github/almasb/fxgl/17.3/fxgl-17.3.jar!/fxglassets/ui/fonts/Abel-Regular.ttf
09:04:28.437 [FXGL Background Thread 4 ] DEBUG FXGLAssetLoaderServi - Loading from file system: jar:file:/home/franz/.m2/repository/com/github/almasb/fxgl/17.3/fxgl-17.3.jar!/fxglassets/ui/fonts/TerminalLandMono-Regular.otf
09:04:28.438 [FXGL Background Thread 4 ] DEBUG FXGLAssetLoaderServi - Loading from file system: jar:file:/home/franz/.m2/repository/com/github/almasb/fxgl/17.3/fxgl-17.3.jar!/fxglassets/ui/fonts/Courier-Prime.ttf
09:04:28.442 [JavaFX Application Thread] DEBUG FXGLApplication      - Registering font factories with UI factory
09:04:28.443 [FXGL Background Thread 1 ] INFO  FXGLApplication      - FXGL initialization took: 0.322 sec
09:04:28.444 [JavaFX Application Thread] DEBUG FXGLAssetLoaderServi - Loading from file system: jar:file:/home/franz/.m2/repository/com/github/almasb/fxgl/17.3/fxgl-17.3.jar!/fxglassets/textures/fxgl_icon.png
09:04:28.466 [JavaFX Application Thread] DEBUG FXGLAssetLoaderServi - Loading from file system: jar:file:/home/franz/.m2/repository/com/github/almasb/fxgl/17.3/fxgl-17.3.jar!/fxglassets/textures/fxgl_default_cursor.png
09:04:28.480 [JavaFX Application Thread] DEBUG Input                - Registered new binding: Screenshot - CTRL+8
09:04:28.480 [JavaFX Application Thread] DEBUG Input                - Registered new binding: System info dump - CTRL+9
09:04:28.481 [JavaFX Application Thread] DEBUG Input                - Registered new binding: Restart - CTRL+R
09:04:28.481 [JavaFX Application Thread] DEBUG Input                - Registered new binding: Toggle Debug Camera - CTRL+7
09:04:28.484 [JavaFX Application Thread] DEBUG LoopRunner           - Starting loop
09:04:28.484 [JavaFX Application Thread] DEBUG LoopRunner           - Initializing JavaFX AnimationTimerLoop
09:04:28.485 [JavaFX Application Thread] DEBUG GameApplicationServi - Starting new game
09:04:28.485 [JavaFX Application Thread] DEBUG Input                - Clearing active input actions
09:04:28.496 [JavaFX Application Thread] DEBUG GameApplicationServi - Removing overlay from FXGLStartupScene and adding to FXGLLoadingScene
09:04:28.496 [JavaFX Application Thread] DEBUG PrimaryStageWindow   - FXGLStartupScene -> FXGLLoadingScene
09:04:28.497 [JavaFX Application Thread] DEBUG GameApplicationServi - Clearing previous game
09:04:28.497 [JavaFX Application Thread] DEBUG GameScene            - Clearing game scene
09:04:28.497 [JavaFX Application Thread] DEBUG GameWorld            - Clearing game world
09:04:28.497 [JavaFX Application Thread] DEBUG PhysicsWorld         - Clearing physics world
09:04:28.498 [FXGL Background Thread 1 ] DEBUG FXGLApplication      - Initializing game
09:04:28.520 [FXGL Background Thread 1 ] WARN  TMXLevelLoader       - TiledMap generated from 1.8.2. Supported version: 1.9.0. Some features may not be parsed fully.
09:04:28.533 [FXGL Background Thread 1 ] DEBUG TMXLevelLoader       - Parsed TiledMap: file:/home/franz/Documents/Schule/3-Klasse/POS/DroidRampage/target/classes/assets/levels/TileStart.tmx
09:04:28.534 [FXGL Background Thread 1 ] DEBUG TMXLevelLoader       - Creating tile layer entities
09:04:28.535 [FXGL Background Thread 1 ] DEBUG TilesetLoader        - Loading view for layer Kachelebene 1
09:04:28.536 [FXGL Background Thread 1 ] DEBUG TilesetLoader        - Created buffer with size 1920.0x1088.0
09:04:28.608 [FXGL Background Thread 1 ] DEBUG TMXLevelLoader       - Creating object layer entities
09:04:28.634 [FXGL Background Thread 1 ] DEBUG FXGLAssetLoaderServi - Loading from file system: file:/home/franz/Documents/Schule/3-Klasse/POS/DroidRampage/target/classes/assets/textures/credit2.png
09:04:28.680 [FXGL Background Thread 1 ] DEBUG FXGLAssetLoaderServi - Loading from file system: file:/home/franz/Documents/Schule/3-Klasse/POS/DroidRampage/target/classes/assets/textures/credit1.png
09:04:28.715 [FXGL Background Thread 1 ] DEBUG FXGLAssetLoaderServi - Loading from file system: file:/home/franz/Documents/Schule/3-Klasse/POS/DroidRampage/target/classes/assets/textures/credit3.png
09:04:28.754 [FXGL Background Thread 1 ] DEBUG GameWorld            - Clearing removable entities
09:04:28.755 [FXGL Background Thread 1 ] DEBUG GameWorld            - Setting level: com.almasb.fxgl.entity.level.Level@143c0701
09:04:28.823 [FXGL Background Thread 2 ] INFO  UpdaterService       - Your current version:  17.3
09:04:28.824 [FXGL Background Thread 2 ] INFO  UpdaterService       - Latest stable version: 25
09:04:28.834 [FXGL Background Thread 1 ] DEBUG FXGLAssetLoaderServi - Loading from file system: file:/home/franz/Documents/Schule/3-Klasse/POS/DroidRampage/target/classes/assets/textures/r2d2.png
09:04:28.839 [FXGL Background Thread 1 ] DEBUG Input                - Registered new binding: Move Right - D
09:04:28.839 [FXGL Background Thread 1 ] DEBUG Input                - Registered new binding: Move Left - A
09:04:28.839 [FXGL Background Thread 1 ] DEBUG Input                - Registered new binding: Jump - Space
09:04:28.839 [FXGL Background Thread 1 ] DEBUG Input                - Registered new binding: Toggle Cheat Mode - I
09:04:28.841 [FXGL Background Thread 1 ] INFO  FXGLApplication      - Game initialization took: 0.342 sec
09:04:28.841 [JavaFX Application Thread] DEBUG Input                - Clearing active input actions
09:04:28.849 [JavaFX Application Thread] DEBUG GameApplicationServi - Removing overlay from FXGLLoadingScene and adding to GameScene
09:04:28.850 [JavaFX Application Thread] DEBUG PrimaryStageWindow   - FXGLLoadingScene -> GameScene
09:04:28.856 [JavaFX Application Thread] WARN  TMXLevelLoader       - TiledMap generated from 1.8.2. Supported version: 1.9.0. Some features may not be parsed fully.
09:04:28.862 [JavaFX Application Thread] DEBUG TMXLevelLoader       - Parsed TiledMap: file:/home/franz/Documents/Schule/3-Klasse/POS/DroidRampage/target/classes/assets/levels/Tile2.tmx
09:04:28.862 [JavaFX Application Thread] DEBUG TMXLevelLoader       - Creating tile layer entities
09:04:28.862 [JavaFX Application Thread] DEBUG TilesetLoader        - Loading view for layer Tile Layer 1
09:04:28.864 [JavaFX Application Thread] DEBUG TilesetLoader        - Created buffer with size 1920.0x1088.0
09:04:28.911 [JavaFX Application Thread] DEBUG TMXLevelLoader       - Creating object layer entities
09:04:31.426 [FXGL Background Thread 3 ] DEBUG Engine               - Logging environment variables
09:04:31.427 [FXGL Background Thread 3 ] DEBUG Engine               - achievements: []
09:04:31.427 [FXGL Background Thread 3 ] DEBUG Engine               - actualHeight: 1044.0
09:04:31.427 [FXGL Background Thread 3 ] DEBUG Engine               - actualHeightProperty: ReadOnlyDoubleProperty [value: 1005.0]
09:04:31.427 [FXGL Background Thread 3 ] DEBUG Engine               - actualWidth: 1880.0
09:04:31.427 [FXGL Background Thread 3 ] DEBUG Engine               - actualWidthProperty: ReadOnlyDoubleProperty [value: 1920.0]
09:04:31.427 [FXGL Background Thread 3 ] DEBUG Engine               - appIcon: fxgl_icon.png
09:04:31.428 [FXGL Background Thread 3 ] DEBUG Engine               - applicationMode: DEVELOPER
09:04:31.428 [FXGL Background Thread 3 ] DEBUG Engine               - cSSList: [fxgl_dark.css]
09:04:31.428 [FXGL Background Thread 3 ] DEBUG Engine               - collisionDetectionStrategy: BRUTE_FORCE
09:04:31.428 [FXGL Background Thread 3 ] DEBUG Engine               - configClass: Optional.empty
09:04:31.428 [FXGL Background Thread 3 ] DEBUG Engine               - credits: []
09:04:31.428 [FXGL Background Thread 3 ] DEBUG Engine               - defaultCursor: CursorInfo(imageName=fxgl_default_cursor.png, hotspotX=7.0, hotspotY=6.0)
09:04:31.428 [FXGL Background Thread 3 ] DEBUG Engine               - devBBoxColorProperty: ObjectProperty [value: 0xff0000ff]
09:04:31.428 [FXGL Background Thread 3 ] DEBUG Engine               - devEnableDebugCameraProperty: BooleanProperty [value: false]
09:04:31.428 [FXGL Background Thread 3 ] DEBUG Engine               - devSensorColorProperty: ObjectProperty [value: 0xffff00ff]
09:04:31.428 [FXGL Background Thread 3 ] DEBUG Engine               - devShowBBoxProperty: BooleanProperty [value: false]
09:04:31.428 [FXGL Background Thread 3 ] DEBUG Engine               - devShowPositionProperty: BooleanProperty [value: false]
09:04:31.428 [FXGL Background Thread 3 ] DEBUG Engine               - enabledMenuItems: []
09:04:31.428 [FXGL Background Thread 3 ] DEBUG Engine               - engineServices: [class com.almasb.fxgl.app.services.FXGLAssetLoaderService, class com.almasb.fxgl.app.FXGLApplication$GameApplicationService, class com.almasb.fxgl.app.services.FXGLDialogService, class com.almasb.fxgl.app.services.IOTaskExecutorService, class com.almasb.fxgl.io.FileSystemService, class com.almasb.fxgl.localization.LocalizationService, class com.almasb.fxgl.app.services.SystemBundleService, class com.almasb.fxgl.profile.SaveLoadService, class com.almasb.fxgl.ui.FXGLUIFactoryServiceProvider, class com.almasb.fxgl.ui.FXGLDialogFactoryServiceProvider, class com.almasb.fxgl.audio.AudioPlayer, class com.almasb.fxgl.notification.impl.NotificationServiceProvider, class com.almasb.fxgl.achievement.AchievementService, class com.almasb.fxgl.cutscene.CutsceneService, class com.almasb.fxgl.minigames.MiniGameService, class com.almasb.fxgl.net.NetService, class com.almasb.fxgl.app.services.UpdaterService, class com.almasb.fxgl.dev.DevService]
09:04:31.428 [FXGL Background Thread 3 ] DEBUG Engine               - fontGame: Abel-Regular.ttf
09:04:31.428 [FXGL Background Thread 3 ] DEBUG Engine               - fontMono: TerminalLandMono-Regular.otf
09:04:31.429 [FXGL Background Thread 3 ] DEBUG Engine               - fontSizeScaleUI: 1.0
09:04:31.429 [FXGL Background Thread 3 ] DEBUG Engine               - fontText: Courier-Prime.ttf
09:04:31.429 [FXGL Background Thread 3 ] DEBUG Engine               - fontUI: VarelaRound-Regular.ttf
09:04:31.429 [FXGL Background Thread 3 ] DEBUG Engine               - fullScreen: BooleanProperty [value: false]
09:04:31.429 [FXGL Background Thread 3 ] DEBUG Engine               - gameDifficulty: MEDIUM
09:04:31.429 [FXGL Background Thread 3 ] DEBUG Engine               - gameDifficultyProperty: ObjectProperty [value: MEDIUM]
09:04:31.429 [FXGL Background Thread 3 ] DEBUG Engine               - globalMusicVolume: 0.5
09:04:31.429 [FXGL Background Thread 3 ] DEBUG Engine               - globalMusicVolumeProperty: DoubleProperty [value: 0.5]
09:04:31.429 [FXGL Background Thread 3 ] DEBUG Engine               - globalSoundVolume: 0.5
09:04:31.429 [FXGL Background Thread 3 ] DEBUG Engine               - globalSoundVolumeProperty: DoubleProperty [value: 0.5]
09:04:31.429 [FXGL Background Thread 3 ] DEBUG Engine               - height: 1088
09:04:31.429 [FXGL Background Thread 3 ] DEBUG Engine               - is3D: false
09:04:31.429 [FXGL Background Thread 3 ] DEBUG Engine               - isAndroid: false
09:04:31.429 [FXGL Background Thread 3 ] DEBUG Engine               - isBrowser: false
09:04:31.429 [FXGL Background Thread 3 ] DEBUG Engine               - isClickFeedbackEnabled: false
09:04:31.429 [FXGL Background Thread 3 ] DEBUG Engine               - isCloseConfirmation: false
09:04:31.429 [FXGL Background Thread 3 ] DEBUG Engine               - isDesktop: true
09:04:31.429 [FXGL Background Thread 3 ] DEBUG Engine               - isDeveloperMenuEnabled: false
09:04:31.429 [FXGL Background Thread 3 ] DEBUG Engine               - isEmbedded: false
09:04:31.429 [FXGL Background Thread 3 ] DEBUG Engine               - isEntityPreloadEnabled: true
09:04:31.429 [FXGL Background Thread 3 ] DEBUG Engine               - isExperimentalTiledLargeMap: false
09:04:31.429 [FXGL Background Thread 3 ] DEBUG Engine               - isFileSystemWriteAllowed: true
09:04:31.430 [FXGL Background Thread 3 ] DEBUG Engine               - isFullScreenAllowed: true
09:04:31.430 [FXGL Background Thread 3 ] DEBUG Engine               - isFullScreenFromStart: false
09:04:31.430 [FXGL Background Thread 3 ] DEBUG Engine               - isGameMenuEnabled: true
09:04:31.430 [FXGL Background Thread 3 ] DEBUG Engine               - isIOS: false
09:04:31.430 [FXGL Background Thread 3 ] DEBUG Engine               - isIntroEnabled: false
09:04:31.430 [FXGL Background Thread 3 ] DEBUG Engine               - isLinux: true
09:04:31.430 [FXGL Background Thread 3 ] DEBUG Engine               - isMac: false
09:04:31.430 [FXGL Background Thread 3 ] DEBUG Engine               - isMainMenuEnabled: false
09:04:31.430 [FXGL Background Thread 3 ] DEBUG Engine               - isManualResizeEnabled: true
09:04:31.430 [FXGL Background Thread 3 ] DEBUG Engine               - isMobile: false
09:04:31.430 [FXGL Background Thread 3 ] DEBUG Engine               - isNative: false
09:04:31.430 [FXGL Background Thread 3 ] DEBUG Engine               - isPauseMusicWhenMinimized: true
09:04:31.430 [FXGL Background Thread 3 ] DEBUG Engine               - isPreserveResizeRatio: false
09:04:31.430 [FXGL Background Thread 3 ] DEBUG Engine               - isProfilingEnabled: false
09:04:31.430 [FXGL Background Thread 3 ] DEBUG Engine               - isScaleAffectedOnResize: true
09:04:31.430 [FXGL Background Thread 3 ] DEBUG Engine               - isSingleStep: false
09:04:31.430 [FXGL Background Thread 3 ] DEBUG Engine               - isUserProfileEnabled: false
09:04:31.430 [FXGL Background Thread 3 ] DEBUG Engine               - isWindows: false
09:04:31.430 [FXGL Background Thread 3 ] DEBUG Engine               - language: ObjectProperty [value: ENGLISH]
09:04:31.430 [FXGL Background Thread 3 ] DEBUG Engine               - menuKey: ESCAPE
09:04:31.430 [FXGL Background Thread 3 ] DEBUG Engine               - mouseSensitivity: 0.2
09:04:31.430 [FXGL Background Thread 3 ] DEBUG Engine               - notificationViewClass: class com.almasb.fxgl.notification.view.XboxNotificationView
09:04:31.430 [FXGL Background Thread 3 ] DEBUG Engine               - pixelsPerMeter: 50.0
09:04:31.430 [FXGL Background Thread 3 ] DEBUG Engine               - platform: LINUX
09:04:31.430 [FXGL Background Thread 3 ] DEBUG Engine               - prefHeightProperty: ReadOnlyDoubleProperty [value: 1088.0]
09:04:31.431 [FXGL Background Thread 3 ] DEBUG Engine               - prefWidthProperty: ReadOnlyDoubleProperty [value: 1920.0]
09:04:31.431 [FXGL Background Thread 3 ] DEBUG Engine               - profileDir: profiles/
09:04:31.431 [FXGL Background Thread 3 ] DEBUG Engine               - profileName: StringProperty [value: DEFAULT]
09:04:31.431 [FXGL Background Thread 3 ] DEBUG Engine               - randomSeed: -1
09:04:31.431 [FXGL Background Thread 3 ] DEBUG Engine               - runtimeInfo: RuntimeInfo(platform=LINUX, version=17.3, build=30.03.2023 11.49)
09:04:31.431 [FXGL Background Thread 3 ] DEBUG Engine               - saveFileExt: sav
09:04:31.431 [FXGL Background Thread 3 ] DEBUG Engine               - scaledHeightProp$fxgl: DoubleProperty [bound, value: 1005.0]
09:04:31.431 [FXGL Background Thread 3 ] DEBUG Engine               - scaledWidthProp$fxgl: DoubleProperty [bound, value: 1920.0]
09:04:31.431 [FXGL Background Thread 3 ] DEBUG Engine               - sceneFactory: com.almasb.fxgl.app.scene.SceneFactory@2ce86b13
09:04:31.431 [FXGL Background Thread 3 ] DEBUG Engine               - secondsIn24h: 60
09:04:31.431 [FXGL Background Thread 3 ] DEBUG Engine               - soundMenuBack: menu/back.wav
09:04:31.431 [FXGL Background Thread 3 ] DEBUG Engine               - soundMenuPress: menu/press.wav
09:04:31.431 [FXGL Background Thread 3 ] DEBUG Engine               - soundMenuSelect: menu/select.wav
09:04:31.431 [FXGL Background Thread 3 ] DEBUG Engine               - soundNotification: core/notification.wav
09:04:31.431 [FXGL Background Thread 3 ] DEBUG Engine               - stageStyle: DECORATED
09:04:31.431 [FXGL Background Thread 3 ] DEBUG Engine               - supportedLanguages: [ENGLISH, FRENCH, GERMAN, HUNGARIAN, RUSSIAN]
09:04:31.431 [FXGL Background Thread 3 ] DEBUG Engine               - ticksPerSecond: -1
09:04:31.431 [FXGL Background Thread 3 ] DEBUG Engine               - title: Droid Rampage
09:04:31.431 [FXGL Background Thread 3 ] DEBUG Engine               - urlGithub: https://github.com/AlmasB/FXGL
09:04:31.432 [FXGL Background Thread 3 ] DEBUG Engine               - urlLeaderboard: http://fxgl-top.herokuapp.com/
09:04:31.432 [FXGL Background Thread 3 ] DEBUG Engine               - urlPOM: https://raw.githubusercontent.com/AlmasB/FXGL/release/README.md
09:04:31.432 [FXGL Background Thread 3 ] DEBUG Engine               - userAppClass: class at.htl.droidrampage.GameApp
09:04:31.432 [FXGL Background Thread 3 ] DEBUG Engine               - version: 0.8
09:04:31.432 [FXGL Background Thread 3 ] DEBUG Engine               - versionCheckDays: 7
09:04:31.432 [FXGL Background Thread 3 ] DEBUG Engine               - width: 1920
09:04:31.432 [FXGL Background Thread 3 ] DEBUG Engine               - Logging services
09:04:31.432 [FXGL Background Thread 3 ] DEBUG Engine               - class com.almasb.fxgl.app.services.FXGLAssetLoaderService
09:04:31.432 [FXGL Background Thread 3 ] DEBUG Engine               - class com.almasb.fxgl.app.FXGLApplication$GameApplicationService
09:04:31.432 [FXGL Background Thread 3 ] DEBUG Engine               - class com.almasb.fxgl.app.services.FXGLDialogService
09:04:31.432 [FXGL Background Thread 3 ] DEBUG Engine               - class com.almasb.fxgl.app.services.IOTaskExecutorService
09:04:31.432 [FXGL Background Thread 3 ] DEBUG Engine               - class com.almasb.fxgl.io.FileSystemService
09:04:31.432 [FXGL Background Thread 3 ] DEBUG Engine               - class com.almasb.fxgl.localization.LocalizationService
09:04:31.432 [FXGL Background Thread 3 ] DEBUG Engine               - class com.almasb.fxgl.app.services.SystemBundleService
09:04:31.432 [FXGL Background Thread 3 ] DEBUG Engine               - class com.almasb.fxgl.profile.SaveLoadService
09:04:31.432 [FXGL Background Thread 3 ] DEBUG Engine               - class com.almasb.fxgl.ui.FXGLUIFactoryServiceProvider
09:04:31.432 [FXGL Background Thread 3 ] DEBUG Engine               - class com.almasb.fxgl.ui.FXGLDialogFactoryServiceProvider
09:04:31.432 [FXGL Background Thread 3 ] DEBUG Engine               - class com.almasb.fxgl.audio.AudioPlayer
09:04:31.432 [FXGL Background Thread 3 ] DEBUG Engine               - class com.almasb.fxgl.notification.impl.NotificationServiceProvider
09:04:31.432 [FXGL Background Thread 3 ] DEBUG Engine               - class com.almasb.fxgl.achievement.AchievementService
09:04:31.432 [FXGL Background Thread 3 ] DEBUG Engine               - class com.almasb.fxgl.cutscene.CutsceneService
09:04:31.432 [FXGL Background Thread 3 ] DEBUG Engine               - class com.almasb.fxgl.minigames.MiniGameService
09:04:31.432 [FXGL Background Thread 3 ] DEBUG Engine               - class com.almasb.fxgl.net.NetService
09:04:31.432 [FXGL Background Thread 3 ] DEBUG Engine               - class com.almasb.fxgl.app.services.UpdaterService
09:04:31.432 [FXGL Background Thread 3 ] DEBUG Engine               - class com.almasb.fxgl.dev.DevService
09:04:48.583 [JavaFX Application Thread] WARN  TMXLevelLoader       - TiledMap generated from 1.8.2. Supported version: 1.9.0. Some features may not be parsed fully.
09:04:48.590 [JavaFX Application Thread] DEBUG TMXLevelLoader       - Parsed TiledMap: file:/home/franz/Documents/Schule/3-Klasse/POS/DroidRampage/target/classes/assets/levels/Tile1.tmx
09:04:48.590 [JavaFX Application Thread] DEBUG TMXLevelLoader       - Creating tile layer entities
09:04:48.590 [JavaFX Application Thread] DEBUG TilesetLoader        - Loading view for layer Kachelebene 1
09:04:48.592 [JavaFX Application Thread] DEBUG TilesetLoader        - Created buffer with size 1920.0x1088.0
09:04:48.627 [JavaFX Application Thread] WARN  TilesetLoader        - Diagonally flipped tiles are not currently supported
09:04:48.627 [JavaFX Application Thread] WARN  TilesetLoader        - Diagonally flipped tiles are not currently supported
09:04:48.628 [JavaFX Application Thread] WARN  TilesetLoader        - Diagonally flipped tiles are not currently supported
09:04:48.628 [JavaFX Application Thread] WARN  TilesetLoader        - Diagonally flipped tiles are not currently supported
09:04:48.628 [JavaFX Application Thread] WARN  TilesetLoader        - Diagonally flipped tiles are not currently supported
09:04:48.628 [JavaFX Application Thread] WARN  TilesetLoader        - Diagonally flipped tiles are not currently supported
09:04:48.629 [JavaFX Application Thread] DEBUG TMXLevelLoader       - Creating object layer entities
09:05:01.415 [JavaFX Application Thread] WARN  TMXLevelLoader       - TiledMap generated from 1.8.2. Supported version: 1.9.0. Some features may not be parsed fully.
09:05:01.420 [JavaFX Application Thread] DEBUG TMXLevelLoader       - Parsed TiledMap: file:/home/franz/Documents/Schule/3-Klasse/POS/DroidRampage/target/classes/assets/levels/Tile2.tmx
09:05:01.420 [JavaFX Application Thread] DEBUG TMXLevelLoader       - Creating tile layer entities
09:05:01.420 [JavaFX Application Thread] DEBUG TilesetLoader        - Loading view for layer Tile Layer 1
09:05:01.422 [JavaFX Application Thread] DEBUG TilesetLoader        - Created buffer with size 1920.0x1088.0
09:05:01.458 [JavaFX Application Thread] DEBUG TMXLevelLoader       - Creating object layer entities
09:05:14.201 [JavaFX Application Thread] WARN  TMXLevelLoader       - TiledMap generated from 1.8.2. Supported version: 1.9.0. Some features may not be parsed fully.
09:05:14.206 [JavaFX Application Thread] DEBUG TMXLevelLoader       - Parsed TiledMap: file:/home/franz/Documents/Schule/3-Klasse/POS/DroidRampage/target/classes/assets/levels/Tile1.tmx
09:05:14.207 [JavaFX Application Thread] DEBUG TMXLevelLoader       - Creating tile layer entities
09:05:14.207 [JavaFX Application Thread] DEBUG TilesetLoader        - Loading view for layer Kachelebene 1
09:05:14.210 [JavaFX Application Thread] DEBUG TilesetLoader        - Created buffer with size 1920.0x1088.0
09:05:14.244 [JavaFX Application Thread] WARN  TilesetLoader        - Diagonally flipped tiles are not currently supported
09:05:14.245 [JavaFX Application Thread] WARN  TilesetLoader        - Diagonally flipped tiles are not currently supported
09:05:14.245 [JavaFX Application Thread] WARN  TilesetLoader        - Diagonally flipped tiles are not currently supported
09:05:14.245 [JavaFX Application Thread] WARN  TilesetLoader        - Diagonally flipped tiles are not currently supported
09:05:14.245 [JavaFX Application Thread] WARN  TilesetLoader        - Diagonally flipped tiles are not currently supported
09:05:14.245 [JavaFX Application Thread] WARN  TilesetLoader        - Diagonally flipped tiles are not currently supported
09:05:14.249 [JavaFX Application Thread] DEBUG TMXLevelLoader       - Creating object layer entities
09:05:14.766 [JavaFX Application Thread] DEBUG PrimaryStageWindow   - Push state: FXGLDefaultMenu
09:05:14.773 [JavaFX Application Thread] DEBUG Input                - Clearing active input actions
09:05:14.777 [JavaFX Application Thread] DEBUG GameApplicationServi - Removing overlay from GameScene and adding to FXGLDefaultMenu
09:05:14.777 [JavaFX Application Thread] DEBUG PrimaryStageWindow   - GameScene -> FXGLDefaultMenu
09:05:25.091 [JavaFX Application Thread] DEBUG Menu                 - fireExit()
09:05:25.094 [JavaFX Application Thread] DEBUG PrimaryStageWindow   - Push state: DialogSubScene
09:05:25.094 [JavaFX Application Thread] DEBUG Input                - Clearing active input actions
09:05:25.094 [JavaFX Application Thread] DEBUG GameApplicationServi - Removing overlay from FXGLDefaultMenu and adding to DialogSubScene
09:05:25.094 [JavaFX Application Thread] DEBUG PrimaryStageWindow   - FXGLDefaultMenu -> DialogSubScene
09:05:26.025 [JavaFX Application Thread] DEBUG PrimaryStageWindow   - Pop state: DialogSubScene
09:05:26.025 [JavaFX Application Thread] DEBUG Input                - Clearing active input actions
09:05:26.026 [JavaFX Application Thread] DEBUG GameApplicationServi - Removing overlay from DialogSubScene and adding to FXGLDefaultMenu
09:05:26.027 [JavaFX Application Thread] DEBUG PrimaryStageWindow   - FXGLDefaultMenu <- DialogSubScene
09:05:26.027 [JavaFX Application Thread] DEBUG FXGLApplication      - Exiting FXGL
09:05:26.027 [JavaFX Application Thread] DEBUG LoopRunner           - Stopping loop
09:05:26.027 [JavaFX Application Thread] DEBUG SystemBundleService  - Saving FXGL system data
09:05:26.028 [JavaFX Application Thread] DEBUG FileSystemAccess     - Writing to: /home/franz/Documents/Schule/3-Klasse/POS/DroidRampage/system/fxgl.bundle
09:05:26.029 [JavaFX Application Thread] DEBUG Async                - Shutting down background threads
09:05:26.029 [JavaFX Application Thread] DEBUG PrimaryStageWindow   - Closing main window
09:05:26.031 [JavaFX Application Thread] DEBUG Logger               - Closing Logger
