12:05:47.751 [main                     ] DEBUG Logger               - Configured Logger
12:05:47.762 [main                     ] DEBUG GameApplication      - Logging settings
Title: Droid Rampage
Version: 0.6
Width: 1920
Height: 1088
Fullscreen: false
Intro: false
Profiling: false
Single step:false
App Mode: DEVELOPER
Menu Key: ESCAPE
Stage Style: DECORATED
Scene Factory: class com.almasb.fxgl.app.scene.SceneFactory

12:05:48.317 [JavaFX Application Thread] DEBUG FXGLApplication      - Initializing FXGL
12:05:48.320 [JavaFX Application Thread] INFO  Engine               - FXGL-17.3 (30.03.2023 11.49) on WINDOWS (J:25 FX:21.0.6)
12:05:48.320 [JavaFX Application Thread] DEBUG Engine               - JRE Vendor Name: Oracle Corporation
12:05:48.320 [JavaFX Application Thread] DEBUG Engine               - Running on OS: Windows 11 version 10.0
12:05:48.320 [JavaFX Application Thread] DEBUG Engine               - Architecture: amd64
12:05:48.320 [JavaFX Application Thread] INFO  Engine               - Source code and latest versions at: https://github.com/AlmasB/FXGL
12:05:48.321 [JavaFX Application Thread] INFO  Engine               -       Ask questions and discuss at: https://github.com/AlmasB/FXGL/discussions
12:05:48.321 [JavaFX Application Thread] INFO  Engine               -              Join the FXGL chat at: https://gitter.im/AlmasB/FXGL
12:05:48.439 [JavaFX Application Thread] DEBUG PrimaryStageWindow   - Creating a JavaFX scene
12:05:48.439 [JavaFX Application Thread] DEBUG PrimaryStageWindow   - Target size > screen size
12:05:48.484 [JavaFX Application Thread] DEBUG PrimaryStageWindow   - Target settings size: 1920.0 x 1088.0
12:05:48.484 [JavaFX Application Thread] DEBUG PrimaryStageWindow   - Scaled scene size:    1499.0 x 863.0
12:05:48.484 [JavaFX Application Thread] DEBUG PrimaryStageWindow   - Scaled ratio: (0.7807291666666667, 0.7931985294117647)
12:05:48.485 [JavaFX Application Thread] DEBUG PrimaryStageWindow   - Set initial scene to FXGLStartupScene
12:05:48.489 [JavaFX Application Thread] DEBUG PrimaryStageWindow   - Opening main window
12:05:48.628 [JavaFX Application Thread] DEBUG PrimaryStageWindow   - Window border size: (14.5999755859375, 37.79998779296875)
12:05:48.628 [JavaFX Application Thread] DEBUG PrimaryStageWindow   - Scaled size: 1499.0 x 863.0
12:05:48.628 [JavaFX Application Thread] DEBUG PrimaryStageWindow   - Scaled ratio: (0.7807291666666667, 0.7931985294117647)
12:05:48.628 [JavaFX Application Thread] DEBUG PrimaryStageWindow   - Scene size: 1499.0 x 863.0
12:05:48.628 [JavaFX Application Thread] DEBUG PrimaryStageWindow   - Stage size: 1513.5999755859375 x 900.7999877929688
12:05:48.643 [FXGL Background Thread 1 ] DEBUG Engine               - Initializing environment variables
12:05:48.722 [FXGL Background Thread 1 ] DEBUG FXGLAssetLoaderServi - User app class for loading assets: class at.htl.droidrampage.GameApp
12:05:48.723 [FXGL Background Thread 1 ] DEBUG GameApplicationServi - Applying CSS: fxgl_dark.css
12:05:48.724 [FXGL Background Thread 1 ] DEBUG FXGLAssetLoaderServi - Loading from file system: jar:file:/C:/Users/Fra-Lu/.m2/repository/com/github/almasb/fxgl/17.3/fxgl-17.3.jar!/fxglassets/ui/css/fxgl_dark.css
12:05:48.773 [FXGL Background Thread 1 ] DEBUG GameApplicationServi - Initializing application scenes
12:05:48.815 [FXGL Background Thread 1 ] DEBUG GameWorld            - Game world initialized
12:05:48.892 [FXGL Background Thread 1 ] DEBUG PhysicsWorld         - Physics world initialized: appHeight=1088, physics.ppm=50,0
12:05:48.893 [FXGL Background Thread 1 ] DEBUG PhysicsWorld         - Using strategy: BRUTE_FORCE
12:05:48.900 [FXGL Background Thread 1 ] DEBUG GameScene            - Game scene initialized: 1920x1088
12:05:48.917 [FXGL Background Thread 1 ] DEBUG FXGL.DefaultMenu     - createMenuBodyGameMenu()
12:05:48.932 [FXGL Background Thread 1 ] DEBUG FXGL.DefaultMenu     - createOptionsMenu()
12:05:48.945 [FXGL Background Thread 1 ] DEBUG FXGLAssetLoaderServi - Loading from file system: jar:file:/C:/Users/Fra-Lu/.m2/repository/com/github/almasb/fxgl/17.3/fxgl-17.3.jar!/fxglassets/textures/particles/smoke.png
12:05:49.041 [FXGL Background Thread 1 ] DEBUG FXGLAssetLoaderServi - Loading from file system: jar:file:/C:/Users/Fra-Lu/.m2/repository/com/github/almasb/fxgl/17.3/fxgl-17.3.jar!/fxglassets/textures/particles/trace_horizontal.png
12:05:49.074 [FXGL Background Thread 1 ] DEBUG GameApplicationServi - Application scenes initialized
12:05:49.089 [FXGL Background Thread 1 ] DEBUG SystemBundleService  - Loading FXGL system data
12:05:49.091 [FXGL Background Thread 1 ] DEBUG FileSystemAccess     - Reading from: C:\Users\Fra-Lu\Desktop\Schule\3.Klasse\POS\Workspace\DroidRampage\system\fxgl.bundle
12:05:49.099 [FXGL Background Thread 1 ] DEBUG SystemBundleService  - Bundle FXGL: {}
12:05:49.099 [FXGL Background Thread 1 ] DEBUG UpdaterService       - Checking for updates
12:05:49.103 [FXGL Background Thread 4 ] DEBUG FXGLApplication      - Loading fonts
12:05:49.103 [FXGL Background Thread 1 ] DEBUG FXGLApplication      - Loading default localization
12:05:49.103 [FXGL Background Thread 4 ] DEBUG FXGLAssetLoaderServi - Loading from file system: jar:file:/C:/Users/Fra-Lu/.m2/repository/com/github/almasb/fxgl/17.3/fxgl-17.3.jar!/fxglassets/ui/fonts/VarelaRound-Regular.ttf
12:05:49.104 [FXGL Background Thread 1 ] DEBUG FXGLAssetLoaderServi - Loading from file system: jar:file:/C:/Users/Fra-Lu/.m2/repository/com/github/almasb/fxgl/17.3/fxgl-17.3.jar!/fxglassets/languages/english.lang
12:05:49.122 [FXGL Background Thread 1 ] INFO  FXGLApplication      - FXGL initialization took: 0,479 sec
12:05:49.123 [JavaFX Application Thread] DEBUG FXGLAssetLoaderServi - Loading from file system: jar:file:/C:/Users/Fra-Lu/.m2/repository/com/github/almasb/fxgl/17.3/fxgl-17.3.jar!/fxglassets/textures/fxgl_icon.png
12:05:49.141 [JavaFX Application Thread] DEBUG FXGLAssetLoaderServi - Loading from file system: jar:file:/C:/Users/Fra-Lu/.m2/repository/com/github/almasb/fxgl/17.3/fxgl-17.3.jar!/fxglassets/textures/fxgl_default_cursor.png
12:05:49.155 [JavaFX Application Thread] DEBUG Input                - Registered new binding: Screenshot - CTRL+8
12:05:49.156 [JavaFX Application Thread] DEBUG Input                - Registered new binding: System info dump - CTRL+9
12:05:49.156 [JavaFX Application Thread] DEBUG Input                - Registered new binding: Restart - CTRL+R
12:05:49.157 [JavaFX Application Thread] DEBUG Input                - Registered new binding: Toggle Debug Camera - CTRL+7
12:05:49.160 [JavaFX Application Thread] DEBUG LoopRunner           - Starting loop
12:05:49.161 [JavaFX Application Thread] DEBUG LoopRunner           - Initializing JavaFX AnimationTimerLoop
12:05:49.163 [JavaFX Application Thread] DEBUG GameApplicationServi - Starting new game
12:05:49.163 [FXGL Background Thread 4 ] DEBUG FXGLAssetLoaderServi - Loading from file system: jar:file:/C:/Users/Fra-Lu/.m2/repository/com/github/almasb/fxgl/17.3/fxgl-17.3.jar!/fxglassets/ui/fonts/Abel-Regular.ttf
12:05:49.163 [JavaFX Application Thread] DEBUG Input                - Clearing active input actions
12:05:49.178 [FXGL Background Thread 4 ] DEBUG FXGLAssetLoaderServi - Loading from file system: jar:file:/C:/Users/Fra-Lu/.m2/repository/com/github/almasb/fxgl/17.3/fxgl-17.3.jar!/fxglassets/ui/fonts/TerminalLandMono-Regular.otf
12:05:49.179 [JavaFX Application Thread] DEBUG GameApplicationServi - Removing overlay from FXGLStartupScene and adding to FXGLLoadingScene
12:05:49.179 [JavaFX Application Thread] DEBUG PrimaryStageWindow   - FXGLStartupScene -> FXGLLoadingScene
12:05:49.179 [JavaFX Application Thread] DEBUG GameApplicationServi - Clearing previous game
12:05:49.179 [JavaFX Application Thread] DEBUG GameScene            - Clearing game scene
12:05:49.179 [JavaFX Application Thread] DEBUG GameWorld            - Clearing game world
12:05:49.179 [JavaFX Application Thread] DEBUG PhysicsWorld         - Clearing physics world
12:05:49.181 [FXGL Background Thread 1 ] DEBUG FXGLApplication      - Initializing game
12:05:49.193 [FXGL Background Thread 4 ] DEBUG FXGLAssetLoaderServi - Loading from file system: jar:file:/C:/Users/Fra-Lu/.m2/repository/com/github/almasb/fxgl/17.3/fxgl-17.3.jar!/fxglassets/ui/fonts/Courier-Prime.ttf
12:05:49.220 [FXGL Background Thread 1 ] WARN  TMXLevelLoader       - TiledMap generated from 1.11.2. Supported version: 1.9.0. Some features may not be parsed fully.
12:05:49.240 [JavaFX Application Thread] DEBUG FXGLApplication      - Registering font factories with UI factory
12:05:49.247 [FXGL Background Thread 1 ] DEBUG TMXLevelLoader       - Parsed TiledMap: file:/C:/Users/Fra-Lu/Desktop/Schule/3.Klasse/POS/Workspace/DroidRampage/target/classes/assets/levels/TileStart.tmx
12:05:49.248 [FXGL Background Thread 1 ] DEBUG TMXLevelLoader       - Creating tile layer entities
12:05:49.251 [FXGL Background Thread 1 ] DEBUG TilesetLoader        - Loading view for layer Kachelebene 1
12:05:49.254 [FXGL Background Thread 1 ] DEBUG TilesetLoader        - Created buffer with size 1920.0x1088.0
12:05:49.352 [FXGL Background Thread 1 ] DEBUG TMXLevelLoader       - Creating object layer entities
12:05:49.381 [FXGL Background Thread 1 ] DEBUG FXGLAssetLoaderServi - Loading from file system: file:/C:/Users/Fra-Lu/Desktop/Schule/3.Klasse/POS/Workspace/DroidRampage/target/classes/assets/textures/credit2.png
12:05:49.441 [FXGL Background Thread 1 ] DEBUG FXGLAssetLoaderServi - Loading from file system: file:/C:/Users/Fra-Lu/Desktop/Schule/3.Klasse/POS/Workspace/DroidRampage/target/classes/assets/textures/credit1.png
12:05:49.506 [FXGL Background Thread 1 ] DEBUG FXGLAssetLoaderServi - Loading from file system: file:/C:/Users/Fra-Lu/Desktop/Schule/3.Klasse/POS/Workspace/DroidRampage/target/classes/assets/textures/credit3.png
12:05:49.561 [FXGL Background Thread 1 ] DEBUG GameWorld            - Clearing removable entities
12:05:49.562 [FXGL Background Thread 1 ] DEBUG GameWorld            - Setting level: com.almasb.fxgl.entity.level.Level@63d7286a
12:05:49.741 [FXGL Background Thread 2 ] INFO  UpdaterService       - Your current version:  17.3
12:05:49.741 [FXGL Background Thread 2 ] INFO  UpdaterService       - Latest stable version: 25
12:05:49.754 [FXGL Background Thread 1 ] DEBUG FXGLAssetLoaderServi - Loading from file system: file:/C:/Users/Fra-Lu/Desktop/Schule/3.Klasse/POS/Workspace/DroidRampage/target/classes/assets/textures/R2D2.png
12:05:49.759 [FXGL Background Thread 1 ] DEBUG Input                - Registered new binding: Move Right - D
12:05:49.759 [FXGL Background Thread 1 ] DEBUG Input                - Registered new binding: Move Left - A
12:05:49.759 [FXGL Background Thread 1 ] DEBUG Input                - Registered new binding: Jump - Space
12:05:49.759 [FXGL Background Thread 1 ] DEBUG Input                - Registered new binding: Toggle Cheat Mode - I
12:05:49.761 [FXGL Background Thread 1 ] INFO  FXGLApplication      - Game initialization took: 0,580 sec
12:05:49.769 [JavaFX Application Thread] DEBUG Input                - Clearing active input actions
12:05:49.777 [JavaFX Application Thread] DEBUG GameApplicationServi - Removing overlay from FXGLLoadingScene and adding to GameScene
12:05:49.777 [JavaFX Application Thread] DEBUG PrimaryStageWindow   - FXGLLoadingScene -> GameScene
12:05:52.103 [FXGL Background Thread 3 ] DEBUG Engine               - Logging environment variables
12:05:52.103 [FXGL Background Thread 3 ] DEBUG Engine               - achievements: []
12:05:52.103 [FXGL Background Thread 3 ] DEBUG Engine               - actualHeight: 863.0
12:05:52.103 [FXGL Background Thread 3 ] DEBUG Engine               - actualHeightProperty: ReadOnlyDoubleProperty [value: 863.0]
12:05:52.103 [FXGL Background Thread 3 ] DEBUG Engine               - actualWidth: 1499.0
12:05:52.103 [FXGL Background Thread 3 ] DEBUG Engine               - actualWidthProperty: ReadOnlyDoubleProperty [value: 1499.0]
12:05:52.103 [FXGL Background Thread 3 ] DEBUG Engine               - appIcon: fxgl_icon.png
12:05:52.103 [FXGL Background Thread 3 ] DEBUG Engine               - applicationMode: DEVELOPER
12:05:52.103 [FXGL Background Thread 3 ] DEBUG Engine               - cSSList: [fxgl_dark.css]
12:05:52.103 [FXGL Background Thread 3 ] DEBUG Engine               - collisionDetectionStrategy: BRUTE_FORCE
12:05:52.103 [FXGL Background Thread 3 ] DEBUG Engine               - configClass: Optional.empty
12:05:52.103 [FXGL Background Thread 3 ] DEBUG Engine               - credits: []
12:05:52.103 [FXGL Background Thread 3 ] DEBUG Engine               - defaultCursor: CursorInfo(imageName=fxgl_default_cursor.png, hotspotX=7.0, hotspotY=6.0)
12:05:52.104 [FXGL Background Thread 3 ] DEBUG Engine               - devBBoxColorProperty: ObjectProperty [value: 0xff0000ff]
12:05:52.104 [FXGL Background Thread 3 ] DEBUG Engine               - devEnableDebugCameraProperty: BooleanProperty [value: false]
12:05:52.104 [FXGL Background Thread 3 ] DEBUG Engine               - devSensorColorProperty: ObjectProperty [value: 0xffff00ff]
12:05:52.104 [FXGL Background Thread 3 ] DEBUG Engine               - devShowBBoxProperty: BooleanProperty [value: false]
12:05:52.104 [FXGL Background Thread 3 ] DEBUG Engine               - devShowPositionProperty: BooleanProperty [value: false]
12:05:52.104 [FXGL Background Thread 3 ] DEBUG Engine               - enabledMenuItems: []
12:05:52.104 [FXGL Background Thread 3 ] DEBUG Engine               - engineServices: [class com.almasb.fxgl.app.services.FXGLAssetLoaderService, class com.almasb.fxgl.app.FXGLApplication$GameApplicationService, class com.almasb.fxgl.app.services.FXGLDialogService, class com.almasb.fxgl.app.services.IOTaskExecutorService, class com.almasb.fxgl.io.FileSystemService, class com.almasb.fxgl.localization.LocalizationService, class com.almasb.fxgl.app.services.SystemBundleService, class com.almasb.fxgl.profile.SaveLoadService, class com.almasb.fxgl.ui.FXGLUIFactoryServiceProvider, class com.almasb.fxgl.ui.FXGLDialogFactoryServiceProvider, class com.almasb.fxgl.audio.AudioPlayer, class com.almasb.fxgl.notification.impl.NotificationServiceProvider, class com.almasb.fxgl.achievement.AchievementService, class com.almasb.fxgl.cutscene.CutsceneService, class com.almasb.fxgl.minigames.MiniGameService, class com.almasb.fxgl.net.NetService, class com.almasb.fxgl.app.services.UpdaterService, class com.almasb.fxgl.dev.DevService]
12:05:52.104 [FXGL Background Thread 3 ] DEBUG Engine               - fontGame: Abel-Regular.ttf
12:05:52.104 [FXGL Background Thread 3 ] DEBUG Engine               - fontMono: TerminalLandMono-Regular.otf
12:05:52.104 [FXGL Background Thread 3 ] DEBUG Engine               - fontSizeScaleUI: 1.0
12:05:52.104 [FXGL Background Thread 3 ] DEBUG Engine               - fontText: Courier-Prime.ttf
12:05:52.104 [FXGL Background Thread 3 ] DEBUG Engine               - fontUI: VarelaRound-Regular.ttf
12:05:52.104 [FXGL Background Thread 3 ] DEBUG Engine               - fullScreen: BooleanProperty [value: true]
12:05:52.104 [FXGL Background Thread 3 ] DEBUG Engine               - gameDifficulty: MEDIUM
12:05:52.104 [FXGL Background Thread 3 ] DEBUG Engine               - gameDifficultyProperty: ObjectProperty [value: MEDIUM]
12:05:52.104 [FXGL Background Thread 3 ] DEBUG Engine               - globalMusicVolume: 0.5
12:05:52.104 [FXGL Background Thread 3 ] DEBUG Engine               - globalMusicVolumeProperty: DoubleProperty [value: 0.5]
12:05:52.104 [FXGL Background Thread 3 ] DEBUG Engine               - globalSoundVolume: 0.5
12:05:52.104 [FXGL Background Thread 3 ] DEBUG Engine               - globalSoundVolumeProperty: DoubleProperty [value: 0.5]
12:05:52.104 [FXGL Background Thread 3 ] DEBUG Engine               - height: 1088
12:05:52.104 [FXGL Background Thread 3 ] DEBUG Engine               - is3D: false
12:05:52.104 [FXGL Background Thread 3 ] DEBUG Engine               - isAndroid: false
12:05:52.104 [FXGL Background Thread 3 ] DEBUG Engine               - isBrowser: false
12:05:52.104 [FXGL Background Thread 3 ] DEBUG Engine               - isClickFeedbackEnabled: false
12:05:52.104 [FXGL Background Thread 3 ] DEBUG Engine               - isCloseConfirmation: false
12:05:52.104 [FXGL Background Thread 3 ] DEBUG Engine               - isDesktop: true
12:05:52.104 [FXGL Background Thread 3 ] DEBUG Engine               - isDeveloperMenuEnabled: false
12:05:52.104 [FXGL Background Thread 3 ] DEBUG Engine               - isEmbedded: false
12:05:52.104 [FXGL Background Thread 3 ] DEBUG Engine               - isEntityPreloadEnabled: true
12:05:52.104 [FXGL Background Thread 3 ] DEBUG Engine               - isExperimentalTiledLargeMap: false
12:05:52.104 [FXGL Background Thread 3 ] DEBUG Engine               - isFileSystemWriteAllowed: true
12:05:52.104 [FXGL Background Thread 3 ] DEBUG Engine               - isFullScreenAllowed: false
12:05:52.104 [FXGL Background Thread 3 ] DEBUG Engine               - isFullScreenFromStart: true
12:05:52.105 [FXGL Background Thread 3 ] DEBUG Engine               - isGameMenuEnabled: true
12:05:52.105 [FXGL Background Thread 3 ] DEBUG Engine               - isIOS: false
12:05:52.105 [FXGL Background Thread 3 ] DEBUG Engine               - isIntroEnabled: false
12:05:52.105 [FXGL Background Thread 3 ] DEBUG Engine               - isLinux: false
12:05:52.105 [FXGL Background Thread 3 ] DEBUG Engine               - isMac: false
12:05:52.105 [FXGL Background Thread 3 ] DEBUG Engine               - isMainMenuEnabled: false
12:05:52.105 [FXGL Background Thread 3 ] DEBUG Engine               - isManualResizeEnabled: false
12:05:52.105 [FXGL Background Thread 3 ] DEBUG Engine               - isMobile: false
12:05:52.105 [FXGL Background Thread 3 ] DEBUG Engine               - isNative: false
12:05:52.105 [FXGL Background Thread 3 ] DEBUG Engine               - isPauseMusicWhenMinimized: true
12:05:52.105 [FXGL Background Thread 3 ] DEBUG Engine               - isPreserveResizeRatio: false
12:05:52.105 [FXGL Background Thread 3 ] DEBUG Engine               - isProfilingEnabled: false
12:05:52.105 [FXGL Background Thread 3 ] DEBUG Engine               - isScaleAffectedOnResize: true
12:05:52.105 [FXGL Background Thread 3 ] DEBUG Engine               - isSingleStep: false
12:05:52.105 [FXGL Background Thread 3 ] DEBUG Engine               - isUserProfileEnabled: false
12:05:52.105 [FXGL Background Thread 3 ] DEBUG Engine               - isWindows: true
12:05:52.105 [FXGL Background Thread 3 ] DEBUG Engine               - language: ObjectProperty [value: ENGLISH]
12:05:52.105 [FXGL Background Thread 3 ] DEBUG Engine               - menuKey: ESCAPE
12:05:52.105 [FXGL Background Thread 3 ] DEBUG Engine               - mouseSensitivity: 0.2
12:05:52.105 [FXGL Background Thread 3 ] DEBUG Engine               - notificationViewClass: class com.almasb.fxgl.notification.view.XboxNotificationView
12:05:52.105 [FXGL Background Thread 3 ] DEBUG Engine               - pixelsPerMeter: 50.0
12:05:52.105 [FXGL Background Thread 3 ] DEBUG Engine               - platform: WINDOWS
12:05:52.105 [FXGL Background Thread 3 ] DEBUG Engine               - prefHeightProperty: ReadOnlyDoubleProperty [value: 1088.0]
12:05:52.105 [FXGL Background Thread 3 ] DEBUG Engine               - prefWidthProperty: ReadOnlyDoubleProperty [value: 1920.0]
12:05:52.105 [FXGL Background Thread 3 ] DEBUG Engine               - profileDir: profiles/
12:05:52.105 [FXGL Background Thread 3 ] DEBUG Engine               - profileName: StringProperty [value: DEFAULT]
12:05:52.105 [FXGL Background Thread 3 ] DEBUG Engine               - randomSeed: -1
12:05:52.105 [FXGL Background Thread 3 ] DEBUG Engine               - runtimeInfo: RuntimeInfo(platform=WINDOWS, version=17.3, build=30.03.2023 11.49)
12:05:52.105 [FXGL Background Thread 3 ] DEBUG Engine               - saveFileExt: sav
12:05:52.105 [FXGL Background Thread 3 ] DEBUG Engine               - scaledHeightProp$fxgl: DoubleProperty [bound, value: 863.0]
12:05:52.105 [FXGL Background Thread 3 ] DEBUG Engine               - scaledWidthProp$fxgl: DoubleProperty [bound, value: 1499.0]
12:05:52.105 [FXGL Background Thread 3 ] DEBUG Engine               - sceneFactory: com.almasb.fxgl.app.scene.SceneFactory@1948dff3
12:05:52.105 [FXGL Background Thread 3 ] DEBUG Engine               - secondsIn24h: 60
12:05:52.105 [FXGL Background Thread 3 ] DEBUG Engine               - soundMenuBack: menu/back.wav
12:05:52.105 [FXGL Background Thread 3 ] DEBUG Engine               - soundMenuPress: menu/press.wav
12:05:52.105 [FXGL Background Thread 3 ] DEBUG Engine               - soundMenuSelect: menu/select.wav
12:05:52.105 [FXGL Background Thread 3 ] DEBUG Engine               - soundNotification: core/notification.wav
12:05:52.105 [FXGL Background Thread 3 ] DEBUG Engine               - stageStyle: DECORATED
12:05:52.105 [FXGL Background Thread 3 ] DEBUG Engine               - supportedLanguages: [ENGLISH, FRENCH, GERMAN, HUNGARIAN, RUSSIAN]
12:05:52.105 [FXGL Background Thread 3 ] DEBUG Engine               - ticksPerSecond: -1
12:05:52.105 [FXGL Background Thread 3 ] DEBUG Engine               - title: Droid Rampage
12:05:52.105 [FXGL Background Thread 3 ] DEBUG Engine               - urlGithub: https://github.com/AlmasB/FXGL
12:05:52.105 [FXGL Background Thread 3 ] DEBUG Engine               - urlLeaderboard: http://fxgl-top.herokuapp.com/
12:05:52.105 [FXGL Background Thread 3 ] DEBUG Engine               - urlPOM: https://raw.githubusercontent.com/AlmasB/FXGL/release/README.md
12:05:52.105 [FXGL Background Thread 3 ] DEBUG Engine               - userAppClass: class at.htl.droidrampage.GameApp
12:05:52.105 [FXGL Background Thread 3 ] DEBUG Engine               - version: 0.6
12:05:52.105 [FXGL Background Thread 3 ] DEBUG Engine               - versionCheckDays: 7
12:05:52.105 [FXGL Background Thread 3 ] DEBUG Engine               - width: 1920
12:05:52.106 [FXGL Background Thread 3 ] DEBUG Engine               - Logging services
12:05:52.106 [FXGL Background Thread 3 ] DEBUG Engine               - class com.almasb.fxgl.app.services.FXGLAssetLoaderService
12:05:52.106 [FXGL Background Thread 3 ] DEBUG Engine               - class com.almasb.fxgl.app.FXGLApplication$GameApplicationService
12:05:52.106 [FXGL Background Thread 3 ] DEBUG Engine               - class com.almasb.fxgl.app.services.FXGLDialogService
12:05:52.106 [FXGL Background Thread 3 ] DEBUG Engine               - class com.almasb.fxgl.app.services.IOTaskExecutorService
12:05:52.106 [FXGL Background Thread 3 ] DEBUG Engine               - class com.almasb.fxgl.io.FileSystemService
12:05:52.106 [FXGL Background Thread 3 ] DEBUG Engine               - class com.almasb.fxgl.localization.LocalizationService
12:05:52.106 [FXGL Background Thread 3 ] DEBUG Engine               - class com.almasb.fxgl.app.services.SystemBundleService
12:05:52.106 [FXGL Background Thread 3 ] DEBUG Engine               - class com.almasb.fxgl.profile.SaveLoadService
12:05:52.106 [FXGL Background Thread 3 ] DEBUG Engine               - class com.almasb.fxgl.ui.FXGLUIFactoryServiceProvider
12:05:52.106 [FXGL Background Thread 3 ] DEBUG Engine               - class com.almasb.fxgl.ui.FXGLDialogFactoryServiceProvider
12:05:52.106 [FXGL Background Thread 3 ] DEBUG Engine               - class com.almasb.fxgl.audio.AudioPlayer
12:05:52.106 [FXGL Background Thread 3 ] DEBUG Engine               - class com.almasb.fxgl.notification.impl.NotificationServiceProvider
12:05:52.106 [FXGL Background Thread 3 ] DEBUG Engine               - class com.almasb.fxgl.achievement.AchievementService
12:05:52.106 [FXGL Background Thread 3 ] DEBUG Engine               - class com.almasb.fxgl.cutscene.CutsceneService
12:05:52.106 [FXGL Background Thread 3 ] DEBUG Engine               - class com.almasb.fxgl.minigames.MiniGameService
12:05:52.106 [FXGL Background Thread 3 ] DEBUG Engine               - class com.almasb.fxgl.net.NetService
12:05:52.106 [FXGL Background Thread 3 ] DEBUG Engine               - class com.almasb.fxgl.app.services.UpdaterService
12:05:52.106 [FXGL Background Thread 3 ] DEBUG Engine               - class com.almasb.fxgl.dev.DevService
12:06:18.946 [JavaFX Application Thread] WARN  TMXLevelLoader       - TiledMap generated from 1.11.2. Supported version: 1.9.0. Some features may not be parsed fully.
12:06:18.953 [JavaFX Application Thread] DEBUG TMXLevelLoader       - Parsed TiledMap: file:/C:/Users/Fra-Lu/Desktop/Schule/3.Klasse/POS/Workspace/DroidRampage/target/classes/assets/levels/Tile1.tmx
12:06:18.953 [JavaFX Application Thread] DEBUG TMXLevelLoader       - Creating tile layer entities
12:06:18.953 [JavaFX Application Thread] DEBUG TilesetLoader        - Loading view for layer Kachelebene 1
12:06:18.957 [JavaFX Application Thread] DEBUG TilesetLoader        - Created buffer with size 1920.0x1088.0
12:06:19.000 [JavaFX Application Thread] WARN  TilesetLoader        - Diagonally flipped tiles are not currently supported
12:06:19.000 [JavaFX Application Thread] WARN  TilesetLoader        - Diagonally flipped tiles are not currently supported
12:06:19.001 [JavaFX Application Thread] WARN  TilesetLoader        - Diagonally flipped tiles are not currently supported
12:06:19.001 [JavaFX Application Thread] WARN  TilesetLoader        - Diagonally flipped tiles are not currently supported
12:06:19.002 [JavaFX Application Thread] WARN  TilesetLoader        - Diagonally flipped tiles are not currently supported
12:06:19.002 [JavaFX Application Thread] WARN  TilesetLoader        - Diagonally flipped tiles are not currently supported
12:06:19.003 [JavaFX Application Thread] DEBUG TMXLevelLoader       - Creating object layer entities
12:06:19.007 [JavaFX Application Thread] DEBUG GameWorld            - Clearing removable entities
12:06:19.009 [JavaFX Application Thread] DEBUG GameWorld            - Setting level: com.almasb.fxgl.entity.level.Level@32525216
12:06:19.019 [JavaFX Application Thread] DEBUG LoopRunner           - Stopping loop
12:06:19.020 [JavaFX Application Thread] FATAL FXGLApplication      - Uncaught Exception:
java.lang.IllegalStateException: Physics not initialized yet! Use setOnPhysicsInitialized() instead
	at com.almasb.fxgl.physics.PhysicsComponent.getPhysicsWorld(PhysicsComponent.java:59)
	at com.almasb.fxgl.physics.PhysicsComponent.getLinearVelocity(PhysicsComponent.java:239)
	at com.almasb.fxgl.physics.PhysicsComponent.getVelocityY(PhysicsComponent.java:220)
	at com.almasb.fxgl.physics.PhysicsComponent.setVelocityX(PhysicsComponent.java:208)
	at at.htl.droidrampage.GameApp$1.onAction(GameApp.java:217)
	at com.almasb.fxgl.input.UserAction.action$fxgl_core(UserAction.kt:38)
	at com.almasb.fxgl.input.Input.update(Input.kt:288)
	at com.almasb.fxgl.scene.Scene.update(Scene.kt:103)
	at com.almasb.fxgl.app.MainWindow$update$1.invoke(MainWindow.kt:115)
	at com.almasb.fxgl.app.MainWindow$update$1.invoke(MainWindow.kt:115)
	at com.almasb.fxgl.core.fsm.StateMachine.runOnActiveStates(StateMachine.kt:69)
	at com.almasb.fxgl.app.MainWindow.update(MainWindow.kt:115)
	at com.almasb.fxgl.app.FXGLApplication$GameApplicationService.onUpdate(FXGLApplication.kt:426)
	at com.almasb.fxgl.app.Engine.loop(Engine.kt:134)
	at com.almasb.fxgl.app.Engine.access$loop(Engine.kt:24)
	at com.almasb.fxgl.app.Engine$loop$1.invoke(Engine.kt:28)
	at com.almasb.fxgl.app.Engine$loop$1.invoke(Engine.kt:28)
	at com.almasb.fxgl.app.LoopRunner.frame(LoopRunner.kt:103)
	at com.almasb.fxgl.app.LoopRunner.access$frame(LoopRunner.kt:23)
	at com.almasb.fxgl.app.LoopRunner$impl$2$1.onTick(LoopRunner.kt:57)
	at com.almasb.fxgl.app.AnimationTimerLoop$timer$1.handle(LoopRunner.kt:137)
	at javafx.animation.AnimationTimer$AnimationTimerReceiver.lambda$handle$0(AnimationTimer.java:58)
	at java.base/java.security.AccessController.doPrivileged(AccessController.java:138)
	at javafx.animation.AnimationTimer$AnimationTimerReceiver.handle(AnimationTimer.java:57)
	at com.sun.scenario.animation.AbstractPrimaryTimer.timePulseImpl(AbstractPrimaryTimer.java:356)
	at com.sun.scenario.animation.AbstractPrimaryTimer$MainLoop.run(AbstractPrimaryTimer.java:266)
	at com.sun.javafx.tk.quantum.QuantumToolkit.pulse(QuantumToolkit.java:588)
	at com.sun.javafx.tk.quantum.QuantumToolkit.pulse(QuantumToolkit.java:572)
	at com.sun.javafx.tk.quantum.QuantumToolkit.pulseFromQueue(QuantumToolkit.java:565)
	at com.sun.javafx.tk.quantum.QuantumToolkit.lambda$runToolkit$11(QuantumToolkit.java:352)
	at com.sun.glass.ui.InvokeLaterDispatcher$Future.run(InvokeLaterDispatcher.java:95)
	at com.sun.glass.ui.win.WinApplication._runLoop(Native Method)
	at com.sun.glass.ui.win.WinApplication.lambda$runLoop$3(WinApplication.java:185)
	at java.base/java.lang.Thread.run(Thread.java:1474)

12:06:19.020 [JavaFX Application Thread] FATAL FXGLApplication      - Application will now exit
12:06:19.034 [JavaFX Application Thread] DEBUG PrimaryStageWindow   - Push state: ErrorSubScene
12:06:19.034 [JavaFX Application Thread] DEBUG Input                - Clearing active input actions
12:06:53.646 [JavaFX Application Thread] DEBUG FXGLApplication      - Exiting FXGL
12:06:53.646 [JavaFX Application Thread] DEBUG Async                - Shutting down background threads
12:06:53.647 [JavaFX Application Thread] DEBUG PrimaryStageWindow   - Closing main window
12:06:53.667 [JavaFX Application Thread] DEBUG Logger               - Closing Logger
