08:13:39.775 [main                     ] DEBUG Logger               - Configured Logger
08:13:39.784 [main                     ] DEBUG GameApplication      - Logging settings
Title: Droid Rampage
Version: 0.4
Width: 1920
Height: 1088
Fullscreen: false
Intro: false
Profiling: false
Single step:false
App Mode: DEVELOPER
Menu Key: ESCAPE
Stage Style: DECORATED
Scene Factory: class com.almasb.fxgl.app.scene.SceneFactory

08:13:40.249 [JavaFX Application Thread] DEBUG FXGLApplication      - Initializing FXGL
08:13:40.252 [JavaFX Application Thread] INFO  Engine               - FXGL-17.3 (30.03.2023 11.49) on WINDOWS (J:25 FX:21.0.6)
08:13:40.253 [JavaFX Application Thread] DEBUG Engine               - JRE Vendor Name: Oracle Corporation
08:13:40.253 [JavaFX Application Thread] DEBUG Engine               - Running on OS: Windows 11 version 10.0
08:13:40.253 [JavaFX Application Thread] DEBUG Engine               - Architecture: amd64
08:13:40.253 [JavaFX Application Thread] INFO  Engine               - Source code and latest versions at: https://github.com/AlmasB/FXGL
08:13:40.253 [JavaFX Application Thread] INFO  Engine               -       Ask questions and discuss at: https://github.com/AlmasB/FXGL/discussions
08:13:40.253 [JavaFX Application Thread] INFO  Engine               -              Join the FXGL chat at: https://gitter.im/AlmasB/FXGL
08:13:40.373 [JavaFX Application Thread] DEBUG PrimaryStageWindow   - Creating a JavaFX scene
08:13:40.373 [JavaFX Application Thread] DEBUG PrimaryStageWindow   - Target size > screen size
08:13:40.432 [JavaFX Application Thread] DEBUG PrimaryStageWindow   - Target settings size: 1920.0 x 1088.0
08:13:40.432 [JavaFX Application Thread] DEBUG PrimaryStageWindow   - Scaled scene size:    1499.0 x 863.0
08:13:40.433 [JavaFX Application Thread] DEBUG PrimaryStageWindow   - Scaled ratio: (0.7807291666666667, 0.7931985294117647)
08:13:40.434 [JavaFX Application Thread] DEBUG PrimaryStageWindow   - Set initial scene to FXGLStartupScene
08:13:40.438 [JavaFX Application Thread] DEBUG PrimaryStageWindow   - Opening main window
08:13:40.584 [JavaFX Application Thread] DEBUG PrimaryStageWindow   - Window border size: (14.5999755859375, 37.79998779296875)
08:13:40.584 [JavaFX Application Thread] DEBUG PrimaryStageWindow   - Scaled size: 1499.0 x 863.0
08:13:40.584 [JavaFX Application Thread] DEBUG PrimaryStageWindow   - Scaled ratio: (0.7807291666666667, 0.7931985294117647)
08:13:40.584 [JavaFX Application Thread] DEBUG PrimaryStageWindow   - Scene size: 1499.0 x 863.0
08:13:40.585 [JavaFX Application Thread] DEBUG PrimaryStageWindow   - Stage size: 1513.5999755859375 x 900.7999877929688
08:13:40.604 [FXGL Background Thread 1 ] DEBUG Engine               - Initializing environment variables
08:13:40.699 [FXGL Background Thread 1 ] DEBUG FXGLAssetLoaderServi - User app class for loading assets: class at.htl.droidrampage.GameApp
08:13:40.700 [FXGL Background Thread 1 ] DEBUG GameApplicationServi - Applying CSS: fxgl_dark.css
08:13:40.703 [FXGL Background Thread 1 ] DEBUG FXGLAssetLoaderServi - Loading from file system: jar:file:/C:/Users/Fra-Lu/.m2/repository/com/github/almasb/fxgl/17.3/fxgl-17.3.jar!/fxglassets/ui/css/fxgl_dark.css
08:13:40.760 [FXGL Background Thread 1 ] DEBUG GameApplicationServi - Initializing application scenes
08:13:40.798 [FXGL Background Thread 1 ] DEBUG GameWorld            - Game world initialized
08:13:40.850 [FXGL Background Thread 1 ] DEBUG PhysicsWorld         - Physics world initialized: appHeight=1088, physics.ppm=50,0
08:13:40.851 [FXGL Background Thread 1 ] DEBUG PhysicsWorld         - Using strategy: BRUTE_FORCE
08:13:40.856 [FXGL Background Thread 1 ] DEBUG GameScene            - Game scene initialized: 1920x1088
08:13:40.867 [FXGL Background Thread 1 ] DEBUG FXGL.DefaultMenu     - createMenuBodyGameMenu()
08:13:40.880 [FXGL Background Thread 1 ] DEBUG FXGL.DefaultMenu     - createOptionsMenu()
08:13:40.891 [FXGL Background Thread 1 ] DEBUG FXGLAssetLoaderServi - Loading from file system: jar:file:/C:/Users/Fra-Lu/.m2/repository/com/github/almasb/fxgl/17.3/fxgl-17.3.jar!/fxglassets/textures/particles/smoke.png
08:13:40.968 [FXGL Background Thread 1 ] DEBUG FXGLAssetLoaderServi - Loading from file system: jar:file:/C:/Users/Fra-Lu/.m2/repository/com/github/almasb/fxgl/17.3/fxgl-17.3.jar!/fxglassets/textures/particles/trace_horizontal.png
08:13:40.990 [FXGL Background Thread 1 ] DEBUG GameApplicationServi - Application scenes initialized
08:13:41.002 [FXGL Background Thread 1 ] DEBUG SystemBundleService  - Loading FXGL system data
08:13:41.004 [FXGL Background Thread 1 ] DEBUG FileSystemAccess     - Reading from: C:\Users\Fra-Lu\Desktop\Schule\3.Klasse\POS\Workspace\DroidRampage\system\fxgl.bundle
08:13:41.009 [FXGL Background Thread 1 ] DEBUG SystemBundleService  - Bundle FXGL: {}
08:13:41.009 [FXGL Background Thread 1 ] DEBUG UpdaterService       - Checking for updates
08:13:41.012 [FXGL Background Thread 4 ] DEBUG FXGLApplication      - Loading fonts
08:13:41.013 [FXGL Background Thread 1 ] DEBUG FXGLApplication      - Loading default localization
08:13:41.013 [FXGL Background Thread 4 ] DEBUG FXGLAssetLoaderServi - Loading from file system: jar:file:/C:/Users/Fra-Lu/.m2/repository/com/github/almasb/fxgl/17.3/fxgl-17.3.jar!/fxglassets/ui/fonts/VarelaRound-Regular.ttf
08:13:41.013 [FXGL Background Thread 1 ] DEBUG FXGLAssetLoaderServi - Loading from file system: jar:file:/C:/Users/Fra-Lu/.m2/repository/com/github/almasb/fxgl/17.3/fxgl-17.3.jar!/fxglassets/languages/english.lang
08:13:41.029 [FXGL Background Thread 1 ] INFO  FXGLApplication      - FXGL initialization took: 0,425 sec
08:13:41.030 [JavaFX Application Thread] DEBUG FXGLAssetLoaderServi - Loading from file system: jar:file:/C:/Users/Fra-Lu/.m2/repository/com/github/almasb/fxgl/17.3/fxgl-17.3.jar!/fxglassets/textures/fxgl_icon.png
08:13:41.049 [JavaFX Application Thread] DEBUG FXGLAssetLoaderServi - Loading from file system: jar:file:/C:/Users/Fra-Lu/.m2/repository/com/github/almasb/fxgl/17.3/fxgl-17.3.jar!/fxglassets/textures/fxgl_default_cursor.png
08:13:41.057 [JavaFX Application Thread] DEBUG Input                - Registered new binding: Screenshot - CTRL+8
08:13:41.058 [JavaFX Application Thread] DEBUG Input                - Registered new binding: System info dump - CTRL+9
08:13:41.058 [JavaFX Application Thread] DEBUG Input                - Registered new binding: Restart - CTRL+R
08:13:41.059 [JavaFX Application Thread] DEBUG Input                - Registered new binding: Toggle Debug Camera - CTRL+7
08:13:41.061 [JavaFX Application Thread] DEBUG LoopRunner           - Starting loop
08:13:41.061 [JavaFX Application Thread] DEBUG LoopRunner           - Initializing JavaFX AnimationTimerLoop
08:13:41.062 [JavaFX Application Thread] DEBUG GameApplicationServi - Starting new game
08:13:41.063 [JavaFX Application Thread] DEBUG Input                - Clearing active input actions
08:13:41.078 [FXGL Background Thread 4 ] DEBUG FXGLAssetLoaderServi - Loading from file system: jar:file:/C:/Users/Fra-Lu/.m2/repository/com/github/almasb/fxgl/17.3/fxgl-17.3.jar!/fxglassets/ui/fonts/Abel-Regular.ttf
08:13:41.079 [JavaFX Application Thread] DEBUG GameApplicationServi - Removing overlay from FXGLStartupScene and adding to FXGLLoadingScene
08:13:41.079 [JavaFX Application Thread] DEBUG PrimaryStageWindow   - FXGLStartupScene -> FXGLLoadingScene
08:13:41.079 [JavaFX Application Thread] DEBUG GameApplicationServi - Clearing previous game
08:13:41.079 [JavaFX Application Thread] DEBUG GameScene            - Clearing game scene
08:13:41.079 [JavaFX Application Thread] DEBUG GameWorld            - Clearing game world
08:13:41.080 [JavaFX Application Thread] DEBUG PhysicsWorld         - Clearing physics world
08:13:41.082 [FXGL Background Thread 1 ] DEBUG FXGLApplication      - Initializing game
08:13:41.093 [FXGL Background Thread 4 ] DEBUG FXGLAssetLoaderServi - Loading from file system: jar:file:/C:/Users/Fra-Lu/.m2/repository/com/github/almasb/fxgl/17.3/fxgl-17.3.jar!/fxglassets/ui/fonts/TerminalLandMono-Regular.otf
08:13:41.107 [FXGL Background Thread 4 ] DEBUG FXGLAssetLoaderServi - Loading from file system: jar:file:/C:/Users/Fra-Lu/.m2/repository/com/github/almasb/fxgl/17.3/fxgl-17.3.jar!/fxglassets/ui/fonts/Courier-Prime.ttf
08:13:41.124 [FXGL Background Thread 1 ] WARN  TMXLevelLoader       - TiledMap generated from 1.11.2. Supported version: 1.9.0. Some features may not be parsed fully.
08:13:41.147 [JavaFX Application Thread] DEBUG FXGLApplication      - Registering font factories with UI factory
08:13:41.151 [FXGL Background Thread 1 ] DEBUG TMXLevelLoader       - Parsed TiledMap: file:/C:/Users/Fra-Lu/Desktop/Schule/3.Klasse/POS/Workspace/DroidRampage/target/classes/assets/levels/TileStart.tmx
08:13:41.151 [FXGL Background Thread 1 ] DEBUG TMXLevelLoader       - Creating tile layer entities
08:13:41.153 [FXGL Background Thread 1 ] DEBUG TilesetLoader        - Loading view for layer Kachelebene 1
08:13:41.155 [FXGL Background Thread 1 ] DEBUG TilesetLoader        - Created buffer with size 1920.0x1088.0
08:13:41.254 [FXGL Background Thread 1 ] DEBUG TMXLevelLoader       - Creating object layer entities
08:13:41.284 [FXGL Background Thread 1 ] DEBUG FXGLAssetLoaderServi - Loading from file system: file:/C:/Users/Fra-Lu/Desktop/Schule/3.Klasse/POS/Workspace/DroidRampage/target/classes/assets/textures/R2D2.png
08:13:41.290 [FXGL Background Thread 1 ] DEBUG Input                - Registered new binding: Move Right - D
08:13:41.290 [FXGL Background Thread 1 ] DEBUG Input                - Registered new binding: Move Left - A
08:13:41.290 [FXGL Background Thread 1 ] DEBUG Input                - Registered new binding: Jump - Space
08:13:41.290 [FXGL Background Thread 1 ] DEBUG Input                - Registered new binding: Toggle Cheat Mode - I
08:13:41.294 [FXGL Background Thread 1 ] DEBUG GameWorld            - Clearing removable entities
08:13:41.294 [FXGL Background Thread 1 ] DEBUG GameWorld            - Setting level: com.almasb.fxgl.entity.level.Level@386e6454
08:13:41.302 [FXGL Background Thread 1 ] INFO  FXGLApplication      - Game initialization took: 0,219 sec
08:13:41.308 [JavaFX Application Thread] DEBUG Input                - Clearing active input actions
08:13:41.317 [JavaFX Application Thread] DEBUG GameApplicationServi - Removing overlay from FXGLLoadingScene and adding to GameScene
08:13:41.317 [JavaFX Application Thread] DEBUG PrimaryStageWindow   - FXGLLoadingScene -> GameScene
08:13:41.449 [FXGL Background Thread 2 ] INFO  UpdaterService       - Your current version:  17.3
08:13:41.449 [FXGL Background Thread 2 ] INFO  UpdaterService       - Latest stable version: 25
08:13:44.013 [FXGL Background Thread 3 ] DEBUG Engine               - Logging environment variables
08:13:44.014 [FXGL Background Thread 3 ] DEBUG Engine               - achievements: []
08:13:44.014 [FXGL Background Thread 3 ] DEBUG Engine               - actualHeight: 863.0
08:13:44.014 [FXGL Background Thread 3 ] DEBUG Engine               - actualHeightProperty: ReadOnlyDoubleProperty [value: 863.0]
08:13:44.014 [FXGL Background Thread 3 ] DEBUG Engine               - actualWidth: 1499.0
08:13:44.014 [FXGL Background Thread 3 ] DEBUG Engine               - actualWidthProperty: ReadOnlyDoubleProperty [value: 1499.0]
08:13:44.014 [FXGL Background Thread 3 ] DEBUG Engine               - appIcon: fxgl_icon.png
08:13:44.014 [FXGL Background Thread 3 ] DEBUG Engine               - applicationMode: DEVELOPER
08:13:44.014 [FXGL Background Thread 3 ] DEBUG Engine               - cSSList: [fxgl_dark.css]
08:13:44.014 [FXGL Background Thread 3 ] DEBUG Engine               - collisionDetectionStrategy: BRUTE_FORCE
08:13:44.014 [FXGL Background Thread 3 ] DEBUG Engine               - configClass: Optional.empty
08:13:44.014 [FXGL Background Thread 3 ] DEBUG Engine               - credits: []
08:13:44.014 [FXGL Background Thread 3 ] DEBUG Engine               - defaultCursor: CursorInfo(imageName=fxgl_default_cursor.png, hotspotX=7.0, hotspotY=6.0)
08:13:44.014 [FXGL Background Thread 3 ] DEBUG Engine               - devBBoxColorProperty: ObjectProperty [value: 0xff0000ff]
08:13:44.014 [FXGL Background Thread 3 ] DEBUG Engine               - devEnableDebugCameraProperty: BooleanProperty [value: false]
08:13:44.014 [FXGL Background Thread 3 ] DEBUG Engine               - devSensorColorProperty: ObjectProperty [value: 0xffff00ff]
08:13:44.014 [FXGL Background Thread 3 ] DEBUG Engine               - devShowBBoxProperty: BooleanProperty [value: false]
08:13:44.014 [FXGL Background Thread 3 ] DEBUG Engine               - devShowPositionProperty: BooleanProperty [value: false]
08:13:44.014 [FXGL Background Thread 3 ] DEBUG Engine               - enabledMenuItems: []
08:13:44.015 [FXGL Background Thread 3 ] DEBUG Engine               - engineServices: [class com.almasb.fxgl.app.services.FXGLAssetLoaderService, class com.almasb.fxgl.app.FXGLApplication$GameApplicationService, class com.almasb.fxgl.app.services.FXGLDialogService, class com.almasb.fxgl.app.services.IOTaskExecutorService, class com.almasb.fxgl.io.FileSystemService, class com.almasb.fxgl.localization.LocalizationService, class com.almasb.fxgl.app.services.SystemBundleService, class com.almasb.fxgl.profile.SaveLoadService, class com.almasb.fxgl.ui.FXGLUIFactoryServiceProvider, class com.almasb.fxgl.ui.FXGLDialogFactoryServiceProvider, class com.almasb.fxgl.audio.AudioPlayer, class com.almasb.fxgl.notification.impl.NotificationServiceProvider, class com.almasb.fxgl.achievement.AchievementService, class com.almasb.fxgl.cutscene.CutsceneService, class com.almasb.fxgl.minigames.MiniGameService, class com.almasb.fxgl.net.NetService, class com.almasb.fxgl.app.services.UpdaterService, class com.almasb.fxgl.dev.DevService]
08:13:44.015 [FXGL Background Thread 3 ] DEBUG Engine               - fontGame: Abel-Regular.ttf
08:13:44.015 [FXGL Background Thread 3 ] DEBUG Engine               - fontMono: TerminalLandMono-Regular.otf
08:13:44.015 [FXGL Background Thread 3 ] DEBUG Engine               - fontSizeScaleUI: 1.0
08:13:44.015 [FXGL Background Thread 3 ] DEBUG Engine               - fontText: Courier-Prime.ttf
08:13:44.015 [FXGL Background Thread 3 ] DEBUG Engine               - fontUI: VarelaRound-Regular.ttf
08:13:44.015 [FXGL Background Thread 3 ] DEBUG Engine               - fullScreen: BooleanProperty [value: false]
08:13:44.015 [FXGL Background Thread 3 ] DEBUG Engine               - gameDifficulty: MEDIUM
08:13:44.015 [FXGL Background Thread 3 ] DEBUG Engine               - gameDifficultyProperty: ObjectProperty [value: MEDIUM]
08:13:44.015 [FXGL Background Thread 3 ] DEBUG Engine               - globalMusicVolume: 0.5
08:13:44.015 [FXGL Background Thread 3 ] DEBUG Engine               - globalMusicVolumeProperty: DoubleProperty [value: 0.5]
08:13:44.015 [FXGL Background Thread 3 ] DEBUG Engine               - globalSoundVolume: 0.5
08:13:44.015 [FXGL Background Thread 3 ] DEBUG Engine               - globalSoundVolumeProperty: DoubleProperty [value: 0.5]
08:13:44.015 [FXGL Background Thread 3 ] DEBUG Engine               - height: 1088
08:13:44.015 [FXGL Background Thread 3 ] DEBUG Engine               - is3D: false
08:13:44.015 [FXGL Background Thread 3 ] DEBUG Engine               - isAndroid: false
08:13:44.015 [FXGL Background Thread 3 ] DEBUG Engine               - isBrowser: false
08:13:44.015 [FXGL Background Thread 3 ] DEBUG Engine               - isClickFeedbackEnabled: false
08:13:44.015 [FXGL Background Thread 3 ] DEBUG Engine               - isCloseConfirmation: false
08:13:44.015 [FXGL Background Thread 3 ] DEBUG Engine               - isDesktop: true
08:13:44.015 [FXGL Background Thread 3 ] DEBUG Engine               - isDeveloperMenuEnabled: false
08:13:44.015 [FXGL Background Thread 3 ] DEBUG Engine               - isEmbedded: false
08:13:44.015 [FXGL Background Thread 3 ] DEBUG Engine               - isEntityPreloadEnabled: true
08:13:44.015 [FXGL Background Thread 3 ] DEBUG Engine               - isExperimentalTiledLargeMap: false
08:13:44.015 [FXGL Background Thread 3 ] DEBUG Engine               - isFileSystemWriteAllowed: true
08:13:44.015 [FXGL Background Thread 3 ] DEBUG Engine               - isFullScreenAllowed: false
08:13:44.015 [FXGL Background Thread 3 ] DEBUG Engine               - isFullScreenFromStart: false
08:13:44.015 [FXGL Background Thread 3 ] DEBUG Engine               - isGameMenuEnabled: true
08:13:44.015 [FXGL Background Thread 3 ] DEBUG Engine               - isIOS: false
08:13:44.015 [FXGL Background Thread 3 ] DEBUG Engine               - isIntroEnabled: false
08:13:44.015 [FXGL Background Thread 3 ] DEBUG Engine               - isLinux: false
08:13:44.015 [FXGL Background Thread 3 ] DEBUG Engine               - isMac: false
08:13:44.015 [FXGL Background Thread 3 ] DEBUG Engine               - isMainMenuEnabled: false
08:13:44.015 [FXGL Background Thread 3 ] DEBUG Engine               - isManualResizeEnabled: false
08:13:44.015 [FXGL Background Thread 3 ] DEBUG Engine               - isMobile: false
08:13:44.015 [FXGL Background Thread 3 ] DEBUG Engine               - isNative: false
08:13:44.015 [FXGL Background Thread 3 ] DEBUG Engine               - isPauseMusicWhenMinimized: true
08:13:44.015 [FXGL Background Thread 3 ] DEBUG Engine               - isPreserveResizeRatio: false
08:13:44.015 [FXGL Background Thread 3 ] DEBUG Engine               - isProfilingEnabled: false
08:13:44.015 [FXGL Background Thread 3 ] DEBUG Engine               - isScaleAffectedOnResize: true
08:13:44.015 [FXGL Background Thread 3 ] DEBUG Engine               - isSingleStep: false
08:13:44.015 [FXGL Background Thread 3 ] DEBUG Engine               - isUserProfileEnabled: false
08:13:44.015 [FXGL Background Thread 3 ] DEBUG Engine               - isWindows: true
08:13:44.015 [FXGL Background Thread 3 ] DEBUG Engine               - language: ObjectProperty [value: ENGLISH]
08:13:44.015 [FXGL Background Thread 3 ] DEBUG Engine               - menuKey: ESCAPE
08:13:44.016 [FXGL Background Thread 3 ] DEBUG Engine               - mouseSensitivity: 0.2
08:13:44.016 [FXGL Background Thread 3 ] DEBUG Engine               - notificationViewClass: class com.almasb.fxgl.notification.view.XboxNotificationView
08:13:44.016 [FXGL Background Thread 3 ] DEBUG Engine               - pixelsPerMeter: 50.0
08:13:44.016 [FXGL Background Thread 3 ] DEBUG Engine               - platform: WINDOWS
08:13:44.016 [FXGL Background Thread 3 ] DEBUG Engine               - prefHeightProperty: ReadOnlyDoubleProperty [value: 1088.0]
08:13:44.016 [FXGL Background Thread 3 ] DEBUG Engine               - prefWidthProperty: ReadOnlyDoubleProperty [value: 1920.0]
08:13:44.016 [FXGL Background Thread 3 ] DEBUG Engine               - profileDir: profiles/
08:13:44.016 [FXGL Background Thread 3 ] DEBUG Engine               - profileName: StringProperty [value: DEFAULT]
08:13:44.016 [FXGL Background Thread 3 ] DEBUG Engine               - randomSeed: -1
08:13:44.016 [FXGL Background Thread 3 ] DEBUG Engine               - runtimeInfo: RuntimeInfo(platform=WINDOWS, version=17.3, build=30.03.2023 11.49)
08:13:44.016 [FXGL Background Thread 3 ] DEBUG Engine               - saveFileExt: sav
08:13:44.016 [FXGL Background Thread 3 ] DEBUG Engine               - scaledHeightProp$fxgl: DoubleProperty [bound, value: 863.0]
08:13:44.016 [FXGL Background Thread 3 ] DEBUG Engine               - scaledWidthProp$fxgl: DoubleProperty [bound, value: 1499.0]
08:13:44.017 [FXGL Background Thread 3 ] DEBUG Engine               - sceneFactory: com.almasb.fxgl.app.scene.SceneFactory@286299ee
08:13:44.017 [FXGL Background Thread 3 ] DEBUG Engine               - secondsIn24h: 60
08:13:44.017 [FXGL Background Thread 3 ] DEBUG Engine               - soundMenuBack: menu/back.wav
08:13:44.017 [FXGL Background Thread 3 ] DEBUG Engine               - soundMenuPress: menu/press.wav
08:13:44.017 [FXGL Background Thread 3 ] DEBUG Engine               - soundMenuSelect: menu/select.wav
08:13:44.017 [FXGL Background Thread 3 ] DEBUG Engine               - soundNotification: core/notification.wav
08:13:44.017 [FXGL Background Thread 3 ] DEBUG Engine               - stageStyle: DECORATED
08:13:44.017 [FXGL Background Thread 3 ] DEBUG Engine               - supportedLanguages: [ENGLISH, FRENCH, GERMAN, HUNGARIAN, RUSSIAN]
08:13:44.017 [FXGL Background Thread 3 ] DEBUG Engine               - ticksPerSecond: -1
08:13:44.017 [FXGL Background Thread 3 ] DEBUG Engine               - title: Droid Rampage
08:13:44.017 [FXGL Background Thread 3 ] DEBUG Engine               - urlGithub: https://github.com/AlmasB/FXGL
08:13:44.017 [FXGL Background Thread 3 ] DEBUG Engine               - urlLeaderboard: http://fxgl-top.herokuapp.com/
08:13:44.017 [FXGL Background Thread 3 ] DEBUG Engine               - urlPOM: https://raw.githubusercontent.com/AlmasB/FXGL/release/README.md
08:13:44.017 [FXGL Background Thread 3 ] DEBUG Engine               - userAppClass: class at.htl.droidrampage.GameApp
08:13:44.017 [FXGL Background Thread 3 ] DEBUG Engine               - version: 0.4
08:13:44.017 [FXGL Background Thread 3 ] DEBUG Engine               - versionCheckDays: 7
08:13:44.017 [FXGL Background Thread 3 ] DEBUG Engine               - width: 1920
08:13:44.017 [FXGL Background Thread 3 ] DEBUG Engine               - Logging services
08:13:44.017 [FXGL Background Thread 3 ] DEBUG Engine               - class com.almasb.fxgl.app.services.FXGLAssetLoaderService
08:13:44.017 [FXGL Background Thread 3 ] DEBUG Engine               - class com.almasb.fxgl.app.FXGLApplication$GameApplicationService
08:13:44.017 [FXGL Background Thread 3 ] DEBUG Engine               - class com.almasb.fxgl.app.services.FXGLDialogService
08:13:44.017 [FXGL Background Thread 3 ] DEBUG Engine               - class com.almasb.fxgl.app.services.IOTaskExecutorService
08:13:44.017 [FXGL Background Thread 3 ] DEBUG Engine               - class com.almasb.fxgl.io.FileSystemService
08:13:44.017 [FXGL Background Thread 3 ] DEBUG Engine               - class com.almasb.fxgl.localization.LocalizationService
08:13:44.017 [FXGL Background Thread 3 ] DEBUG Engine               - class com.almasb.fxgl.app.services.SystemBundleService
08:13:44.017 [FXGL Background Thread 3 ] DEBUG Engine               - class com.almasb.fxgl.profile.SaveLoadService
08:13:44.017 [FXGL Background Thread 3 ] DEBUG Engine               - class com.almasb.fxgl.ui.FXGLUIFactoryServiceProvider
08:13:44.017 [FXGL Background Thread 3 ] DEBUG Engine               - class com.almasb.fxgl.ui.FXGLDialogFactoryServiceProvider
08:13:44.017 [FXGL Background Thread 3 ] DEBUG Engine               - class com.almasb.fxgl.audio.AudioPlayer
08:13:44.017 [FXGL Background Thread 3 ] DEBUG Engine               - class com.almasb.fxgl.notification.impl.NotificationServiceProvider
08:13:44.017 [FXGL Background Thread 3 ] DEBUG Engine               - class com.almasb.fxgl.achievement.AchievementService
08:13:44.017 [FXGL Background Thread 3 ] DEBUG Engine               - class com.almasb.fxgl.cutscene.CutsceneService
08:13:44.017 [FXGL Background Thread 3 ] DEBUG Engine               - class com.almasb.fxgl.minigames.MiniGameService
08:13:44.017 [FXGL Background Thread 3 ] DEBUG Engine               - class com.almasb.fxgl.net.NetService
08:13:44.017 [FXGL Background Thread 3 ] DEBUG Engine               - class com.almasb.fxgl.app.services.UpdaterService
08:13:44.017 [FXGL Background Thread 3 ] DEBUG Engine               - class com.almasb.fxgl.dev.DevService
08:13:56.201 [JavaFX Application Thread] DEBUG FXGLApplication      - Exiting FXGL
08:13:56.201 [JavaFX Application Thread] DEBUG LoopRunner           - Stopping loop
08:13:56.201 [JavaFX Application Thread] DEBUG SystemBundleService  - Saving FXGL system data
08:13:56.203 [JavaFX Application Thread] DEBUG FileSystemAccess     - Writing to: C:\Users\Fra-Lu\Desktop\Schule\3.Klasse\POS\Workspace\DroidRampage\system\fxgl.bundle
08:13:56.205 [JavaFX Application Thread] DEBUG Async                - Shutting down background threads
08:13:56.205 [JavaFX Application Thread] DEBUG PrimaryStageWindow   - Closing main window
08:13:56.230 [JavaFX Application Thread] DEBUG Logger               - Closing Logger
