09:24:26.058 [main                     ] DEBUG Logger               - Configured Logger
09:24:26.066 [main                     ] DEBUG GameApplication      - Logging settings
Title: Droid Rampage
Version: 0.8
Width: 1920
Height: 1088
Fullscreen: true
Intro: false
Profiling: false
Single step:false
App Mode: DEVELOPER
Menu Key: ESCAPE
Stage Style: DECORATED
Scene Factory: class com.almasb.fxgl.app.scene.SceneFactory

09:24:26.379 [JavaFX Application Thread] DEBUG FXGLApplication      - Initializing FXGL
09:24:26.382 [JavaFX Application Thread] INFO  Engine               - FXGL-17.3 (30.03.2023 11.49) on LINUX (J:26 FX:21.0.6)
09:24:26.382 [JavaFX Application Thread] DEBUG Engine               - JRE Vendor Name: Oracle Corporation
09:24:26.382 [JavaFX Application Thread] DEBUG Engine               - Running on OS: Linux version 6.17.0-22-generic
09:24:26.382 [JavaFX Application Thread] DEBUG Engine               - Architecture: amd64
09:24:26.382 [JavaFX Application Thread] INFO  Engine               - Source code and latest versions at: https://github.com/AlmasB/FXGL
09:24:26.383 [JavaFX Application Thread] INFO  Engine               -       Ask questions and discuss at: https://github.com/AlmasB/FXGL/discussions
09:24:26.383 [JavaFX Application Thread] INFO  Engine               -              Join the FXGL chat at: https://gitter.im/AlmasB/FXGL
09:24:26.446 [JavaFX Application Thread] DEBUG PrimaryStageWindow   - Creating a JavaFX scene
09:24:26.446 [JavaFX Application Thread] DEBUG PrimaryStageWindow   - Target size > screen size
09:24:26.501 [JavaFX Application Thread] DEBUG PrimaryStageWindow   - Target settings size: 1920.0 x 1088.0
09:24:26.501 [JavaFX Application Thread] DEBUG PrimaryStageWindow   - Scaled scene size:    1880.0 x 1079.0
09:24:26.501 [JavaFX Application Thread] DEBUG PrimaryStageWindow   - Scaled ratio: (0.9791666666666666, 0.9917279411764706)
09:24:26.501 [JavaFX Application Thread] DEBUG PrimaryStageWindow   - Set initial scene to FXGLStartupScene
09:24:26.504 [JavaFX Application Thread] DEBUG PrimaryStageWindow   - Opening main window
09:24:26.528 [JavaFX Application Thread] DEBUG PrimaryStageWindow   - Window border size: (0.0, 35.0)
09:24:26.528 [JavaFX Application Thread] DEBUG PrimaryStageWindow   - Scaled size: 1880.0 x 1044.0
09:24:26.529 [JavaFX Application Thread] DEBUG PrimaryStageWindow   - Scaled ratio: (0.9791666666666666, 0.9595588235294118)
09:24:26.529 [JavaFX Application Thread] DEBUG PrimaryStageWindow   - Scene size: 1880.0 x 1079.0
09:24:26.529 [JavaFX Application Thread] DEBUG PrimaryStageWindow   - Stage size: 1880.0 x 1079.0
09:24:26.534 [FXGL Background Thread 1 ] DEBUG Engine               - Initializing environment variables
09:24:26.572 [FXGL Background Thread 1 ] DEBUG FXGLAssetLoaderServi - User app class for loading assets: class at.htl.droidrampage.GameApp
09:24:26.572 [FXGL Background Thread 1 ] DEBUG GameApplicationServi - Applying CSS: fxgl_dark.css
09:24:26.573 [FXGL Background Thread 1 ] DEBUG FXGLAssetLoaderServi - Loading from file system: jar:file:/home/franz/.m2/repository/com/github/almasb/fxgl/17.3/fxgl-17.3.jar!/fxglassets/ui/css/fxgl_dark.css
09:24:26.623 [FXGL Background Thread 1 ] DEBUG GameApplicationServi - Initializing application scenes
09:24:26.656 [FXGL Background Thread 1 ] DEBUG GameWorld            - Game world initialized
09:24:26.679 [FXGL Background Thread 1 ] DEBUG PhysicsWorld         - Physics world initialized: appHeight=1088, physics.ppm=50.0
09:24:26.679 [FXGL Background Thread 1 ] DEBUG PhysicsWorld         - Using strategy: BRUTE_FORCE
09:24:26.684 [FXGL Background Thread 1 ] DEBUG GameScene            - Game scene initialized: 1920x1088
09:24:26.692 [FXGL Background Thread 1 ] DEBUG FXGL.DefaultMenu     - createMenuBodyGameMenu()
09:24:26.705 [FXGL Background Thread 1 ] DEBUG FXGL.DefaultMenu     - createOptionsMenu()
09:24:26.712 [FXGL Background Thread 1 ] DEBUG FXGLAssetLoaderServi - Loading from file system: jar:file:/home/franz/.m2/repository/com/github/almasb/fxgl/17.3/fxgl-17.3.jar!/fxglassets/textures/particles/smoke.png
09:24:26.766 [FXGL Background Thread 1 ] DEBUG FXGLAssetLoaderServi - Loading from file system: jar:file:/home/franz/.m2/repository/com/github/almasb/fxgl/17.3/fxgl-17.3.jar!/fxglassets/textures/particles/trace_horizontal.png
09:24:26.782 [FXGL Background Thread 1 ] DEBUG GameApplicationServi - Application scenes initialized
09:24:26.787 [FXGL Background Thread 1 ] DEBUG SystemBundleService  - Loading FXGL system data
09:24:26.788 [FXGL Background Thread 1 ] DEBUG FileSystemAccess     - Reading from: /home/franz/Documents/Schule/3-Klasse/POS/DroidRampage/system/fxgl.bundle
09:24:26.789 [FXGL Background Thread 1 ] DEBUG SystemBundleService  - Bundle FXGL: {}
09:24:26.789 [FXGL Background Thread 1 ] DEBUG UpdaterService       - Checking for updates
09:24:26.791 [FXGL Background Thread 4 ] DEBUG FXGLApplication      - Loading fonts
09:24:26.791 [FXGL Background Thread 1 ] DEBUG FXGLApplication      - Loading default localization
09:24:26.791 [FXGL Background Thread 4 ] DEBUG FXGLAssetLoaderServi - Loading from file system: jar:file:/home/franz/.m2/repository/com/github/almasb/fxgl/17.3/fxgl-17.3.jar!/fxglassets/ui/fonts/VarelaRound-Regular.ttf
09:24:26.792 [FXGL Background Thread 1 ] DEBUG FXGLAssetLoaderServi - Loading from file system: jar:file:/home/franz/.m2/repository/com/github/almasb/fxgl/17.3/fxgl-17.3.jar!/fxglassets/languages/english.lang
09:24:26.796 [FXGL Background Thread 4 ] DEBUG FXGLAssetLoaderServi - Loading from file system: jar:file:/home/franz/.m2/repository/com/github/almasb/fxgl/17.3/fxgl-17.3.jar!/fxglassets/ui/fonts/Abel-Regular.ttf
09:24:26.797 [FXGL Background Thread 4 ] DEBUG FXGLAssetLoaderServi - Loading from file system: jar:file:/home/franz/.m2/repository/com/github/almasb/fxgl/17.3/fxgl-17.3.jar!/fxglassets/ui/fonts/TerminalLandMono-Regular.otf
09:24:26.799 [FXGL Background Thread 4 ] DEBUG FXGLAssetLoaderServi - Loading from file system: jar:file:/home/franz/.m2/repository/com/github/almasb/fxgl/17.3/fxgl-17.3.jar!/fxglassets/ui/fonts/Courier-Prime.ttf
09:24:26.799 [FXGL Background Thread 1 ] INFO  FXGLApplication      - FXGL initialization took: 0.265 sec
09:24:26.800 [JavaFX Application Thread] DEBUG FXGLAssetLoaderServi - Loading from file system: jar:file:/home/franz/.m2/repository/com/github/almasb/fxgl/17.3/fxgl-17.3.jar!/fxglassets/textures/fxgl_icon.png
09:24:26.816 [JavaFX Application Thread] DEBUG FXGLAssetLoaderServi - Loading from file system: jar:file:/home/franz/.m2/repository/com/github/almasb/fxgl/17.3/fxgl-17.3.jar!/fxglassets/textures/fxgl_default_cursor.png
09:24:26.832 [JavaFX Application Thread] DEBUG Input                - Registered new binding: Screenshot - CTRL+8
09:24:26.833 [JavaFX Application Thread] DEBUG Input                - Registered new binding: System info dump - CTRL+9
09:24:26.833 [JavaFX Application Thread] DEBUG Input                - Registered new binding: Restart - CTRL+R
09:24:26.834 [JavaFX Application Thread] DEBUG Input                - Registered new binding: Toggle Debug Camera - CTRL+7
09:24:26.836 [JavaFX Application Thread] DEBUG LoopRunner           - Starting loop
09:24:26.836 [JavaFX Application Thread] DEBUG LoopRunner           - Initializing JavaFX AnimationTimerLoop
09:24:26.837 [JavaFX Application Thread] DEBUG GameApplicationServi - Starting new game
09:24:26.838 [JavaFX Application Thread] DEBUG Input                - Clearing active input actions
09:24:26.849 [JavaFX Application Thread] DEBUG GameApplicationServi - Removing overlay from FXGLStartupScene and adding to FXGLLoadingScene
09:24:26.850 [JavaFX Application Thread] DEBUG PrimaryStageWindow   - FXGLStartupScene -> FXGLLoadingScene
09:24:26.850 [JavaFX Application Thread] DEBUG GameApplicationServi - Clearing previous game
09:24:26.850 [JavaFX Application Thread] DEBUG GameScene            - Clearing game scene
09:24:26.850 [JavaFX Application Thread] DEBUG GameWorld            - Clearing game world
09:24:26.850 [JavaFX Application Thread] DEBUG PhysicsWorld         - Clearing physics world
09:24:26.852 [FXGL Background Thread 4 ] DEBUG FXGLApplication      - Initializing game
09:24:26.851 [JavaFX Application Thread] DEBUG FXGLApplication      - Registering font factories with UI factory
09:24:26.882 [FXGL Background Thread 4 ] WARN  TMXLevelLoader       - TiledMap generated from 1.8.2. Supported version: 1.9.0. Some features may not be parsed fully.
09:24:26.895 [FXGL Background Thread 4 ] DEBUG TMXLevelLoader       - Parsed TiledMap: file:/home/franz/Documents/Schule/3-Klasse/POS/DroidRampage/target/classes/assets/levels/TileStart.tmx
09:24:26.896 [FXGL Background Thread 4 ] DEBUG TMXLevelLoader       - Creating tile layer entities
09:24:26.897 [FXGL Background Thread 4 ] DEBUG TilesetLoader        - Loading view for layer Kachelebene 1
09:24:26.899 [FXGL Background Thread 4 ] DEBUG TilesetLoader        - Created buffer with size 1920.0x1088.0
09:24:26.968 [FXGL Background Thread 4 ] DEBUG TMXLevelLoader       - Creating object layer entities
09:24:26.999 [FXGL Background Thread 4 ] DEBUG FXGLAssetLoaderServi - Loading from file system: file:/home/franz/Documents/Schule/3-Klasse/POS/DroidRampage/target/classes/assets/textures/credit2.png
09:24:27.050 [FXGL Background Thread 4 ] DEBUG FXGLAssetLoaderServi - Loading from file system: file:/home/franz/Documents/Schule/3-Klasse/POS/DroidRampage/target/classes/assets/textures/credit1.png
09:24:27.101 [FXGL Background Thread 4 ] DEBUG FXGLAssetLoaderServi - Loading from file system: file:/home/franz/Documents/Schule/3-Klasse/POS/DroidRampage/target/classes/assets/textures/credit3.png
09:24:27.132 [FXGL Background Thread 2 ] INFO  UpdaterService       - Your current version:  17.3
09:24:27.132 [FXGL Background Thread 2 ] INFO  UpdaterService       - Latest stable version: 25
09:24:27.140 [FXGL Background Thread 4 ] DEBUG GameWorld            - Clearing removable entities
09:24:27.141 [FXGL Background Thread 4 ] DEBUG GameWorld            - Setting level: com.almasb.fxgl.entity.level.Level@5128e0a4
09:24:27.224 [FXGL Background Thread 4 ] DEBUG FXGLAssetLoaderServi - Loading from file system: file:/home/franz/Documents/Schule/3-Klasse/POS/DroidRampage/target/classes/assets/textures/r2d2.png
09:24:27.227 [FXGL Background Thread 4 ] DEBUG Input                - Registered new binding: Move Right - D
09:24:27.228 [FXGL Background Thread 4 ] DEBUG Input                - Registered new binding: Move Left - A
09:24:27.228 [FXGL Background Thread 4 ] DEBUG Input                - Registered new binding: Jump - Space
09:24:27.228 [FXGL Background Thread 4 ] DEBUG Input                - Registered new binding: Toggle Cheat Mode - I
09:24:27.229 [FXGL Background Thread 4 ] INFO  FXGLApplication      - Game initialization took: 0.377 sec
09:24:27.229 [JavaFX Application Thread] DEBUG Input                - Clearing active input actions
09:24:27.238 [JavaFX Application Thread] DEBUG GameApplicationServi - Removing overlay from FXGLLoadingScene and adding to GameScene
09:24:27.238 [JavaFX Application Thread] DEBUG PrimaryStageWindow   - FXGLLoadingScene -> GameScene
09:24:27.243 [JavaFX Application Thread] WARN  TMXLevelLoader       - TiledMap generated from 1.8.2. Supported version: 1.9.0. Some features may not be parsed fully.
09:24:27.250 [JavaFX Application Thread] DEBUG TMXLevelLoader       - Parsed TiledMap: file:/home/franz/Documents/Schule/3-Klasse/POS/DroidRampage/target/classes/assets/levels/Tile2.tmx
09:24:27.251 [JavaFX Application Thread] DEBUG TMXLevelLoader       - Creating tile layer entities
09:24:27.251 [JavaFX Application Thread] DEBUG TilesetLoader        - Loading view for layer Tile Layer 1
09:24:27.254 [JavaFX Application Thread] DEBUG TilesetLoader        - Created buffer with size 1920.0x1088.0
09:24:27.296 [JavaFX Application Thread] DEBUG TMXLevelLoader       - Creating object layer entities
09:24:29.791 [FXGL Background Thread 3 ] DEBUG Engine               - Logging environment variables
09:24:29.791 [FXGL Background Thread 3 ] DEBUG Engine               - achievements: []
09:24:29.792 [FXGL Background Thread 3 ] DEBUG Engine               - actualHeight: 1044.0
09:24:29.792 [FXGL Background Thread 3 ] DEBUG Engine               - actualHeightProperty: ReadOnlyDoubleProperty [value: 1005.0]
09:24:29.792 [FXGL Background Thread 3 ] DEBUG Engine               - actualWidth: 1880.0
09:24:29.792 [FXGL Background Thread 3 ] DEBUG Engine               - actualWidthProperty: ReadOnlyDoubleProperty [value: 1920.0]
09:24:29.792 [FXGL Background Thread 3 ] DEBUG Engine               - appIcon: fxgl_icon.png
09:24:29.792 [FXGL Background Thread 3 ] DEBUG Engine               - applicationMode: DEVELOPER
09:24:29.792 [FXGL Background Thread 3 ] DEBUG Engine               - cSSList: [fxgl_dark.css]
09:24:29.792 [FXGL Background Thread 3 ] DEBUG Engine               - collisionDetectionStrategy: BRUTE_FORCE
09:24:29.792 [FXGL Background Thread 3 ] DEBUG Engine               - configClass: Optional.empty
09:24:29.793 [FXGL Background Thread 3 ] DEBUG Engine               - credits: []
09:24:29.793 [FXGL Background Thread 3 ] DEBUG Engine               - defaultCursor: CursorInfo(imageName=fxgl_default_cursor.png, hotspotX=7.0, hotspotY=6.0)
09:24:29.793 [FXGL Background Thread 3 ] DEBUG Engine               - devBBoxColorProperty: ObjectProperty [value: 0xff0000ff]
09:24:29.793 [FXGL Background Thread 3 ] DEBUG Engine               - devEnableDebugCameraProperty: BooleanProperty [value: false]
09:24:29.794 [FXGL Background Thread 3 ] DEBUG Engine               - devSensorColorProperty: ObjectProperty [value: 0xffff00ff]
09:24:29.794 [FXGL Background Thread 3 ] DEBUG Engine               - devShowBBoxProperty: BooleanProperty [value: false]
09:24:29.794 [FXGL Background Thread 3 ] DEBUG Engine               - devShowPositionProperty: BooleanProperty [value: false]
09:24:29.794 [FXGL Background Thread 3 ] DEBUG Engine               - enabledMenuItems: []
09:24:29.794 [FXGL Background Thread 3 ] DEBUG Engine               - engineServices: [class com.almasb.fxgl.app.services.FXGLAssetLoaderService, class com.almasb.fxgl.app.FXGLApplication$GameApplicationService, class com.almasb.fxgl.app.services.FXGLDialogService, class com.almasb.fxgl.app.services.IOTaskExecutorService, class com.almasb.fxgl.io.FileSystemService, class com.almasb.fxgl.localization.LocalizationService, class com.almasb.fxgl.app.services.SystemBundleService, class com.almasb.fxgl.profile.SaveLoadService, class com.almasb.fxgl.ui.FXGLUIFactoryServiceProvider, class com.almasb.fxgl.ui.FXGLDialogFactoryServiceProvider, class com.almasb.fxgl.audio.AudioPlayer, class com.almasb.fxgl.notification.impl.NotificationServiceProvider, class com.almasb.fxgl.achievement.AchievementService, class com.almasb.fxgl.cutscene.CutsceneService, class com.almasb.fxgl.minigames.MiniGameService, class com.almasb.fxgl.net.NetService, class com.almasb.fxgl.app.services.UpdaterService, class com.almasb.fxgl.dev.DevService]
09:24:29.794 [FXGL Background Thread 3 ] DEBUG Engine               - fontGame: Abel-Regular.ttf
09:24:29.794 [FXGL Background Thread 3 ] DEBUG Engine               - fontMono: TerminalLandMono-Regular.otf
09:24:29.794 [FXGL Background Thread 3 ] DEBUG Engine               - fontSizeScaleUI: 1.0
09:24:29.794 [FXGL Background Thread 3 ] DEBUG Engine               - fontText: Courier-Prime.ttf
09:24:29.794 [FXGL Background Thread 3 ] DEBUG Engine               - fontUI: VarelaRound-Regular.ttf
09:24:29.795 [FXGL Background Thread 3 ] DEBUG Engine               - fullScreen: BooleanProperty [value: false]
09:24:29.795 [FXGL Background Thread 3 ] DEBUG Engine               - gameDifficulty: MEDIUM
09:24:29.795 [FXGL Background Thread 3 ] DEBUG Engine               - gameDifficultyProperty: ObjectProperty [value: MEDIUM]
09:24:29.795 [FXGL Background Thread 3 ] DEBUG Engine               - globalMusicVolume: 0.5
09:24:29.795 [FXGL Background Thread 3 ] DEBUG Engine               - globalMusicVolumeProperty: DoubleProperty [value: 0.5]
09:24:29.795 [FXGL Background Thread 3 ] DEBUG Engine               - globalSoundVolume: 0.5
09:24:29.795 [FXGL Background Thread 3 ] DEBUG Engine               - globalSoundVolumeProperty: DoubleProperty [value: 0.5]
09:24:29.795 [FXGL Background Thread 3 ] DEBUG Engine               - height: 1088
09:24:29.795 [FXGL Background Thread 3 ] DEBUG Engine               - is3D: false
09:24:29.795 [FXGL Background Thread 3 ] DEBUG Engine               - isAndroid: false
09:24:29.795 [FXGL Background Thread 3 ] DEBUG Engine               - isBrowser: false
09:24:29.795 [FXGL Background Thread 3 ] DEBUG Engine               - isClickFeedbackEnabled: false
09:24:29.795 [FXGL Background Thread 3 ] DEBUG Engine               - isCloseConfirmation: false
09:24:29.796 [FXGL Background Thread 3 ] DEBUG Engine               - isDesktop: true
09:24:29.796 [FXGL Background Thread 3 ] DEBUG Engine               - isDeveloperMenuEnabled: false
09:24:29.796 [FXGL Background Thread 3 ] DEBUG Engine               - isEmbedded: false
09:24:29.796 [FXGL Background Thread 3 ] DEBUG Engine               - isEntityPreloadEnabled: true
09:24:29.796 [FXGL Background Thread 3 ] DEBUG Engine               - isExperimentalTiledLargeMap: false
09:24:29.796 [FXGL Background Thread 3 ] DEBUG Engine               - isFileSystemWriteAllowed: true
09:24:29.796 [FXGL Background Thread 3 ] DEBUG Engine               - isFullScreenAllowed: true
09:24:29.796 [FXGL Background Thread 3 ] DEBUG Engine               - isFullScreenFromStart: false
09:24:29.796 [FXGL Background Thread 3 ] DEBUG Engine               - isGameMenuEnabled: true
09:24:29.796 [FXGL Background Thread 3 ] DEBUG Engine               - isIOS: false
09:24:29.796 [FXGL Background Thread 3 ] DEBUG Engine               - isIntroEnabled: false
09:24:29.796 [FXGL Background Thread 3 ] DEBUG Engine               - isLinux: true
09:24:29.796 [FXGL Background Thread 3 ] DEBUG Engine               - isMac: false
09:24:29.796 [FXGL Background Thread 3 ] DEBUG Engine               - isMainMenuEnabled: false
09:24:29.796 [FXGL Background Thread 3 ] DEBUG Engine               - isManualResizeEnabled: true
09:24:29.796 [FXGL Background Thread 3 ] DEBUG Engine               - isMobile: false
09:24:29.796 [FXGL Background Thread 3 ] DEBUG Engine               - isNative: false
09:24:29.796 [FXGL Background Thread 3 ] DEBUG Engine               - isPauseMusicWhenMinimized: true
09:24:29.796 [FXGL Background Thread 3 ] DEBUG Engine               - isPreserveResizeRatio: false
09:24:29.796 [FXGL Background Thread 3 ] DEBUG Engine               - isProfilingEnabled: false
09:24:29.796 [FXGL Background Thread 3 ] DEBUG Engine               - isScaleAffectedOnResize: true
09:24:29.797 [FXGL Background Thread 3 ] DEBUG Engine               - isSingleStep: false
09:24:29.797 [FXGL Background Thread 3 ] DEBUG Engine               - isUserProfileEnabled: false
09:24:29.797 [FXGL Background Thread 3 ] DEBUG Engine               - isWindows: false
09:24:29.797 [FXGL Background Thread 3 ] DEBUG Engine               - language: ObjectProperty [value: ENGLISH]
09:24:29.797 [FXGL Background Thread 3 ] DEBUG Engine               - menuKey: ESCAPE
09:24:29.797 [FXGL Background Thread 3 ] DEBUG Engine               - mouseSensitivity: 0.2
09:24:29.797 [FXGL Background Thread 3 ] DEBUG Engine               - notificationViewClass: class com.almasb.fxgl.notification.view.XboxNotificationView
09:24:29.797 [FXGL Background Thread 3 ] DEBUG Engine               - pixelsPerMeter: 50.0
09:24:29.797 [FXGL Background Thread 3 ] DEBUG Engine               - platform: LINUX
09:24:29.797 [FXGL Background Thread 3 ] DEBUG Engine               - prefHeightProperty: ReadOnlyDoubleProperty [value: 1088.0]
09:24:29.797 [FXGL Background Thread 3 ] DEBUG Engine               - prefWidthProperty: ReadOnlyDoubleProperty [value: 1920.0]
09:24:29.797 [FXGL Background Thread 3 ] DEBUG Engine               - profileDir: profiles/
09:24:29.797 [FXGL Background Thread 3 ] DEBUG Engine               - profileName: StringProperty [value: DEFAULT]
09:24:29.797 [FXGL Background Thread 3 ] DEBUG Engine               - randomSeed: -1
09:24:29.798 [FXGL Background Thread 3 ] DEBUG Engine               - runtimeInfo: RuntimeInfo(platform=LINUX, version=17.3, build=30.03.2023 11.49)
09:24:29.798 [FXGL Background Thread 3 ] DEBUG Engine               - saveFileExt: sav
09:24:29.798 [FXGL Background Thread 3 ] DEBUG Engine               - scaledHeightProp$fxgl: DoubleProperty [bound, value: 1005.0]
09:24:29.798 [FXGL Background Thread 3 ] DEBUG Engine               - scaledWidthProp$fxgl: DoubleProperty [bound, value: 1920.0]
09:24:29.798 [FXGL Background Thread 3 ] DEBUG Engine               - sceneFactory: com.almasb.fxgl.app.scene.SceneFactory@640e4550
09:24:29.798 [FXGL Background Thread 3 ] DEBUG Engine               - secondsIn24h: 60
09:24:29.798 [FXGL Background Thread 3 ] DEBUG Engine               - soundMenuBack: menu/back.wav
09:24:29.798 [FXGL Background Thread 3 ] DEBUG Engine               - soundMenuPress: menu/press.wav
09:24:29.798 [FXGL Background Thread 3 ] DEBUG Engine               - soundMenuSelect: menu/select.wav
09:24:29.798 [FXGL Background Thread 3 ] DEBUG Engine               - soundNotification: core/notification.wav
09:24:29.798 [FXGL Background Thread 3 ] DEBUG Engine               - stageStyle: DECORATED
09:24:29.798 [FXGL Background Thread 3 ] DEBUG Engine               - supportedLanguages: [ENGLISH, FRENCH, GERMAN, HUNGARIAN, RUSSIAN]
09:24:29.798 [FXGL Background Thread 3 ] DEBUG Engine               - ticksPerSecond: -1
09:24:29.798 [FXGL Background Thread 3 ] DEBUG Engine               - title: Droid Rampage
09:24:29.798 [FXGL Background Thread 3 ] DEBUG Engine               - urlGithub: https://github.com/AlmasB/FXGL
09:24:29.798 [FXGL Background Thread 3 ] DEBUG Engine               - urlLeaderboard: http://fxgl-top.herokuapp.com/
09:24:29.798 [FXGL Background Thread 3 ] DEBUG Engine               - urlPOM: https://raw.githubusercontent.com/AlmasB/FXGL/release/README.md
09:24:29.798 [FXGL Background Thread 3 ] DEBUG Engine               - userAppClass: class at.htl.droidrampage.GameApp
09:24:29.799 [FXGL Background Thread 3 ] DEBUG Engine               - version: 0.8
09:24:29.799 [FXGL Background Thread 3 ] DEBUG Engine               - versionCheckDays: 7
09:24:29.799 [FXGL Background Thread 3 ] DEBUG Engine               - width: 1920
09:24:29.799 [FXGL Background Thread 3 ] DEBUG Engine               - Logging services
09:24:29.799 [FXGL Background Thread 3 ] DEBUG Engine               - class com.almasb.fxgl.app.services.FXGLAssetLoaderService
09:24:29.799 [FXGL Background Thread 3 ] DEBUG Engine               - class com.almasb.fxgl.app.FXGLApplication$GameApplicationService
09:24:29.799 [FXGL Background Thread 3 ] DEBUG Engine               - class com.almasb.fxgl.app.services.FXGLDialogService
09:24:29.799 [FXGL Background Thread 3 ] DEBUG Engine               - class com.almasb.fxgl.app.services.IOTaskExecutorService
09:24:29.799 [FXGL Background Thread 3 ] DEBUG Engine               - class com.almasb.fxgl.io.FileSystemService
09:24:29.799 [FXGL Background Thread 3 ] DEBUG Engine               - class com.almasb.fxgl.localization.LocalizationService
09:24:29.799 [FXGL Background Thread 3 ] DEBUG Engine               - class com.almasb.fxgl.app.services.SystemBundleService
09:24:29.799 [FXGL Background Thread 3 ] DEBUG Engine               - class com.almasb.fxgl.profile.SaveLoadService
09:24:29.799 [FXGL Background Thread 3 ] DEBUG Engine               - class com.almasb.fxgl.ui.FXGLUIFactoryServiceProvider
09:24:29.799 [FXGL Background Thread 3 ] DEBUG Engine               - class com.almasb.fxgl.ui.FXGLDialogFactoryServiceProvider
09:24:29.799 [FXGL Background Thread 3 ] DEBUG Engine               - class com.almasb.fxgl.audio.AudioPlayer
09:24:29.799 [FXGL Background Thread 3 ] DEBUG Engine               - class com.almasb.fxgl.notification.impl.NotificationServiceProvider
09:24:29.799 [FXGL Background Thread 3 ] DEBUG Engine               - class com.almasb.fxgl.achievement.AchievementService
09:24:29.799 [FXGL Background Thread 3 ] DEBUG Engine               - class com.almasb.fxgl.cutscene.CutsceneService
09:24:29.799 [FXGL Background Thread 3 ] DEBUG Engine               - class com.almasb.fxgl.minigames.MiniGameService
09:24:29.799 [FXGL Background Thread 3 ] DEBUG Engine               - class com.almasb.fxgl.net.NetService
09:24:29.799 [FXGL Background Thread 3 ] DEBUG Engine               - class com.almasb.fxgl.app.services.UpdaterService
09:24:29.799 [FXGL Background Thread 3 ] DEBUG Engine               - class com.almasb.fxgl.dev.DevService
09:24:39.610 [JavaFX Application Thread] WARN  TMXLevelLoader       - TiledMap generated from 1.8.2. Supported version: 1.9.0. Some features may not be parsed fully.
09:24:39.617 [JavaFX Application Thread] DEBUG TMXLevelLoader       - Parsed TiledMap: file:/home/franz/Documents/Schule/3-Klasse/POS/DroidRampage/target/classes/assets/levels/Tile1.tmx
09:24:39.617 [JavaFX Application Thread] DEBUG TMXLevelLoader       - Creating tile layer entities
09:24:39.617 [JavaFX Application Thread] DEBUG TilesetLoader        - Loading view for layer Kachelebene 1
09:24:39.618 [JavaFX Application Thread] DEBUG TilesetLoader        - Created buffer with size 1920.0x1088.0
09:24:39.653 [JavaFX Application Thread] WARN  TilesetLoader        - Diagonally flipped tiles are not currently supported
09:24:39.653 [JavaFX Application Thread] WARN  TilesetLoader        - Diagonally flipped tiles are not currently supported
09:24:39.654 [JavaFX Application Thread] WARN  TilesetLoader        - Diagonally flipped tiles are not currently supported
09:24:39.654 [JavaFX Application Thread] WARN  TilesetLoader        - Diagonally flipped tiles are not currently supported
09:24:39.654 [JavaFX Application Thread] WARN  TilesetLoader        - Diagonally flipped tiles are not currently supported
09:24:39.654 [JavaFX Application Thread] WARN  TilesetLoader        - Diagonally flipped tiles are not currently supported
09:24:39.655 [JavaFX Application Thread] DEBUG TMXLevelLoader       - Creating object layer entities
09:24:46.978 [JavaFX Application Thread] WARN  TMXLevelLoader       - TiledMap generated from 1.8.2. Supported version: 1.9.0. Some features may not be parsed fully.
09:24:46.983 [JavaFX Application Thread] DEBUG TMXLevelLoader       - Parsed TiledMap: file:/home/franz/Documents/Schule/3-Klasse/POS/DroidRampage/target/classes/assets/levels/Tile2.tmx
09:24:46.983 [JavaFX Application Thread] DEBUG TMXLevelLoader       - Creating tile layer entities
09:24:46.983 [JavaFX Application Thread] DEBUG TilesetLoader        - Loading view for layer Tile Layer 1
09:24:46.987 [JavaFX Application Thread] DEBUG TilesetLoader        - Created buffer with size 1920.0x1088.0
09:24:47.021 [JavaFX Application Thread] DEBUG TMXLevelLoader       - Creating object layer entities
09:24:52.483 [JavaFX Application Thread] DEBUG PrimaryStageWindow   - Push state: FXGLDefaultMenu
09:24:52.490 [JavaFX Application Thread] DEBUG Input                - Clearing active input actions
09:24:52.494 [JavaFX Application Thread] DEBUG GameApplicationServi - Removing overlay from GameScene and adding to FXGLDefaultMenu
09:24:52.494 [JavaFX Application Thread] DEBUG PrimaryStageWindow   - GameScene -> FXGLDefaultMenu
09:25:03.421 [JavaFX Application Thread] DEBUG Menu                 - fireExit()
09:25:03.424 [JavaFX Application Thread] DEBUG PrimaryStageWindow   - Push state: DialogSubScene
09:25:03.424 [JavaFX Application Thread] DEBUG Input                - Clearing active input actions
09:25:03.425 [JavaFX Application Thread] DEBUG GameApplicationServi - Removing overlay from FXGLDefaultMenu and adding to DialogSubScene
09:25:03.425 [JavaFX Application Thread] DEBUG PrimaryStageWindow   - FXGLDefaultMenu -> DialogSubScene
09:25:04.207 [JavaFX Application Thread] DEBUG PrimaryStageWindow   - Pop state: DialogSubScene
09:25:04.207 [JavaFX Application Thread] DEBUG Input                - Clearing active input actions
09:25:04.208 [JavaFX Application Thread] DEBUG GameApplicationServi - Removing overlay from DialogSubScene and adding to FXGLDefaultMenu
09:25:04.209 [JavaFX Application Thread] DEBUG PrimaryStageWindow   - FXGLDefaultMenu <- DialogSubScene
09:25:04.209 [JavaFX Application Thread] DEBUG FXGLApplication      - Exiting FXGL
09:25:04.209 [JavaFX Application Thread] DEBUG LoopRunner           - Stopping loop
09:25:04.209 [JavaFX Application Thread] DEBUG SystemBundleService  - Saving FXGL system data
09:25:04.211 [JavaFX Application Thread] DEBUG FileSystemAccess     - Writing to: /home/franz/Documents/Schule/3-Klasse/POS/DroidRampage/system/fxgl.bundle
09:25:04.212 [JavaFX Application Thread] DEBUG Async                - Shutting down background threads
09:25:04.212 [JavaFX Application Thread] DEBUG PrimaryStageWindow   - Closing main window
09:25:04.216 [JavaFX Application Thread] DEBUG Logger               - Closing Logger
