13:24:08.521 [main                     ] DEBUG Logger               - Configured Logger
13:24:08.534 [main                     ] DEBUG GameApplication      - Logging settings
Title: Droid Rampage
Version: 0.6
Width: 1920
Height: 1088
Fullscreen: false
Intro: false
Profiling: false
Single step:false
App Mode: DEVELOPER
Menu Key: ESCAPE
Stage Style: DECORATED
Scene Factory: class com.almasb.fxgl.app.scene.SceneFactory

13:24:09.230 [JavaFX Application Thread] DEBUG FXGLApplication      - Initializing FXGL
13:24:09.233 [JavaFX Application Thread] INFO  Engine               - FXGL-17.3 (30.03.2023 11.49) on WINDOWS (J:25 FX:21.0.6)
13:24:09.234 [JavaFX Application Thread] DEBUG Engine               - JRE Vendor Name: Oracle Corporation
13:24:09.234 [JavaFX Application Thread] DEBUG Engine               - Running on OS: Windows 11 version 10.0
13:24:09.234 [JavaFX Application Thread] DEBUG Engine               - Architecture: amd64
13:24:09.234 [JavaFX Application Thread] INFO  Engine               - Source code and latest versions at: https://github.com/AlmasB/FXGL
13:24:09.234 [JavaFX Application Thread] INFO  Engine               -       Ask questions and discuss at: https://github.com/AlmasB/FXGL/discussions
13:24:09.234 [JavaFX Application Thread] INFO  Engine               -              Join the FXGL chat at: https://gitter.im/AlmasB/FXGL
13:24:09.415 [JavaFX Application Thread] DEBUG PrimaryStageWindow   - Creating a JavaFX scene
13:24:09.416 [JavaFX Application Thread] DEBUG PrimaryStageWindow   - Target size > screen size
13:24:09.527 [JavaFX Application Thread] DEBUG PrimaryStageWindow   - Target settings size: 1920.0 x 1088.0
13:24:09.527 [JavaFX Application Thread] DEBUG PrimaryStageWindow   - Scaled scene size:    1499.0 x 863.0
13:24:09.527 [JavaFX Application Thread] DEBUG PrimaryStageWindow   - Scaled ratio: (0.7807291666666667, 0.7931985294117647)
13:24:09.528 [JavaFX Application Thread] DEBUG PrimaryStageWindow   - Set initial scene to FXGLStartupScene
13:24:09.532 [JavaFX Application Thread] DEBUG PrimaryStageWindow   - Opening main window
13:24:09.712 [JavaFX Application Thread] DEBUG PrimaryStageWindow   - Window border size: (14.5999755859375, 37.79998779296875)
13:24:09.713 [JavaFX Application Thread] DEBUG PrimaryStageWindow   - Scaled size: 1499.0 x 863.0
13:24:09.713 [JavaFX Application Thread] DEBUG PrimaryStageWindow   - Scaled ratio: (0.7807291666666667, 0.7931985294117647)
13:24:09.714 [JavaFX Application Thread] DEBUG PrimaryStageWindow   - Scene size: 1499.0 x 863.0
13:24:09.714 [JavaFX Application Thread] DEBUG PrimaryStageWindow   - Stage size: 1513.5999755859375 x 900.7999877929688
13:24:09.759 [FXGL Background Thread 1 ] DEBUG Engine               - Initializing environment variables
13:24:09.916 [FXGL Background Thread 1 ] DEBUG FXGLAssetLoaderServi - User app class for loading assets: class at.htl.droidrampage.GameApp
13:24:09.917 [FXGL Background Thread 1 ] DEBUG GameApplicationServi - Applying CSS: fxgl_dark.css
13:24:09.919 [FXGL Background Thread 1 ] DEBUG FXGLAssetLoaderServi - Loading from file system: jar:file:/C:/Users/Fra-Lu/.m2/repository/com/github/almasb/fxgl/17.3/fxgl-17.3.jar!/fxglassets/ui/css/fxgl_dark.css
13:24:10.011 [FXGL Background Thread 1 ] DEBUG GameApplicationServi - Initializing application scenes
13:24:10.097 [FXGL Background Thread 1 ] DEBUG GameWorld            - Game world initialized
13:24:10.212 [FXGL Background Thread 1 ] DEBUG PhysicsWorld         - Physics world initialized: appHeight=1088, physics.ppm=50,0
13:24:10.213 [FXGL Background Thread 1 ] DEBUG PhysicsWorld         - Using strategy: BRUTE_FORCE
13:24:10.220 [FXGL Background Thread 1 ] DEBUG GameScene            - Game scene initialized: 1920x1088
13:24:10.249 [FXGL Background Thread 1 ] DEBUG FXGL.DefaultMenu     - createMenuBodyGameMenu()
13:24:10.287 [FXGL Background Thread 1 ] DEBUG FXGL.DefaultMenu     - createOptionsMenu()
13:24:10.314 [FXGL Background Thread 1 ] DEBUG FXGLAssetLoaderServi - Loading from file system: jar:file:/C:/Users/Fra-Lu/.m2/repository/com/github/almasb/fxgl/17.3/fxgl-17.3.jar!/fxglassets/textures/particles/smoke.png
13:24:10.472 [FXGL Background Thread 1 ] DEBUG FXGLAssetLoaderServi - Loading from file system: jar:file:/C:/Users/Fra-Lu/.m2/repository/com/github/almasb/fxgl/17.3/fxgl-17.3.jar!/fxglassets/textures/particles/trace_horizontal.png
13:24:10.516 [FXGL Background Thread 1 ] DEBUG GameApplicationServi - Application scenes initialized
13:24:10.537 [FXGL Background Thread 1 ] DEBUG SystemBundleService  - Loading FXGL system data
13:24:10.541 [FXGL Background Thread 1 ] DEBUG FileSystemAccess     - Reading from: C:\Users\Fra-Lu\Desktop\Schule\3.Klasse\POS\Workspace\DroidRampage\system\fxgl.bundle
13:24:10.550 [FXGL Background Thread 1 ] DEBUG SystemBundleService  - Bundle FXGL: {}
13:24:10.550 [FXGL Background Thread 1 ] DEBUG UpdaterService       - Checking for updates
13:24:10.555 [FXGL Background Thread 4 ] DEBUG FXGLApplication      - Loading fonts
13:24:10.556 [FXGL Background Thread 4 ] DEBUG FXGLAssetLoaderServi - Loading from file system: jar:file:/C:/Users/Fra-Lu/.m2/repository/com/github/almasb/fxgl/17.3/fxgl-17.3.jar!/fxglassets/ui/fonts/VarelaRound-Regular.ttf
13:24:10.556 [FXGL Background Thread 1 ] DEBUG FXGLApplication      - Loading default localization
13:24:10.557 [FXGL Background Thread 1 ] DEBUG FXGLAssetLoaderServi - Loading from file system: jar:file:/C:/Users/Fra-Lu/.m2/repository/com/github/almasb/fxgl/17.3/fxgl-17.3.jar!/fxglassets/languages/english.lang
13:24:10.588 [FXGL Background Thread 1 ] INFO  FXGLApplication      - FXGL initialization took: 0,829 sec
13:24:10.590 [JavaFX Application Thread] DEBUG FXGLAssetLoaderServi - Loading from file system: jar:file:/C:/Users/Fra-Lu/.m2/repository/com/github/almasb/fxgl/17.3/fxgl-17.3.jar!/fxglassets/textures/fxgl_icon.png
13:24:10.621 [JavaFX Application Thread] DEBUG FXGLAssetLoaderServi - Loading from file system: jar:file:/C:/Users/Fra-Lu/.m2/repository/com/github/almasb/fxgl/17.3/fxgl-17.3.jar!/fxglassets/textures/fxgl_default_cursor.png
13:24:10.638 [JavaFX Application Thread] DEBUG Input                - Registered new binding: Screenshot - CTRL+8
13:24:10.638 [FXGL Background Thread 4 ] DEBUG FXGLAssetLoaderServi - Loading from file system: jar:file:/C:/Users/Fra-Lu/.m2/repository/com/github/almasb/fxgl/17.3/fxgl-17.3.jar!/fxglassets/ui/fonts/Abel-Regular.ttf
13:24:10.639 [JavaFX Application Thread] DEBUG Input                - Registered new binding: System info dump - CTRL+9
13:24:10.640 [JavaFX Application Thread] DEBUG Input                - Registered new binding: Restart - CTRL+R
13:24:10.641 [JavaFX Application Thread] DEBUG Input                - Registered new binding: Toggle Debug Camera - CTRL+7
13:24:10.645 [JavaFX Application Thread] DEBUG LoopRunner           - Starting loop
13:24:10.645 [JavaFX Application Thread] DEBUG LoopRunner           - Initializing JavaFX AnimationTimerLoop
13:24:10.648 [JavaFX Application Thread] DEBUG GameApplicationServi - Starting new game
13:24:10.649 [JavaFX Application Thread] DEBUG Input                - Clearing active input actions
13:24:10.656 [FXGL Background Thread 4 ] DEBUG FXGLAssetLoaderServi - Loading from file system: jar:file:/C:/Users/Fra-Lu/.m2/repository/com/github/almasb/fxgl/17.3/fxgl-17.3.jar!/fxglassets/ui/fonts/TerminalLandMono-Regular.otf
13:24:10.665 [JavaFX Application Thread] DEBUG GameApplicationServi - Removing overlay from FXGLStartupScene and adding to FXGLLoadingScene
13:24:10.666 [JavaFX Application Thread] DEBUG PrimaryStageWindow   - FXGLStartupScene -> FXGLLoadingScene
13:24:10.666 [JavaFX Application Thread] DEBUG GameApplicationServi - Clearing previous game
13:24:10.666 [JavaFX Application Thread] DEBUG GameScene            - Clearing game scene
13:24:10.667 [JavaFX Application Thread] DEBUG GameWorld            - Clearing game world
13:24:10.667 [JavaFX Application Thread] DEBUG PhysicsWorld         - Clearing physics world
13:24:10.669 [FXGL Background Thread 1 ] DEBUG FXGLApplication      - Initializing game
13:24:10.675 [FXGL Background Thread 4 ] DEBUG FXGLAssetLoaderServi - Loading from file system: jar:file:/C:/Users/Fra-Lu/.m2/repository/com/github/almasb/fxgl/17.3/fxgl-17.3.jar!/fxglassets/ui/fonts/Courier-Prime.ttf
13:24:10.734 [FXGL Background Thread 1 ] WARN  TMXLevelLoader       - TiledMap generated from 1.11.2. Supported version: 1.9.0. Some features may not be parsed fully.
13:24:10.754 [JavaFX Application Thread] DEBUG FXGLApplication      - Registering font factories with UI factory
13:24:10.760 [FXGL Background Thread 1 ] DEBUG TMXLevelLoader       - Parsed TiledMap: file:/C:/Users/Fra-Lu/Desktop/Schule/3.Klasse/POS/Workspace/DroidRampage/target/classes/assets/levels/TileStart.tmx
13:24:10.761 [FXGL Background Thread 1 ] DEBUG TMXLevelLoader       - Creating tile layer entities
13:24:10.765 [FXGL Background Thread 1 ] DEBUG TilesetLoader        - Loading view for layer Kachelebene 1
13:24:10.768 [FXGL Background Thread 1 ] DEBUG TilesetLoader        - Created buffer with size 1920.0x1088.0
13:24:10.901 [FXGL Background Thread 1 ] DEBUG TMXLevelLoader       - Creating object layer entities
13:24:10.937 [FXGL Background Thread 1 ] DEBUG FXGLAssetLoaderServi - Loading from file system: file:/C:/Users/Fra-Lu/Desktop/Schule/3.Klasse/POS/Workspace/DroidRampage/target/classes/assets/textures/credit2.png
13:24:11.004 [FXGL Background Thread 1 ] DEBUG FXGLAssetLoaderServi - Loading from file system: file:/C:/Users/Fra-Lu/Desktop/Schule/3.Klasse/POS/Workspace/DroidRampage/target/classes/assets/textures/credit1.png
13:24:11.073 [FXGL Background Thread 1 ] DEBUG FXGLAssetLoaderServi - Loading from file system: file:/C:/Users/Fra-Lu/Desktop/Schule/3.Klasse/POS/Workspace/DroidRampage/target/classes/assets/textures/credit3.png
13:24:11.144 [FXGL Background Thread 1 ] DEBUG GameWorld            - Clearing removable entities
13:24:11.146 [FXGL Background Thread 1 ] DEBUG GameWorld            - Setting level: com.almasb.fxgl.entity.level.Level@7d2ab04a
13:24:11.328 [FXGL Background Thread 1 ] DEBUG FXGLAssetLoaderServi - Loading from file system: file:/C:/Users/Fra-Lu/Desktop/Schule/3.Klasse/POS/Workspace/DroidRampage/target/classes/assets/textures/R2D2.png
13:24:11.340 [FXGL Background Thread 1 ] DEBUG Input                - Registered new binding: Move Right - D
13:24:11.340 [FXGL Background Thread 1 ] DEBUG Input                - Registered new binding: Move Left - A
13:24:11.340 [FXGL Background Thread 1 ] DEBUG Input                - Registered new binding: Jump - Space
13:24:11.340 [FXGL Background Thread 1 ] DEBUG Input                - Registered new binding: Toggle Cheat Mode - I
13:24:11.346 [FXGL Background Thread 1 ] INFO  FXGLApplication      - Game initialization took: 0,676 sec
13:24:11.352 [JavaFX Application Thread] DEBUG Input                - Clearing active input actions
13:24:11.372 [JavaFX Application Thread] DEBUG GameApplicationServi - Removing overlay from FXGLLoadingScene and adding to GameScene
13:24:11.372 [JavaFX Application Thread] DEBUG PrimaryStageWindow   - FXGLLoadingScene -> GameScene
13:24:11.667 [FXGL Background Thread 2 ] INFO  UpdaterService       - Your current version:  17.3
13:24:11.668 [FXGL Background Thread 2 ] INFO  UpdaterService       - Latest stable version: 25
13:24:13.555 [FXGL Background Thread 3 ] DEBUG Engine               - Logging environment variables
13:24:13.555 [FXGL Background Thread 3 ] DEBUG Engine               - achievements: []
13:24:13.555 [FXGL Background Thread 3 ] DEBUG Engine               - actualHeight: 863.0
13:24:13.555 [FXGL Background Thread 3 ] DEBUG Engine               - actualHeightProperty: ReadOnlyDoubleProperty [value: 863.0]
13:24:13.555 [FXGL Background Thread 3 ] DEBUG Engine               - actualWidth: 1499.0
13:24:13.555 [FXGL Background Thread 3 ] DEBUG Engine               - actualWidthProperty: ReadOnlyDoubleProperty [value: 1499.0]
13:24:13.555 [FXGL Background Thread 3 ] DEBUG Engine               - appIcon: fxgl_icon.png
13:24:13.555 [FXGL Background Thread 3 ] DEBUG Engine               - applicationMode: DEVELOPER
13:24:13.556 [FXGL Background Thread 3 ] DEBUG Engine               - cSSList: [fxgl_dark.css]
13:24:13.556 [FXGL Background Thread 3 ] DEBUG Engine               - collisionDetectionStrategy: BRUTE_FORCE
13:24:13.556 [FXGL Background Thread 3 ] DEBUG Engine               - configClass: Optional.empty
13:24:13.556 [FXGL Background Thread 3 ] DEBUG Engine               - credits: []
13:24:13.556 [FXGL Background Thread 3 ] DEBUG Engine               - defaultCursor: CursorInfo(imageName=fxgl_default_cursor.png, hotspotX=7.0, hotspotY=6.0)
13:24:13.556 [FXGL Background Thread 3 ] DEBUG Engine               - devBBoxColorProperty: ObjectProperty [value: 0xff0000ff]
13:24:13.556 [FXGL Background Thread 3 ] DEBUG Engine               - devEnableDebugCameraProperty: BooleanProperty [value: false]
13:24:13.556 [FXGL Background Thread 3 ] DEBUG Engine               - devSensorColorProperty: ObjectProperty [value: 0xffff00ff]
13:24:13.556 [FXGL Background Thread 3 ] DEBUG Engine               - devShowBBoxProperty: BooleanProperty [value: false]
13:24:13.557 [FXGL Background Thread 3 ] DEBUG Engine               - devShowPositionProperty: BooleanProperty [value: false]
13:24:13.557 [FXGL Background Thread 3 ] DEBUG Engine               - enabledMenuItems: []
13:24:13.557 [FXGL Background Thread 3 ] DEBUG Engine               - engineServices: [class com.almasb.fxgl.app.services.FXGLAssetLoaderService, class com.almasb.fxgl.app.FXGLApplication$GameApplicationService, class com.almasb.fxgl.app.services.FXGLDialogService, class com.almasb.fxgl.app.services.IOTaskExecutorService, class com.almasb.fxgl.io.FileSystemService, class com.almasb.fxgl.localization.LocalizationService, class com.almasb.fxgl.app.services.SystemBundleService, class com.almasb.fxgl.profile.SaveLoadService, class com.almasb.fxgl.ui.FXGLUIFactoryServiceProvider, class com.almasb.fxgl.ui.FXGLDialogFactoryServiceProvider, class com.almasb.fxgl.audio.AudioPlayer, class com.almasb.fxgl.notification.impl.NotificationServiceProvider, class com.almasb.fxgl.achievement.AchievementService, class com.almasb.fxgl.cutscene.CutsceneService, class com.almasb.fxgl.minigames.MiniGameService, class com.almasb.fxgl.net.NetService, class com.almasb.fxgl.app.services.UpdaterService, class com.almasb.fxgl.dev.DevService]
13:24:13.557 [FXGL Background Thread 3 ] DEBUG Engine               - fontGame: Abel-Regular.ttf
13:24:13.557 [FXGL Background Thread 3 ] DEBUG Engine               - fontMono: TerminalLandMono-Regular.otf
13:24:13.557 [FXGL Background Thread 3 ] DEBUG Engine               - fontSizeScaleUI: 1.0
13:24:13.557 [FXGL Background Thread 3 ] DEBUG Engine               - fontText: Courier-Prime.ttf
13:24:13.557 [FXGL Background Thread 3 ] DEBUG Engine               - fontUI: VarelaRound-Regular.ttf
13:24:13.557 [FXGL Background Thread 3 ] DEBUG Engine               - fullScreen: BooleanProperty [value: true]
13:24:13.557 [FXGL Background Thread 3 ] DEBUG Engine               - gameDifficulty: MEDIUM
13:24:13.557 [FXGL Background Thread 3 ] DEBUG Engine               - gameDifficultyProperty: ObjectProperty [value: MEDIUM]
13:24:13.557 [FXGL Background Thread 3 ] DEBUG Engine               - globalMusicVolume: 0.5
13:24:13.557 [FXGL Background Thread 3 ] DEBUG Engine               - globalMusicVolumeProperty: DoubleProperty [value: 0.5]
13:24:13.557 [FXGL Background Thread 3 ] DEBUG Engine               - globalSoundVolume: 0.5
13:24:13.557 [FXGL Background Thread 3 ] DEBUG Engine               - globalSoundVolumeProperty: DoubleProperty [value: 0.5]
13:24:13.557 [FXGL Background Thread 3 ] DEBUG Engine               - height: 1088
13:24:13.557 [FXGL Background Thread 3 ] DEBUG Engine               - is3D: false
13:24:13.557 [FXGL Background Thread 3 ] DEBUG Engine               - isAndroid: false
13:24:13.557 [FXGL Background Thread 3 ] DEBUG Engine               - isBrowser: false
13:24:13.557 [FXGL Background Thread 3 ] DEBUG Engine               - isClickFeedbackEnabled: false
13:24:13.557 [FXGL Background Thread 3 ] DEBUG Engine               - isCloseConfirmation: false
13:24:13.558 [FXGL Background Thread 3 ] DEBUG Engine               - isDesktop: true
13:24:13.558 [FXGL Background Thread 3 ] DEBUG Engine               - isDeveloperMenuEnabled: false
13:24:13.558 [FXGL Background Thread 3 ] DEBUG Engine               - isEmbedded: false
13:24:13.558 [FXGL Background Thread 3 ] DEBUG Engine               - isEntityPreloadEnabled: true
13:24:13.558 [FXGL Background Thread 3 ] DEBUG Engine               - isExperimentalTiledLargeMap: false
13:24:13.558 [FXGL Background Thread 3 ] DEBUG Engine               - isFileSystemWriteAllowed: true
13:24:13.558 [FXGL Background Thread 3 ] DEBUG Engine               - isFullScreenAllowed: false
13:24:13.558 [FXGL Background Thread 3 ] DEBUG Engine               - isFullScreenFromStart: true
13:24:13.558 [FXGL Background Thread 3 ] DEBUG Engine               - isGameMenuEnabled: true
13:24:13.558 [FXGL Background Thread 3 ] DEBUG Engine               - isIOS: false
13:24:13.558 [FXGL Background Thread 3 ] DEBUG Engine               - isIntroEnabled: false
13:24:13.558 [FXGL Background Thread 3 ] DEBUG Engine               - isLinux: false
13:24:13.558 [FXGL Background Thread 3 ] DEBUG Engine               - isMac: false
13:24:13.558 [FXGL Background Thread 3 ] DEBUG Engine               - isMainMenuEnabled: false
13:24:13.559 [FXGL Background Thread 3 ] DEBUG Engine               - isManualResizeEnabled: false
13:24:13.559 [FXGL Background Thread 3 ] DEBUG Engine               - isMobile: false
13:24:13.559 [FXGL Background Thread 3 ] DEBUG Engine               - isNative: false
13:24:13.559 [FXGL Background Thread 3 ] DEBUG Engine               - isPauseMusicWhenMinimized: true
13:24:13.559 [FXGL Background Thread 3 ] DEBUG Engine               - isPreserveResizeRatio: false
13:24:13.560 [FXGL Background Thread 3 ] DEBUG Engine               - isProfilingEnabled: false
13:24:13.560 [FXGL Background Thread 3 ] DEBUG Engine               - isScaleAffectedOnResize: true
13:24:13.560 [FXGL Background Thread 3 ] DEBUG Engine               - isSingleStep: false
13:24:13.560 [FXGL Background Thread 3 ] DEBUG Engine               - isUserProfileEnabled: false
13:24:13.560 [FXGL Background Thread 3 ] DEBUG Engine               - isWindows: true
13:24:13.560 [FXGL Background Thread 3 ] DEBUG Engine               - language: ObjectProperty [value: ENGLISH]
13:24:13.560 [FXGL Background Thread 3 ] DEBUG Engine               - menuKey: ESCAPE
13:24:13.560 [FXGL Background Thread 3 ] DEBUG Engine               - mouseSensitivity: 0.2
13:24:13.561 [FXGL Background Thread 3 ] DEBUG Engine               - notificationViewClass: class com.almasb.fxgl.notification.view.XboxNotificationView
13:24:13.561 [FXGL Background Thread 3 ] DEBUG Engine               - pixelsPerMeter: 50.0
13:24:13.561 [FXGL Background Thread 3 ] DEBUG Engine               - platform: WINDOWS
13:24:13.561 [FXGL Background Thread 3 ] DEBUG Engine               - prefHeightProperty: ReadOnlyDoubleProperty [value: 1088.0]
13:24:13.561 [FXGL Background Thread 3 ] DEBUG Engine               - prefWidthProperty: ReadOnlyDoubleProperty [value: 1920.0]
13:24:13.561 [FXGL Background Thread 3 ] DEBUG Engine               - profileDir: profiles/
13:24:13.562 [FXGL Background Thread 3 ] DEBUG Engine               - profileName: StringProperty [value: DEFAULT]
13:24:13.562 [FXGL Background Thread 3 ] DEBUG Engine               - randomSeed: -1
13:24:13.562 [FXGL Background Thread 3 ] DEBUG Engine               - runtimeInfo: RuntimeInfo(platform=WINDOWS, version=17.3, build=30.03.2023 11.49)
13:24:13.563 [FXGL Background Thread 3 ] DEBUG Engine               - saveFileExt: sav
13:24:13.563 [FXGL Background Thread 3 ] DEBUG Engine               - scaledHeightProp$fxgl: DoubleProperty [bound, value: 863.0]
13:24:13.563 [FXGL Background Thread 3 ] DEBUG Engine               - scaledWidthProp$fxgl: DoubleProperty [bound, value: 1499.0]
13:24:13.563 [FXGL Background Thread 3 ] DEBUG Engine               - sceneFactory: com.almasb.fxgl.app.scene.SceneFactory@43605405
13:24:13.563 [FXGL Background Thread 3 ] DEBUG Engine               - secondsIn24h: 60
13:24:13.563 [FXGL Background Thread 3 ] DEBUG Engine               - soundMenuBack: menu/back.wav
13:24:13.563 [FXGL Background Thread 3 ] DEBUG Engine               - soundMenuPress: menu/press.wav
13:24:13.563 [FXGL Background Thread 3 ] DEBUG Engine               - soundMenuSelect: menu/select.wav
13:24:13.564 [FXGL Background Thread 3 ] DEBUG Engine               - soundNotification: core/notification.wav
13:24:13.564 [FXGL Background Thread 3 ] DEBUG Engine               - stageStyle: DECORATED
13:24:13.564 [FXGL Background Thread 3 ] DEBUG Engine               - supportedLanguages: [ENGLISH, FRENCH, GERMAN, HUNGARIAN, RUSSIAN]
13:24:13.564 [FXGL Background Thread 3 ] DEBUG Engine               - ticksPerSecond: -1
13:24:13.564 [FXGL Background Thread 3 ] DEBUG Engine               - title: Droid Rampage
13:24:13.564 [FXGL Background Thread 3 ] DEBUG Engine               - urlGithub: https://github.com/AlmasB/FXGL
13:24:13.564 [FXGL Background Thread 3 ] DEBUG Engine               - urlLeaderboard: http://fxgl-top.herokuapp.com/
13:24:13.564 [FXGL Background Thread 3 ] DEBUG Engine               - urlPOM: https://raw.githubusercontent.com/AlmasB/FXGL/release/README.md
13:24:13.564 [FXGL Background Thread 3 ] DEBUG Engine               - userAppClass: class at.htl.droidrampage.GameApp
13:24:13.565 [FXGL Background Thread 3 ] DEBUG Engine               - version: 0.6
13:24:13.565 [FXGL Background Thread 3 ] DEBUG Engine               - versionCheckDays: 7
13:24:13.565 [FXGL Background Thread 3 ] DEBUG Engine               - width: 1920
13:24:13.565 [FXGL Background Thread 3 ] DEBUG Engine               - Logging services
13:24:13.565 [FXGL Background Thread 3 ] DEBUG Engine               - class com.almasb.fxgl.app.services.FXGLAssetLoaderService
13:24:13.565 [FXGL Background Thread 3 ] DEBUG Engine               - class com.almasb.fxgl.app.FXGLApplication$GameApplicationService
13:24:13.565 [FXGL Background Thread 3 ] DEBUG Engine               - class com.almasb.fxgl.app.services.FXGLDialogService
13:24:13.565 [FXGL Background Thread 3 ] DEBUG Engine               - class com.almasb.fxgl.app.services.IOTaskExecutorService
13:24:13.565 [FXGL Background Thread 3 ] DEBUG Engine               - class com.almasb.fxgl.io.FileSystemService
13:24:13.565 [FXGL Background Thread 3 ] DEBUG Engine               - class com.almasb.fxgl.localization.LocalizationService
13:24:13.565 [FXGL Background Thread 3 ] DEBUG Engine               - class com.almasb.fxgl.app.services.SystemBundleService
13:24:13.566 [FXGL Background Thread 3 ] DEBUG Engine               - class com.almasb.fxgl.profile.SaveLoadService
13:24:13.566 [FXGL Background Thread 3 ] DEBUG Engine               - class com.almasb.fxgl.ui.FXGLUIFactoryServiceProvider
13:24:13.566 [FXGL Background Thread 3 ] DEBUG Engine               - class com.almasb.fxgl.ui.FXGLDialogFactoryServiceProvider
13:24:13.566 [FXGL Background Thread 3 ] DEBUG Engine               - class com.almasb.fxgl.audio.AudioPlayer
13:24:13.566 [FXGL Background Thread 3 ] DEBUG Engine               - class com.almasb.fxgl.notification.impl.NotificationServiceProvider
13:24:13.566 [FXGL Background Thread 3 ] DEBUG Engine               - class com.almasb.fxgl.achievement.AchievementService
13:24:13.566 [FXGL Background Thread 3 ] DEBUG Engine               - class com.almasb.fxgl.cutscene.CutsceneService
13:24:13.566 [FXGL Background Thread 3 ] DEBUG Engine               - class com.almasb.fxgl.minigames.MiniGameService
13:24:13.566 [FXGL Background Thread 3 ] DEBUG Engine               - class com.almasb.fxgl.net.NetService
13:24:13.566 [FXGL Background Thread 3 ] DEBUG Engine               - class com.almasb.fxgl.app.services.UpdaterService
13:24:13.566 [FXGL Background Thread 3 ] DEBUG Engine               - class com.almasb.fxgl.dev.DevService
13:24:40.254 [JavaFX Application Thread] WARN  TMXLevelLoader       - TiledMap generated from 1.11.2. Supported version: 1.9.0. Some features may not be parsed fully.
13:24:40.264 [JavaFX Application Thread] DEBUG TMXLevelLoader       - Parsed TiledMap: file:/C:/Users/Fra-Lu/Desktop/Schule/3.Klasse/POS/Workspace/DroidRampage/target/classes/assets/levels/Tile1.tmx
13:24:40.264 [JavaFX Application Thread] DEBUG TMXLevelLoader       - Creating tile layer entities
13:24:40.265 [JavaFX Application Thread] DEBUG TilesetLoader        - Loading view for layer Kachelebene 1
13:24:40.267 [JavaFX Application Thread] DEBUG TilesetLoader        - Created buffer with size 1920.0x1088.0
13:24:40.320 [JavaFX Application Thread] WARN  TilesetLoader        - Diagonally flipped tiles are not currently supported
13:24:40.321 [JavaFX Application Thread] WARN  TilesetLoader        - Diagonally flipped tiles are not currently supported
13:24:40.321 [JavaFX Application Thread] WARN  TilesetLoader        - Diagonally flipped tiles are not currently supported
13:24:40.322 [JavaFX Application Thread] WARN  TilesetLoader        - Diagonally flipped tiles are not currently supported
13:24:40.322 [JavaFX Application Thread] WARN  TilesetLoader        - Diagonally flipped tiles are not currently supported
13:24:40.322 [JavaFX Application Thread] WARN  TilesetLoader        - Diagonally flipped tiles are not currently supported
13:24:40.323 [JavaFX Application Thread] DEBUG TMXLevelLoader       - Creating object layer entities
13:24:40.327 [JavaFX Application Thread] DEBUG GameWorld            - Clearing removable entities
13:24:40.331 [JavaFX Application Thread] DEBUG GameWorld            - Setting level: com.almasb.fxgl.entity.level.Level@26288cd
13:24:41.504 [JavaFX Application Thread] DEBUG FXGLApplication      - Exiting FXGL
13:24:41.504 [JavaFX Application Thread] DEBUG LoopRunner           - Stopping loop
13:24:41.504 [JavaFX Application Thread] DEBUG SystemBundleService  - Saving FXGL system data
13:24:41.508 [JavaFX Application Thread] DEBUG FileSystemAccess     - Writing to: C:\Users\Fra-Lu\Desktop\Schule\3.Klasse\POS\Workspace\DroidRampage\system\fxgl.bundle
13:24:41.512 [JavaFX Application Thread] DEBUG Async                - Shutting down background threads
13:24:41.512 [JavaFX Application Thread] DEBUG PrimaryStageWindow   - Closing main window
13:24:41.538 [JavaFX Application Thread] DEBUG Logger               - Closing Logger
